id	priority	createdTime	startedTime	terminatedTime	cpuTime	blockedTime	turnaroundTime	waitingTime	responseTime
6771	0	0	0	4	4	0	4	0	0
6819	0	0	77	79	2	0	79	77	77
6795	0	0	0	92	22	7	92	70	0
6845	0	91	93	117	7	0	26	19	2
6820	0	97	117	118	1	0	21	20	20
6867	0	0	19	156	40	6	156	116	19
6868	0	151	156	175	19	0	24	5	5
6772	1	19	30	216	30	0	197	167	11
6846	1	151	151	226	37	7	75	38	0
6847	0	233	233	235	2	0	2	0	0
6844	1	34	79	249	53	67	215	162	45
6773	0	255	255	347	40	19	92	52	0
6796	1	296	296	393	47	0	97	50	0
6774	0	479	479	517	9	18	38	29	0
6822	0	488	488	547	10	29	59	49	0
6869	0	611	659	692	27	0	81	54	48
6852	0	513	517	703	48	10	190	142	4
6798	0	666	677	739	21	17	73	52	11
6777	0	639	663	757	19	0	118	99	24
6853	0	700	708	779	14	3	79	65	8
6825	0	786	786	790	4	0	4	0	0
6851	1	467	467	827	54	17	360	306	0
6778	0	663	698	862	16	139	199	183	35
6824	0	717	725	877	44	36	160	116	8
6854	0	842	842	903	26	5	61	35	0
6855	0	853	897	912	14	0	59	45	44
6826	0	910	912	917	5	0	7	2	2
6856	0	938	938	1014	24	1	76	52	0
6780	0	929	929	1042	32	5	113	81	0
6779	0	910	910	1052	36	50	142	106	0
6827	0	967	1043	1068	12	0	101	89	76
6781	0	953	958	1073	35	1	120	85	5
6857	0	1056	1068	1101	9	2	45	36	12
6872	0	1145	1168	1169	1	0	24	23	23
6870	0	943	953	1187	27	21	244	217	10
6783	0	1112	1140	1188	8	1	76	68	28
6799	0	1043	1073	1197	37	1	154	117	30
6871	0	1046	1056	1213	33	20	167	134	10
6784	0	1144	1169	1228	16	20	84	68	25
6782	0	1087	1141	1232	28	30	145	117	54
6858	0	1216	1237	1282	14	0	66	52	21
6829	0	1270	1276	1328	15	2	58	43	6
6804	0	1298	1335	1355	18	0	57	39	37
6801	0	1244	1273	1393	34	6	149	115	29
6802	0	1281	1287	1427	13	28	146	133	6
6830	0	1323	1328	1449	8	42	126	118	5
6873	0	1377	1390	1466	28	27	89	61	13
6874	1	1392	1395	1497	31	0	105	74	3
6848	1	296	328	1504	36	8	1208	1172	32
6806	0	1548	1548	1578	22	8	30	8	0
6805	1	1517	1517	1589	25	0	72	47	0
6800	1	1237	1244	1593	24	0	356	332	7
6823	1	664	717	1613	35	6	949	914	53
6775	1	562	581	1650	29	0	1088	1059	19
6807	1	1606	1606	1696	31	39	90	59	0
6808	0	1700	1700	1739	11	0	39	28	0
6809	0	1701	1701	1740	18	7	39	21	0
6861	0	1741	1741	1820	33	5	79	46	0
6831	0	1717	1724	1825	22	44	108	86	7
6860	0	1724	1729	1853	39	50	129	90	5
6832	0	1874	1874	1897	15	8	23	8	0
6849	1	403	403	1915	69	5	1512	1443	0
6859	1	1650	1650	1927	32	0	277	245	0
6850	1	410	410	1929	63	13	1519	1456	0
6797	1	497	497	1943	66	0	1446	1380	0
6810	0	1971	1971	1977	6	0	6	0	0
6862	0	2043	2057	2060	3	0	17	14	14
6878	0	1978	1978	2064	28	39	86	58	0
6879	0	1990	1990	2110	60	6	120	60	0
6880	0	2097	2097	2123	7	19	26	19	0
6877	0	1970	1970	2136	50	68	166	116	0
6811	0	2141	2141	2146	5	0	5	0	0
6843	1	0	30	2147	52	8	2147	2095	30
6821	1	255	255	2158	72	33	1903	1831	0
6785	1	1760	1781	2168	54	22	408	354	21
6875	1	1425	1449	2177	57	24	752	695	24
6776	1	581	611	2183	35	0	1602	1567	30
6786	0	2192	2192	2212	20	0	20	0	0
6787	0	2223	2223	2307	23	29	84	61	0
6813	0	2296	2313	2333	18	0	37	19	17
6789	0	2279	2286	2349	16	8	70	54	7
6882	0	2266	2273	2362	22	10	96	74	7
6833	0	2321	2333	2367	4	0	46	42	12
6864	0	2396	2399	2413	2	10	17	15	3
6788	0	2274	2362	2482	39	9	208	169	88
6863	0	2386	2392	2525	22	7	139	117	6
6790	0	2448	2525	2549	19	0	101	82	77
6815	0	2531	2558	2583	18	2	52	34	27
6791	0	2558	2574	2602	5	2	44	39	16
6886	0	2526	2631	2650	19	0	124	105	105
6866	0	2713	2713	2719	6	0	6	0	0
6885	0	2495	2526	2732	66	11	237	171	31
6816	0	2676	2704	2751	31	0	75	44	28
6834	0	2741	2753	2756	3	0	15	12	12
6792	0	2724	2734	2759	4	5	35	31	10
6881	0	2260	2266	2774	9	0	514	505	6
6817	0	2734	2740	2802	24	12	68	44	6
6865	0	2436	2448	2819	57	109	383	326	12
6793	0	2849	2849	2859	10	0	10	0	0
6889	0	2792	2830	2887	27	0	95	68	38
6814	0	2362	2367	2890	47	25	528	481	5
6876	1	1943	1943	2918	51	2	975	924	0
6883	1	2273	2372	2934	54	17	661	607	99
6837	1	2982	2982	3017	25	0	35	10	0
6818	0	3084	3084	3105	18	3	21	3	0
6803	1	1291	1366	3215	55	6	1924	1869	75
6836	1	2957	2957	3262	50	44	305	255	0
6839	1	3218	3218	3281	50	0	63	13	0
6884	1	2462	2488	3292	49	3	830	781	26
6835	1	2938	2938	3298	45	4	360	315	0
6890	1	3107	3107	3385	29	16	278	249	0
6828	1	1098	1112	3390	88	46	2292	2204	14
6888	2	2785	2785	3396	83	27	611	528	0
6812	1	2241	2241	3444	99	59	1203	1104	0
6842	0	3485	3485	3490	5	0	5	0	0
6841	0	3461	3461	3518	38	19	57	19	0
6840	1	3413	3413	3523	51	30	110	59	0
6887	2	2600	2608	3536	52	0	936	884	8
6838	1	3051	3051	3559	50	109	508	458	0
6794	2	3102	3102	3567	89	27	465	376	0
0	0	0	0	3567	28777	0	3567	-25210	0
