id	priority	createdTime	startedTime	terminatedTime	cpuTime	blockedTime	turnaroundTime	waitingTime	responseTime
6651	0	0	0	4	4	0	4	0	0
6699	0	0	25	27	2	0	27	25	25
6652	0	19	60	90	30	0	71	41	41
6675	0	0	4	91	22	7	91	69	4
6723	0	0	27	128	52	8	128	76	27
6747	0	0	55	163	40	6	163	123	55
6725	0	91	163	170	7	0	79	72	72
6700	0	97	170	171	1	0	74	73	73
6748	0	151	196	215	19	0	64	45	45
6726	0	151	194	250	37	7	99	62	43
6727	0	233	250	252	2	0	19	17	17
6724	0	34	91	269	53	67	235	182	57
6676	0	296	361	408	47	0	112	65	65
6653	0	255	269	419	40	19	164	124	14
6701	0	255	275	435	72	33	180	108	20
6728	0	296	408	571	36	8	275	239	112
6729	0	403	435	616	69	5	213	144	32
6677	0	497	618	684	66	0	187	121	121
6730	0	410	477	725	63	13	315	252	67
6655	0	562	725	754	29	0	192	163	163
6656	0	581	754	789	35	0	208	173	173
6731	0	467	571	829	54	17	362	308	104
6654	0	479	585	834	9	18	355	346	106
6749	0	611	834	861	27	0	250	223	223
6657	0	639	864	883	19	0	244	225	225
6732	0	513	684	927	48	10	414	366	171
6705	0	786	927	931	4	0	145	141	141
6735	0	853	956	970	14	0	117	103	103
6702	0	488	616	975	10	29	487	477	128
6703	0	664	890	1008	35	6	344	309	226
6706	0	910	1019	1024	5	0	114	109	109
6733	0	700	896	1026	14	3	326	312	196
6678	0	666	892	1043	21	17	377	356	226
6734	0	842	931	1131	26	5	289	263	89
6707	0	967	1131	1143	12	0	176	164	164
6658	0	663	883	1152	16	139	489	473	220
6660	0	929	1043	1217	32	5	288	256	114
6736	0	938	1074	1240	24	1	302	278	136
6704	0	717	908	1281	44	36	564	520	191
6661	0	953	1097	1302	35	1	349	314	144
6752	0	1145	1306	1307	1	0	162	161	161
6679	0	1043	1152	1316	37	1	273	236	109
6737	0	1056	1187	1322	9	2	266	257	131
6751	0	1046	1180	1348	33	20	302	269	134
6738	0	1216	1348	1362	14	0	146	132	132
6659	0	910	1008	1370	36	50	460	424	98
6680	0	1237	1370	1394	24	0	157	133	133
6662	0	1087	1217	1421	28	30	334	306	130
6684	0	1298	1488	1506	18	0	208	190	190
6663	0	1112	1293	1507	8	1	395	387	181
6750	0	943	1096	1521	27	21	578	551	153
6664	0	1144	1302	1535	16	20	391	375	158
6754	0	1392	1548	1579	31	0	187	156	156
6681	0	1244	1394	1593	34	6	349	315	150
6709	0	1270	1421	1625	15	2	355	340	151
6682	0	1281	1431	1627	13	28	346	333	150
6683	0	1291	1442	1644	55	6	353	298	151
6685	0	1517	1679	1704	25	0	187	162	162
6753	0	1377	1535	1730	28	27	353	325	158
6739	0	1650	1756	1788	32	0	138	106	106
6688	0	1700	1812	1823	11	0	123	112	112
6710	0	1323	1521	1883	8	42	560	552	198
6755	0	1425	1593	1925	57	24	500	443	168
6708	0	1098	1240	1930	88	46	832	744	142
6689	0	1701	1823	1931	18	7	230	212	122
6686	0	1548	1708	1937	22	8	389	367	160
6741	0	1741	1883	1966	33	5	225	192	142
6687	0	1606	1730	1989	31	39	383	352	124
6740	0	1724	1853	2000	39	50	276	237	129
6712	0	1874	1946	2032	15	8	158	143	72
6690	0	1971	2039	2045	6	0	74	68	68
6711	0	1717	1840	2054	22	44	337	315	123
6756	0	1943	2000	2123	51	2	180	129	57
6742	0	2043	2123	2126	3	0	83	80	80
6665	0	1760	1900	2179	54	22	419	365	140
6691	0	2141	2206	2211	5	0	70	65	65
6666	0	2192	2215	2235	20	0	43	23	23
6759	0	1990	2092	2281	60	6	291	231	102
6760	0	2097	2201	2290	7	19	193	186	104
6758	0	1978	2054	2294	28	39	316	288	76
6757	0	1970	2032	2322	50	68	352	302	62
6761	0	2260	2322	2331	9	0	71	62	62
6693	0	2296	2367	2385	18	0	89	71	71
6667	0	2223	2281	2401	23	29	178	155	58
6713	0	2321	2401	2405	4	0	84	80	80
6762	0	2266	2331	2423	22	10	157	135	65
6668	0	2274	2358	2471	39	9	197	158	84
6763	0	2273	2340	2507	54	17	234	180	67
6669	0	2279	2359	2515	16	8	236	220	80
6670	0	2448	2590	2609	19	0	161	142	142
6766	0	2526	2688	2707	19	0	181	162	162
6743	0	2386	2515	2734	22	7	348	326	129
6744	0	2396	2524	2735	2	10	339	337	128
6767	0	2600	2763	2815	52	0	215	163	163
6694	0	2362	2423	2818	47	25	456	409	61
6764	0	2462	2609	2829	49	3	367	318	147
6696	0	2676	2829	2860	31	0	184	153	153
6746	0	2713	2877	2883	6	0	170	164	164
6695	0	2531	2707	2887	18	2	356	338	176
6714	0	2741	2891	2894	3	0	153	150	150
6671	0	2558	2744	2896	5	2	338	333	186
6769	0	2792	2938	2965	27	0	173	146	146
6673	0	2849	2965	2975	10	0	126	116	116
6765	0	2495	2647	2983	66	11	488	422	152
6672	0	2724	2887	2986	4	5	262	258	163
6697	0	2734	2888	3007	24	12	273	249	154
6768	0	2785	2913	3106	83	27	321	238	128
6692	0	2241	2294	3134	99	59	893	794	53
6717	0	2982	3149	3174	25	0	192	167	167
6745	0	2436	2536	3178	57	109	742	685	100
6715	0	2938	3007	3204	45	4	266	221	69
6719	0	3218	3333	3383	50	0	165	115	115
6698	0	3084	3228	3385	18	3	301	283	144
6770	0	3107	3277	3411	29	16	304	275	170
6716	0	2957	3134	3426	50	44	469	419	177
6718	0	3051	3204	3503	50	109	452	402	153
6674	0	3102	3244	3531	89	27	429	340	142
6722	0	3485	3531	3536	5	0	51	46	46
6720	0	3413	3455	3552	51	30	139	88	42
6721	0	3461	3503	3569	38	19	108	70	42
0	0	0	0	3569	28775	0	3569	-25206	0
