id	priority	createdTime	startedTime	terminatedTime	cpuTime	blockedTime	turnaroundTime	waitingTime	responseTime
7876	0	0	0	4	4	0	4	0	0
7928	0	0	25	27	2	0	27	25	25
7877	0	19	60	90	30	0	71	41	41
7902	0	0	4	91	22	7	91	69	4
7954	0	0	27	128	52	8	128	76	27
7980	0	0	55	163	40	6	163	123	55
7956	0	91	163	170	7	0	79	72	72
7929	0	97	170	171	1	0	74	73	73
7981	0	151	196	215	19	0	64	45	45
7957	0	151	194	250	37	7	99	62	43
7958	0	233	250	252	2	0	19	17	17
7955	0	34	91	269	53	67	235	182	57
7903	0	296	361	408	47	0	112	65	65
7878	0	255	269	419	40	19	164	124	14
7930	0	255	275	435	72	33	180	108	20
7959	0	296	408	571	36	8	275	239	112
7960	0	403	435	616	69	5	213	144	32
7904	0	497	618	684	66	0	187	121	121
7961	0	410	477	725	63	13	315	252	67
7880	0	562	725	754	29	0	192	163	163
7881	0	581	754	789	35	0	208	173	173
7962	0	467	571	829	54	17	362	308	104
7879	0	479	585	834	9	18	355	346	106
7982	0	611	834	861	27	0	250	223	223
7882	0	639	864	883	19	0	244	225	225
7963	0	513	684	927	48	10	414	366	171
7934	0	786	927	931	4	0	145	141	141
7966	0	853	956	970	14	0	117	103	103
7931	0	488	616	975	10	29	487	477	128
7932	0	664	890	1008	35	6	344	309	226
7935	0	910	1019	1024	5	0	114	109	109
7964	0	700	896	1026	14	3	326	312	196
7905	0	666	892	1043	21	17	377	356	226
7965	0	842	931	1131	26	5	289	263	89
7936	0	967	1131	1143	12	0	176	164	164
7883	0	663	883	1152	16	139	489	473	220
7885	0	929	1043	1217	32	5	288	256	114
7967	0	938	1074	1240	24	1	302	278	136
7933	0	717	908	1281	44	36	564	520	191
7886	0	953	1097	1302	35	1	349	314	144
7985	0	1145	1306	1307	1	0	162	161	161
7906	0	1043	1152	1316	37	1	273	236	109
7968	0	1056	1187	1322	9	2	266	257	131
7984	0	1046	1180	1348	33	20	302	269	134
7969	0	1216	1348	1362	14	0	146	132	132
7884	0	910	1008	1370	36	50	460	424	98
7907	0	1237	1370	1394	24	0	157	133	133
7887	0	1087	1217	1421	28	30	334	306	130
7911	0	1298	1488	1506	18	0	208	190	190
7888	0	1112	1293	1507	8	1	395	387	181
7983	0	943	1096	1521	27	21	578	551	153
7889	0	1144	1302	1535	16	20	391	375	158
7987	0	1392	1548	1579	31	0	187	156	156
7908	0	1244	1394	1593	34	6	349	315	150
7938	0	1270	1421	1625	15	2	355	340	151
7909	0	1281	1431	1627	13	28	346	333	150
7910	0	1291	1442	1644	55	6	353	298	151
7912	0	1517	1679	1704	25	0	187	162	162
7986	0	1377	1535	1730	28	27	353	325	158
7970	0	1650	1756	1788	32	0	138	106	106
7915	0	1700	1812	1823	11	0	123	112	112
7939	0	1323	1521	1883	8	42	560	552	198
7988	0	1425	1593	1925	57	24	500	443	168
7937	0	1098	1240	1930	88	46	832	744	142
7916	0	1701	1823	1931	18	7	230	212	122
7913	0	1548	1708	1937	22	8	389	367	160
7972	0	1741	1883	1966	33	5	225	192	142
7914	0	1606	1730	1989	31	39	383	352	124
7971	0	1724	1853	2000	39	50	276	237	129
7941	0	1874	1946	2032	15	8	158	143	72
7917	0	1971	2039	2045	6	0	74	68	68
7940	0	1717	1840	2054	22	44	337	315	123
7989	0	1943	2000	2123	51	2	180	129	57
7973	0	2043	2123	2126	3	0	83	80	80
7890	0	1760	1900	2179	54	22	419	365	140
7918	0	2141	2206	2211	5	0	70	65	65
7891	0	2192	2215	2235	20	0	43	23	23
7992	0	1990	2092	2281	60	6	291	231	102
7993	0	2097	2201	2290	7	19	193	186	104
7991	0	1978	2054	2294	28	39	316	288	76
7990	0	1970	2032	2322	50	68	352	302	62
7994	0	2260	2322	2331	9	0	71	62	62
7920	0	2296	2367	2385	18	0	89	71	71
7892	0	2223	2281	2401	23	29	178	155	58
7942	0	2321	2401	2405	4	0	84	80	80
7995	0	2266	2331	2423	22	10	157	135	65
7893	0	2274	2358	2471	39	9	197	158	84
7996	0	2273	2340	2507	54	17	234	180	67
7894	0	2279	2359	2515	16	8	236	220	80
7895	0	2448	2590	2609	19	0	161	142	142
7999	0	2526	2688	2707	19	0	181	162	162
7974	0	2386	2515	2734	22	7	348	326	129
7975	0	2396	2524	2735	2	10	339	337	128
8000	0	2600	2763	2815	52	0	215	163	163
7921	0	2362	2423	2818	47	25	456	409	61
7997	0	2462	2609	2829	49	3	367	318	147
7923	0	2676	2829	2860	31	0	184	153	153
7977	0	2713	2877	2883	6	0	170	164	164
7922	0	2531	2707	2907	18	2	376	358	176
7943	0	2741	2911	2914	3	0	173	170	170
7896	0	2558	2744	2916	5	2	358	353	186
8002	0	2792	2958	2985	27	0	193	166	166
7898	0	2849	2985	2995	10	0	146	136	136
7998	0	2495	2647	3003	66	11	508	442	152
7897	0	2724	2907	3006	4	5	282	278	183
7924	0	2734	2908	3027	24	12	293	269	174
8001	0	2785	2933	3159	83	27	374	291	148
7919	0	2241	2294	3187	99	59	946	847	53
7979	0	2981	3187	3204	17	0	223	206	206
7946	0	2982	3204	3229	25	0	247	222	222
7976	0	2436	2536	3233	57	109	797	740	100
7978	0	2716	2883	3286	67	39	570	503	167
7944	0	2938	3045	3312	45	4	374	329	107
7948	0	3218	3417	3467	50	0	249	199	199
8004	0	3309	3503	3520	17	0	211	194	194
7925	0	3084	3312	3522	18	3	438	420	228
7901	0	3367	3541	3546	5	0	179	174	174
7945	0	2957	3064	3548	50	44	591	541	107
8003	0	3107	3394	3609	29	16	502	473	287
7951	0	3485	3630	3635	5	0	150	145	145
7926	0	3309	3470	3674	66	28	365	299	161
7927	0	3341	3522	3675	7	9	334	327	181
7952	0	3552	3675	3684	9	0	132	123	123
7947	0	3051	3233	3697	50	109	646	596	182
7949	0	3413	3568	3742	51	30	329	278	155
7950	0	3461	3609	3759	38	19	298	260	148
8005	0	3497	3638	3783	7	26	286	279	141
7900	0	3228	3467	3792	15	61	564	549	239
7899	0	3102	3361	3799	89	27	697	608	259
7953	0	3661	3759	3905	95	47	244	149	98
0	0	0	0	3905	28878	0	3905	-24973	0
