id	priority	createdTime	startedTime	terminatedTime	cpuTime	blockedTime	turnaroundTime	waitingTime	responseTime
8136	0	0	0	4	4	0	4	0	0
8188	0	0	4	6	2	0	6	4	4
8162	0	0	11	61	22	7	61	39	11
8214	0	0	32	98	52	8	98	46	32
8189	0	97	98	99	1	0	2	1	1
8216	0	91	99	106	7	0	15	8	8
8137	0	19	129	159	30	0	140	110	110
8241	0	151	161	180	19	0	29	10	10
8215	0	34	61	197	53	67	163	110	27
8240	0	0	6	232	40	6	232	192	6
8217	0	151	159	267	37	7	116	79	8
8218	0	233	267	269	2	0	36	34	34
8163	0	296	312	359	47	0	63	16	16
8138	0	255	271	367	40	19	112	72	16
8219	0	296	309	400	36	8	104	68	13
8190	0	255	269	535	72	33	280	208	14
8139	0	479	498	540	9	18	61	52	19
8191	0	488	496	545	10	29	57	47	8
8220	0	403	454	572	69	5	169	100	51
8140	0	562	572	601	29	0	39	10	10
8141	0	581	601	636	35	0	55	20	20
8242	0	611	636	663	27	0	52	25	25
8142	0	639	663	682	19	0	43	24	24
8192	0	664	682	728	35	6	64	29	18
8165	0	666	684	767	21	17	101	80	18
8224	0	700	738	769	14	3	69	55	38
8194	0	786	817	821	4	0	35	31	31
8193	0	717	728	846	44	36	129	85	11
8223	0	513	778	855	48	10	342	294	265
8143	0	663	688	864	16	139	201	185	25
8226	0	853	864	878	14	0	25	11	11
8222	0	467	505	943	54	17	476	422	38
8225	0	842	878	944	26	5	102	76	36
8195	0	910	945	950	5	0	40	35	35
8196	0	967	973	985	12	0	18	6	6
8243	0	943	944	1021	27	21	78	51	1
8145	0	929	985	1031	32	5	102	70	56
8227	0	938	1055	1082	24	1	144	120	117
8144	0	910	950	1090	36	50	180	144	40
8228	0	1056	1077	1096	9	2	40	31	21
8148	0	1112	1117	1141	8	1	29	21	5
8244	0	1046	1048	1167	33	20	121	88	2
8245	0	1145	1167	1168	1	0	23	22	22
8147	0	1087	1096	1179	28	30	92	64	9
8166	0	1043	1179	1224	37	1	181	144	136
8149	0	1144	1168	1236	16	20	92	76	24
8229	0	1216	1236	1250	14	0	34	20	20
8167	0	1237	1270	1294	24	0	57	33	33
8198	0	1270	1294	1320	15	2	50	35	24
8168	0	1244	1250	1334	34	6	90	56	6
8171	0	1298	1336	1354	18	0	56	38	38
8169	0	1281	1304	1356	13	28	75	62	23
8199	0	1323	1334	1395	8	42	72	64	11
8146	0	953	1360	1397	35	1	444	409	407
8247	0	1392	1410	1441	31	0	49	18	18
8246	0	1377	1397	1456	28	27	79	51	20
8248	0	1425	1456	1572	57	24	147	90	31
8197	0	1098	1124	1577	88	46	479	391	26
8172	0	1517	1584	1609	25	0	92	67	67
8173	0	1548	1577	1663	22	8	115	93	29
8170	0	1291	1619	1688	55	6	397	342	328
8174	0	1606	1609	1710	31	39	104	73	3
8175	0	1700	1710	1721	11	0	21	10	10
8176	0	1701	1725	1760	18	7	59	41	24
8232	0	1741	1742	1797	33	5	56	23	1
8200	0	1717	1721	1807	22	44	90	68	4
8230	0	1650	1866	1898	32	0	248	216	216
8150	0	1760	1769	1912	54	22	152	98	9
8231	0	1724	1807	1923	39	50	199	160	83
8201	0	1874	1898	1934	15	8	60	45	24
8177	0	1971	1996	2002	6	0	31	25	25
8221	0	410	1934	2011	63	13	1601	1538	1524
8233	0	2043	2061	2064	3	0	21	18	18
8249	0	1943	2018	2146	51	2	203	152	75
8253	0	2097	2111	2148	7	19	51	44	14
8251	0	1978	2011	2152	28	39	174	146	33
8178	0	2141	2152	2157	5	0	16	11	11
8252	0	1990	1995	2203	60	6	213	153	5
8250	0	1970	2002	2207	50	68	237	187	32
8151	0	2192	2207	2227	20	0	35	15	15
8164	0	497	2234	2300	66	0	1803	1737	1737
8254	0	2260	2309	2318	9	0	58	49	49
8154	0	2279	2301	2326	16	8	47	31	22
8202	0	2321	2326	2330	4	0	9	5	5
8152	0	2223	2227	2355	23	29	132	109	4
8255	0	2266	2330	2368	22	10	102	80	64
8180	0	2296	2406	2424	18	0	128	110	110
8235	0	2396	2405	2425	2	10	29	27	9
8234	0	2386	2396	2438	22	7	52	30	10
8155	0	2448	2458	2477	19	0	29	10	10
8182	0	2531	2539	2571	18	2	40	22	8
8156	0	2558	2564	2573	5	2	15	10	6
8259	0	2526	2582	2601	19	0	75	56	56
8236	0	2436	2438	2639	57	109	203	146	2
8181	0	2362	2368	2664	47	25	302	255	6
8256	0	2273	2378	2700	54	17	427	373	105
8179	0	2241	2493	2728	99	59	487	388	252
8237	0	2713	2729	2735	6	0	22	16	16
8157	0	2724	2728	2741	4	5	17	13	4
8203	0	2741	2761	2764	3	0	23	20	20
8184	0	2734	2735	2785	24	12	51	27	1
8262	0	2792	2806	2833	27	0	41	14	14
8238	0	2716	2741	2862	67	39	146	79	25
8158	0	2849	2862	2872	10	0	23	13	13
8183	0	2676	2872	2903	31	0	227	196	196
8153	0	2274	2300	2941	39	9	667	628	26
8204	0	2938	2941	3001	45	4	63	18	3
8239	0	2981	3001	3018	17	0	37	20	20
8206	0	2982	3018	3043	25	0	61	36	36
8205	0	2957	2960	3118	50	44	161	111	3
8185	0	3084	3100	3143	18	3	59	41	16
8263	0	3107	3118	3182	29	16	75	46	11
8257	0	2462	3182	3247	49	3	785	736	720
8207	0	3051	3076	3260	50	109	209	159	25
8160	0	3228	3233	3333	15	61	105	90	5
8264	0	3309	3333	3350	17	0	41	24	24
8187	0	3341	3350	3374	7	9	33	26	9
8161	0	3367	3374	3379	5	0	12	7	7
8258	0	2495	3283	3416	66	11	921	855	788
8159	0	3102	3143	3456	89	27	354	265	41
8211	0	3485	3491	3496	5	0	11	6	6
8186	0	3309	3416	3553	66	28	244	178	107
8265	0	3497	3517	3557	7	26	60	53	20
8212	0	3552	3557	3566	9	0	14	5	5
8209	0	3413	3456	3582	51	30	169	118	43
8210	0	3461	3496	3599	38	19	138	100	35
8208	0	3218	3599	3649	50	0	431	381	381
8260	0	2600	3649	3701	52	0	1101	1049	1049
8261	0	2785	2803	3801	83	27	1016	933	18
8213	0	3661	3701	3907	95	47	246	151	40
0	0	0	0	3907	28930	0	3907	-25023	0
