id	priority	createdTime	startedTime	terminatedTime	cpuTime	blockedTime	turnaroundTime	waitingTime	responseTime
8931	0	0	0	4	4	0	4	0	0
8985	0	0	24	26	2	0	26	24	24
8932	0	19	51	123	30	0	104	74	32
8958	0	0	4	124	22	7	124	102	4
9014	0	91	124	131	7	0	40	33	33
8986	0	97	131	132	1	0	35	34	34
9039	0	0	46	187	40	6	187	147	46
9040	0	151	189	208	19	0	57	38	38
9012	0	0	26	212	52	8	212	160	26
9016	0	233	235	237	2	0	4	2	2
9015	0	151	187	252	37	7	101	64	36
9013	0	34	72	280	53	67	246	193	38
8933	0	255	255	417	40	19	162	122	0
8959	0	296	320	438	47	0	142	95	24
9017	0	296	340	471	36	8	175	139	44
8987	0	255	261	507	72	33	252	180	6
8934	0	479	541	657	9	18	178	169	62
9020	0	467	527	796	54	17	329	275	60
8937	0	639	796	815	19	0	176	157	157
8988	0	488	545	820	10	29	332	322	57
8935	0	562	632	829	29	0	267	238	70
8936	0	581	677	858	35	0	277	242	96
9021	0	513	587	909	48	10	396	348	74
9041	0	611	736	916	27	0	305	278	125
9018	0	403	438	923	69	5	520	451	35
8991	0	786	923	927	4	0	141	137	137
9024	0	853	967	981	14	0	128	114	114
9019	0	410	471	983	63	13	573	510	61
8961	0	666	838	1000	21	17	334	313	172
9022	0	700	858	1002	14	3	302	288	158
8960	0	497	567	1017	66	0	520	454	70
8992	0	910	1028	1033	5	0	123	118	118
8993	0	967	1099	1111	12	0	144	132	132
8989	0	664	836	1124	35	6	460	425	172
8938	0	663	829	1133	16	139	470	454	166
9023	0	842	927	1217	26	5	375	349	85
9044	0	1145	1277	1278	1	0	133	132	132
8990	0	717	870	1283	44	36	566	522	153
8940	0	929	1033	1301	32	5	372	340	104
9026	0	1056	1182	1307	9	2	251	242	126
9025	0	938	1053	1329	24	1	391	367	115
8939	0	910	1017	1337	36	50	427	391	107
9027	0	1216	1337	1351	14	0	135	121	121
9042	0	943	1073	1365	27	21	422	395	130
8941	0	953	1079	1408	35	1	455	420	126
8943	0	1112	1266	1419	8	1	307	299	154
8962	0	1043	1153	1459	37	1	416	379	110
8944	0	1144	1273	1479	16	20	335	319	129
8967	0	1298	1479	1497	18	0	199	181	181
9043	0	1046	1173	1505	33	20	459	426	127
8963	0	1237	1365	1522	24	0	285	261	128
8964	0	1244	1386	1556	34	6	312	278	142
8942	0	1087	1217	1563	28	30	476	448	130
8995	0	1270	1408	1568	15	2	298	283	138
8965	0	1281	1419	1608	13	28	327	314	138
9046	0	1392	1522	1663	31	0	271	240	130
9045	0	1377	1505	1678	28	27	301	273	128
8966	0	1291	1430	1710	55	6	419	364	139
8968	0	1517	1632	1750	25	0	233	208	115
8996	0	1323	1497	1752	8	42	429	421	174
8971	0	1700	1761	1772	11	0	72	61	61
9028	0	1650	1725	1890	32	0	240	208	75
8969	0	1548	1678	1908	22	8	360	338	130
8972	0	1701	1772	1909	18	7	208	190	71
9030	0	1741	1861	1975	33	5	234	201	120
9047	0	1425	1568	1981	57	24	556	499	143
8997	0	1717	1809	2010	22	44	293	271	92
8970	0	1606	1692	2012	31	39	406	375	86
8994	0	1098	1237	2017	88	46	919	831	139
8998	0	1874	1955	2028	15	8	154	139	81
8973	0	1971	2035	2041	6	0	70	64	64
9029	0	1724	1813	2059	39	50	335	296	89
9031	0	2043	2081	2084	3	0	41	38	38
8974	0	2141	2189	2194	5	0	53	48	48
8945	0	1760	1890	2204	54	22	444	390	130
9048	0	1943	1981	2214	51	2	271	220	38
8946	0	2192	2234	2254	20	0	62	42	42
9052	0	2097	2168	2256	7	19	159	152	71
9050	0	1978	2041	2260	28	39	282	254	63
9051	0	1990	2059	2293	60	6	303	243	69
9053	0	2260	2313	2322	9	0	62	53	53
9049	0	1970	2028	2354	50	68	384	334	58
8976	0	2296	2362	2380	18	0	84	66	66
8947	0	2223	2260	2396	23	29	173	150	37
8999	0	2321	2400	2404	4	0	83	79	79
9054	0	2266	2322	2417	22	10	151	129	56
8949	0	2279	2354	2475	16	8	196	180	75
8948	0	2274	2349	2528	39	9	254	215	75
8950	0	2448	2528	2547	19	0	99	80	80
9055	0	2273	2331	2603	54	17	330	276	58
9032	0	2386	2475	2616	22	7	230	208	89
9033	0	2396	2484	2648	2	10	252	250	88
9058	0	2526	2664	2683	19	0	157	138	138
8978	0	2531	2683	2822	18	2	291	273	152
8951	0	2558	2697	2824	5	2	266	261	139
9035	0	2713	2824	2830	6	0	117	111	111
8977	0	2362	2437	2854	47	25	492	445	75
9056	0	2462	2567	2868	49	3	406	357	105
9000	0	2741	2868	2871	3	0	130	127	127
8979	0	2676	2798	2946	31	0	270	239	122
8953	0	2849	2946	2956	10	0	107	97	97
8952	0	2724	2850	2959	4	5	235	231	126
9034	0	2436	2490	3001	57	109	565	508	54
9059	0	2600	2732	3013	52	0	413	361	132
9061	0	2792	2895	3037	27	0	245	218	103
8980	0	2734	2854	3094	24	12	360	336	120
9037	0	2981	3094	3111	17	0	130	113	113
9057	0	2495	2627	3159	66	11	664	598	132
9003	0	2982	3111	3328	25	0	346	321	129
9036	0	2716	2830	3337	67	39	621	554	114
8975	0	2241	2293	3389	99	59	1148	1049	52
9038	0	3066	3219	3399	15	14	333	318	153
9001	0	2938	3059	3405	45	4	467	422	121
8981	0	3084	3247	3407	18	3	323	305	163
9063	0	3309	3443	3460	17	0	151	134	134
9060	0	2785	2892	3499	83	27	714	631	107
8956	0	3367	3499	3504	5	0	137	132	132
8984	0	3435	3567	3575	8	0	140	132	132
9062	0	3107	3283	3594	29	16	487	458	176
9008	0	3485	3627	3632	5	0	147	142	142
8983	0	3341	3473	3633	7	9	292	285	132
9002	0	2957	3078	3638	50	44	681	631	121
9005	0	3218	3361	3648	50	0	430	380	143
8957	0	3533	3648	3660	12	0	127	115	115
9009	0	3552	3675	3684	9	0	132	123	123
8955	0	3228	3389	3713	15	61	485	470	161
9004	0	3051	3159	3726	50	109	675	625	108
9064	0	3497	3633	3808	7	26	311	304	136
9006	0	3413	3527	3833	51	30	420	369	114
9007	0	3461	3607	3850	38	19	389	351	146
8982	0	3309	3423	3863	66	28	554	488	114
8954	0	3102	3263	3913	89	27	811	722	161
9065	0	3605	3726	3918	29	31	313	284	121
9010	0	3661	3764	4012	95	47	351	256	103
9011	0	3662	3784	4066	79	94	404	325	122
0	0	0	0	4066	29140	0	4066	-25074	0
