id	priority	createdTime	startedTime	terminatedTime	cpuTime	blockedTime	turnaroundTime	waitingTime	responseTime
9621	0	0	0	4	4	0	4	0	0
9677	0	0	24	26	2	0	26	24	24
9622	0	19	51	123	30	0	104	74	32
9649	0	0	4	124	22	7	124	102	4
9707	0	91	124	131	7	0	40	33	33
9678	0	97	131	132	1	0	35	34	34
9733	0	0	46	187	40	6	187	147	46
9734	0	151	189	208	19	0	57	38	38
9705	0	0	26	212	52	8	212	160	26
9709	0	233	235	237	2	0	4	2	2
9708	0	151	187	252	37	7	101	64	36
9706	0	34	72	280	53	67	246	193	38
9623	0	255	255	417	40	19	162	122	0
9650	0	296	320	438	47	0	142	95	24
9710	0	296	340	471	36	8	175	139	44
9679	0	255	261	507	72	33	252	180	6
9624	0	479	541	657	9	18	178	169	62
9713	0	467	527	796	54	17	329	275	60
9627	0	639	796	815	19	0	176	157	157
9680	0	488	545	820	10	29	332	322	57
9625	0	562	632	829	29	0	267	238	70
9626	0	581	677	858	35	0	277	242	96
9714	0	513	587	909	48	10	396	348	74
9735	0	611	736	916	27	0	305	278	125
9711	0	403	438	923	69	5	520	451	35
9683	0	786	923	927	4	0	141	137	137
9717	0	853	967	981	14	0	128	114	114
9712	0	410	471	983	63	13	573	510	61
9652	0	666	838	1000	21	17	334	313	172
9715	0	700	858	1002	14	3	302	288	158
9651	0	497	567	1017	66	0	520	454	70
9684	0	910	1028	1033	5	0	123	118	118
9685	0	967	1099	1111	12	0	144	132	132
9681	0	664	836	1124	35	6	460	425	172
9628	0	663	829	1133	16	139	470	454	166
9716	0	842	927	1217	26	5	375	349	85
9738	0	1145	1277	1278	1	0	133	132	132
9682	0	717	870	1283	44	36	566	522	153
9630	0	929	1033	1301	32	5	372	340	104
9719	0	1056	1182	1307	9	2	251	242	126
9718	0	938	1053	1329	24	1	391	367	115
9629	0	910	1017	1337	36	50	427	391	107
9720	0	1216	1337	1351	14	0	135	121	121
9736	0	943	1073	1365	27	21	422	395	130
9631	0	953	1079	1408	35	1	455	420	126
9633	0	1112	1266	1419	8	1	307	299	154
9653	0	1043	1153	1459	37	1	416	379	110
9634	0	1144	1273	1479	16	20	335	319	129
9658	0	1298	1479	1497	18	0	199	181	181
9737	0	1046	1173	1505	33	20	459	426	127
9654	0	1237	1365	1522	24	0	285	261	128
9655	0	1244	1386	1556	34	6	312	278	142
9632	0	1087	1217	1563	28	30	476	448	130
9687	0	1270	1408	1568	15	2	298	283	138
9656	0	1281	1419	1608	13	28	327	314	138
9740	0	1392	1522	1663	31	0	271	240	130
9739	0	1377	1505	1678	28	27	301	273	128
9657	0	1291	1430	1710	55	6	419	364	139
9659	0	1517	1632	1750	25	0	233	208	115
9688	0	1323	1497	1752	8	42	429	421	174
9662	0	1700	1761	1772	11	0	72	61	61
9721	0	1650	1725	1890	32	0	240	208	75
9660	0	1548	1678	1908	22	8	360	338	130
9663	0	1701	1772	1909	18	7	208	190	71
9723	0	1741	1861	1975	33	5	234	201	120
9741	0	1425	1568	1981	57	24	556	499	143
9689	0	1717	1809	2010	22	44	293	271	92
9661	0	1606	1692	2012	31	39	406	375	86
9686	0	1098	1237	2017	88	46	919	831	139
9690	0	1874	1955	2028	15	8	154	139	81
9664	0	1971	2035	2041	6	0	70	64	64
9722	0	1724	1813	2059	39	50	335	296	89
9724	0	2043	2081	2084	3	0	41	38	38
9665	0	2141	2189	2194	5	0	53	48	48
9635	0	1760	1890	2204	54	22	444	390	130
9742	0	1943	1981	2214	51	2	271	220	38
9636	0	2192	2234	2254	20	0	62	42	42
9746	0	2097	2168	2256	7	19	159	152	71
9744	0	1978	2041	2260	28	39	282	254	63
9745	0	1990	2059	2293	60	6	303	243	69
9747	0	2260	2313	2322	9	0	62	53	53
9743	0	1970	2028	2354	50	68	384	334	58
9667	0	2296	2362	2380	18	0	84	66	66
9637	0	2223	2260	2396	23	29	173	150	37
9691	0	2321	2400	2404	4	0	83	79	79
9748	0	2266	2322	2417	22	10	151	129	56
9639	0	2279	2354	2475	16	8	196	180	75
9638	0	2274	2349	2528	39	9	254	215	75
9640	0	2448	2528	2547	19	0	99	80	80
9749	0	2273	2331	2603	54	17	330	276	58
9725	0	2386	2475	2616	22	7	230	208	89
9726	0	2396	2484	2648	2	10	252	250	88
9752	0	2526	2664	2683	19	0	157	138	138
9669	0	2531	2683	2822	18	2	291	273	152
9641	0	2558	2697	2824	5	2	266	261	139
9728	0	2713	2824	2830	6	0	117	111	111
9668	0	2362	2437	2854	47	25	492	445	75
9750	0	2462	2567	2868	49	3	406	357	105
9692	0	2741	2868	2871	3	0	130	127	127
9670	0	2676	2798	2946	31	0	270	239	122
9643	0	2849	2946	2956	10	0	107	97	97
9642	0	2724	2850	2959	4	5	235	231	126
9727	0	2436	2490	3001	57	109	565	508	54
9753	0	2600	2732	3013	52	0	413	361	132
9755	0	2792	2895	3037	27	0	245	218	103
9671	0	2734	2854	3094	24	12	360	336	120
9730	0	2981	3094	3111	17	0	130	113	113
9751	0	2495	2627	3159	66	11	664	598	132
9695	0	2982	3111	3328	25	0	346	321	129
9729	0	2716	2830	3337	67	39	621	554	114
9666	0	2241	2293	3398	99	59	1157	1058	52
9731	0	3066	3219	3408	15	14	342	327	153
9693	0	2938	3059	3414	45	4	476	431	121
9672	0	3084	3247	3416	18	3	332	314	163
9757	0	3309	3452	3469	17	0	160	143	143
9732	0	3185	3341	3497	18	3	312	294	156
9646	0	3367	3497	3502	5	0	135	130	130
9754	0	2785	2892	3522	83	27	737	654	107
9675	0	3435	3565	3573	8	0	138	130	130
9756	0	3107	3283	3612	29	16	505	476	176
9700	0	3485	3645	3650	5	0	165	160	160
9674	0	3341	3482	3654	7	9	313	306	141
9694	0	2957	3078	3656	50	44	699	649	121
9647	0	3533	3676	3688	12	0	155	143	143
9697	0	3218	3370	3698	50	0	480	430	152
9701	0	3552	3698	3707	9	0	155	146	146
9696	0	3051	3159	3735	50	109	684	634	108
9645	0	3228	3398	3781	15	61	553	538	170
9760	0	3620	3783	3788	5	0	168	163	163
9758	0	3497	3650	3861	7	26	364	357	153
9698	0	3413	3542	3888	51	30	475	424	129
9648	0	3611	3781	3906	4	4	295	291	170
9699	0	3461	3625	3923	38	19	462	424	164
9673	0	3309	3432	3936	66	28	627	561	123
9704	0	3731	3861	4004	23	26	273	250	130
9759	0	3605	3735	4009	29	31	404	375	130
9644	0	3102	3263	4016	89	27	914	825	161
9676	0	3525	3656	4045	57	39	520	463	131
9702	0	3661	3809	4119	95	47	458	363	148
9703	0	3662	3829	4173	79	94	511	432	167
0	0	0	0	4173	29294	0	4173	-25121	0
