id	priority	createdTime	startedTime	terminatedTime	cpuTime	blockedTime	turnaroundTime	waitingTime	responseTime
9761	0	0	0	4	4	0	4	0	0
9817	0	0	25	27	2	0	27	25	25
9762	0	19	60	90	30	0	71	41	41
9873	0	0	55	125	40	6	125	85	55
9847	0	91	138	145	7	0	54	47	47
9818	0	97	145	146	1	0	49	48	48
9789	0	0	4	147	22	7	147	125	4
9845	0	0	27	171	52	8	171	119	27
9874	0	151	173	192	19	0	41	22	22
9848	0	151	171	227	37	7	76	39	20
9849	0	233	250	252	2	0	19	17	17
9790	0	296	347	394	47	0	98	51	51
9846	0	34	125	414	53	67	380	327	91
9850	0	296	394	447	36	8	151	115	98
9791	0	497	570	636	66	0	139	73	73
9764	0	479	564	644	9	18	165	156	85
9820	0	488	568	688	10	29	200	190	80
9765	0	562	688	717	29	0	155	126	126
9766	0	581	717	752	35	0	171	136	136
9875	0	611	752	779	27	0	168	141	141
9767	0	639	779	798	19	0	159	140	140
9821	0	664	805	856	35	6	192	157	141
9792	0	666	807	873	21	17	207	186	141
9823	0	786	883	887	4	0	101	97	97
9857	0	853	912	926	14	0	73	59	59
9768	0	663	798	955	16	139	292	276	135
9824	0	910	955	960	5	0	50	45	45
9822	0	717	873	985	44	36	268	224	156
9825	0	967	1075	1087	12	0	120	108	108
9876	0	943	1029	1118	27	21	175	148	86
9859	0	1056	1153	1183	9	2	127	118	97
9877	0	1046	1146	1209	33	20	163	130	100
9773	0	1112	1225	1237	8	1	125	117	113
9878	0	1145	1237	1238	1	0	93	92	92
9860	0	1216	1238	1252	14	0	36	22	22
9794	0	1237	1252	1276	24	0	39	15	15
9774	0	1144	1232	1288	16	20	144	128	88
9798	0	1298	1367	1385	18	0	87	69	69
9827	0	1270	1308	1390	15	2	120	105	38
9796	0	1281	1318	1394	13	28	113	100	37
9880	0	1392	1411	1442	31	0	50	19	19
9828	0	1323	1390	1444	8	42	121	113	67
9855	0	700	811	1473	14	3	773	759	111
9879	0	1377	1394	1488	28	27	111	83	17
9853	0	467	550	1528	54	17	1061	1007	83
9799	0	1517	1528	1553	25	0	36	11	11
9769	0	910	935	1568	36	50	658	622	25
9800	0	1548	1553	1591	22	8	43	21	5
9772	0	1087	1156	1634	28	30	547	519	69
9795	0	1244	1288	1648	34	6	404	370	44
9770	0	929	985	1658	32	5	729	697	56
9861	0	1650	1658	1690	32	0	40	8	8
9858	0	938	1007	1700	24	1	762	738	69
9763	0	255	255	1708	40	19	1453	1413	0
9801	0	1606	1626	1730	31	39	124	93	20
9802	0	1700	1730	1741	11	0	41	30	30
9829	0	1717	1758	1837	22	44	120	98	41
9803	0	1701	1741	1839	18	7	138	120	40
9863	0	1741	1799	1855	33	5	114	81	58
9856	0	842	887	1891	26	5	1049	1023	45
9830	0	1874	1886	1927	15	8	53	38	12
9775	0	1760	1816	1937	54	22	177	123	56
9793	0	1043	1118	1946	37	1	903	866	75
9862	0	1724	1762	1978	39	50	254	215	38
9804	0	1971	1985	1991	6	0	20	14	14
9882	0	1943	1946	2029	51	2	86	35	3
9864	0	2043	2094	2097	3	0	54	51	51
9885	0	1990	1998	2143	60	6	153	93	8
9884	0	1978	1991	2147	28	39	169	141	13
9886	0	2097	2101	2149	7	19	52	45	4
9805	0	2141	2149	2154	5	0	13	8	8
9771	0	953	1030	2165	35	1	1212	1177	77
9881	0	1425	1444	2170	57	24	745	688	19
9883	0	1970	1978	2174	50	68	204	154	8
9776	0	2192	2198	2218	20	0	26	6	6
9826	0	1098	1209	2223	88	46	1125	1037	111
9854	0	513	644	2232	48	10	1719	1671	131
9797	0	1291	1329	2256	55	6	965	910	38
9777	0	2223	2232	2296	23	29	73	50	9
9887	0	2260	2296	2305	9	0	45	36	36
9888	0	2266	2305	2345	22	10	79	57	39
9807	0	2296	2354	2372	18	0	76	58	58
9778	0	2274	2345	2410	39	9	136	97	71
9779	0	2279	2346	2418	16	8	139	123	67
9831	0	2321	2418	2422	4	0	101	97	97
9866	0	2396	2441	2463	2	10	67	65	45
9865	0	2386	2432	2476	22	7	90	68	46
9780	0	2448	2510	2529	19	0	81	62	62
9892	0	2526	2608	2627	19	0	101	82	82
9893	0	2600	2644	2696	52	0	96	44	44
9781	0	2558	2641	2698	5	2	140	135	83
9810	0	2676	2698	2729	31	0	53	22	22
9868	0	2713	2729	2735	6	0	22	16	16
9832	0	2741	2759	2762	3	0	21	18	18
9782	0	2724	2755	2765	4	5	41	37	31
9809	0	2531	2627	2769	18	2	238	220	96
9889	0	2273	2314	2805	54	17	532	478	41
9811	0	2734	2756	2826	24	12	92	68	22
9895	0	2792	2829	2856	27	0	64	37	37
9783	0	2849	2856	2866	10	0	17	7	7
9894	0	2785	2826	2946	83	27	161	78	41
9833	0	2938	2946	3006	45	4	68	23	8
9870	0	2981	3006	3023	17	0	42	25	25
9835	0	2982	3023	3048	25	0	66	41	41
9871	0	3066	3105	3136	15	14	70	55	39
9812	0	3084	3113	3203	18	3	119	101	29
9872	0	3185	3192	3228	18	3	43	25	7
9837	0	3218	3228	3278	50	0	60	10	10
9785	0	3228	3278	3361	15	61	133	118	50
9897	0	3309	3361	3378	17	0	69	52	52
9786	0	3367	3384	3389	5	0	22	17	17
9896	0	3107	3169	3395	29	16	288	259	62
9814	0	3341	3378	3396	7	9	55	48	37
9869	0	2716	2735	3425	67	39	709	642	19
9815	0	3435	3460	3468	8	0	33	25	25
9840	0	3485	3489	3494	5	0	9	4	4
9867	0	2436	2442	3498	57	109	1062	1005	6
9898	0	3497	3498	3534	7	26	37	30	1
9787	0	3533	3562	3574	12	0	41	29	29
9841	0	3552	3574	3583	9	0	31	22	22
9839	0	3461	3468	3609	38	19	148	110	7
9900	0	3620	3628	3633	5	0	13	8	8
9788	0	3611	3626	3635	4	4	24	20	15
9899	0	3605	3609	3725	29	31	120	91	4
9836	0	3051	3081	3738	50	109	687	637	30
9844	0	3731	3738	3816	23	26	85	62	7
9806	0	2241	2256	3844	99	59	1603	1504	15
9816	0	3525	3534	3873	57	39	348	291	9
9813	0	3309	3319	3926	66	28	617	551	10
9808	0	2362	2422	3958	47	25	1596	1549	60
9834	0	2957	2965	3960	50	44	1003	953	8
9838	0	3413	3425	3976	51	30	563	512	12
9890	0	2462	2529	3989	49	3	1527	1478	67
9784	0	3102	3136	3996	89	27	894	805	34
9851	0	403	447	4061	69	5	3658	3589	44
9891	0	2495	2567	4078	66	11	1583	1517	72
9819	0	255	261	4094	72	33	3839	3767	6
9843	0	3662	3684	4105	79	94	443	364	22
9852	0	410	489	4107	63	13	3697	3634	79
9842	0	3661	3664	4144	95	47	483	388	3
0	0	0	0	4144	29318	0	4144	-25174	0
