id	priority	createdTime	startedTime	terminatedTime	cpuTime	blockedTime	turnaroundTime	waitingTime	responseTime
10191	0	0	0	4	4	0	4	0	0
10249	0	0	4	6	2	0	6	4	4
10220	0	0	11	61	22	7	61	39	11
10278	0	0	32	98	52	8	98	46	32
10250	0	97	98	99	1	0	2	1	1
10280	0	91	99	106	7	0	15	8	8
10192	0	19	129	159	30	0	140	110	110
10308	0	151	161	180	19	0	29	10	10
10279	0	34	61	197	53	67	163	110	27
10307	0	0	6	232	40	6	232	192	6
10281	0	151	159	267	37	7	116	79	8
10282	0	233	267	269	2	0	36	34	34
10221	0	296	312	359	47	0	63	16	16
10193	0	255	271	367	40	19	112	72	16
10283	0	296	309	400	36	8	104	68	13
10251	0	255	269	535	72	33	280	208	14
10194	0	479	498	540	9	18	61	52	19
10252	0	488	496	545	10	29	57	47	8
10284	0	403	454	572	69	5	169	100	51
10195	0	562	572	601	29	0	39	10	10
10196	0	581	601	636	35	0	55	20	20
10309	0	611	636	663	27	0	52	25	25
10197	0	639	663	682	19	0	43	24	24
10253	0	664	682	728	35	6	64	29	18
10223	0	666	684	767	21	17	101	80	18
10288	0	700	738	769	14	3	69	55	38
10255	0	786	817	821	4	0	35	31	31
10254	0	717	728	846	44	36	129	85	11
10287	0	513	778	855	48	10	342	294	265
10198	0	663	688	864	16	139	201	185	25
10290	0	853	864	878	14	0	25	11	11
10286	0	467	505	943	54	17	476	422	38
10289	0	842	878	944	26	5	102	76	36
10256	0	910	945	950	5	0	40	35	35
10257	0	967	973	985	12	0	18	6	6
10310	0	943	944	1021	27	21	78	51	1
10200	0	929	985	1031	32	5	102	70	56
10291	0	938	1055	1082	24	1	144	120	117
10199	0	910	950	1090	36	50	180	144	40
10292	0	1056	1077	1096	9	2	40	31	21
10203	0	1112	1117	1141	8	1	29	21	5
10311	0	1046	1048	1167	33	20	121	88	2
10312	0	1145	1167	1168	1	0	23	22	22
10202	0	1087	1096	1179	28	30	92	64	9
10224	0	1043	1179	1224	37	1	181	144	136
10204	0	1144	1168	1236	16	20	92	76	24
10293	0	1216	1236	1250	14	0	34	20	20
10225	0	1237	1270	1294	24	0	57	33	33
10259	0	1270	1294	1320	15	2	50	35	24
10226	0	1244	1250	1334	34	6	90	56	6
10229	0	1298	1336	1354	18	0	56	38	38
10227	0	1281	1304	1356	13	28	75	62	23
10260	0	1323	1334	1395	8	42	72	64	11
10201	0	953	1360	1397	35	1	444	409	407
10314	0	1392	1410	1441	31	0	49	18	18
10313	0	1377	1397	1456	28	27	79	51	20
10315	0	1425	1456	1572	57	24	147	90	31
10258	0	1098	1124	1577	88	46	479	391	26
10230	0	1517	1584	1609	25	0	92	67	67
10231	0	1548	1577	1663	22	8	115	93	29
10228	0	1291	1619	1688	55	6	397	342	328
10232	0	1606	1609	1710	31	39	104	73	3
10233	0	1700	1710	1721	11	0	21	10	10
10234	0	1701	1725	1760	18	7	59	41	24
10296	0	1741	1742	1797	33	5	56	23	1
10261	0	1717	1721	1807	22	44	90	68	4
10294	0	1650	1866	1898	32	0	248	216	216
10205	0	1760	1769	1912	54	22	152	98	9
10295	0	1724	1807	1923	39	50	199	160	83
10262	0	1874	1898	1934	15	8	60	45	24
10235	0	1971	1996	2002	6	0	31	25	25
10285	0	410	1934	2011	63	13	1601	1538	1524
10297	0	2043	2061	2064	3	0	21	18	18
10316	0	1943	2018	2146	51	2	203	152	75
10320	0	2097	2111	2148	7	19	51	44	14
10318	0	1978	2011	2152	28	39	174	146	33
10236	0	2141	2152	2157	5	0	16	11	11
10319	0	1990	1995	2203	60	6	213	153	5
10317	0	1970	2002	2207	50	68	237	187	32
10206	0	2192	2207	2227	20	0	35	15	15
10222	0	497	2234	2300	66	0	1803	1737	1737
10321	0	2260	2309	2318	9	0	58	49	49
10209	0	2279	2301	2326	16	8	47	31	22
10263	0	2321	2326	2330	4	0	9	5	5
10207	0	2223	2227	2355	23	29	132	109	4
10322	0	2266	2330	2368	22	10	102	80	64
10238	0	2296	2406	2424	18	0	128	110	110
10299	0	2396	2405	2425	2	10	29	27	9
10298	0	2386	2396	2438	22	7	52	30	10
10210	0	2448	2458	2477	19	0	29	10	10
10240	0	2531	2539	2571	18	2	40	22	8
10211	0	2558	2564	2573	5	2	15	10	6
10326	0	2526	2582	2601	19	0	75	56	56
10300	0	2436	2438	2639	57	109	203	146	2
10239	0	2362	2368	2664	47	25	302	255	6
10323	0	2273	2378	2700	54	17	427	373	105
10237	0	2241	2493	2728	99	59	487	388	252
10301	0	2713	2729	2735	6	0	22	16	16
10212	0	2724	2728	2741	4	5	17	13	4
10264	0	2741	2761	2764	3	0	23	20	20
10242	0	2734	2735	2785	24	12	51	27	1
10329	0	2792	2806	2833	27	0	41	14	14
10302	0	2716	2741	2862	67	39	146	79	25
10213	0	2849	2862	2872	10	0	23	13	13
10241	0	2676	2872	2903	31	0	227	196	196
10208	0	2274	2300	2941	39	9	667	628	26
10265	0	2938	2941	3001	45	4	63	18	3
10303	0	2981	3001	3018	17	0	37	20	20
10267	0	2982	3018	3043	25	0	61	36	36
10266	0	2957	2960	3110	50	44	153	103	3
10304	0	3066	3076	3117	15	14	51	36	10
10243	0	3084	3117	3158	18	3	74	56	33
10330	0	3107	3133	3197	29	16	90	61	26
10305	0	3185	3197	3228	18	3	43	25	12
10268	0	3051	3084	3264	50	109	213	163	33
10214	0	3102	3158	3341	89	27	239	150	56
10324	0	2462	3296	3352	49	3	890	841	834
10215	0	3228	3248	3367	15	61	139	124	20
10331	0	3309	3367	3384	17	0	75	58	58
10245	0	3341	3352	3385	7	9	44	37	11
10216	0	3367	3385	3390	5	0	23	18	18
10246	0	3435	3458	3466	8	0	31	23	23
10272	0	3485	3506	3511	5	0	26	21	21
10270	0	3413	3423	3527	51	30	114	63	10
10306	0	3432	3466	3544	33	3	112	79	34
10332	0	3497	3503	3548	7	26	51	44	6
10217	0	3533	3549	3561	12	0	28	16	16
10273	0	3552	3561	3570	9	0	18	9	9
10271	0	3461	3482	3593	38	19	132	94	21
10334	0	3620	3628	3633	5	0	13	8	8
10218	0	3611	3626	3635	4	4	24	20	15
10248	0	3544	3548	3728	35	77	184	149	4
10333	0	3605	3635	3733	29	31	128	99	30
10247	0	3525	3598	3798	57	39	273	216	73
10276	0	3731	3733	3810	23	26	79	56	2
10335	0	3626	3652	3836	77	67	210	133	26
10244	0	3309	3390	3869	66	28	560	494	81
10219	0	3797	3905	4004	56	10	207	151	108
10325	0	2495	3944	4050	66	11	1555	1489	1449
10269	0	3218	4050	4100	50	0	882	832	832
10275	0	3662	3869	4141	79	94	479	400	207
10277	0	4059	4100	4149	29	10	90	61	41
10327	0	2600	4149	4201	52	0	1601	1549	1549
10328	0	2785	2803	4336	83	27	1551	1468	18
10274	0	3661	3678	4373	95	47	712	617	17
0	0	0	0	4373	29384	0	4373	-25011	0
