id	priority	createdTime	startedTime	terminatedTime	cpuTime	blockedTime	turnaroundTime	waitingTime	responseTime
10776	0	0	0	4	4	0	4	0	0
10836	0	0	77	79	2	0	79	77	77
10806	0	0	0	92	22	7	92	70	0
10868	0	91	93	117	7	0	26	19	2
10837	0	97	117	118	1	0	21	20	20
10896	0	0	19	156	40	6	156	116	19
10897	0	151	156	175	19	0	24	5	5
10777	1	19	30	216	30	0	197	167	11
10869	1	151	151	226	37	7	75	38	0
10870	0	233	233	235	2	0	2	0	0
10867	1	34	79	249	53	67	215	162	45
10778	0	255	255	347	40	19	92	52	0
10807	1	296	296	393	47	0	97	50	0
10779	0	479	479	517	9	18	38	29	0
10839	0	488	488	547	10	29	59	49	0
10898	0	611	659	692	27	0	81	54	48
10875	0	513	517	703	48	10	190	142	4
10809	0	666	677	739	21	17	73	52	11
10782	0	639	663	757	19	0	118	99	24
10876	0	700	708	779	14	3	79	65	8
10842	0	786	786	790	4	0	4	0	0
10874	1	467	467	827	54	17	360	306	0
10783	0	663	698	862	16	139	199	183	35
10841	0	717	725	877	44	36	160	116	8
10877	0	842	842	903	26	5	61	35	0
10878	0	853	897	912	14	0	59	45	44
10843	0	910	912	917	5	0	7	2	2
10879	0	938	938	1014	24	1	76	52	0
10785	0	929	929	1042	32	5	113	81	0
10784	0	910	910	1052	36	50	142	106	0
10844	0	967	1043	1068	12	0	101	89	76
10786	0	953	958	1073	35	1	120	85	5
10880	0	1056	1068	1101	9	2	45	36	12
10901	0	1145	1168	1169	1	0	24	23	23
10899	0	943	953	1187	27	21	244	217	10
10788	0	1112	1140	1188	8	1	76	68	28
10810	0	1043	1073	1197	37	1	154	117	30
10900	0	1046	1056	1213	33	20	167	134	10
10789	0	1144	1169	1228	16	20	84	68	25
10787	0	1087	1141	1232	28	30	145	117	54
10881	0	1216	1237	1282	14	0	66	52	21
10846	0	1270	1276	1328	15	2	58	43	6
10815	0	1298	1335	1355	18	0	57	39	37
10812	0	1244	1273	1393	34	6	149	115	29
10813	0	1281	1287	1427	13	28	146	133	6
10847	0	1323	1328	1449	8	42	126	118	5
10902	0	1377	1390	1466	28	27	89	61	13
10903	1	1392	1395	1497	31	0	105	74	3
10871	1	296	328	1504	36	8	1208	1172	32
10817	0	1548	1548	1578	22	8	30	8	0
10816	1	1517	1517	1589	25	0	72	47	0
10811	1	1237	1244	1593	24	0	356	332	7
10840	1	664	717	1613	35	6	949	914	53
10780	1	562	581	1650	29	0	1088	1059	19
10818	1	1606	1606	1696	31	39	90	59	0
10819	0	1700	1700	1739	11	0	39	28	0
10820	0	1701	1701	1740	18	7	39	21	0
10884	0	1741	1741	1820	33	5	79	46	0
10848	0	1717	1724	1825	22	44	108	86	7
10883	0	1724	1729	1853	39	50	129	90	5
10849	0	1874	1874	1897	15	8	23	8	0
10872	1	403	403	1915	69	5	1512	1443	0
10882	1	1650	1650	1927	32	0	277	245	0
10873	1	410	410	1929	63	13	1519	1456	0
10808	1	497	497	1943	66	0	1446	1380	0
10821	0	1971	1971	1977	6	0	6	0	0
10885	0	2043	2057	2060	3	0	17	14	14
10907	0	1978	1978	2064	28	39	86	58	0
10908	0	1990	1990	2110	60	6	120	60	0
10909	0	2097	2097	2123	7	19	26	19	0
10906	0	1970	1970	2136	50	68	166	116	0
10822	0	2141	2141	2146	5	0	5	0	0
10866	1	0	30	2147	52	8	2147	2095	30
10838	1	255	255	2158	72	33	1903	1831	0
10790	1	1760	1781	2168	54	22	408	354	21
10904	1	1425	1449	2177	57	24	752	695	24
10781	1	581	611	2183	35	0	1602	1567	30
10791	0	2192	2192	2212	20	0	20	0	0
10792	0	2223	2223	2307	23	29	84	61	0
10824	0	2296	2313	2333	18	0	37	19	17
10794	0	2279	2286	2349	16	8	70	54	7
10911	0	2266	2273	2362	22	10	96	74	7
10850	0	2321	2333	2367	4	0	46	42	12
10887	0	2396	2399	2413	2	10	17	15	3
10793	0	2274	2362	2482	39	9	208	169	88
10886	0	2386	2392	2525	22	7	139	117	6
10795	0	2448	2525	2549	19	0	101	82	77
10826	0	2531	2558	2583	18	2	52	34	27
10796	0	2558	2574	2602	5	2	44	39	16
10915	0	2526	2631	2650	19	0	124	105	105
10889	0	2713	2713	2727	6	0	14	8	0
10827	0	2676	2704	2743	31	0	67	36	28
10851	0	2741	2745	2748	3	0	7	4	4
10797	0	2724	2734	2751	4	5	27	23	10
10914	0	2495	2526	2765	66	11	270	204	31
10888	0	2436	2448	2796	57	109	360	303	12
10828	0	2734	2740	2822	24	12	88	64	6
10918	0	2792	2800	2834	27	0	42	15	8
10798	0	2849	2885	2895	10	0	46	36	36
10910	0	2260	2266	3018	9	0	758	749	6
10854	0	2982	3018	3063	25	0	81	56	36
10852	0	2938	2957	3087	45	4	149	104	19
10892	0	3066	3102	3200	15	14	134	119	36
10891	0	2981	3170	3204	17	0	223	206	189
10893	0	3185	3189	3213	18	3	28	10	4
10829	0	3084	3093	3250	18	3	166	148	9
10855	0	3051	3066	3283	50	109	232	182	15
10825	0	2362	2367	3286	47	25	924	877	5
10920	0	3309	3320	3344	17	0	35	18	11
10799	0	3102	3117	3397	89	27	295	206	15
10800	0	3228	3235	3399	15	61	171	156	7
10831	0	3341	3344	3414	7	9	73	66	3
10832	0	3435	3436	3444	8	0	9	1	1
10801	0	3367	3432	3446	5	0	79	74	65
10853	0	2957	2980	3474	50	44	517	467	23
10859	0	3485	3489	3494	5	0	9	4	4
10802	0	3533	3552	3564	12	0	31	19	19
10857	0	3413	3446	3601	51	30	188	137	33
10860	0	3552	3604	3634	9	0	82	73	52
10858	0	3461	3497	3637	38	19	176	138	36
10923	0	3620	3657	3663	5	0	43	38	37
10895	0	3454	3461	3735	26	10	281	255	7
10833	0	3525	3533	3746	57	39	221	164	8
10803	0	3611	3661	3762	4	4	151	147	50
10863	0	3731	3752	3837	23	26	106	83	21
10922	0	3605	3615	3857	29	31	252	223	10
10894	0	3432	3454	3908	33	3	476	443	22
10835	0	3733	3909	3937	23	5	204	181	176
10921	0	3497	3918	3951	7	26	454	447	421
10814	1	1291	1366	3955	55	6	2664	2609	75
10925	0	3678	3724	4011	38	72	333	295	46
10805	0	4045	4045	4068	10	13	23	13	0
10864	0	4059	4059	4102	29	10	43	14	0
10905	1	1943	1943	4130	51	2	2187	2136	0
10865	1	4086	4086	4138	34	2	52	18	0
10861	1	3661	3668	4148	95	47	487	392	7
10890	1	2716	2751	4169	67	39	1453	1386	35
10912	1	2273	2372	4207	54	17	1934	1880	99
10830	1	3309	3309	4277	66	28	968	902	0
10804	1	3797	3806	4309	56	10	512	456	9
10856	1	3218	3248	4350	50	0	1132	1082	30
10913	1	2462	2488	4414	49	3	1952	1903	26
10862	1	3662	3664	4426	79	94	764	685	2
10834	1	3544	3601	4428	35	77	884	849	57
10919	1	3107	3117	4434	29	16	1327	1298	10
10916	2	2600	2608	4455	52	0	1855	1803	8
10823	2	2241	2241	4463	99	59	2222	2123	0
10924	2	3626	3637	4469	77	67	843	766	11
10917	2	2785	2785	4474	83	27	1689	1606	0
10845	2	1098	1112	4482	88	46	3384	3296	14
0	0	0	0	4482	29464	0	4482	-24982	0
