id	priority	createdTime	startedTime	terminatedTime	cpuTime	blockedTime	turnaroundTime	waitingTime	responseTime
11226	0	0	0	4	4	0	4	0	0
11286	0	0	25	27	2	0	27	25	25
11227	0	19	60	90	30	0	71	41	41
11346	0	0	55	125	40	6	125	85	55
11318	0	91	138	145	7	0	54	47	47
11287	0	97	145	146	1	0	49	48	48
11256	0	0	4	147	22	7	147	125	4
11316	0	0	27	171	52	8	171	119	27
11347	0	151	173	192	19	0	41	22	22
11319	0	151	171	227	37	7	76	39	20
11320	0	233	250	252	2	0	19	17	17
11257	0	296	347	394	47	0	98	51	51
11317	0	34	125	414	53	67	380	327	91
11321	0	296	394	447	36	8	151	115	98
11258	0	497	570	636	66	0	139	73	73
11229	0	479	564	644	9	18	165	156	85
11289	0	488	568	688	10	29	200	190	80
11230	0	562	688	717	29	0	155	126	126
11231	0	581	717	752	35	0	171	136	136
11348	0	611	752	779	27	0	168	141	141
11232	0	639	779	798	19	0	159	140	140
11290	0	664	805	856	35	6	192	157	141
11259	0	666	807	873	21	17	207	186	141
11292	0	786	883	887	4	0	101	97	97
11328	0	853	912	926	14	0	73	59	59
11233	0	663	798	955	16	139	292	276	135
11293	0	910	955	960	5	0	50	45	45
11291	0	717	873	985	44	36	268	224	156
11294	0	967	1075	1087	12	0	120	108	108
11349	0	943	1029	1118	27	21	175	148	86
11330	0	1056	1153	1183	9	2	127	118	97
11350	0	1046	1146	1209	33	20	163	130	100
11238	0	1112	1225	1237	8	1	125	117	113
11351	0	1145	1237	1238	1	0	93	92	92
11331	0	1216	1238	1252	14	0	36	22	22
11261	0	1237	1252	1276	24	0	39	15	15
11239	0	1144	1232	1288	16	20	144	128	88
11265	0	1298	1367	1385	18	0	87	69	69
11296	0	1270	1308	1390	15	2	120	105	38
11263	0	1281	1318	1394	13	28	113	100	37
11353	0	1392	1411	1442	31	0	50	19	19
11297	0	1323	1390	1444	8	42	121	113	67
11326	0	700	811	1473	14	3	773	759	111
11352	0	1377	1394	1488	28	27	111	83	17
11324	0	467	550	1528	54	17	1061	1007	83
11266	0	1517	1528	1553	25	0	36	11	11
11234	0	910	935	1568	36	50	658	622	25
11267	0	1548	1553	1591	22	8	43	21	5
11237	0	1087	1156	1634	28	30	547	519	69
11262	0	1244	1288	1648	34	6	404	370	44
11235	0	929	985	1658	32	5	729	697	56
11332	0	1650	1658	1690	32	0	40	8	8
11329	0	938	1007	1700	24	1	762	738	69
11228	0	255	255	1708	40	19	1453	1413	0
11268	0	1606	1626	1730	31	39	124	93	20
11269	0	1700	1730	1741	11	0	41	30	30
11298	0	1717	1758	1837	22	44	120	98	41
11270	0	1701	1741	1839	18	7	138	120	40
11334	0	1741	1799	1855	33	5	114	81	58
11327	0	842	887	1891	26	5	1049	1023	45
11299	0	1874	1886	1927	15	8	53	38	12
11240	0	1760	1816	1937	54	22	177	123	56
11260	0	1043	1118	1946	37	1	903	866	75
11333	0	1724	1762	1978	39	50	254	215	38
11271	0	1971	1985	1991	6	0	20	14	14
11355	0	1943	1946	2029	51	2	86	35	3
11335	0	2043	2094	2097	3	0	54	51	51
11358	0	1990	1998	2143	60	6	153	93	8
11357	0	1978	1991	2147	28	39	169	141	13
11359	0	2097	2101	2149	7	19	52	45	4
11272	0	2141	2149	2154	5	0	13	8	8
11236	0	953	1030	2165	35	1	1212	1177	77
11354	0	1425	1444	2170	57	24	745	688	19
11356	0	1970	1978	2174	50	68	204	154	8
11241	0	2192	2198	2218	20	0	26	6	6
11295	0	1098	1209	2223	88	46	1125	1037	111
11325	0	513	644	2232	48	10	1719	1671	131
11264	0	1291	1329	2256	55	6	965	910	38
11242	0	2223	2232	2296	23	29	73	50	9
11360	0	2260	2296	2305	9	0	45	36	36
11361	0	2266	2305	2345	22	10	79	57	39
11274	0	2296	2354	2372	18	0	76	58	58
11243	0	2274	2345	2410	39	9	136	97	71
11244	0	2279	2346	2418	16	8	139	123	67
11300	0	2321	2418	2422	4	0	101	97	97
11337	0	2396	2441	2463	2	10	67	65	45
11336	0	2386	2432	2476	22	7	90	68	46
11245	0	2448	2510	2529	19	0	81	62	62
11365	0	2526	2608	2627	19	0	101	82	82
11366	0	2600	2644	2696	52	0	96	44	44
11246	0	2558	2641	2698	5	2	140	135	83
11277	0	2676	2698	2729	31	0	53	22	22
11339	0	2713	2729	2735	6	0	22	16	16
11301	0	2741	2759	2762	3	0	21	18	18
11247	0	2724	2755	2765	4	5	41	37	31
11276	0	2531	2627	2769	18	2	238	220	96
11362	0	2273	2314	2805	54	17	532	478	41
11278	0	2734	2756	2826	24	12	92	68	22
11368	0	2792	2829	2856	27	0	64	37	37
11248	0	2849	2856	2866	10	0	17	7	7
11367	0	2785	2826	2946	83	27	161	78	41
11302	0	2938	2946	3006	45	4	68	23	8
11341	0	2981	3006	3023	17	0	42	25	25
11304	0	2982	3023	3048	25	0	66	41	41
11342	0	3066	3105	3136	15	14	70	55	39
11279	0	3084	3113	3203	18	3	119	101	29
11343	0	3185	3192	3228	18	3	43	25	7
11306	0	3218	3228	3278	50	0	60	10	10
11250	0	3228	3278	3361	15	61	133	118	50
11370	0	3309	3361	3378	17	0	69	52	52
11251	0	3367	3384	3389	5	0	22	17	17
11369	0	3107	3169	3395	29	16	288	259	62
11281	0	3341	3378	3396	7	9	55	48	37
11340	0	2716	2735	3425	67	39	709	642	19
11282	0	3435	3476	3484	8	0	49	41	41
11345	0	3454	3484	3531	26	10	77	51	30
11309	0	3485	3531	3536	5	0	51	46	46
11371	0	3497	3536	3571	7	26	74	67	39
11252	0	3533	3571	3583	12	0	50	38	38
11310	0	3552	3584	3593	9	0	41	32	32
11344	0	3432	3460	3610	33	3	178	145	28
11373	0	3620	3640	3645	5	0	25	20	20
11253	0	3611	3638	3647	4	4	36	32	27
11284	0	3544	3583	3752	35	77	208	173	39
11285	0	3733	3771	3801	23	5	68	45	38
11372	0	3605	3616	3806	29	31	201	172	11
11313	0	3731	3760	3871	23	26	140	117	29
11308	0	3461	3491	3888	38	19	427	389	30
11375	0	3678	3752	3902	38	72	224	186	74
11338	0	2436	2442	3961	57	109	1525	1468	6
11305	0	3051	3081	4037	50	109	986	936	30
11283	0	3525	3539	4066	57	39	541	484	14
11273	0	2241	2256	4150	99	59	1909	1810	15
11255	0	4045	4066	4151	10	13	106	96	21
11315	0	4086	4118	4181	34	2	95	61	32
11314	0	4059	4071	4189	29	10	130	101	12
11280	0	3309	3319	4242	66	28	933	867	10
11374	0	3626	3647	4297	77	67	671	594	21
11275	0	2362	2422	4300	47	25	1938	1891	60
11303	0	2957	2965	4302	50	44	1345	1295	8
11307	0	3413	3425	4318	51	30	905	854	12
11254	0	3797	3806	4339	56	10	542	486	9
11363	0	2462	2529	4371	49	3	1909	1860	67
11249	0	3102	3136	4378	89	27	1276	1187	34
11322	0	403	447	4422	69	5	4019	3950	44
11364	0	2495	2567	4439	66	11	1944	1878	72
11288	0	255	261	4455	72	33	4200	4128	6
11312	0	3662	3693	4466	79	94	804	725	31
11323	0	410	489	4468	63	13	4058	3995	79
11311	0	3661	3673	4505	95	47	844	749	12
0	0	0	0	4505	29558	0	4505	-25053	0
