id	priority	createdTime	startedTime	terminatedTime	cpuTime	blockedTime	turnaroundTime	waitingTime	responseTime
11531	0	0	0	4	4	0	4	0	0
11593	0	0	77	79	2	0	79	77	77
11562	0	0	0	92	22	7	92	70	0
11626	0	91	93	117	7	0	26	19	2
11594	0	97	117	118	1	0	21	20	20
11655	0	0	19	156	40	6	156	116	19
11656	0	151	156	175	19	0	24	5	5
11532	1	19	30	216	30	0	197	167	11
11627	1	151	151	226	37	7	75	38	0
11628	0	233	233	235	2	0	2	0	0
11625	1	34	79	249	53	67	215	162	45
11533	0	255	255	347	40	19	92	52	0
11563	1	296	296	393	47	0	97	50	0
11534	0	479	479	517	9	18	38	29	0
11596	0	488	488	547	10	29	59	49	0
11657	0	611	659	692	27	0	81	54	48
11633	0	513	517	703	48	10	190	142	4
11565	0	666	677	739	21	17	73	52	11
11537	0	639	663	757	19	0	118	99	24
11634	0	700	708	779	14	3	79	65	8
11599	0	786	786	790	4	0	4	0	0
11632	1	467	467	827	54	17	360	306	0
11538	0	663	698	862	16	139	199	183	35
11598	0	717	725	877	44	36	160	116	8
11635	0	842	842	903	26	5	61	35	0
11636	0	853	897	912	14	0	59	45	44
11600	0	910	912	917	5	0	7	2	2
11637	0	938	938	1014	24	1	76	52	0
11540	0	929	929	1042	32	5	113	81	0
11539	0	910	910	1052	36	50	142	106	0
11601	0	967	1043	1068	12	0	101	89	76
11541	0	953	958	1073	35	1	120	85	5
11638	0	1056	1068	1101	9	2	45	36	12
11660	0	1145	1168	1169	1	0	24	23	23
11658	0	943	953	1187	27	21	244	217	10
11543	0	1112	1140	1188	8	1	76	68	28
11566	0	1043	1073	1197	37	1	154	117	30
11659	0	1046	1056	1213	33	20	167	134	10
11544	0	1144	1169	1228	16	20	84	68	25
11542	0	1087	1141	1232	28	30	145	117	54
11639	0	1216	1237	1282	14	0	66	52	21
11603	0	1270	1276	1328	15	2	58	43	6
11571	0	1298	1335	1355	18	0	57	39	37
11568	0	1244	1273	1393	34	6	149	115	29
11569	0	1281	1287	1427	13	28	146	133	6
11604	0	1323	1328	1449	8	42	126	118	5
11661	0	1377	1390	1466	28	27	89	61	13
11662	1	1392	1395	1497	31	0	105	74	3
11629	1	296	328	1504	36	8	1208	1172	32
11573	0	1548	1548	1578	22	8	30	8	0
11572	1	1517	1517	1589	25	0	72	47	0
11567	1	1237	1244	1593	24	0	356	332	7
11597	1	664	717	1613	35	6	949	914	53
11535	1	562	581	1650	29	0	1088	1059	19
11574	1	1606	1606	1696	31	39	90	59	0
11575	0	1700	1700	1739	11	0	39	28	0
11576	0	1701	1701	1740	18	7	39	21	0
11642	0	1741	1741	1820	33	5	79	46	0
11605	0	1717	1724	1825	22	44	108	86	7
11641	0	1724	1729	1853	39	50	129	90	5
11606	0	1874	1874	1897	15	8	23	8	0
11630	1	403	403	1915	69	5	1512	1443	0
11640	1	1650	1650	1927	32	0	277	245	0
11631	1	410	410	1929	63	13	1519	1456	0
11564	1	497	497	1943	66	0	1446	1380	0
11577	0	1971	1971	1977	6	0	6	0	0
11643	0	2043	2057	2060	3	0	17	14	14
11666	0	1978	1978	2064	28	39	86	58	0
11667	0	1990	1990	2110	60	6	120	60	0
11668	0	2097	2097	2123	7	19	26	19	0
11665	0	1970	1970	2136	50	68	166	116	0
11578	0	2141	2141	2146	5	0	5	0	0
11624	1	0	30	2147	52	8	2147	2095	30
11595	1	255	255	2158	72	33	1903	1831	0
11545	1	1760	1781	2168	54	22	408	354	21
11663	1	1425	1449	2177	57	24	752	695	24
11536	1	581	611	2183	35	0	1602	1567	30
11546	0	2192	2192	2212	20	0	20	0	0
11547	0	2223	2223	2307	23	29	84	61	0
11580	0	2296	2313	2333	18	0	37	19	17
11549	0	2279	2286	2349	16	8	70	54	7
11670	0	2266	2273	2362	22	10	96	74	7
11607	0	2321	2333	2367	4	0	46	42	12
11645	0	2396	2399	2413	2	10	17	15	3
11548	0	2274	2362	2482	39	9	208	169	88
11644	0	2386	2392	2525	22	7	139	117	6
11550	0	2448	2525	2549	19	0	101	82	77
11582	0	2531	2558	2583	18	2	52	34	27
11551	0	2558	2574	2602	5	2	44	39	16
11674	0	2526	2631	2650	19	0	124	105	105
11647	0	2713	2713	2727	6	0	14	8	0
11583	0	2676	2704	2743	31	0	67	36	28
11608	0	2741	2745	2748	3	0	7	4	4
11552	0	2724	2734	2751	4	5	27	23	10
11673	0	2495	2526	2765	66	11	270	204	31
11646	0	2436	2448	2796	57	109	360	303	12
11584	0	2734	2740	2822	24	12	88	64	6
11677	0	2792	2800	2834	27	0	42	15	8
11553	0	2849	2885	2895	10	0	46	36	36
11669	0	2260	2266	3018	9	0	758	749	6
11611	0	2982	3018	3063	25	0	81	56	36
11609	0	2938	2957	3087	45	4	149	104	19
11650	0	3066	3102	3200	15	14	134	119	36
11649	0	2981	3170	3204	17	0	223	206	189
11651	0	3185	3189	3213	18	3	28	10	4
11585	0	3084	3093	3250	18	3	166	148	9
11612	0	3051	3066	3283	50	109	232	182	15
11581	0	2362	2367	3286	47	25	924	877	5
11679	0	3309	3320	3344	17	0	35	18	11
11554	0	3102	3117	3397	89	27	295	206	15
11555	0	3228	3235	3399	15	61	171	156	7
11587	0	3341	3344	3414	7	9	73	66	3
11588	0	3435	3436	3444	8	0	9	1	1
11556	0	3367	3432	3446	5	0	79	74	65
11610	0	2957	2980	3474	50	44	517	467	23
11616	0	3485	3489	3494	5	0	9	4	4
11557	0	3533	3552	3564	12	0	31	19	19
11614	0	3413	3446	3601	51	30	188	137	33
11617	0	3552	3604	3634	9	0	82	73	52
11615	0	3461	3497	3637	38	19	176	138	36
11682	0	3620	3657	3663	5	0	43	38	37
11653	0	3454	3461	3735	26	10	281	255	7
11589	0	3525	3533	3752	57	39	227	170	8
11558	0	3611	3661	3780	4	4	169	165	50
11654	0	3741	3752	3813	20	8	72	52	11
11620	0	3731	3755	3825	23	26	94	71	24
11652	0	3432	3454	3903	33	3	471	438	22
11681	0	3605	3615	3908	29	31	303	274	10
11591	0	3733	3929	3957	23	5	224	201	196
11680	0	3497	3938	3971	7	26	474	467	441
11570	1	1291	1366	3975	55	6	2684	2629	75
11684	0	3678	3724	4031	38	72	353	315	46
11664	1	1943	1943	4039	51	2	2096	2045	0
11560	0	4045	4045	4068	10	13	23	13	0
11621	0	4059	4059	4102	29	10	43	14	0
11592	0	4114	4114	4115	1	0	1	0	0
11622	0	4086	4086	4131	34	2	45	11	0
11678	1	3107	3117	4184	29	16	1077	1048	10
11648	1	2716	2751	4187	67	39	1471	1404	35
11685	0	4158	4158	4196	18	18	38	20	0
11561	0	4171	4171	4219	21	22	48	27	0
11676	1	2785	2785	4276	83	27	1491	1408	0
11602	1	1098	1112	4277	88	46	3179	3091	14
11559	1	3797	3834	4333	56	10	536	480	37
11590	1	3544	3601	4376	35	77	832	797	57
11672	1	2462	2488	4428	49	3	1966	1917	26
11671	1	2273	2372	4441	54	17	2168	2114	99
11683	2	3626	3637	4539	77	67	913	836	11
11586	2	3309	3309	4541	66	28	1232	1166	0
11579	2	2241	2241	4548	99	59	2307	2208	0
11618	1	3661	3668	4555	95	47	894	799	7
11675	2	2600	2608	4558	52	0	1958	1906	8
11623	2	4291	4291	4563	48	0	272	224	0
11613	2	3218	3248	4568	50	0	1350	1300	30
11619	2	3662	3664	4644	79	94	982	903	2
0	0	0	0	4644	29617	0	4644	-24973	0
