id	priority	createdTime	startedTime	terminatedTime	cpuTime	blockedTime	turnaroundTime	waitingTime	responseTime
12151	0	0	0	4	4	0	4	0	0
12215	0	0	25	27	2	0	27	25	25
12152	0	19	60	90	30	0	71	41	41
12183	0	0	4	91	22	7	91	69	4
12247	0	0	27	128	52	8	128	76	27
12279	0	0	55	163	40	6	163	123	55
12249	0	91	163	170	7	0	79	72	72
12216	0	97	170	171	1	0	74	73	73
12280	0	151	196	215	19	0	64	45	45
12250	0	151	194	250	37	7	99	62	43
12251	0	233	250	252	2	0	19	17	17
12248	0	34	91	269	53	67	235	182	57
12184	0	296	361	408	47	0	112	65	65
12153	0	255	269	419	40	19	164	124	14
12217	0	255	275	435	72	33	180	108	20
12252	0	296	408	571	36	8	275	239	112
12253	0	403	435	616	69	5	213	144	32
12185	0	497	618	684	66	0	187	121	121
12254	0	410	477	725	63	13	315	252	67
12155	0	562	725	754	29	0	192	163	163
12156	0	581	754	789	35	0	208	173	173
12255	0	467	571	829	54	17	362	308	104
12154	0	479	585	834	9	18	355	346	106
12281	0	611	834	861	27	0	250	223	223
12157	0	639	864	883	19	0	244	225	225
12256	0	513	684	927	48	10	414	366	171
12221	0	786	927	931	4	0	145	141	141
12259	0	853	956	970	14	0	117	103	103
12218	0	488	616	975	10	29	487	477	128
12219	0	664	890	1008	35	6	344	309	226
12222	0	910	1019	1024	5	0	114	109	109
12257	0	700	896	1026	14	3	326	312	196
12186	0	666	892	1043	21	17	377	356	226
12258	0	842	931	1131	26	5	289	263	89
12223	0	967	1131	1143	12	0	176	164	164
12158	0	663	883	1152	16	139	489	473	220
12160	0	929	1043	1217	32	5	288	256	114
12260	0	938	1074	1240	24	1	302	278	136
12220	0	717	908	1281	44	36	564	520	191
12161	0	953	1097	1302	35	1	349	314	144
12284	0	1145	1306	1307	1	0	162	161	161
12187	0	1043	1152	1316	37	1	273	236	109
12261	0	1056	1187	1322	9	2	266	257	131
12283	0	1046	1180	1348	33	20	302	269	134
12262	0	1216	1348	1362	14	0	146	132	132
12159	0	910	1008	1370	36	50	460	424	98
12188	0	1237	1370	1394	24	0	157	133	133
12162	0	1087	1217	1421	28	30	334	306	130
12192	0	1298	1488	1506	18	0	208	190	190
12163	0	1112	1293	1507	8	1	395	387	181
12282	0	943	1096	1521	27	21	578	551	153
12164	0	1144	1302	1535	16	20	391	375	158
12286	0	1392	1548	1579	31	0	187	156	156
12189	0	1244	1394	1593	34	6	349	315	150
12225	0	1270	1421	1625	15	2	355	340	151
12190	0	1281	1431	1627	13	28	346	333	150
12191	0	1291	1442	1644	55	6	353	298	151
12193	0	1517	1679	1704	25	0	187	162	162
12285	0	1377	1535	1730	28	27	353	325	158
12263	0	1650	1756	1788	32	0	138	106	106
12196	0	1700	1812	1823	11	0	123	112	112
12226	0	1323	1521	1883	8	42	560	552	198
12287	0	1425	1593	1925	57	24	500	443	168
12224	0	1098	1240	1930	88	46	832	744	142
12197	0	1701	1823	1931	18	7	230	212	122
12194	0	1548	1708	1937	22	8	389	367	160
12265	0	1741	1883	1966	33	5	225	192	142
12195	0	1606	1730	1989	31	39	383	352	124
12264	0	1724	1853	2000	39	50	276	237	129
12228	0	1874	1946	2032	15	8	158	143	72
12198	0	1971	2039	2045	6	0	74	68	68
12227	0	1717	1840	2054	22	44	337	315	123
12288	0	1943	2000	2123	51	2	180	129	57
12266	0	2043	2123	2126	3	0	83	80	80
12165	0	1760	1900	2179	54	22	419	365	140
12199	0	2141	2206	2211	5	0	70	65	65
12166	0	2192	2215	2235	20	0	43	23	23
12291	0	1990	2092	2281	60	6	291	231	102
12292	0	2097	2201	2290	7	19	193	186	104
12290	0	1978	2054	2294	28	39	316	288	76
12289	0	1970	2032	2322	50	68	352	302	62
12293	0	2260	2322	2331	9	0	71	62	62
12201	0	2296	2367	2385	18	0	89	71	71
12167	0	2223	2281	2401	23	29	178	155	58
12229	0	2321	2401	2405	4	0	84	80	80
12294	0	2266	2331	2423	22	10	157	135	65
12168	0	2274	2358	2471	39	9	197	158	84
12295	0	2273	2340	2507	54	17	234	180	67
12169	0	2279	2359	2515	16	8	236	220	80
12170	0	2448	2590	2609	19	0	161	142	142
12298	0	2526	2688	2707	19	0	181	162	162
12267	0	2386	2515	2734	22	7	348	326	129
12268	0	2396	2524	2735	2	10	339	337	128
12299	0	2600	2763	2815	52	0	215	163	163
12202	0	2362	2423	2818	47	25	456	409	61
12296	0	2462	2609	2829	49	3	367	318	147
12204	0	2676	2829	2860	31	0	184	153	153
12270	0	2713	2877	2883	6	0	170	164	164
12203	0	2531	2707	2907	18	2	376	358	176
12230	0	2741	2911	2914	3	0	173	170	170
12171	0	2558	2744	2916	5	2	358	353	186
12301	0	2792	2958	2985	27	0	193	166	166
12173	0	2849	2985	2995	10	0	146	136	136
12297	0	2495	2647	3003	66	11	508	442	152
12172	0	2724	2907	3006	4	5	282	278	183
12205	0	2734	2908	3027	24	12	293	269	174
12300	0	2785	2933	3159	83	27	374	291	148
12200	0	2241	2294	3187	99	59	946	847	53
12272	0	2981	3187	3204	17	0	223	206	206
12233	0	2982	3204	3229	25	0	247	222	222
12269	0	2436	2536	3233	57	109	797	740	100
12271	0	2716	2883	3286	67	39	570	503	167
12231	0	2938	3045	3320	45	4	382	337	107
12235	0	3218	3434	3484	50	0	266	216	216
12273	0	3066	3286	3494	15	14	428	413	220
12303	0	3309	3527	3544	17	0	235	218	218
12206	0	3084	3320	3546	18	3	462	444	236
12176	0	3367	3565	3570	5	0	203	198	198
12232	0	2957	3064	3572	50	44	615	565	107
12209	0	3435	3643	3651	8	0	216	208	208
12274	0	3185	3425	3660	18	3	475	457	240
12302	0	3107	3402	3666	29	16	559	530	295
12238	0	3485	3694	3699	5	0	214	209	209
12177	0	3533	3733	3745	12	0	212	200	200
12239	0	3552	3746	3755	9	0	203	194	194
12207	0	3309	3494	3788	66	28	479	413	185
12208	0	3341	3546	3789	7	9	448	441	205
12234	0	3051	3233	3802	50	109	751	701	182
12306	0	3620	3850	3855	5	0	235	230	230
12275	0	3432	3627	3898	33	3	466	433	195
12236	0	3413	3592	3914	51	30	501	450	179
12276	0	3454	3666	3997	26	10	543	517	212
12237	0	3461	3673	4014	38	19	553	515	212
12304	0	3497	3699	4018	7	26	521	514	202
12175	0	3228	3484	4057	15	61	829	814	256
12210	0	3525	3705	4092	57	39	567	510	180
12174	0	3102	3369	4202	89	27	1100	1011	267
12178	0	3611	3848	4204	4	4	593	589	237
12212	0	3733	4029	4323	23	5	590	567	296
12242	0	3731	4018	4340	23	26	609	586	287
12277	0	3741	4038	4350	20	8	609	589	297
12213	0	4114	4363	4364	1	0	250	249	249
12179	0	3797	4092	4387	56	10	590	534	295
12305	0	3605	3831	4419	29	31	814	785	226
12307	0	3626	3855	4462	77	67	836	759	229
12245	0	4291	4462	4510	48	0	219	171	171
12308	0	3678	3970	4560	38	72	882	844	292
12244	0	4086	4359	4611	34	2	525	491	273
12246	0	4383	4611	4615	4	0	232	228	228
12214	0	4137	4364	4618	7	23	481	474	227
12211	0	3544	3745	4650	35	77	1106	1071	201
12309	0	4158	4387	4658	18	18	500	482	229
12278	0	3810	4129	4661	76	19	851	775	319
12310	0	4245	4419	4710	66	1	465	399	174
12240	0	3661	3914	4715	95	47	1054	959	253
12180	0	4045	4323	4716	10	13	671	661	278
12243	0	4059	4350	4733	29	10	674	645	291
12182	0	4412	4618	4754	30	9	342	312	206
12181	0	4171	4401	4765	21	22	594	573	230
12241	0	3662	3934	4776	79	94	1114	1035	272
0	0	0	0	4776	29683	0	4776	-24907	0
