id	priority	createdTime	startedTime	terminatedTime	cpuTime	blockedTime	turnaroundTime	waitingTime	responseTime
12951	0	0	0	4	4	0	4	0	0
13017	0	0	25	27	2	0	27	25	25
12952	0	19	60	90	30	0	71	41	41
12984	0	0	4	91	22	7	91	69	4
13050	0	0	27	128	52	8	128	76	27
13083	0	0	55	163	40	6	163	123	55
13052	0	91	163	170	7	0	79	72	72
13018	0	97	170	171	1	0	74	73	73
13084	0	151	196	215	19	0	64	45	45
13053	0	151	194	250	37	7	99	62	43
13054	0	233	250	252	2	0	19	17	17
13051	0	34	91	269	53	67	235	182	57
12985	0	296	361	408	47	0	112	65	65
12953	0	255	269	419	40	19	164	124	14
13019	0	255	275	435	72	33	180	108	20
13055	0	296	408	571	36	8	275	239	112
13056	0	403	435	616	69	5	213	144	32
12986	0	497	618	684	66	0	187	121	121
13057	0	410	477	725	63	13	315	252	67
12955	0	562	725	754	29	0	192	163	163
12956	0	581	754	789	35	0	208	173	173
13058	0	467	571	829	54	17	362	308	104
12954	0	479	585	834	9	18	355	346	106
13085	0	611	834	861	27	0	250	223	223
12957	0	639	864	883	19	0	244	225	225
13059	0	513	684	927	48	10	414	366	171
13023	0	786	927	931	4	0	145	141	141
13062	0	853	956	970	14	0	117	103	103
13020	0	488	616	975	10	29	487	477	128
13021	0	664	890	1008	35	6	344	309	226
13024	0	910	1019	1024	5	0	114	109	109
13060	0	700	896	1026	14	3	326	312	196
12987	0	666	892	1043	21	17	377	356	226
13061	0	842	931	1131	26	5	289	263	89
13025	0	967	1131	1143	12	0	176	164	164
12958	0	663	883	1152	16	139	489	473	220
12960	0	929	1043	1217	32	5	288	256	114
13063	0	938	1074	1240	24	1	302	278	136
13022	0	717	908	1281	44	36	564	520	191
12961	0	953	1097	1302	35	1	349	314	144
13088	0	1145	1306	1307	1	0	162	161	161
12988	0	1043	1152	1316	37	1	273	236	109
13064	0	1056	1187	1322	9	2	266	257	131
13087	0	1046	1180	1348	33	20	302	269	134
13065	0	1216	1348	1362	14	0	146	132	132
12959	0	910	1008	1370	36	50	460	424	98
12989	0	1237	1370	1394	24	0	157	133	133
12962	0	1087	1217	1421	28	30	334	306	130
12993	0	1298	1488	1506	18	0	208	190	190
12963	0	1112	1293	1507	8	1	395	387	181
13086	0	943	1096	1521	27	21	578	551	153
12964	0	1144	1302	1535	16	20	391	375	158
13090	0	1392	1548	1579	31	0	187	156	156
12990	0	1244	1394	1593	34	6	349	315	150
13027	0	1270	1421	1625	15	2	355	340	151
12991	0	1281	1431	1627	13	28	346	333	150
12992	0	1291	1442	1644	55	6	353	298	151
12994	0	1517	1679	1704	25	0	187	162	162
13089	0	1377	1535	1730	28	27	353	325	158
13066	0	1650	1756	1788	32	0	138	106	106
12997	0	1700	1812	1823	11	0	123	112	112
13028	0	1323	1521	1883	8	42	560	552	198
13091	0	1425	1593	1925	57	24	500	443	168
13026	0	1098	1240	1930	88	46	832	744	142
12998	0	1701	1823	1931	18	7	230	212	122
12995	0	1548	1708	1937	22	8	389	367	160
13068	0	1741	1883	1966	33	5	225	192	142
12996	0	1606	1730	1989	31	39	383	352	124
13067	0	1724	1853	2000	39	50	276	237	129
13030	0	1874	1946	2032	15	8	158	143	72
12999	0	1971	2039	2045	6	0	74	68	68
13029	0	1717	1840	2054	22	44	337	315	123
13092	0	1943	2000	2123	51	2	180	129	57
13069	0	2043	2123	2126	3	0	83	80	80
12965	0	1760	1900	2179	54	22	419	365	140
13000	0	2141	2206	2211	5	0	70	65	65
12966	0	2192	2215	2235	20	0	43	23	23
13095	0	1990	2092	2281	60	6	291	231	102
13096	0	2097	2201	2290	7	19	193	186	104
13094	0	1978	2054	2294	28	39	316	288	76
13093	0	1970	2032	2322	50	68	352	302	62
13097	0	2260	2322	2331	9	0	71	62	62
13002	0	2296	2367	2385	18	0	89	71	71
12967	0	2223	2281	2401	23	29	178	155	58
13031	0	2321	2401	2405	4	0	84	80	80
13098	0	2266	2331	2423	22	10	157	135	65
12968	0	2274	2358	2471	39	9	197	158	84
13099	0	2273	2340	2507	54	17	234	180	67
12969	0	2279	2359	2515	16	8	236	220	80
12970	0	2448	2590	2609	19	0	161	142	142
13102	0	2526	2688	2707	19	0	181	162	162
13070	0	2386	2515	2734	22	7	348	326	129
13071	0	2396	2524	2735	2	10	339	337	128
13103	0	2600	2763	2815	52	0	215	163	163
13003	0	2362	2423	2818	47	25	456	409	61
13100	0	2462	2609	2829	49	3	367	318	147
13005	0	2676	2829	2860	31	0	184	153	153
13073	0	2713	2877	2883	6	0	170	164	164
13004	0	2531	2707	2907	18	2	376	358	176
13032	0	2741	2911	2914	3	0	173	170	170
12971	0	2558	2744	2916	5	2	358	353	186
13105	0	2792	2958	2985	27	0	193	166	166
12973	0	2849	2985	2995	10	0	146	136	136
13101	0	2495	2647	3003	66	11	508	442	152
12972	0	2724	2907	3006	4	5	282	278	183
13006	0	2734	2908	3027	24	12	293	269	174
13104	0	2785	2933	3159	83	27	374	291	148
13001	0	2241	2294	3187	99	59	946	847	53
13075	0	2981	3187	3204	17	0	223	206	206
13035	0	2982	3204	3229	25	0	247	222	222
13072	0	2436	2536	3233	57	109	797	740	100
13074	0	2716	2883	3286	67	39	570	503	167
13033	0	2938	3045	3320	45	4	382	337	107
13037	0	3218	3434	3484	50	0	266	216	216
13076	0	3066	3286	3494	15	14	428	413	220
13107	0	3309	3527	3544	17	0	235	218	218
13007	0	3084	3320	3546	18	3	462	444	236
12976	0	3367	3565	3570	5	0	203	198	198
13034	0	2957	3064	3572	50	44	615	565	107
13010	0	3435	3643	3651	8	0	216	208	208
13077	0	3185	3425	3660	18	3	475	457	240
13106	0	3107	3402	3666	29	16	559	530	295
13040	0	3485	3694	3699	5	0	214	209	209
12977	0	3533	3733	3745	12	0	212	200	200
13041	0	3552	3746	3755	9	0	203	194	194
13008	0	3309	3494	3788	66	28	479	413	185
13009	0	3341	3546	3789	7	9	448	441	205
13036	0	3051	3233	3802	50	109	751	701	182
13110	0	3620	3850	3855	5	0	235	230	230
13078	0	3432	3627	3898	33	3	466	433	195
13038	0	3413	3592	3914	51	30	501	450	179
13079	0	3454	3666	3997	26	10	543	517	212
13039	0	3461	3673	4014	38	19	553	515	212
13108	0	3497	3699	4018	7	26	521	514	202
12975	0	3228	3484	4057	15	61	829	814	256
13011	0	3525	3705	4092	57	39	567	510	180
12974	0	3102	3369	4202	89	27	1100	1011	267
12978	0	3611	3848	4212	4	4	601	597	237
13013	0	3733	4029	4331	23	5	598	575	296
13044	0	3731	4018	4348	23	26	617	594	287
13080	0	3741	4038	4358	20	8	617	597	297
13014	0	4114	4371	4372	1	0	258	257	257
12979	0	3797	4092	4395	56	10	598	542	295
13109	0	3605	3831	4427	29	31	822	793	226
13082	0	3854	4202	4449	13	69	595	582	348
13111	0	3626	3855	4475	77	67	849	772	229
13047	0	4291	4475	4523	48	0	232	184	184
13115	0	4330	4559	4596	37	0	266	229	229
13112	0	3678	3970	4610	38	72	932	894	292
13046	0	4086	4367	4674	34	2	588	554	281
13048	0	4383	4674	4678	4	0	295	291	291
13015	0	4137	4372	4690	7	23	553	546	235
13012	0	3544	3745	4722	35	77	1178	1143	201
13113	0	4158	4395	4730	18	18	572	554	237
13081	0	3810	4129	4733	76	19	923	847	319
13114	0	4245	4427	4782	66	1	537	471	182
12983	0	4456	4782	4802	20	0	346	326	326
13042	0	3661	3914	4807	95	47	1146	1051	253
12980	0	4045	4331	4817	10	13	772	762	286
13016	0	4349	4614	4850	46	1	501	455	265
13045	0	4059	4358	4858	29	10	799	770	299
13049	0	4385	4678	4880	31	6	495	464	293
12982	0	4412	4690	4901	30	9	489	459	278
12981	0	4171	4409	4912	21	22	741	720	238
13043	0	3662	3934	4923	79	94	1261	1182	272
0	0	0	0	4923	29764	0	4923	-24841	0
