id	priority	createdTime	startedTime	terminatedTime	cpuTime	blockedTime	turnaroundTime	waitingTime	responseTime
14456	0	0	0	4	4	0	4	0	0
14524	0	0	25	27	2	0	27	25	25
14457	0	19	60	90	30	0	71	41	41
14592	0	0	55	125	40	6	125	85	55
14560	0	91	138	145	7	0	54	47	47
14525	0	97	145	146	1	0	49	48	48
14490	0	0	4	147	22	7	147	125	4
14558	0	0	27	171	52	8	171	119	27
14593	0	151	173	192	19	0	41	22	22
14561	0	151	171	227	37	7	76	39	20
14562	0	233	250	252	2	0	19	17	17
14491	0	296	347	394	47	0	98	51	51
14559	0	34	125	414	53	67	380	327	91
14563	0	296	394	447	36	8	151	115	98
14492	0	497	570	636	66	0	139	73	73
14459	0	479	564	644	9	18	165	156	85
14527	0	488	568	688	10	29	200	190	80
14460	0	562	688	717	29	0	155	126	126
14461	0	581	717	752	35	0	171	136	136
14594	0	611	752	779	27	0	168	141	141
14462	0	639	779	798	19	0	159	140	140
14528	0	664	805	856	35	6	192	157	141
14493	0	666	807	873	21	17	207	186	141
14530	0	786	883	887	4	0	101	97	97
14570	0	853	912	926	14	0	73	59	59
14463	0	663	798	955	16	139	292	276	135
14531	0	910	955	960	5	0	50	45	45
14529	0	717	873	985	44	36	268	224	156
14532	0	967	1075	1087	12	0	120	108	108
14595	0	943	1029	1118	27	21	175	148	86
14572	0	1056	1153	1183	9	2	127	118	97
14596	0	1046	1146	1209	33	20	163	130	100
14468	0	1112	1225	1237	8	1	125	117	113
14597	0	1145	1237	1238	1	0	93	92	92
14573	0	1216	1238	1252	14	0	36	22	22
14495	0	1237	1252	1276	24	0	39	15	15
14469	0	1144	1232	1288	16	20	144	128	88
14499	0	1298	1367	1385	18	0	87	69	69
14534	0	1270	1308	1390	15	2	120	105	38
14497	0	1281	1318	1394	13	28	113	100	37
14599	0	1392	1411	1442	31	0	50	19	19
14535	0	1323	1390	1444	8	42	121	113	67
14568	0	700	811	1473	14	3	773	759	111
14598	0	1377	1394	1488	28	27	111	83	17
14566	0	467	550	1528	54	17	1061	1007	83
14500	0	1517	1528	1553	25	0	36	11	11
14464	0	910	935	1568	36	50	658	622	25
14501	0	1548	1553	1591	22	8	43	21	5
14467	0	1087	1156	1634	28	30	547	519	69
14496	0	1244	1288	1648	34	6	404	370	44
14465	0	929	985	1658	32	5	729	697	56
14574	0	1650	1658	1690	32	0	40	8	8
14571	0	938	1007	1700	24	1	762	738	69
14458	0	255	255	1708	40	19	1453	1413	0
14502	0	1606	1626	1730	31	39	124	93	20
14503	0	1700	1730	1741	11	0	41	30	30
14536	0	1717	1758	1837	22	44	120	98	41
14504	0	1701	1741	1839	18	7	138	120	40
14576	0	1741	1799	1855	33	5	114	81	58
14569	0	842	887	1891	26	5	1049	1023	45
14537	0	1874	1886	1927	15	8	53	38	12
14470	0	1760	1816	1937	54	22	177	123	56
14494	0	1043	1118	1946	37	1	903	866	75
14575	0	1724	1762	1978	39	50	254	215	38
14505	0	1971	1985	1991	6	0	20	14	14
14601	0	1943	1946	2029	51	2	86	35	3
14577	0	2043	2094	2097	3	0	54	51	51
14604	0	1990	1998	2143	60	6	153	93	8
14603	0	1978	1991	2147	28	39	169	141	13
14605	0	2097	2101	2149	7	19	52	45	4
14506	0	2141	2149	2154	5	0	13	8	8
14466	0	953	1030	2165	35	1	1212	1177	77
14600	0	1425	1444	2170	57	24	745	688	19
14602	0	1970	1978	2174	50	68	204	154	8
14471	0	2192	2198	2218	20	0	26	6	6
14533	0	1098	1209	2223	88	46	1125	1037	111
14567	0	513	644	2232	48	10	1719	1671	131
14498	0	1291	1329	2256	55	6	965	910	38
14472	0	2223	2232	2296	23	29	73	50	9
14606	0	2260	2296	2305	9	0	45	36	36
14607	0	2266	2305	2345	22	10	79	57	39
14508	0	2296	2354	2372	18	0	76	58	58
14473	0	2274	2345	2410	39	9	136	97	71
14474	0	2279	2346	2418	16	8	139	123	67
14538	0	2321	2418	2422	4	0	101	97	97
14579	0	2396	2441	2463	2	10	67	65	45
14578	0	2386	2432	2476	22	7	90	68	46
14475	0	2448	2510	2529	19	0	81	62	62
14611	0	2526	2608	2627	19	0	101	82	82
14612	0	2600	2644	2696	52	0	96	44	44
14476	0	2558	2641	2698	5	2	140	135	83
14511	0	2676	2698	2729	31	0	53	22	22
14581	0	2713	2729	2735	6	0	22	16	16
14539	0	2741	2759	2762	3	0	21	18	18
14477	0	2724	2755	2765	4	5	41	37	31
14510	0	2531	2627	2769	18	2	238	220	96
14608	0	2273	2314	2805	54	17	532	478	41
14512	0	2734	2756	2826	24	12	92	68	22
14614	0	2792	2829	2856	27	0	64	37	37
14478	0	2849	2856	2866	10	0	17	7	7
14613	0	2785	2826	2946	83	27	161	78	41
14540	0	2938	2946	3006	45	4	68	23	8
14583	0	2981	3006	3023	17	0	42	25	25
14542	0	2982	3023	3048	25	0	66	41	41
14584	0	3066	3105	3136	15	14	70	55	39
14513	0	3084	3113	3203	18	3	119	101	29
14585	0	3185	3192	3228	18	3	43	25	7
14544	0	3218	3228	3278	50	0	60	10	10
14480	0	3228	3278	3361	15	61	133	118	50
14616	0	3309	3361	3378	17	0	69	52	52
14481	0	3367	3384	3389	5	0	22	17	17
14615	0	3107	3169	3395	29	16	288	259	62
14515	0	3341	3378	3396	7	9	55	48	37
14582	0	2716	2735	3425	67	39	709	642	19
14516	0	3435	3476	3484	8	0	49	41	41
14587	0	3454	3484	3531	26	10	77	51	30
14547	0	3485	3531	3536	5	0	51	46	46
14617	0	3497	3536	3571	7	26	74	67	39
14482	0	3533	3571	3583	12	0	50	38	38
14548	0	3552	3584	3593	9	0	41	32	32
14586	0	3432	3460	3610	33	3	178	145	28
14619	0	3620	3640	3645	5	0	25	20	20
14483	0	3611	3638	3647	4	4	36	32	27
14518	0	3544	3583	3752	35	77	208	173	39
14519	0	3733	3771	3804	23	5	71	48	38
14551	0	3731	3760	3869	23	26	138	115	29
14588	0	3741	3780	3879	20	8	138	118	39
14621	0	3678	3752	3967	38	72	289	251	74
14591	0	3958	3967	3968	1	0	10	9	9
14546	0	3461	3491	3992	38	19	531	493	30
14618	0	3605	3616	3997	29	31	392	363	11
14590	0	3854	3945	4057	13	69	203	190	91
14580	0	2436	2442	4070	57	109	1634	1577	6
14485	0	4045	4057	4101	10	13	56	46	12
14553	0	4086	4091	4131	34	2	45	11	5
14520	0	4114	4131	4132	1	0	18	17	17
14552	0	4059	4062	4164	29	10	105	76	3
14521	0	4137	4143	4181	7	23	44	37	6
14486	0	4171	4181	4237	21	22	66	45	10
14622	0	4158	4164	4241	18	18	83	65	6
14543	0	3051	3081	4254	50	109	1203	1153	30
14507	0	2241	2256	4299	99	59	2058	1959	15
14554	0	4291	4299	4347	48	0	56	8	8
14624	0	4330	4347	4384	37	0	54	17	17
14555	0	4383	4397	4401	4	0	18	14	14
14557	0	4397	4410	4418	8	0	21	13	13
14556	0	4385	4401	4440	31	6	55	24	16
14625	0	4400	4440	4467	27	0	67	40	40
14523	0	4421	4476	4481	5	0	60	55	55
14488	0	4456	4481	4501	20	0	45	25	25
14487	0	4412	4467	4522	30	9	110	80	55
14522	0	4349	4384	4555	46	1	206	160	35
14623	0	4245	4254	4604	66	1	359	293	9
14517	0	3525	3539	4658	57	39	1133	1076	14
14514	0	3309	3319	4711	66	28	1402	1336	10
14620	0	3626	3647	4766	77	67	1140	1063	21
14509	0	2362	2422	4769	47	25	2407	2360	60
14541	0	2957	2965	4795	50	44	1838	1788	8
14545	0	3413	3425	4811	51	30	1398	1347	12
14484	0	3797	3804	4832	56	10	1035	979	7
14609	0	2462	2529	4867	49	3	2405	2356	67
14479	0	3102	3136	4874	89	27	1772	1683	34
14489	0	4766	4769	4903	39	56	137	98	3
14610	0	2495	2567	4920	66	11	2425	2359	72
14564	0	403	447	4947	69	5	4544	4475	44
14550	0	3662	3693	4958	79	94	1296	1217	31
14526	0	255	261	4974	72	33	4719	4647	6
14565	0	410	489	4976	63	13	4566	4503	79
14589	0	3810	3879	5007	76	19	1197	1121	69
14549	0	3661	3673	5013	95	47	1352	1257	12
0	0	0	0	5013	29957	0	5013	-24944	0
