id	priority	createdTime	startedTime	terminatedTime	cpuTime	blockedTime	turnaroundTime	waitingTime	responseTime
15151	0	0	0	4	4	0	4	0	0
15221	0	0	24	26	2	0	26	24	24
15152	0	19	51	123	30	0	104	74	32
15186	0	0	4	124	22	7	124	102	4
15258	0	91	124	131	7	0	40	33	33
15222	0	97	131	132	1	0	35	34	34
15291	0	0	46	187	40	6	187	147	46
15292	0	151	189	208	19	0	57	38	38
15256	0	0	26	212	52	8	212	160	26
15260	0	233	235	237	2	0	4	2	2
15259	0	151	187	252	37	7	101	64	36
15257	0	34	72	280	53	67	246	193	38
15153	0	255	255	417	40	19	162	122	0
15187	0	296	320	438	47	0	142	95	24
15261	0	296	340	471	36	8	175	139	44
15223	0	255	261	507	72	33	252	180	6
15154	0	479	541	657	9	18	178	169	62
15264	0	467	527	796	54	17	329	275	60
15157	0	639	796	815	19	0	176	157	157
15224	0	488	545	820	10	29	332	322	57
15155	0	562	632	829	29	0	267	238	70
15156	0	581	677	858	35	0	277	242	96
15265	0	513	587	909	48	10	396	348	74
15293	0	611	736	916	27	0	305	278	125
15262	0	403	438	923	69	5	520	451	35
15227	0	786	923	927	4	0	141	137	137
15268	0	853	967	981	14	0	128	114	114
15263	0	410	471	983	63	13	573	510	61
15189	0	666	838	1000	21	17	334	313	172
15266	0	700	858	1002	14	3	302	288	158
15188	0	497	567	1017	66	0	520	454	70
15228	0	910	1028	1033	5	0	123	118	118
15229	0	967	1099	1111	12	0	144	132	132
15225	0	664	836	1124	35	6	460	425	172
15158	0	663	829	1133	16	139	470	454	166
15267	0	842	927	1217	26	5	375	349	85
15296	0	1145	1277	1278	1	0	133	132	132
15226	0	717	870	1283	44	36	566	522	153
15160	0	929	1033	1301	32	5	372	340	104
15270	0	1056	1182	1307	9	2	251	242	126
15269	0	938	1053	1329	24	1	391	367	115
15159	0	910	1017	1337	36	50	427	391	107
15271	0	1216	1337	1351	14	0	135	121	121
15294	0	943	1073	1365	27	21	422	395	130
15161	0	953	1079	1408	35	1	455	420	126
15163	0	1112	1266	1419	8	1	307	299	154
15190	0	1043	1153	1459	37	1	416	379	110
15164	0	1144	1273	1479	16	20	335	319	129
15195	0	1298	1479	1497	18	0	199	181	181
15295	0	1046	1173	1505	33	20	459	426	127
15191	0	1237	1365	1522	24	0	285	261	128
15192	0	1244	1386	1556	34	6	312	278	142
15162	0	1087	1217	1563	28	30	476	448	130
15231	0	1270	1408	1568	15	2	298	283	138
15193	0	1281	1419	1608	13	28	327	314	138
15298	0	1392	1522	1663	31	0	271	240	130
15297	0	1377	1505	1678	28	27	301	273	128
15194	0	1291	1430	1710	55	6	419	364	139
15196	0	1517	1632	1750	25	0	233	208	115
15232	0	1323	1497	1752	8	42	429	421	174
15199	0	1700	1761	1772	11	0	72	61	61
15272	0	1650	1725	1890	32	0	240	208	75
15197	0	1548	1678	1908	22	8	360	338	130
15200	0	1701	1772	1909	18	7	208	190	71
15274	0	1741	1861	1975	33	5	234	201	120
15299	0	1425	1568	1981	57	24	556	499	143
15233	0	1717	1809	2010	22	44	293	271	92
15198	0	1606	1692	2012	31	39	406	375	86
15230	0	1098	1237	2017	88	46	919	831	139
15234	0	1874	1955	2028	15	8	154	139	81
15201	0	1971	2035	2041	6	0	70	64	64
15273	0	1724	1813	2059	39	50	335	296	89
15275	0	2043	2081	2084	3	0	41	38	38
15202	0	2141	2189	2194	5	0	53	48	48
15165	0	1760	1890	2204	54	22	444	390	130
15300	0	1943	1981	2214	51	2	271	220	38
15166	0	2192	2234	2254	20	0	62	42	42
15304	0	2097	2168	2256	7	19	159	152	71
15302	0	1978	2041	2260	28	39	282	254	63
15303	0	1990	2059	2293	60	6	303	243	69
15305	0	2260	2313	2322	9	0	62	53	53
15301	0	1970	2028	2354	50	68	384	334	58
15204	0	2296	2362	2380	18	0	84	66	66
15167	0	2223	2260	2396	23	29	173	150	37
15235	0	2321	2400	2404	4	0	83	79	79
15306	0	2266	2322	2417	22	10	151	129	56
15169	0	2279	2354	2475	16	8	196	180	75
15168	0	2274	2349	2528	39	9	254	215	75
15170	0	2448	2528	2547	19	0	99	80	80
15307	0	2273	2331	2603	54	17	330	276	58
15276	0	2386	2475	2616	22	7	230	208	89
15277	0	2396	2484	2648	2	10	252	250	88
15310	0	2526	2664	2683	19	0	157	138	138
15206	0	2531	2683	2822	18	2	291	273	152
15171	0	2558	2697	2824	5	2	266	261	139
15279	0	2713	2824	2830	6	0	117	111	111
15205	0	2362	2437	2854	47	25	492	445	75
15308	0	2462	2567	2868	49	3	406	357	105
15236	0	2741	2868	2871	3	0	130	127	127
15207	0	2676	2798	2946	31	0	270	239	122
15173	0	2849	2946	2956	10	0	107	97	97
15172	0	2724	2850	2959	4	5	235	231	126
15278	0	2436	2490	3001	57	109	565	508	54
15311	0	2600	2732	3013	52	0	413	361	132
15313	0	2792	2895	3037	27	0	245	218	103
15208	0	2734	2854	3094	24	12	360	336	120
15281	0	2981	3094	3111	17	0	130	113	113
15309	0	2495	2627	3159	66	11	664	598	132
15239	0	2982	3111	3328	25	0	346	321	129
15280	0	2716	2830	3337	67	39	621	554	114
15203	0	2241	2293	3398	99	59	1157	1058	52
15282	0	3066	3219	3408	15	14	342	327	153
15237	0	2938	3059	3414	45	4	476	431	121
15209	0	3084	3247	3416	18	3	332	314	163
15315	0	3309	3452	3469	17	0	160	143	143
15283	0	3185	3341	3497	18	3	312	294	156
15176	0	3367	3497	3502	5	0	135	130	130
15312	0	2785	2892	3522	83	27	737	654	107
15212	0	3435	3581	3589	8	0	154	146	146
15314	0	3107	3283	3628	29	16	521	492	176
15244	0	3485	3668	3673	5	0	188	183	183
15211	0	3341	3482	3677	7	9	336	329	141
15238	0	2957	3078	3679	50	44	722	672	121
15177	0	3533	3699	3711	12	0	178	166	166
15241	0	3218	3370	3721	50	0	503	453	152
15245	0	3552	3722	3731	9	0	179	170	170
15284	0	3432	3565	3763	33	3	331	298	133
15175	0	3228	3398	3789	15	61	561	546	170
15240	0	3051	3159	3804	50	109	753	703	108
15318	0	3620	3804	3809	5	0	189	184	184
15285	0	3454	3641	3868	26	10	414	388	187
15316	0	3497	3673	3949	7	26	452	445	176
15242	0	3413	3542	4001	51	30	588	537	129
15178	0	3611	3789	4003	4	4	392	388	178
15243	0	3461	3648	4126	38	19	665	627	187
15210	0	3309	3432	4139	66	28	830	764	123
15289	0	3958	4139	4140	1	0	182	181	181
15215	0	3733	3960	4154	23	5	421	398	227
15248	0	3731	3949	4207	23	26	476	453	218
15286	0	3741	3975	4217	20	8	476	456	234
15317	0	3605	3763	4239	29	31	634	605	158
15174	0	3102	3263	4275	89	27	1173	1084	161
15216	0	4114	4319	4320	1	0	206	205	205
15288	0	3854	4065	4331	13	69	477	464	211
15213	0	3525	3679	4371	57	39	846	789	154
15320	0	3678	3929	4385	38	72	707	669	251
15179	0	3797	4003	4424	56	10	627	571	206
15217	0	4137	4322	4598	7	23	461	454	185
15290	0	4157	4331	4612	25	11	455	430	174
15321	0	4158	4342	4620	18	18	462	444	184
15252	0	4383	4620	4624	4	0	241	237	237
15254	0	4397	4633	4641	8	0	244	236	236
15214	0	3544	3721	4664	35	77	1120	1085	177
15219	0	4421	4673	4678	5	0	257	252	252
15180	0	4045	4239	4699	10	13	654	644	194
15183	0	4456	4699	4719	20	0	263	243	243
15249	0	4059	4264	4752	29	10	693	664	205
15250	0	4086	4275	4762	34	2	676	642	189
15323	0	4330	4542	4818	37	0	488	451	212
15181	0	4171	4356	4870	21	22	699	678	185
15324	0	4400	4641	4897	27	0	497	470	241
15255	0	4701	4937	4942	5	0	241	236	236
15220	0	4519	4762	4978	11	8	459	448	243
15251	0	4291	4502	4986	48	0	695	647	211
15246	0	3661	3868	4991	95	47	1330	1235	207
15319	0	3626	3829	4997	77	67	1371	1294	203
15218	0	4349	4582	5010	46	1	661	615	233
15253	0	4385	4624	5021	31	6	636	605	239
15182	0	4412	4664	5022	30	9	610	580	252
15322	0	4245	4424	5031	66	1	786	720	179
15287	0	3810	4030	5034	76	19	1224	1148	220
15325	0	4489	4725	5047	30	89	558	528	236
15247	0	3662	3888	5058	79	94	1396	1317	226
15184	0	4766	4951	5109	39	56	343	304	185
15185	0	5194	5194	5215	21	0	21	0	0
0	0	0	0	5215	30453	0	5215	-25238	0
