id	priority	createdTime	startedTime	terminatedTime	cpuTime	blockedTime	turnaroundTime	waitingTime	responseTime
15326	0	0	0	4	4	0	4	0	0
15396	0	0	25	27	2	0	27	25	25
15327	0	19	60	90	30	0	71	41	41
15466	0	0	55	125	40	6	125	85	55
15433	0	91	138	145	7	0	54	47	47
15397	0	97	145	146	1	0	49	48	48
15361	0	0	4	147	22	7	147	125	4
15431	0	0	27	171	52	8	171	119	27
15467	0	151	173	192	19	0	41	22	22
15434	0	151	171	227	37	7	76	39	20
15435	0	233	250	252	2	0	19	17	17
15362	0	296	347	394	47	0	98	51	51
15432	0	34	125	414	53	67	380	327	91
15436	0	296	394	447	36	8	151	115	98
15363	0	497	570	636	66	0	139	73	73
15329	0	479	564	644	9	18	165	156	85
15399	0	488	568	688	10	29	200	190	80
15330	0	562	688	717	29	0	155	126	126
15331	0	581	717	752	35	0	171	136	136
15468	0	611	752	779	27	0	168	141	141
15332	0	639	779	798	19	0	159	140	140
15400	0	664	805	856	35	6	192	157	141
15364	0	666	807	873	21	17	207	186	141
15402	0	786	883	887	4	0	101	97	97
15443	0	853	912	926	14	0	73	59	59
15333	0	663	798	955	16	139	292	276	135
15403	0	910	955	960	5	0	50	45	45
15401	0	717	873	985	44	36	268	224	156
15404	0	967	1075	1087	12	0	120	108	108
15469	0	943	1029	1118	27	21	175	148	86
15445	0	1056	1153	1183	9	2	127	118	97
15470	0	1046	1146	1209	33	20	163	130	100
15338	0	1112	1225	1237	8	1	125	117	113
15471	0	1145	1237	1238	1	0	93	92	92
15446	0	1216	1238	1252	14	0	36	22	22
15366	0	1237	1252	1276	24	0	39	15	15
15339	0	1144	1232	1288	16	20	144	128	88
15370	0	1298	1367	1385	18	0	87	69	69
15406	0	1270	1308	1390	15	2	120	105	38
15368	0	1281	1318	1394	13	28	113	100	37
15473	0	1392	1411	1442	31	0	50	19	19
15407	0	1323	1390	1444	8	42	121	113	67
15441	0	700	811	1473	14	3	773	759	111
15472	0	1377	1394	1488	28	27	111	83	17
15439	0	467	550	1528	54	17	1061	1007	83
15371	0	1517	1528	1553	25	0	36	11	11
15334	0	910	935	1568	36	50	658	622	25
15372	0	1548	1553	1591	22	8	43	21	5
15337	0	1087	1156	1634	28	30	547	519	69
15367	0	1244	1288	1648	34	6	404	370	44
15335	0	929	985	1658	32	5	729	697	56
15447	0	1650	1658	1690	32	0	40	8	8
15444	0	938	1007	1700	24	1	762	738	69
15328	0	255	255	1708	40	19	1453	1413	0
15373	0	1606	1626	1730	31	39	124	93	20
15374	0	1700	1730	1741	11	0	41	30	30
15408	0	1717	1758	1837	22	44	120	98	41
15375	0	1701	1741	1839	18	7	138	120	40
15449	0	1741	1799	1855	33	5	114	81	58
15442	0	842	887	1891	26	5	1049	1023	45
15409	0	1874	1886	1927	15	8	53	38	12
15340	0	1760	1816	1937	54	22	177	123	56
15365	0	1043	1118	1946	37	1	903	866	75
15448	0	1724	1762	1978	39	50	254	215	38
15376	0	1971	1985	1991	6	0	20	14	14
15475	0	1943	1946	2029	51	2	86	35	3
15450	0	2043	2094	2097	3	0	54	51	51
15478	0	1990	1998	2143	60	6	153	93	8
15477	0	1978	1991	2147	28	39	169	141	13
15479	0	2097	2101	2149	7	19	52	45	4
15377	0	2141	2149	2154	5	0	13	8	8
15336	0	953	1030	2165	35	1	1212	1177	77
15474	0	1425	1444	2170	57	24	745	688	19
15476	0	1970	1978	2174	50	68	204	154	8
15341	0	2192	2198	2218	20	0	26	6	6
15405	0	1098	1209	2223	88	46	1125	1037	111
15440	0	513	644	2232	48	10	1719	1671	131
15369	0	1291	1329	2256	55	6	965	910	38
15342	0	2223	2232	2296	23	29	73	50	9
15480	0	2260	2296	2305	9	0	45	36	36
15481	0	2266	2305	2345	22	10	79	57	39
15379	0	2296	2354	2372	18	0	76	58	58
15343	0	2274	2345	2410	39	9	136	97	71
15344	0	2279	2346	2418	16	8	139	123	67
15410	0	2321	2418	2422	4	0	101	97	97
15452	0	2396	2441	2463	2	10	67	65	45
15451	0	2386	2432	2476	22	7	90	68	46
15345	0	2448	2510	2529	19	0	81	62	62
15485	0	2526	2608	2627	19	0	101	82	82
15486	0	2600	2644	2696	52	0	96	44	44
15346	0	2558	2641	2698	5	2	140	135	83
15382	0	2676	2698	2729	31	0	53	22	22
15454	0	2713	2729	2735	6	0	22	16	16
15411	0	2741	2759	2762	3	0	21	18	18
15347	0	2724	2755	2765	4	5	41	37	31
15381	0	2531	2627	2769	18	2	238	220	96
15482	0	2273	2314	2805	54	17	532	478	41
15383	0	2734	2756	2826	24	12	92	68	22
15488	0	2792	2829	2856	27	0	64	37	37
15348	0	2849	2856	2866	10	0	17	7	7
15487	0	2785	2826	2946	83	27	161	78	41
15412	0	2938	2946	3006	45	4	68	23	8
15456	0	2981	3006	3023	17	0	42	25	25
15414	0	2982	3023	3048	25	0	66	41	41
15457	0	3066	3105	3136	15	14	70	55	39
15384	0	3084	3113	3203	18	3	119	101	29
15458	0	3185	3192	3228	18	3	43	25	7
15416	0	3218	3228	3278	50	0	60	10	10
15350	0	3228	3278	3361	15	61	133	118	50
15490	0	3309	3361	3378	17	0	69	52	52
15351	0	3367	3384	3389	5	0	22	17	17
15489	0	3107	3169	3395	29	16	288	259	62
15386	0	3341	3378	3396	7	9	55	48	37
15455	0	2716	2735	3425	67	39	709	642	19
15387	0	3435	3476	3484	8	0	49	41	41
15460	0	3454	3484	3531	26	10	77	51	30
15419	0	3485	3531	3536	5	0	51	46	46
15491	0	3497	3536	3571	7	26	74	67	39
15352	0	3533	3571	3583	12	0	50	38	38
15420	0	3552	3584	3593	9	0	41	32	32
15459	0	3432	3460	3610	33	3	178	145	28
15493	0	3620	3640	3645	5	0	25	20	20
15353	0	3611	3638	3647	4	4	36	32	27
15389	0	3544	3583	3752	35	77	208	173	39
15390	0	3733	3771	3804	23	5	71	48	38
15423	0	3731	3760	3869	23	26	138	115	29
15461	0	3741	3780	3879	20	8	138	118	39
15495	0	3678	3752	3967	38	72	289	251	74
15464	0	3958	3967	3968	1	0	10	9	9
15418	0	3461	3491	3992	38	19	531	493	30
15492	0	3605	3616	3997	29	31	392	363	11
15463	0	3854	3945	4057	13	69	203	190	91
15453	0	2436	2442	4070	57	109	1634	1577	6
15355	0	4045	4057	4101	10	13	56	46	12
15425	0	4086	4091	4131	34	2	45	11	5
15391	0	4114	4131	4132	1	0	18	17	17
15424	0	4059	4062	4164	29	10	105	76	3
15392	0	4137	4143	4178	7	23	41	34	6
15465	0	4157	4164	4212	25	11	55	30	7
15356	0	4171	4192	4249	21	22	78	57	21
15496	0	4158	4178	4270	18	18	112	94	20
15497	0	4245	4249	4319	66	1	74	8	4
15426	0	4291	4319	4367	48	0	76	28	28
15498	0	4330	4367	4404	37	0	74	37	37
15427	0	4383	4417	4421	4	0	38	34	34
15429	0	4397	4430	4438	8	0	41	33	33
15428	0	4385	4421	4460	31	6	75	44	36
15499	0	4400	4460	4487	27	0	87	60	60
15394	0	4421	4496	4501	5	0	80	75	75
15358	0	4456	4501	4521	20	0	65	45	45
15357	0	4412	4487	4542	30	9	130	100	75
15393	0	4349	4404	4598	46	1	249	203	55
15395	0	4519	4561	4605	11	8	86	75	42
15378	0	2241	2256	4635	99	59	2394	2295	15
15415	0	3051	3081	4686	50	109	1635	1585	30
15388	0	3525	3539	4715	57	39	1190	1133	14
15500	0	4489	4542	4724	30	89	235	205	53
15430	0	4701	4724	4729	5	0	28	23	23
15385	0	3309	3319	4782	66	28	1473	1407	10
15494	0	3626	3647	4864	77	67	1238	1161	21
15380	0	2362	2422	4867	47	25	2505	2458	60
15413	0	2957	2965	4869	50	44	1912	1862	8
15417	0	3413	3425	4885	51	30	1472	1421	12
15359	0	4766	4782	4897	39	56	131	92	16
15354	0	3797	3804	4918	56	10	1121	1065	7
15483	0	2462	2529	4950	49	3	2488	2439	67
15349	0	3102	3136	4957	89	27	1855	1766	34
15437	0	403	447	5001	69	5	4598	4529	44
15484	0	2495	2567	5018	66	11	2523	2457	72
15398	0	255	261	5034	72	33	4779	4707	6
15422	0	3662	3693	5045	79	94	1383	1304	31
15438	0	410	489	5047	63	13	4637	4574	79
15462	0	3810	3879	5078	76	19	1268	1192	69
15421	0	3661	3673	5084	95	47	1423	1328	12
15360	0	5194	5194	5215	21	0	21	0	0
0	0	0	0	5215	30577	0	5215	-25362	0
