id	priority	createdTime	startedTime	terminatedTime	cpuTime	blockedTime	turnaroundTime	waitingTime	responseTime
17141	0	0	0	4	4	0	4	0	0
17215	0	0	25	27	2	0	27	25	25
17142	0	19	60	90	30	0	71	41	41
17289	0	0	55	125	40	6	125	85	55
17254	0	91	138	145	7	0	54	47	47
17216	0	97	145	146	1	0	49	48	48
17178	0	0	4	147	22	7	147	125	4
17252	0	0	27	171	52	8	171	119	27
17290	0	151	173	192	19	0	41	22	22
17255	0	151	171	227	37	7	76	39	20
17256	0	233	250	252	2	0	19	17	17
17179	0	296	347	394	47	0	98	51	51
17253	0	34	125	414	53	67	380	327	91
17257	0	296	394	447	36	8	151	115	98
17180	0	497	570	636	66	0	139	73	73
17144	0	479	564	644	9	18	165	156	85
17218	0	488	568	688	10	29	200	190	80
17145	0	562	688	717	29	0	155	126	126
17146	0	581	717	752	35	0	171	136	136
17291	0	611	752	779	27	0	168	141	141
17147	0	639	779	798	19	0	159	140	140
17219	0	664	805	856	35	6	192	157	141
17181	0	666	807	873	21	17	207	186	141
17221	0	786	883	887	4	0	101	97	97
17264	0	853	912	926	14	0	73	59	59
17148	0	663	798	955	16	139	292	276	135
17222	0	910	955	960	5	0	50	45	45
17220	0	717	873	985	44	36	268	224	156
17223	0	967	1075	1087	12	0	120	108	108
17292	0	943	1029	1118	27	21	175	148	86
17266	0	1056	1153	1183	9	2	127	118	97
17293	0	1046	1146	1209	33	20	163	130	100
17153	0	1112	1225	1237	8	1	125	117	113
17294	0	1145	1237	1238	1	0	93	92	92
17267	0	1216	1238	1252	14	0	36	22	22
17183	0	1237	1252	1276	24	0	39	15	15
17154	0	1144	1232	1288	16	20	144	128	88
17187	0	1298	1367	1385	18	0	87	69	69
17225	0	1270	1308	1390	15	2	120	105	38
17185	0	1281	1318	1394	13	28	113	100	37
17296	0	1392	1411	1442	31	0	50	19	19
17226	0	1323	1390	1444	8	42	121	113	67
17262	0	700	811	1473	14	3	773	759	111
17295	0	1377	1394	1488	28	27	111	83	17
17260	0	467	550	1528	54	17	1061	1007	83
17188	0	1517	1528	1553	25	0	36	11	11
17149	0	910	935	1568	36	50	658	622	25
17189	0	1548	1553	1591	22	8	43	21	5
17152	0	1087	1156	1634	28	30	547	519	69
17184	0	1244	1288	1648	34	6	404	370	44
17150	0	929	985	1658	32	5	729	697	56
17268	0	1650	1658	1690	32	0	40	8	8
17265	0	938	1007	1700	24	1	762	738	69
17143	0	255	255	1708	40	19	1453	1413	0
17190	0	1606	1626	1730	31	39	124	93	20
17191	0	1700	1730	1741	11	0	41	30	30
17227	0	1717	1758	1837	22	44	120	98	41
17192	0	1701	1741	1839	18	7	138	120	40
17270	0	1741	1799	1855	33	5	114	81	58
17263	0	842	887	1891	26	5	1049	1023	45
17228	0	1874	1886	1927	15	8	53	38	12
17155	0	1760	1816	1937	54	22	177	123	56
17182	0	1043	1118	1946	37	1	903	866	75
17269	0	1724	1762	1978	39	50	254	215	38
17193	0	1971	1985	1991	6	0	20	14	14
17298	0	1943	1946	2029	51	2	86	35	3
17271	0	2043	2094	2097	3	0	54	51	51
17301	0	1990	1998	2143	60	6	153	93	8
17300	0	1978	1991	2147	28	39	169	141	13
17302	0	2097	2101	2149	7	19	52	45	4
17194	0	2141	2149	2154	5	0	13	8	8
17151	0	953	1030	2165	35	1	1212	1177	77
17297	0	1425	1444	2170	57	24	745	688	19
17299	0	1970	1978	2174	50	68	204	154	8
17156	0	2192	2198	2218	20	0	26	6	6
17224	0	1098	1209	2223	88	46	1125	1037	111
17261	0	513	644	2232	48	10	1719	1671	131
17186	0	1291	1329	2256	55	6	965	910	38
17157	0	2223	2232	2296	23	29	73	50	9
17303	0	2260	2296	2305	9	0	45	36	36
17304	0	2266	2305	2345	22	10	79	57	39
17196	0	2296	2354	2372	18	0	76	58	58
17158	0	2274	2345	2410	39	9	136	97	71
17159	0	2279	2346	2418	16	8	139	123	67
17229	0	2321	2418	2422	4	0	101	97	97
17273	0	2396	2441	2463	2	10	67	65	45
17272	0	2386	2432	2476	22	7	90	68	46
17160	0	2448	2510	2529	19	0	81	62	62
17308	0	2526	2608	2627	19	0	101	82	82
17309	0	2600	2644	2696	52	0	96	44	44
17161	0	2558	2641	2698	5	2	140	135	83
17199	0	2676	2698	2729	31	0	53	22	22
17275	0	2713	2729	2735	6	0	22	16	16
17230	0	2741	2759	2762	3	0	21	18	18
17162	0	2724	2755	2765	4	5	41	37	31
17198	0	2531	2627	2769	18	2	238	220	96
17305	0	2273	2314	2805	54	17	532	478	41
17200	0	2734	2756	2826	24	12	92	68	22
17311	0	2792	2829	2856	27	0	64	37	37
17163	0	2849	2856	2866	10	0	17	7	7
17310	0	2785	2826	2946	83	27	161	78	41
17231	0	2938	2946	3006	45	4	68	23	8
17277	0	2981	3006	3023	17	0	42	25	25
17233	0	2982	3023	3048	25	0	66	41	41
17278	0	3066	3105	3136	15	14	70	55	39
17201	0	3084	3113	3203	18	3	119	101	29
17279	0	3185	3192	3228	18	3	43	25	7
17235	0	3218	3228	3278	50	0	60	10	10
17165	0	3228	3278	3361	15	61	133	118	50
17313	0	3309	3361	3378	17	0	69	52	52
17166	0	3367	3384	3389	5	0	22	17	17
17312	0	3107	3169	3395	29	16	288	259	62
17203	0	3341	3378	3396	7	9	55	48	37
17276	0	2716	2735	3425	67	39	709	642	19
17204	0	3435	3476	3484	8	0	49	41	41
17281	0	3454	3484	3531	26	10	77	51	30
17238	0	3485	3531	3536	5	0	51	46	46
17314	0	3497	3536	3571	7	26	74	67	39
17167	0	3533	3571	3583	12	0	50	38	38
17239	0	3552	3584	3593	9	0	41	32	32
17280	0	3432	3460	3610	33	3	178	145	28
17316	0	3620	3640	3645	5	0	25	20	20
17168	0	3611	3638	3647	4	4	36	32	27
17206	0	3544	3583	3752	35	77	208	173	39
17207	0	3733	3771	3804	23	5	71	48	38
17242	0	3731	3760	3869	23	26	138	115	29
17282	0	3741	3780	3879	20	8	138	118	39
17318	0	3678	3752	3967	38	72	289	251	74
17285	0	3958	3967	3968	1	0	10	9	9
17237	0	3461	3491	3992	38	19	531	493	30
17315	0	3605	3616	3997	29	31	392	363	11
17284	0	3854	3945	4057	13	69	203	190	91
17274	0	2436	2442	4070	57	109	1634	1577	6
17170	0	4045	4057	4101	10	13	56	46	12
17244	0	4086	4091	4131	34	2	45	11	5
17208	0	4114	4131	4132	1	0	18	17	17
17243	0	4059	4062	4164	29	10	105	76	3
17209	0	4137	4143	4178	7	23	41	34	6
17286	0	4157	4164	4212	25	11	55	30	7
17171	0	4171	4192	4249	21	22	78	57	21
17319	0	4158	4178	4285	18	18	127	109	20
17320	0	4245	4264	4334	66	1	89	23	19
17245	0	4291	4334	4382	48	0	91	43	43
17321	0	4330	4382	4419	37	0	89	52	52
17246	0	4383	4432	4436	4	0	53	49	49
17248	0	4397	4445	4453	8	0	56	48	48
17247	0	4385	4436	4475	31	6	90	59	51
17322	0	4400	4475	4502	27	0	102	75	75
17288	0	4408	4502	4509	7	0	101	94	94
17211	0	4421	4518	4523	5	0	102	97	97
17173	0	4456	4523	4543	20	0	87	67	67
17172	0	4412	4509	4564	30	9	152	122	97
17210	0	4349	4419	4626	46	1	277	231	70
17325	0	4510	4587	4644	20	12	134	114	77
17212	0	4519	4589	4651	11	8	132	121	70
17324	0	4508	4583	4658	11	27	150	139	75
17287	0	4214	4249	4661	18	27	447	429	35
17195	0	2241	2256	4691	99	59	2450	2351	15
17249	0	4701	4704	4709	5	0	8	3	3
17234	0	3051	3081	4747	50	109	1696	1646	30
17323	0	4489	4564	4756	30	89	267	237	75
17205	0	3525	3539	4785	57	39	1260	1203	14
17251	0	4846	4865	4876	11	0	30	19	19
17250	0	4777	4809	4909	40	27	132	92	32
17174	0	4766	4785	4958	39	56	192	153	19
17213	0	4849	4876	4976	52	5	127	75	27
17202	0	3309	3319	5009	66	28	1700	1634	10
17317	0	3626	3647	5035	77	67	1409	1332	21
17197	0	2362	2422	5038	47	25	2676	2629	60
17232	0	2957	2965	5040	50	44	2083	2033	8
17236	0	3413	3425	5056	51	30	1643	1592	12
17169	0	3797	3804	5077	56	10	1280	1224	7
17306	0	2462	2529	5113	49	3	2651	2602	67
17164	0	3102	3136	5120	89	27	2018	1929	34
17214	0	5069	5077	5121	5	34	52	47	8
17258	0	403	447	5165	69	5	4762	4693	44
17307	0	2495	2567	5182	66	11	2687	2621	72
17217	0	255	261	5198	72	33	4943	4871	6
17175	0	5194	5198	5219	21	0	25	4	4
17241	0	3662	3693	5230	79	94	1568	1489	31
17259	0	410	489	5232	63	13	4822	4759	79
17283	0	3810	3879	5263	76	19	1453	1377	69
17240	0	3661	3673	5269	95	47	1608	1513	12
17177	0	5384	5384	5402	18	0	18	0	0
17176	0	5370	5370	5405	10	25	35	25	0
0	0	0	0	5405	32102	0	5405	-26697	0
