id	priority	createdTime	startedTime	terminatedTime	cpuTime	blockedTime	turnaroundTime	waitingTime	responseTime
18666	0	0	0	4	4	0	4	0	0
18744	0	0	4	6	2	0	6	4	4
18705	0	0	11	61	22	7	61	39	11
18783	0	0	32	98	52	8	98	46	32
18745	0	97	98	99	1	0	2	1	1
18785	0	91	99	106	7	0	15	8	8
18667	0	19	129	159	30	0	140	110	110
18823	0	151	161	180	19	0	29	10	10
18784	0	34	61	197	53	67	163	110	27
18822	0	0	6	232	40	6	232	192	6
18786	0	151	159	267	37	7	116	79	8
18787	0	233	267	269	2	0	36	34	34
18706	0	296	312	359	47	0	63	16	16
18668	0	255	271	367	40	19	112	72	16
18788	0	296	309	400	36	8	104	68	13
18746	0	255	269	535	72	33	280	208	14
18669	0	479	498	540	9	18	61	52	19
18747	0	488	496	545	10	29	57	47	8
18789	0	403	454	572	69	5	169	100	51
18670	0	562	572	601	29	0	39	10	10
18671	0	581	601	636	35	0	55	20	20
18824	0	611	636	663	27	0	52	25	25
18672	0	639	663	682	19	0	43	24	24
18748	0	664	682	728	35	6	64	29	18
18708	0	666	684	767	21	17	101	80	18
18793	0	700	738	769	14	3	69	55	38
18750	0	786	817	821	4	0	35	31	31
18749	0	717	728	846	44	36	129	85	11
18792	0	513	778	855	48	10	342	294	265
18673	0	663	688	864	16	139	201	185	25
18795	0	853	864	878	14	0	25	11	11
18791	0	467	505	943	54	17	476	422	38
18794	0	842	878	944	26	5	102	76	36
18751	0	910	945	950	5	0	40	35	35
18752	0	967	973	985	12	0	18	6	6
18825	0	943	944	1021	27	21	78	51	1
18675	0	929	985	1031	32	5	102	70	56
18796	0	938	1055	1082	24	1	144	120	117
18674	0	910	950	1090	36	50	180	144	40
18797	0	1056	1077	1096	9	2	40	31	21
18678	0	1112	1117	1141	8	1	29	21	5
18826	0	1046	1048	1167	33	20	121	88	2
18827	0	1145	1167	1168	1	0	23	22	22
18677	0	1087	1096	1179	28	30	92	64	9
18709	0	1043	1179	1224	37	1	181	144	136
18679	0	1144	1168	1236	16	20	92	76	24
18798	0	1216	1236	1250	14	0	34	20	20
18710	0	1237	1270	1294	24	0	57	33	33
18754	0	1270	1294	1320	15	2	50	35	24
18711	0	1244	1250	1334	34	6	90	56	6
18714	0	1298	1336	1354	18	0	56	38	38
18712	0	1281	1304	1356	13	28	75	62	23
18755	0	1323	1334	1395	8	42	72	64	11
18676	0	953	1360	1397	35	1	444	409	407
18829	0	1392	1410	1441	31	0	49	18	18
18828	0	1377	1397	1456	28	27	79	51	20
18830	0	1425	1456	1572	57	24	147	90	31
18753	0	1098	1124	1577	88	46	479	391	26
18715	0	1517	1584	1609	25	0	92	67	67
18716	0	1548	1577	1663	22	8	115	93	29
18713	0	1291	1619	1688	55	6	397	342	328
18717	0	1606	1609	1710	31	39	104	73	3
18718	0	1700	1710	1721	11	0	21	10	10
18719	0	1701	1725	1760	18	7	59	41	24
18801	0	1741	1742	1797	33	5	56	23	1
18756	0	1717	1721	1807	22	44	90	68	4
18799	0	1650	1866	1898	32	0	248	216	216
18680	0	1760	1769	1912	54	22	152	98	9
18800	0	1724	1807	1923	39	50	199	160	83
18757	0	1874	1898	1934	15	8	60	45	24
18720	0	1971	1996	2002	6	0	31	25	25
18790	0	410	1934	2011	63	13	1601	1538	1524
18802	0	2043	2061	2064	3	0	21	18	18
18831	0	1943	2018	2146	51	2	203	152	75
18835	0	2097	2111	2148	7	19	51	44	14
18833	0	1978	2011	2152	28	39	174	146	33
18721	0	2141	2152	2157	5	0	16	11	11
18834	0	1990	1995	2203	60	6	213	153	5
18832	0	1970	2002	2207	50	68	237	187	32
18681	0	2192	2207	2227	20	0	35	15	15
18707	0	497	2234	2300	66	0	1803	1737	1737
18836	0	2260	2309	2318	9	0	58	49	49
18684	0	2279	2301	2326	16	8	47	31	22
18758	0	2321	2326	2330	4	0	9	5	5
18682	0	2223	2227	2355	23	29	132	109	4
18837	0	2266	2330	2368	22	10	102	80	64
18723	0	2296	2406	2424	18	0	128	110	110
18804	0	2396	2405	2425	2	10	29	27	9
18803	0	2386	2396	2438	22	7	52	30	10
18685	0	2448	2458	2477	19	0	29	10	10
18725	0	2531	2539	2571	18	2	40	22	8
18686	0	2558	2564	2573	5	2	15	10	6
18841	0	2526	2582	2601	19	0	75	56	56
18805	0	2436	2438	2639	57	109	203	146	2
18724	0	2362	2368	2664	47	25	302	255	6
18838	0	2273	2378	2700	54	17	427	373	105
18722	0	2241	2493	2728	99	59	487	388	252
18806	0	2713	2729	2735	6	0	22	16	16
18687	0	2724	2728	2741	4	5	17	13	4
18759	0	2741	2761	2764	3	0	23	20	20
18727	0	2734	2735	2785	24	12	51	27	1
18844	0	2792	2806	2833	27	0	41	14	14
18807	0	2716	2741	2862	67	39	146	79	25
18688	0	2849	2862	2872	10	0	23	13	13
18726	0	2676	2872	2903	31	0	227	196	196
18683	0	2274	2300	2941	39	9	667	628	26
18760	0	2938	2941	3001	45	4	63	18	3
18808	0	2981	3001	3018	17	0	37	20	20
18762	0	2982	3018	3043	25	0	61	36	36
18761	0	2957	2960	3110	50	44	153	103	3
18809	0	3066	3076	3117	15	14	51	36	10
18728	0	3084	3117	3158	18	3	74	56	33
18845	0	3107	3133	3197	29	16	90	61	26
18810	0	3185	3197	3228	18	3	43	25	12
18763	0	3051	3084	3264	50	109	213	163	33
18689	0	3102	3158	3341	89	27	239	150	56
18839	0	2462	3296	3352	49	3	890	841	834
18690	0	3228	3248	3367	15	61	139	124	20
18846	0	3309	3367	3384	17	0	75	58	58
18730	0	3341	3352	3385	7	9	44	37	11
18691	0	3367	3385	3390	5	0	23	18	18
18731	0	3435	3465	3473	8	0	38	30	30
18767	0	3485	3489	3494	5	0	9	4	4
18765	0	3413	3423	3510	51	30	97	46	10
18811	0	3432	3473	3530	33	3	98	65	41
18812	0	3454	3458	3549	26	10	95	69	4
18847	0	3497	3510	3554	7	26	57	50	13
18768	0	3552	3554	3563	9	0	11	2	2
18692	0	3533	3563	3575	12	0	42	30	30
18849	0	3620	3626	3631	5	0	11	6	6
18693	0	3611	3624	3633	4	4	22	18	13
18766	0	3461	3581	3650	38	19	189	151	120
18848	0	3605	3607	3696	29	31	91	62	2
18733	0	3544	3549	3739	35	77	195	160	5
18813	0	3741	3748	3779	20	8	38	18	7
18734	0	3733	3739	3793	23	5	60	37	6
18771	0	3731	3758	3821	23	26	90	67	27
18851	0	3678	3683	3860	38	72	182	144	5
18850	0	3626	3650	3922	77	67	296	219	24
18729	0	3309	3390	3955	66	28	646	580	81
18815	0	3854	3860	3960	13	69	106	93	6
18816	0	3958	3960	3961	1	0	3	2	2
18732	0	3525	3868	3990	57	39	465	408	343
18694	0	3797	4026	4118	56	10	321	265	229
18695	0	4045	4069	4119	10	13	74	64	24
18735	0	4114	4119	4120	1	0	6	5	5
18772	0	4059	4065	4128	29	10	69	40	6
18773	0	4086	4095	4183	34	2	97	63	9
18736	0	4137	4149	4186	7	23	49	42	12
18770	0	3662	3990	4241	79	94	579	500	328
18696	0	4171	4186	4252	21	22	81	60	15
18852	0	4158	4216	4256	18	18	98	80	58
18817	0	4157	4192	4270	25	11	113	88	35
18818	0	4214	4270	4346	18	27	132	114	56
18840	0	2495	4302	4384	66	11	1889	1823	1807
18775	0	4383	4384	4388	4	0	5	1	1
18737	0	4349	4363	4430	46	1	81	35	14
18738	0	4421	4430	4435	5	0	14	9	9
18819	0	4408	4435	4442	7	0	34	27	27
18777	0	4397	4442	4450	8	0	53	45	45
18698	0	4456	4459	4479	20	0	23	3	3
18697	0	4412	4450	4500	30	9	88	58	38
18859	0	4523	4525	4537	6	4	14	8	2
18858	0	4510	4519	4555	20	12	45	25	9
18739	0	4519	4526	4563	11	8	44	33	7
18857	0	4508	4521	4570	11	27	62	51	13
18776	0	4385	4388	4592	31	6	207	176	3
18821	0	4577	4592	4599	7	0	22	15	15
18860	0	4550	4555	4623	25	21	73	48	5
18856	0	4489	4500	4632	30	89	143	113	11
18855	0	4400	4632	4659	27	0	259	232	232
18820	0	4419	4659	4692	33	0	273	240	240
18854	0	4330	4692	4729	37	0	399	362	362
18778	0	4701	4729	4734	5	0	33	28	28
18774	0	4291	4734	4782	48	0	491	443	443
18853	0	4245	4285	4894	66	1	649	583	40
18779	0	4777	4782	4898	40	27	121	81	5
18780	0	4846	4898	4909	11	0	63	52	52
18699	0	4766	4795	4921	39	56	155	116	29
18764	0	3218	4947	4997	50	0	1779	1729	1729
18781	0	4997	5005	5035	30	0	38	8	8
18740	0	4849	4921	5053	52	5	204	152	72
18842	0	2600	5053	5105	52	0	2505	2453	2453
18741	0	5069	5105	5183	5	34	114	109	36
18782	0	5053	5109	5209	44	5	156	112	56
18700	0	5194	5227	5248	21	0	54	33	33
18769	0	3661	3696	5253	95	47	1592	1497	35
18743	0	5210	5211	5259	7	24	49	42	1
18814	0	3810	5259	5400	76	19	1590	1514	1449
18702	0	5384	5400	5418	18	0	34	16	16
18742	0	5195	5209	5430	70	75	235	165	14
18701	0	5370	5388	5431	10	25	61	51	18
18843	0	2785	2803	5511	83	27	2726	2643	18
18703	0	5435	5511	5563	36	14	128	92	76
18704	0	5488	5523	5623	20	80	135	115	35
0	0	0	0	5623	32376	0	5623	-26753	0
