id	priority	createdTime	startedTime	terminatedTime	cpuTime	blockedTime	turnaroundTime	waitingTime	responseTime
20456	0	0	0	4	4	0	4	0	0
20538	0	0	77	79	2	0	79	77	77
20497	0	0	0	92	22	7	92	70	0
20581	0	91	93	117	7	0	26	19	2
20539	0	97	117	118	1	0	21	20	20
20620	0	0	19	156	40	6	156	116	19
20621	0	151	156	175	19	0	24	5	5
20457	1	19	30	216	30	0	197	167	11
20582	1	151	151	226	37	7	75	38	0
20583	0	233	233	235	2	0	2	0	0
20580	1	34	79	249	53	67	215	162	45
20458	0	255	255	347	40	19	92	52	0
20498	1	296	296	393	47	0	97	50	0
20459	0	479	479	517	9	18	38	29	0
20541	0	488	488	547	10	29	59	49	0
20622	0	611	659	692	27	0	81	54	48
20588	0	513	517	703	48	10	190	142	4
20500	0	666	677	739	21	17	73	52	11
20462	0	639	663	757	19	0	118	99	24
20589	0	700	708	779	14	3	79	65	8
20544	0	786	786	790	4	0	4	0	0
20587	1	467	467	827	54	17	360	306	0
20463	0	663	698	862	16	139	199	183	35
20543	0	717	725	877	44	36	160	116	8
20590	0	842	842	903	26	5	61	35	0
20591	0	853	897	912	14	0	59	45	44
20545	0	910	912	917	5	0	7	2	2
20592	0	938	938	1014	24	1	76	52	0
20465	0	929	929	1042	32	5	113	81	0
20464	0	910	910	1052	36	50	142	106	0
20546	0	967	1043	1068	12	0	101	89	76
20466	0	953	958	1073	35	1	120	85	5
20593	0	1056	1068	1101	9	2	45	36	12
20625	0	1145	1168	1169	1	0	24	23	23
20623	0	943	953	1187	27	21	244	217	10
20468	0	1112	1140	1188	8	1	76	68	28
20501	0	1043	1073	1197	37	1	154	117	30
20624	0	1046	1056	1213	33	20	167	134	10
20469	0	1144	1169	1228	16	20	84	68	25
20467	0	1087	1141	1232	28	30	145	117	54
20594	0	1216	1237	1282	14	0	66	52	21
20548	0	1270	1276	1328	15	2	58	43	6
20506	0	1298	1335	1355	18	0	57	39	37
20503	0	1244	1273	1393	34	6	149	115	29
20504	0	1281	1287	1427	13	28	146	133	6
20549	0	1323	1328	1449	8	42	126	118	5
20626	0	1377	1390	1466	28	27	89	61	13
20627	1	1392	1395	1497	31	0	105	74	3
20584	1	296	328	1504	36	8	1208	1172	32
20508	0	1548	1548	1578	22	8	30	8	0
20507	1	1517	1517	1589	25	0	72	47	0
20502	1	1237	1244	1593	24	0	356	332	7
20542	1	664	717	1613	35	6	949	914	53
20460	1	562	581	1650	29	0	1088	1059	19
20509	1	1606	1606	1696	31	39	90	59	0
20510	0	1700	1700	1739	11	0	39	28	0
20511	0	1701	1701	1740	18	7	39	21	0
20597	0	1741	1741	1820	33	5	79	46	0
20550	0	1717	1724	1825	22	44	108	86	7
20596	0	1724	1729	1853	39	50	129	90	5
20551	0	1874	1874	1897	15	8	23	8	0
20585	1	403	403	1915	69	5	1512	1443	0
20595	1	1650	1650	1927	32	0	277	245	0
20586	1	410	410	1929	63	13	1519	1456	0
20499	1	497	497	1943	66	0	1446	1380	0
20512	0	1971	1971	1977	6	0	6	0	0
20598	0	2043	2057	2060	3	0	17	14	14
20631	0	1978	1978	2064	28	39	86	58	0
20632	0	1990	1990	2110	60	6	120	60	0
20633	0	2097	2097	2123	7	19	26	19	0
20630	0	1970	1970	2136	50	68	166	116	0
20513	0	2141	2141	2146	5	0	5	0	0
20579	1	0	30	2147	52	8	2147	2095	30
20540	1	255	255	2158	72	33	1903	1831	0
20470	1	1760	1781	2168	54	22	408	354	21
20628	1	1425	1449	2177	57	24	752	695	24
20461	1	581	611	2183	35	0	1602	1567	30
20471	0	2192	2192	2212	20	0	20	0	0
20472	0	2223	2223	2307	23	29	84	61	0
20515	0	2296	2313	2333	18	0	37	19	17
20474	0	2279	2286	2349	16	8	70	54	7
20635	0	2266	2273	2362	22	10	96	74	7
20552	0	2321	2333	2367	4	0	46	42	12
20600	0	2396	2399	2413	2	10	17	15	3
20473	0	2274	2362	2482	39	9	208	169	88
20599	0	2386	2392	2525	22	7	139	117	6
20475	0	2448	2525	2549	19	0	101	82	77
20517	0	2531	2558	2583	18	2	52	34	27
20476	0	2558	2574	2602	5	2	44	39	16
20639	0	2526	2631	2650	19	0	124	105	105
20602	0	2713	2713	2727	6	0	14	8	0
20518	0	2676	2704	2743	31	0	67	36	28
20553	0	2741	2745	2748	3	0	7	4	4
20477	0	2724	2734	2751	4	5	27	23	10
20638	0	2495	2526	2765	66	11	270	204	31
20601	0	2436	2448	2796	57	109	360	303	12
20519	0	2734	2740	2822	24	12	88	64	6
20642	0	2792	2800	2834	27	0	42	15	8
20478	0	2849	2885	2895	10	0	46	36	36
20634	0	2260	2266	3018	9	0	758	749	6
20556	0	2982	3018	3063	25	0	81	56	36
20554	0	2938	2957	3087	45	4	149	104	19
20605	0	3066	3102	3200	15	14	134	119	36
20604	0	2981	3170	3204	17	0	223	206	189
20606	0	3185	3189	3213	18	3	28	10	4
20520	0	3084	3093	3250	18	3	166	148	9
20557	0	3051	3066	3283	50	109	232	182	15
20516	0	2362	2367	3286	47	25	924	877	5
20644	0	3309	3320	3344	17	0	35	18	11
20479	0	3102	3117	3397	89	27	295	206	15
20480	0	3228	3235	3399	15	61	171	156	7
20522	0	3341	3344	3414	7	9	73	66	3
20523	0	3435	3436	3444	8	0	9	1	1
20481	0	3367	3432	3446	5	0	79	74	65
20555	0	2957	2980	3474	50	44	517	467	23
20561	0	3485	3489	3494	5	0	9	4	4
20482	0	3533	3552	3564	12	0	31	19	19
20559	0	3413	3446	3601	51	30	188	137	33
20562	0	3552	3604	3634	9	0	82	73	52
20560	0	3461	3497	3637	38	19	176	138	36
20647	0	3620	3657	3663	5	0	43	38	37
20608	0	3454	3461	3735	26	10	281	255	7
20524	0	3525	3533	3752	57	39	227	170	8
20483	0	3611	3661	3780	4	4	169	165	50
20565	0	3731	3755	3822	23	26	91	68	24
20609	0	3741	3752	3825	20	8	84	64	11
20646	0	3605	3615	3963	29	31	358	329	10
20607	0	3432	3454	3965	33	3	533	500	22
20612	0	3958	3965	3966	1	0	8	7	7
20526	0	3733	3967	3998	23	5	265	242	234
20645	0	3497	3981	4014	7	26	517	510	484
20649	0	3678	3724	4077	38	72	399	361	46
20611	0	3854	3941	4082	13	69	228	215	87
20485	0	4045	4045	4087	10	13	42	32	0
20527	0	4114	4114	4115	1	0	1	0	0
20566	0	4059	4059	4146	29	10	87	58	0
20528	0	4137	4137	4174	7	23	37	30	0
20629	1	1943	1943	4198	51	2	2255	2204	0
20650	0	4158	4158	4216	18	18	58	40	0
20613	0	4157	4157	4221	25	11	64	39	0
20486	0	4171	4182	4270	21	22	99	78	11
20614	0	4214	4216	4273	18	27	59	41	2
20651	0	4245	4245	4355	66	1	110	44	0
20569	0	4383	4385	4389	4	0	6	2	2
20529	0	4349	4355	4425	46	1	76	30	6
20530	0	4421	4431	4436	5	0	15	10	10
20615	0	4408	4437	4444	7	0	36	29	29
20652	0	4330	4330	4463	37	0	133	96	0
20616	0	4419	4436	4483	33	0	64	31	17
20571	0	4397	4408	4528	8	0	131	123	11
20531	0	4519	4523	4557	11	8	38	27	4
20570	0	4385	4397	4563	31	6	178	147	12
20487	0	4412	4483	4613	30	9	201	171	71
20657	0	4523	4528	4618	6	4	95	89	5
20655	0	4508	4533	4625	11	27	117	106	25
20617	0	4577	4581	4627	7	0	50	43	4
20656	0	4510	4529	4645	20	12	135	115	19
20488	0	4456	4510	4671	20	0	215	195	54
20654	0	4489	4529	4680	30	89	191	161	40
20653	0	4400	4419	4690	27	0	290	263	19
20572	0	4701	4701	4706	5	0	5	0	0
20619	0	4777	4791	4825	2	9	48	46	14
20574	0	4846	4849	4869	11	0	23	12	3
20573	0	4777	4777	4887	40	27	110	70	0
20659	0	4728	4728	4925	43	38	197	154	0
20532	0	4849	4869	4943	52	5	94	42	20
20489	0	4766	4766	4953	39	56	187	148	0
20575	0	4997	4997	5027	30	0	30	0	0
20533	0	5069	5069	5108	5	34	39	34	0
20568	1	4291	4291	5110	48	0	819	771	0
20547	1	1098	1112	5114	88	46	4016	3928	14
20641	1	2785	2785	5120	83	27	2335	2252	0
20618	1	4700	4700	5126	38	13	426	388	0
20640	1	2600	2608	5160	52	0	2560	2508	8
20577	0	5174	5174	5177	3	0	3	0	0
20643	1	3107	3117	5179	29	16	2072	2043	10
20637	1	2462	2488	5194	49	3	2732	2683	26
20490	0	5194	5194	5218	21	0	24	3	0
20567	1	4086	4087	5233	34	2	1147	1113	1
20578	0	5239	5239	5251	12	0	12	0	0
20535	0	5210	5210	5273	7	24	63	56	0
20536	0	5295	5295	5304	9	0	9	0	0
20576	1	5053	5053	5308	44	5	255	211	0
20484	1	3797	3834	5366	56	10	1569	1513	37
20525	1	3544	3601	5383	35	77	1839	1804	57
20492	0	5384	5384	5402	18	0	18	0	0
20491	0	5370	5370	5405	10	25	35	25	0
20505	1	1291	1366	5417	55	6	4126	4071	75
20658	1	4550	4559	5448	25	21	898	873	9
20660	1	4742	4742	5458	45	35	716	671	0
20603	1	2716	2751	5533	67	39	2817	2750	35
20494	0	5488	5488	5588	20	80	100	80	0
20521	1	3309	3309	5604	66	28	2295	2229	0
20493	1	5435	5435	5628	36	14	193	157	0
20636	1	2273	2372	5629	54	17	3356	3302	99
20558	2	3218	3248	5654	50	0	2436	2386	30
20563	1	3661	3668	5666	95	47	2005	1910	7
20514	2	2241	2241	5667	99	59	3426	3327	0
20534	2	5195	5195	5726	70	75	531	461	0
20537	2	5330	5330	5741	78	57	411	333	0
20610	2	3810	3837	5769	76	19	1959	1883	27
20648	2	3626	3637	5780	77	67	2154	2077	11
20564	2	3662	3664	5791	79	94	2129	2050	2
20495	0	5806	5806	5829	13	10	23	10	0
20496	0	6089	6089	6128	30	9	39	9	0
0	0	0	0	6128	33864	0	6128	-27736	0
