id	priority	createdTime	startedTime	terminatedTime	cpuTime	blockedTime	turnaroundTime	waitingTime	responseTime
21071	0	0	0	4	4	0	4	0	0
21153	0	0	25	27	2	0	27	25	25
21072	0	19	60	90	30	0	71	41	41
21235	0	0	55	125	40	6	125	85	55
21196	0	91	138	145	7	0	54	47	47
21154	0	97	145	146	1	0	49	48	48
21112	0	0	4	147	22	7	147	125	4
21194	0	0	27	171	52	8	171	119	27
21236	0	151	173	192	19	0	41	22	22
21197	0	151	171	227	37	7	76	39	20
21198	0	233	250	252	2	0	19	17	17
21113	0	296	347	394	47	0	98	51	51
21195	0	34	125	414	53	67	380	327	91
21199	0	296	394	447	36	8	151	115	98
21114	0	497	570	636	66	0	139	73	73
21074	0	479	564	644	9	18	165	156	85
21156	0	488	568	688	10	29	200	190	80
21075	0	562	688	717	29	0	155	126	126
21076	0	581	717	752	35	0	171	136	136
21237	0	611	752	779	27	0	168	141	141
21077	0	639	779	798	19	0	159	140	140
21157	0	664	805	856	35	6	192	157	141
21115	0	666	807	873	21	17	207	186	141
21159	0	786	883	887	4	0	101	97	97
21206	0	853	912	926	14	0	73	59	59
21078	0	663	798	955	16	139	292	276	135
21160	0	910	955	960	5	0	50	45	45
21158	0	717	873	985	44	36	268	224	156
21161	0	967	1075	1087	12	0	120	108	108
21238	0	943	1029	1118	27	21	175	148	86
21208	0	1056	1153	1183	9	2	127	118	97
21239	0	1046	1146	1209	33	20	163	130	100
21083	0	1112	1225	1237	8	1	125	117	113
21240	0	1145	1237	1238	1	0	93	92	92
21209	0	1216	1238	1252	14	0	36	22	22
21117	0	1237	1252	1276	24	0	39	15	15
21084	0	1144	1232	1288	16	20	144	128	88
21121	0	1298	1367	1385	18	0	87	69	69
21163	0	1270	1308	1390	15	2	120	105	38
21119	0	1281	1318	1394	13	28	113	100	37
21242	0	1392	1411	1442	31	0	50	19	19
21164	0	1323	1390	1444	8	42	121	113	67
21204	0	700	811	1473	14	3	773	759	111
21241	0	1377	1394	1488	28	27	111	83	17
21202	0	467	550	1528	54	17	1061	1007	83
21122	0	1517	1528	1553	25	0	36	11	11
21079	0	910	935	1568	36	50	658	622	25
21123	0	1548	1553	1591	22	8	43	21	5
21082	0	1087	1156	1634	28	30	547	519	69
21118	0	1244	1288	1648	34	6	404	370	44
21080	0	929	985	1658	32	5	729	697	56
21210	0	1650	1658	1690	32	0	40	8	8
21207	0	938	1007	1700	24	1	762	738	69
21073	0	255	255	1708	40	19	1453	1413	0
21124	0	1606	1626	1730	31	39	124	93	20
21125	0	1700	1730	1741	11	0	41	30	30
21165	0	1717	1758	1837	22	44	120	98	41
21126	0	1701	1741	1839	18	7	138	120	40
21212	0	1741	1799	1855	33	5	114	81	58
21205	0	842	887	1891	26	5	1049	1023	45
21166	0	1874	1886	1927	15	8	53	38	12
21085	0	1760	1816	1937	54	22	177	123	56
21116	0	1043	1118	1946	37	1	903	866	75
21211	0	1724	1762	1978	39	50	254	215	38
21127	0	1971	1985	1991	6	0	20	14	14
21244	0	1943	1946	2029	51	2	86	35	3
21213	0	2043	2094	2097	3	0	54	51	51
21247	0	1990	1998	2143	60	6	153	93	8
21246	0	1978	1991	2147	28	39	169	141	13
21248	0	2097	2101	2149	7	19	52	45	4
21128	0	2141	2149	2154	5	0	13	8	8
21081	0	953	1030	2165	35	1	1212	1177	77
21243	0	1425	1444	2170	57	24	745	688	19
21245	0	1970	1978	2174	50	68	204	154	8
21086	0	2192	2198	2218	20	0	26	6	6
21162	0	1098	1209	2223	88	46	1125	1037	111
21203	0	513	644	2232	48	10	1719	1671	131
21120	0	1291	1329	2256	55	6	965	910	38
21087	0	2223	2232	2296	23	29	73	50	9
21249	0	2260	2296	2305	9	0	45	36	36
21250	0	2266	2305	2345	22	10	79	57	39
21130	0	2296	2354	2372	18	0	76	58	58
21088	0	2274	2345	2410	39	9	136	97	71
21089	0	2279	2346	2418	16	8	139	123	67
21167	0	2321	2418	2422	4	0	101	97	97
21215	0	2396	2441	2463	2	10	67	65	45
21214	0	2386	2432	2476	22	7	90	68	46
21090	0	2448	2510	2529	19	0	81	62	62
21254	0	2526	2608	2627	19	0	101	82	82
21255	0	2600	2644	2696	52	0	96	44	44
21091	0	2558	2641	2698	5	2	140	135	83
21133	0	2676	2698	2729	31	0	53	22	22
21217	0	2713	2729	2735	6	0	22	16	16
21168	0	2741	2759	2762	3	0	21	18	18
21092	0	2724	2755	2765	4	5	41	37	31
21132	0	2531	2627	2769	18	2	238	220	96
21251	0	2273	2314	2805	54	17	532	478	41
21134	0	2734	2756	2826	24	12	92	68	22
21257	0	2792	2829	2856	27	0	64	37	37
21093	0	2849	2856	2866	10	0	17	7	7
21256	0	2785	2826	2946	83	27	161	78	41
21169	0	2938	2946	3006	45	4	68	23	8
21219	0	2981	3006	3023	17	0	42	25	25
21171	0	2982	3023	3048	25	0	66	41	41
21220	0	3066	3105	3136	15	14	70	55	39
21135	0	3084	3113	3203	18	3	119	101	29
21221	0	3185	3192	3228	18	3	43	25	7
21173	0	3218	3228	3278	50	0	60	10	10
21095	0	3228	3278	3361	15	61	133	118	50
21259	0	3309	3361	3378	17	0	69	52	52
21096	0	3367	3384	3389	5	0	22	17	17
21258	0	3107	3169	3395	29	16	288	259	62
21137	0	3341	3378	3396	7	9	55	48	37
21218	0	2716	2735	3425	67	39	709	642	19
21138	0	3435	3476	3484	8	0	49	41	41
21223	0	3454	3484	3531	26	10	77	51	30
21176	0	3485	3531	3536	5	0	51	46	46
21260	0	3497	3536	3571	7	26	74	67	39
21097	0	3533	3571	3583	12	0	50	38	38
21177	0	3552	3584	3593	9	0	41	32	32
21222	0	3432	3460	3610	33	3	178	145	28
21262	0	3620	3640	3645	5	0	25	20	20
21098	0	3611	3638	3647	4	4	36	32	27
21140	0	3544	3583	3752	35	77	208	173	39
21141	0	3733	3771	3804	23	5	71	48	38
21180	0	3731	3760	3869	23	26	138	115	29
21224	0	3741	3780	3879	20	8	138	118	39
21264	0	3678	3752	3967	38	72	289	251	74
21227	0	3958	3967	3968	1	0	10	9	9
21175	0	3461	3491	3992	38	19	531	493	30
21261	0	3605	3616	3997	29	31	392	363	11
21226	0	3854	3945	4057	13	69	203	190	91
21216	0	2436	2442	4070	57	109	1634	1577	6
21100	0	4045	4057	4101	10	13	56	46	12
21182	0	4086	4091	4131	34	2	45	11	5
21142	0	4114	4131	4132	1	0	18	17	17
21181	0	4059	4062	4164	29	10	105	76	3
21143	0	4137	4143	4178	7	23	41	34	6
21228	0	4157	4164	4212	25	11	55	30	7
21101	0	4171	4192	4249	21	22	78	57	21
21265	0	4158	4178	4285	18	18	127	109	20
21266	0	4245	4264	4334	66	1	89	23	19
21183	0	4291	4334	4382	48	0	91	43	43
21267	0	4330	4382	4419	37	0	89	52	52
21184	0	4383	4432	4436	4	0	53	49	49
21186	0	4397	4445	4453	8	0	56	48	48
21185	0	4385	4436	4475	31	6	90	59	51
21268	0	4400	4475	4502	27	0	102	75	75
21230	0	4408	4502	4509	7	0	101	94	94
21231	0	4419	4518	4551	33	0	132	99	99
21102	0	4412	4509	4572	30	9	160	130	97
21145	0	4421	4572	4577	5	0	156	151	151
21103	0	4456	4577	4597	20	0	141	121	121
21232	0	4577	4628	4635	7	0	58	51	51
21272	0	4523	4626	4640	6	4	117	111	103
21271	0	4510	4620	4658	20	12	148	128	110
21273	0	4550	4627	4682	25	21	132	107	77
21146	0	4519	4622	4689	11	8	170	159	103
21270	0	4508	4616	4696	11	27	188	177	108
21144	0	4349	4419	4729	46	1	380	334	70
21187	0	4701	4762	4767	5	0	66	61	61
21229	0	4214	4249	4849	18	27	635	617	35
21189	0	4846	4849	4860	11	0	14	3	3
21234	0	4777	4845	4861	2	9	84	82	68
21275	0	4742	4794	4941	45	35	199	154	52
21129	0	2241	2256	4971	99	59	2730	2631	15
21188	0	4777	4832	4991	40	27	214	174	55
21190	0	4997	5016	5046	30	0	49	19	19
21269	0	4489	4597	5055	30	89	566	536	108
21104	0	4766	4808	5067	39	56	301	262	42
21172	0	3051	3081	5102	50	109	2051	2001	30
21191	0	5053	5067	5128	44	5	75	31	14
21148	0	5069	5085	5129	5	34	60	55	16
21139	0	3525	3539	5176	57	39	1651	1594	14
21192	0	5174	5176	5179	3	0	5	2	2
21147	0	4849	4861	5197	52	5	348	296	12
21105	0	5194	5197	5218	21	0	24	3	3
21274	0	4728	4767	5227	43	38	499	456	39
21150	0	5210	5220	5253	7	24	43	36	10
21193	0	5239	5253	5265	12	0	26	14	14
21151	0	5295	5350	5359	9	0	64	55	55
21107	0	5384	5391	5409	18	0	25	7	7
21136	0	3309	3319	5442	66	28	2133	2067	10
21106	0	5370	5382	5443	10	25	73	63	12
21108	0	5435	5443	5536	36	14	101	65	8
21233	0	4700	4729	5541	38	13	841	803	29
21263	0	3626	3647	5567	77	67	1941	1864	21
21131	0	2362	2422	5570	47	25	3208	3161	60
21170	0	2957	2965	5572	50	44	2615	2565	8
21174	0	3413	3425	5588	51	30	2175	2124	12
21099	0	3797	3804	5609	56	10	1812	1756	7
21109	0	5488	5496	5634	20	80	146	126	8
21252	0	2462	2529	5645	49	3	3183	3134	67
21094	0	3102	3136	5652	89	27	2550	2461	34
21200	0	403	447	5696	69	5	5293	5224	44
21253	0	2495	2567	5713	66	11	3218	3152	72
21152	0	5330	5359	5727	78	57	397	319	29
21179	0	3662	3693	5738	79	94	2076	1997	31
21155	0	255	261	5754	72	33	5499	5427	6
21149	0	5195	5218	5766	70	75	571	501	23
21201	0	410	489	5768	63	13	5358	5295	79
21225	0	3810	3879	5799	76	19	1989	1913	69
21178	0	3661	3673	5805	95	47	2144	2049	12
21110	0	5806	5806	5829	13	10	23	10	0
21111	0	6089	6089	6128	30	9	39	9	0
0	0	0	0	6128	34746	0	6128	-28618	0
