id	priority	createdTime	startedTime	terminatedTime	cpuTime	blockedTime	turnaroundTime	waitingTime	responseTime
21486	0	0	0	4	4	0	4	0	0
21570	0	0	77	79	2	0	79	77	77
21528	0	0	0	92	22	7	92	70	0
21614	0	91	93	117	7	0	26	19	2
21571	0	97	117	118	1	0	21	20	20
21654	0	0	19	156	40	6	156	116	19
21655	0	151	156	175	19	0	24	5	5
21487	1	19	30	216	30	0	197	167	11
21615	1	151	151	226	37	7	75	38	0
21616	0	233	233	235	2	0	2	0	0
21613	1	34	79	249	53	67	215	162	45
21488	0	255	255	347	40	19	92	52	0
21529	1	296	296	393	47	0	97	50	0
21489	0	479	479	517	9	18	38	29	0
21573	0	488	488	547	10	29	59	49	0
21656	0	611	659	692	27	0	81	54	48
21621	0	513	517	703	48	10	190	142	4
21531	0	666	677	739	21	17	73	52	11
21492	0	639	663	757	19	0	118	99	24
21622	0	700	708	779	14	3	79	65	8
21576	0	786	786	790	4	0	4	0	0
21620	1	467	467	827	54	17	360	306	0
21493	0	663	698	862	16	139	199	183	35
21575	0	717	725	877	44	36	160	116	8
21623	0	842	842	903	26	5	61	35	0
21624	0	853	897	912	14	0	59	45	44
21577	0	910	912	917	5	0	7	2	2
21625	0	938	938	1014	24	1	76	52	0
21495	0	929	929	1042	32	5	113	81	0
21494	0	910	910	1052	36	50	142	106	0
21578	0	967	1043	1068	12	0	101	89	76
21496	0	953	958	1073	35	1	120	85	5
21626	0	1056	1068	1101	9	2	45	36	12
21659	0	1145	1168	1169	1	0	24	23	23
21657	0	943	953	1187	27	21	244	217	10
21498	0	1112	1140	1188	8	1	76	68	28
21532	0	1043	1073	1197	37	1	154	117	30
21658	0	1046	1056	1213	33	20	167	134	10
21499	0	1144	1169	1228	16	20	84	68	25
21497	0	1087	1141	1232	28	30	145	117	54
21627	0	1216	1237	1282	14	0	66	52	21
21580	0	1270	1276	1328	15	2	58	43	6
21537	0	1298	1335	1355	18	0	57	39	37
21534	0	1244	1273	1393	34	6	149	115	29
21535	0	1281	1287	1427	13	28	146	133	6
21581	0	1323	1328	1449	8	42	126	118	5
21660	0	1377	1390	1466	28	27	89	61	13
21661	1	1392	1395	1497	31	0	105	74	3
21617	1	296	328	1504	36	8	1208	1172	32
21539	0	1548	1548	1578	22	8	30	8	0
21538	1	1517	1517	1589	25	0	72	47	0
21533	1	1237	1244	1593	24	0	356	332	7
21574	1	664	717	1613	35	6	949	914	53
21490	1	562	581	1650	29	0	1088	1059	19
21540	1	1606	1606	1696	31	39	90	59	0
21541	0	1700	1700	1739	11	0	39	28	0
21542	0	1701	1701	1740	18	7	39	21	0
21630	0	1741	1741	1820	33	5	79	46	0
21582	0	1717	1724	1825	22	44	108	86	7
21629	0	1724	1729	1853	39	50	129	90	5
21583	0	1874	1874	1897	15	8	23	8	0
21618	1	403	403	1915	69	5	1512	1443	0
21628	1	1650	1650	1927	32	0	277	245	0
21619	1	410	410	1929	63	13	1519	1456	0
21530	1	497	497	1943	66	0	1446	1380	0
21543	0	1971	1971	1977	6	0	6	0	0
21631	0	2043	2057	2060	3	0	17	14	14
21665	0	1978	1978	2064	28	39	86	58	0
21666	0	1990	1990	2110	60	6	120	60	0
21667	0	2097	2097	2123	7	19	26	19	0
21664	0	1970	1970	2136	50	68	166	116	0
21544	0	2141	2141	2146	5	0	5	0	0
21612	1	0	30	2147	52	8	2147	2095	30
21572	1	255	255	2158	72	33	1903	1831	0
21500	1	1760	1781	2168	54	22	408	354	21
21662	1	1425	1449	2177	57	24	752	695	24
21491	1	581	611	2183	35	0	1602	1567	30
21501	0	2192	2192	2212	20	0	20	0	0
21502	0	2223	2223	2307	23	29	84	61	0
21546	0	2296	2313	2333	18	0	37	19	17
21504	0	2279	2286	2349	16	8	70	54	7
21669	0	2266	2273	2362	22	10	96	74	7
21584	0	2321	2333	2367	4	0	46	42	12
21633	0	2396	2399	2413	2	10	17	15	3
21503	0	2274	2362	2482	39	9	208	169	88
21632	0	2386	2392	2525	22	7	139	117	6
21505	0	2448	2525	2549	19	0	101	82	77
21548	0	2531	2558	2583	18	2	52	34	27
21506	0	2558	2574	2602	5	2	44	39	16
21673	0	2526	2631	2650	19	0	124	105	105
21635	0	2713	2713	2727	6	0	14	8	0
21549	0	2676	2704	2743	31	0	67	36	28
21585	0	2741	2745	2748	3	0	7	4	4
21507	0	2724	2734	2751	4	5	27	23	10
21672	0	2495	2526	2765	66	11	270	204	31
21634	0	2436	2448	2796	57	109	360	303	12
21550	0	2734	2740	2822	24	12	88	64	6
21676	0	2792	2800	2834	27	0	42	15	8
21508	0	2849	2885	2895	10	0	46	36	36
21668	0	2260	2266	3018	9	0	758	749	6
21588	0	2982	3018	3063	25	0	81	56	36
21586	0	2938	2957	3087	45	4	149	104	19
21638	0	3066	3102	3200	15	14	134	119	36
21637	0	2981	3170	3204	17	0	223	206	189
21639	0	3185	3189	3213	18	3	28	10	4
21551	0	3084	3093	3250	18	3	166	148	9
21589	0	3051	3066	3283	50	109	232	182	15
21547	0	2362	2367	3286	47	25	924	877	5
21678	0	3309	3320	3344	17	0	35	18	11
21509	0	3102	3117	3397	89	27	295	206	15
21510	0	3228	3235	3399	15	61	171	156	7
21553	0	3341	3344	3414	7	9	73	66	3
21554	0	3435	3436	3444	8	0	9	1	1
21511	0	3367	3432	3446	5	0	79	74	65
21587	0	2957	2980	3474	50	44	517	467	23
21593	0	3485	3489	3494	5	0	9	4	4
21512	0	3533	3552	3564	12	0	31	19	19
21591	0	3413	3446	3601	51	30	188	137	33
21594	0	3552	3604	3634	9	0	82	73	52
21592	0	3461	3497	3637	38	19	176	138	36
21681	0	3620	3657	3663	5	0	43	38	37
21641	0	3454	3461	3735	26	10	281	255	7
21555	0	3525	3533	3752	57	39	227	170	8
21513	0	3611	3661	3780	4	4	169	165	50
21597	0	3731	3755	3822	23	26	91	68	24
21642	0	3741	3752	3825	20	8	84	64	11
21680	0	3605	3615	3963	29	31	358	329	10
21640	0	3432	3454	3965	33	3	533	500	22
21645	0	3958	3965	3966	1	0	8	7	7
21557	0	3733	3967	3998	23	5	265	242	234
21679	0	3497	3981	4014	7	26	517	510	484
21683	0	3678	3724	4077	38	72	399	361	46
21644	0	3854	3941	4082	13	69	228	215	87
21515	0	4045	4045	4087	10	13	42	32	0
21558	0	4114	4114	4115	1	0	1	0	0
21598	0	4059	4059	4146	29	10	87	58	0
21559	0	4137	4137	4174	7	23	37	30	0
21663	1	1943	1943	4198	51	2	2255	2204	0
21684	0	4158	4158	4216	18	18	58	40	0
21646	0	4157	4157	4221	25	11	64	39	0
21516	0	4171	4182	4270	21	22	99	78	11
21647	0	4214	4216	4273	18	27	59	41	2
21685	0	4245	4245	4355	66	1	110	44	0
21601	0	4383	4385	4389	4	0	6	2	2
21560	0	4349	4355	4425	46	1	76	30	6
21561	0	4421	4431	4436	5	0	15	10	10
21648	0	4408	4437	4444	7	0	36	29	29
21686	0	4330	4330	4463	37	0	133	96	0
21649	0	4419	4436	4483	33	0	64	31	17
21603	0	4397	4408	4528	8	0	131	123	11
21562	0	4519	4523	4557	11	8	38	27	4
21602	0	4385	4397	4563	31	6	178	147	12
21517	0	4412	4483	4613	30	9	201	171	71
21691	0	4523	4528	4618	6	4	95	89	5
21689	0	4508	4533	4625	11	27	117	106	25
21650	0	4577	4581	4627	7	0	50	43	4
21690	0	4510	4529	4645	20	12	135	115	19
21518	0	4456	4510	4671	20	0	215	195	54
21688	0	4489	4529	4680	30	89	191	161	40
21687	0	4400	4419	4690	27	0	290	263	19
21604	0	4701	4701	4706	5	0	5	0	0
21695	0	4751	4764	4805	13	0	54	41	13
21652	0	4777	4805	4835	2	9	58	56	28
21606	0	4846	4849	4860	11	0	14	3	3
21693	0	4728	4728	4863	43	38	135	92	0
21605	0	4777	4781	4896	40	27	119	79	4
21694	0	4742	4742	4933	45	35	191	146	0
21653	0	4902	4902	4958	11	27	56	45	0
21636	1	2716	2751	4961	67	39	2245	2178	35
21519	0	4766	4777	4985	39	56	219	180	11
21692	1	4550	4559	4989	25	21	439	414	9
21607	0	4997	4997	5027	30	0	30	0	0
21579	1	1098	1112	5032	88	46	3934	3846	14
21514	1	3797	3834	5051	56	10	1254	1198	37
21564	0	5069	5069	5108	5	34	39	34	0
21608	1	5053	5053	5133	44	5	80	36	0
21671	1	2462	2488	5164	49	3	2702	2653	26
21675	1	2785	2785	5169	83	27	2384	2301	0
21609	0	5174	5174	5177	3	0	3	0	0
21520	0	5194	5194	5218	21	0	24	3	0
21610	0	5239	5239	5251	12	0	12	0	0
21566	0	5210	5210	5263	7	24	53	46	0
21599	1	4086	4087	5293	34	2	1207	1173	1
21567	0	5295	5295	5304	9	0	9	0	0
21569	0	5333	5333	5336	3	0	3	0	0
21522	0	5384	5384	5402	18	0	18	0	0
21521	0	5370	5370	5405	10	25	35	25	0
21536	1	1291	1366	5428	55	6	4137	4082	75
21523	1	5435	5435	5559	36	14	124	88	0
21568	1	5330	5330	5576	78	57	246	168	0
21611	1	5349	5349	5579	39	5	230	191	0
21524	0	5488	5488	5588	20	80	100	80	0
21682	1	3626	3637	5600	77	67	1974	1897	11
21670	1	2273	2372	5616	54	17	3343	3289	99
21556	1	3544	3601	5619	35	77	2075	2040	57
21651	1	4700	4700	5681	38	13	981	943	0
21565	1	5195	5195	5688	70	75	493	423	0
21563	1	4849	4863	5706	52	5	857	805	14
21552	1	3309	3309	5784	66	28	2475	2409	0
21590	1	3218	3248	5803	50	0	2585	2535	30
21595	1	3661	3668	5819	95	47	2158	2063	7
21525	0	5806	5806	5829	13	10	23	10	0
21677	1	3107	3117	5831	29	16	2724	2695	10
21596	1	3662	3664	5839	79	94	2177	2098	2
21600	2	4291	4291	5847	48	0	1556	1508	0
21674	2	2600	2608	5850	52	0	3250	3198	8
21545	2	2241	2241	5858	99	59	3617	3518	0
21643	2	3810	3837	5889	76	19	2079	2003	27
21526	0	6089	6089	6128	30	9	39	9	0
21527	0	6103	6103	6163	21	21	60	39	0
0	0	0	0	6163	35212	0	6163	-29049	0
