id	priority	createdTime	startedTime	terminatedTime	cpuTime	blockedTime	turnaroundTime	waitingTime	responseTime
21696	0	0	0	4	4	0	4	0	0
21780	0	0	4	6	2	0	6	4	4
21738	0	0	11	61	22	7	61	39	11
21822	0	0	32	98	52	8	98	46	32
21781	0	97	98	99	1	0	2	1	1
21824	0	91	99	106	7	0	15	8	8
21697	0	19	129	159	30	0	140	110	110
21865	0	151	161	180	19	0	29	10	10
21823	0	34	61	197	53	67	163	110	27
21864	0	0	6	232	40	6	232	192	6
21825	0	151	159	267	37	7	116	79	8
21826	0	233	267	269	2	0	36	34	34
21739	0	296	312	359	47	0	63	16	16
21698	0	255	271	367	40	19	112	72	16
21827	0	296	309	400	36	8	104	68	13
21782	0	255	269	535	72	33	280	208	14
21699	0	479	498	540	9	18	61	52	19
21783	0	488	496	545	10	29	57	47	8
21828	0	403	454	572	69	5	169	100	51
21700	0	562	572	601	29	0	39	10	10
21701	0	581	601	636	35	0	55	20	20
21866	0	611	636	663	27	0	52	25	25
21702	0	639	663	682	19	0	43	24	24
21784	0	664	682	728	35	6	64	29	18
21741	0	666	684	767	21	17	101	80	18
21832	0	700	738	769	14	3	69	55	38
21786	0	786	817	821	4	0	35	31	31
21785	0	717	728	846	44	36	129	85	11
21831	0	513	778	855	48	10	342	294	265
21703	0	663	688	864	16	139	201	185	25
21834	0	853	864	878	14	0	25	11	11
21830	0	467	505	943	54	17	476	422	38
21833	0	842	878	944	26	5	102	76	36
21787	0	910	945	950	5	0	40	35	35
21788	0	967	973	985	12	0	18	6	6
21867	0	943	944	1021	27	21	78	51	1
21705	0	929	985	1031	32	5	102	70	56
21835	0	938	1055	1082	24	1	144	120	117
21704	0	910	950	1090	36	50	180	144	40
21836	0	1056	1077	1096	9	2	40	31	21
21708	0	1112	1117	1141	8	1	29	21	5
21868	0	1046	1048	1167	33	20	121	88	2
21869	0	1145	1167	1168	1	0	23	22	22
21707	0	1087	1096	1179	28	30	92	64	9
21742	0	1043	1179	1224	37	1	181	144	136
21709	0	1144	1168	1236	16	20	92	76	24
21837	0	1216	1236	1250	14	0	34	20	20
21743	0	1237	1270	1294	24	0	57	33	33
21790	0	1270	1294	1320	15	2	50	35	24
21744	0	1244	1250	1334	34	6	90	56	6
21747	0	1298	1336	1354	18	0	56	38	38
21745	0	1281	1304	1356	13	28	75	62	23
21791	0	1323	1334	1395	8	42	72	64	11
21706	0	953	1360	1397	35	1	444	409	407
21871	0	1392	1410	1441	31	0	49	18	18
21870	0	1377	1397	1456	28	27	79	51	20
21872	0	1425	1456	1572	57	24	147	90	31
21789	0	1098	1124	1577	88	46	479	391	26
21748	0	1517	1584	1609	25	0	92	67	67
21749	0	1548	1577	1663	22	8	115	93	29
21746	0	1291	1619	1688	55	6	397	342	328
21750	0	1606	1609	1710	31	39	104	73	3
21751	0	1700	1710	1721	11	0	21	10	10
21752	0	1701	1725	1760	18	7	59	41	24
21840	0	1741	1742	1797	33	5	56	23	1
21792	0	1717	1721	1807	22	44	90	68	4
21838	0	1650	1866	1898	32	0	248	216	216
21710	0	1760	1769	1912	54	22	152	98	9
21839	0	1724	1807	1923	39	50	199	160	83
21793	0	1874	1898	1934	15	8	60	45	24
21753	0	1971	1996	2002	6	0	31	25	25
21829	0	410	1934	2011	63	13	1601	1538	1524
21841	0	2043	2061	2064	3	0	21	18	18
21873	0	1943	2018	2146	51	2	203	152	75
21877	0	2097	2111	2148	7	19	51	44	14
21875	0	1978	2011	2152	28	39	174	146	33
21754	0	2141	2152	2157	5	0	16	11	11
21876	0	1990	1995	2203	60	6	213	153	5
21874	0	1970	2002	2207	50	68	237	187	32
21711	0	2192	2207	2227	20	0	35	15	15
21740	0	497	2234	2300	66	0	1803	1737	1737
21878	0	2260	2309	2318	9	0	58	49	49
21714	0	2279	2301	2326	16	8	47	31	22
21794	0	2321	2326	2330	4	0	9	5	5
21712	0	2223	2227	2355	23	29	132	109	4
21879	0	2266	2330	2368	22	10	102	80	64
21756	0	2296	2406	2424	18	0	128	110	110
21843	0	2396	2405	2425	2	10	29	27	9
21842	0	2386	2396	2438	22	7	52	30	10
21715	0	2448	2458	2477	19	0	29	10	10
21758	0	2531	2539	2571	18	2	40	22	8
21716	0	2558	2564	2573	5	2	15	10	6
21883	0	2526	2582	2601	19	0	75	56	56
21844	0	2436	2438	2639	57	109	203	146	2
21757	0	2362	2368	2664	47	25	302	255	6
21880	0	2273	2378	2700	54	17	427	373	105
21755	0	2241	2493	2728	99	59	487	388	252
21845	0	2713	2729	2735	6	0	22	16	16
21717	0	2724	2728	2741	4	5	17	13	4
21795	0	2741	2761	2764	3	0	23	20	20
21760	0	2734	2735	2785	24	12	51	27	1
21886	0	2792	2806	2833	27	0	41	14	14
21846	0	2716	2741	2862	67	39	146	79	25
21718	0	2849	2862	2872	10	0	23	13	13
21759	0	2676	2872	2903	31	0	227	196	196
21713	0	2274	2300	2941	39	9	667	628	26
21796	0	2938	2941	3001	45	4	63	18	3
21847	0	2981	3001	3018	17	0	37	20	20
21798	0	2982	3018	3043	25	0	61	36	36
21797	0	2957	2960	3110	50	44	153	103	3
21848	0	3066	3076	3117	15	14	51	36	10
21761	0	3084	3117	3158	18	3	74	56	33
21887	0	3107	3133	3197	29	16	90	61	26
21849	0	3185	3197	3228	18	3	43	25	12
21799	0	3051	3084	3264	50	109	213	163	33
21719	0	3102	3158	3341	89	27	239	150	56
21881	0	2462	3296	3352	49	3	890	841	834
21720	0	3228	3248	3367	15	61	139	124	20
21888	0	3309	3367	3384	17	0	75	58	58
21763	0	3341	3352	3385	7	9	44	37	11
21721	0	3367	3385	3390	5	0	23	18	18
21764	0	3435	3465	3473	8	0	38	30	30
21803	0	3485	3489	3494	5	0	9	4	4
21801	0	3413	3423	3510	51	30	97	46	10
21850	0	3432	3473	3530	33	3	98	65	41
21851	0	3454	3458	3549	26	10	95	69	4
21889	0	3497	3510	3554	7	26	57	50	13
21804	0	3552	3554	3563	9	0	11	2	2
21722	0	3533	3563	3575	12	0	42	30	30
21891	0	3620	3626	3631	5	0	11	6	6
21723	0	3611	3624	3633	4	4	22	18	13
21802	0	3461	3581	3650	38	19	189	151	120
21890	0	3605	3607	3696	29	31	91	62	2
21766	0	3544	3549	3739	35	77	195	160	5
21852	0	3741	3748	3779	20	8	38	18	7
21767	0	3733	3739	3793	23	5	60	37	6
21807	0	3731	3758	3821	23	26	90	67	27
21893	0	3678	3683	3860	38	72	182	144	5
21892	0	3626	3650	3922	77	67	296	219	24
21762	0	3309	3390	3955	66	28	646	580	81
21854	0	3854	3860	3960	13	69	106	93	6
21855	0	3958	3960	3961	1	0	3	2	2
21765	0	3525	3868	3990	57	39	465	408	343
21724	0	3797	4026	4118	56	10	321	265	229
21725	0	4045	4069	4119	10	13	74	64	24
21768	0	4114	4119	4120	1	0	6	5	5
21808	0	4059	4065	4128	29	10	69	40	6
21809	0	4086	4095	4183	34	2	97	63	9
21769	0	4137	4149	4186	7	23	49	42	12
21806	0	3662	3990	4241	79	94	579	500	328
21726	0	4171	4186	4252	21	22	81	60	15
21894	0	4158	4216	4256	18	18	98	80	58
21856	0	4157	4192	4270	25	11	113	88	35
21857	0	4214	4270	4346	18	27	132	114	56
21882	0	2495	4302	4384	66	11	1889	1823	1807
21811	0	4383	4384	4388	4	0	5	1	1
21770	0	4349	4363	4430	46	1	81	35	14
21771	0	4421	4430	4435	5	0	14	9	9
21858	0	4408	4435	4442	7	0	34	27	27
21813	0	4397	4442	4450	8	0	53	45	45
21728	0	4456	4459	4479	20	0	23	3	3
21727	0	4412	4450	4500	30	9	88	58	38
21901	0	4523	4525	4537	6	4	14	8	2
21900	0	4510	4519	4555	20	12	45	25	9
21772	0	4519	4526	4563	11	8	44	33	7
21899	0	4508	4521	4570	11	27	62	51	13
21812	0	4385	4388	4592	31	6	207	176	3
21860	0	4577	4592	4599	7	0	22	15	15
21902	0	4550	4555	4623	25	21	73	48	5
21898	0	4489	4500	4632	30	89	143	113	11
21897	0	4400	4632	4659	27	0	259	232	232
21859	0	4419	4659	4692	33	0	273	240	240
21896	0	4330	4692	4729	37	0	399	362	362
21814	0	4701	4729	4734	5	0	33	28	28
21905	0	4751	4761	4774	13	0	23	10	10
21862	0	4777	4784	4799	2	9	22	20	7
21903	0	4728	4734	4842	43	38	114	71	6
21815	0	4777	4785	4870	40	27	93	53	8
21816	0	4846	4870	4881	11	0	35	24	24
21904	0	4742	4799	4959	45	35	217	172	57
21863	0	4902	4910	4960	11	27	58	47	8
21729	0	4766	4842	4972	39	56	206	167	76
21773	0	4849	4881	4990	52	5	141	89	32
21817	0	4997	5023	5053	30	0	56	26	26
21861	0	4700	4990	5058	38	13	358	320	290
21810	0	4291	5080	5128	48	0	837	789	789
21774	0	5069	5076	5129	5	34	60	55	7
21818	0	5053	5058	5155	44	5	102	58	5
21895	0	4245	4285	5204	66	1	959	893	40
21819	0	5174	5206	5209	3	0	35	32	32
21730	0	5194	5209	5230	21	0	36	15	15
21800	0	3218	5231	5281	50	0	2063	2013	2013
21776	0	5210	5230	5287	7	24	77	70	20
21820	0	5239	5287	5299	12	0	60	48	48
21777	0	5295	5299	5308	9	0	13	4	4
21884	0	2600	5308	5360	52	0	2760	2708	2708
21779	0	5333	5360	5363	3	0	30	27	27
21732	0	5384	5395	5413	18	0	29	11	11
21731	0	5370	5386	5437	10	25	67	57	16
21821	0	5349	5413	5465	39	5	116	77	64
21733	0	5435	5437	5489	36	14	54	18	2
21734	0	5488	5489	5605	20	80	117	97	1
21778	0	5330	5363	5619	78	57	289	211	33
21805	0	3661	3696	5695	95	47	2034	1939	35
21775	0	5195	5204	5773	70	75	578	508	9
21885	0	2785	2803	5853	83	27	3068	2985	18
21853	0	3810	5695	5873	76	19	2063	1987	1885
21735	0	5806	5860	5883	13	10	77	64	54
21736	0	6089	6089	6136	30	9	47	17	0
21737	0	6103	6103	6145	21	21	42	21	0
0	0	0	0	6145	35436	0	6145	-29291	0
