id	priority	createdTime	startedTime	terminatedTime	cpuTime	blockedTime	turnaroundTime	waitingTime	responseTime
21906	0	0	0	4	4	0	4	0	0
21990	0	0	24	26	2	0	26	24	24
21907	0	19	51	123	30	0	104	74	32
21948	0	0	4	124	22	7	124	102	4
22034	0	91	124	131	7	0	40	33	33
21991	0	97	131	132	1	0	35	34	34
22074	0	0	46	187	40	6	187	147	46
22075	0	151	189	208	19	0	57	38	38
22032	0	0	26	212	52	8	212	160	26
22036	0	233	235	237	2	0	4	2	2
22035	0	151	187	252	37	7	101	64	36
22033	0	34	72	280	53	67	246	193	38
21908	0	255	255	417	40	19	162	122	0
21949	0	296	320	438	47	0	142	95	24
22037	0	296	340	471	36	8	175	139	44
21992	0	255	261	507	72	33	252	180	6
21909	0	479	541	657	9	18	178	169	62
22040	0	467	527	796	54	17	329	275	60
21912	0	639	796	815	19	0	176	157	157
21993	0	488	545	820	10	29	332	322	57
21910	0	562	632	829	29	0	267	238	70
21911	0	581	677	858	35	0	277	242	96
22041	0	513	587	909	48	10	396	348	74
22076	0	611	736	916	27	0	305	278	125
22038	0	403	438	923	69	5	520	451	35
21996	0	786	923	927	4	0	141	137	137
22044	0	853	967	981	14	0	128	114	114
22039	0	410	471	983	63	13	573	510	61
21951	0	666	838	1000	21	17	334	313	172
22042	0	700	858	1002	14	3	302	288	158
21950	0	497	567	1017	66	0	520	454	70
21997	0	910	1028	1033	5	0	123	118	118
21998	0	967	1099	1111	12	0	144	132	132
21994	0	664	836	1124	35	6	460	425	172
21913	0	663	829	1133	16	139	470	454	166
22043	0	842	927	1217	26	5	375	349	85
22079	0	1145	1277	1278	1	0	133	132	132
21995	0	717	870	1283	44	36	566	522	153
21915	0	929	1033	1301	32	5	372	340	104
22046	0	1056	1182	1307	9	2	251	242	126
22045	0	938	1053	1329	24	1	391	367	115
21914	0	910	1017	1337	36	50	427	391	107
22047	0	1216	1337	1351	14	0	135	121	121
22077	0	943	1073	1365	27	21	422	395	130
21916	0	953	1079	1408	35	1	455	420	126
21918	0	1112	1266	1419	8	1	307	299	154
21952	0	1043	1153	1459	37	1	416	379	110
21919	0	1144	1273	1479	16	20	335	319	129
21957	0	1298	1479	1497	18	0	199	181	181
22078	0	1046	1173	1505	33	20	459	426	127
21953	0	1237	1365	1522	24	0	285	261	128
21954	0	1244	1386	1556	34	6	312	278	142
21917	0	1087	1217	1563	28	30	476	448	130
22000	0	1270	1408	1568	15	2	298	283	138
21955	0	1281	1419	1608	13	28	327	314	138
22081	0	1392	1522	1663	31	0	271	240	130
22080	0	1377	1505	1678	28	27	301	273	128
21956	0	1291	1430	1710	55	6	419	364	139
21958	0	1517	1632	1750	25	0	233	208	115
22001	0	1323	1497	1752	8	42	429	421	174
21961	0	1700	1761	1772	11	0	72	61	61
22048	0	1650	1725	1890	32	0	240	208	75
21959	0	1548	1678	1908	22	8	360	338	130
21962	0	1701	1772	1909	18	7	208	190	71
22050	0	1741	1861	1975	33	5	234	201	120
22082	0	1425	1568	1981	57	24	556	499	143
22002	0	1717	1809	2010	22	44	293	271	92
21960	0	1606	1692	2012	31	39	406	375	86
21999	0	1098	1237	2017	88	46	919	831	139
22003	0	1874	1955	2028	15	8	154	139	81
21963	0	1971	2035	2041	6	0	70	64	64
22049	0	1724	1813	2059	39	50	335	296	89
22051	0	2043	2081	2084	3	0	41	38	38
21964	0	2141	2189	2194	5	0	53	48	48
21920	0	1760	1890	2204	54	22	444	390	130
22083	0	1943	1981	2214	51	2	271	220	38
21921	0	2192	2234	2254	20	0	62	42	42
22087	0	2097	2168	2256	7	19	159	152	71
22085	0	1978	2041	2260	28	39	282	254	63
22086	0	1990	2059	2293	60	6	303	243	69
22088	0	2260	2313	2322	9	0	62	53	53
22084	0	1970	2028	2354	50	68	384	334	58
21966	0	2296	2362	2380	18	0	84	66	66
21922	0	2223	2260	2396	23	29	173	150	37
22004	0	2321	2400	2404	4	0	83	79	79
22089	0	2266	2322	2417	22	10	151	129	56
21924	0	2279	2354	2475	16	8	196	180	75
21923	0	2274	2349	2528	39	9	254	215	75
21925	0	2448	2528	2547	19	0	99	80	80
22090	0	2273	2331	2603	54	17	330	276	58
22052	0	2386	2475	2616	22	7	230	208	89
22053	0	2396	2484	2648	2	10	252	250	88
22093	0	2526	2664	2683	19	0	157	138	138
21968	0	2531	2683	2822	18	2	291	273	152
21926	0	2558	2697	2824	5	2	266	261	139
22055	0	2713	2824	2830	6	0	117	111	111
21967	0	2362	2437	2854	47	25	492	445	75
22091	0	2462	2567	2868	49	3	406	357	105
22005	0	2741	2868	2871	3	0	130	127	127
21969	0	2676	2798	2946	31	0	270	239	122
21928	0	2849	2946	2956	10	0	107	97	97
21927	0	2724	2850	2959	4	5	235	231	126
22054	0	2436	2490	3001	57	109	565	508	54
22094	0	2600	2732	3013	52	0	413	361	132
22096	0	2792	2895	3037	27	0	245	218	103
21970	0	2734	2854	3094	24	12	360	336	120
22057	0	2981	3094	3111	17	0	130	113	113
22092	0	2495	2627	3159	66	11	664	598	132
22008	0	2982	3111	3328	25	0	346	321	129
22056	0	2716	2830	3337	67	39	621	554	114
21965	0	2241	2293	3398	99	59	1157	1058	52
22058	0	3066	3219	3408	15	14	342	327	153
22006	0	2938	3059	3414	45	4	476	431	121
21971	0	3084	3247	3416	18	3	332	314	163
22098	0	3309	3452	3469	17	0	160	143	143
22059	0	3185	3341	3497	18	3	312	294	156
21931	0	3367	3497	3502	5	0	135	130	130
22095	0	2785	2892	3522	83	27	737	654	107
21974	0	3435	3581	3589	8	0	154	146	146
22097	0	3107	3283	3628	29	16	521	492	176
22013	0	3485	3668	3673	5	0	188	183	183
21973	0	3341	3482	3677	7	9	336	329	141
22007	0	2957	3078	3679	50	44	722	672	121
21932	0	3533	3699	3711	12	0	178	166	166
22010	0	3218	3370	3721	50	0	503	453	152
22014	0	3552	3722	3731	9	0	179	170	170
22060	0	3432	3565	3763	33	3	331	298	133
21930	0	3228	3398	3789	15	61	561	546	170
22009	0	3051	3159	3804	50	109	753	703	108
22101	0	3620	3804	3809	5	0	189	184	184
22061	0	3454	3641	3868	26	10	414	388	187
22099	0	3497	3673	3949	7	26	452	445	176
22011	0	3413	3542	4001	51	30	588	537	129
21933	0	3611	3789	4003	4	4	392	388	178
22012	0	3461	3648	4126	38	19	665	627	187
21972	0	3309	3432	4139	66	28	830	764	123
22065	0	3958	4139	4140	1	0	182	181	181
21977	0	3733	3960	4154	23	5	421	398	227
22017	0	3731	3949	4207	23	26	476	453	218
22062	0	3741	3975	4217	20	8	476	456	234
22100	0	3605	3763	4239	29	31	634	605	158
21929	0	3102	3263	4275	89	27	1173	1084	161
21978	0	4114	4319	4320	1	0	206	205	205
22064	0	3854	4065	4331	13	69	477	464	211
21975	0	3525	3679	4371	57	39	846	789	154
22103	0	3678	3929	4385	38	72	707	669	251
21934	0	3797	4003	4439	56	10	642	586	206
21979	0	4137	4322	4613	7	23	476	469	185
22066	0	4157	4331	4627	25	11	470	445	174
22104	0	4158	4342	4635	18	18	477	459	184
22021	0	4383	4635	4639	4	0	256	252	252
22023	0	4397	4648	4656	8	0	259	251	251
22068	0	4408	4676	4683	7	0	275	268	268
21976	0	3544	3721	4715	35	77	1171	1136	177
21981	0	4421	4715	4720	5	0	299	294	294
22067	0	4214	4385	4723	18	27	509	491	171
21938	0	4456	4723	4743	20	0	287	267	267
21935	0	4045	4239	4764	10	13	719	709	194
22018	0	4059	4264	4797	29	10	738	709	205
22019	0	4086	4275	4813	34	2	727	693	189
22070	0	4577	4854	4861	7	0	284	277	277
22106	0	4330	4557	4878	37	0	548	511	227
21936	0	4171	4356	4930	21	22	759	738	185
22107	0	4400	4656	4957	27	0	557	530	256
22024	0	4701	4977	4982	5	0	281	276	276
22069	0	4419	4692	5015	33	0	596	563	273
22115	0	4751	5049	5062	13	0	311	298	298
22110	0	4510	4801	5143	20	12	633	613	291
22111	0	4523	4817	5148	6	4	625	619	294
21982	0	4519	4813	5155	11	8	636	625	294
22109	0	4508	4797	5162	11	27	654	643	289
22020	0	4291	4517	5170	48	0	879	831	226
22026	0	4846	5170	5181	11	0	335	324	324
22015	0	3661	3868	5226	95	47	1565	1470	207
22102	0	3626	3829	5232	77	67	1606	1529	203
21980	0	4349	4597	5251	46	1	902	856	248
22022	0	4385	4639	5262	31	6	877	846	254
21937	0	4412	4683	5296	30	9	884	854	271
22105	0	4245	4439	5334	66	1	1089	1023	194
22072	0	4777	5115	5359	2	9	582	580	338
22063	0	3810	4030	5382	76	19	1572	1496	220
22029	0	5174	5382	5385	3	0	211	208	208
22108	0	4489	4770	5422	30	89	933	903	281
22112	0	4550	4838	5427	25	21	877	852	288
22030	0	5239	5427	5439	12	0	200	188	188
22016	0	3662	3888	5454	79	94	1792	1713	226
22071	0	4700	4957	5459	38	13	759	721	257
21987	0	5295	5459	5468	9	0	173	164	164
22027	0	4997	5275	5478	30	0	481	451	278
21989	0	5333	5528	5531	3	0	198	195	195
22114	0	4742	5035	5562	45	35	820	775	293
21984	0	5069	5321	5563	5	34	494	489	252
21942	0	5384	5578	5596	18	0	212	194	194
21940	0	5194	5385	5597	21	0	403	382	191
21986	0	5210	5422	5623	7	24	413	406	212
22073	0	4902	5232	5644	11	27	742	731	330
22028	0	5053	5303	5666	44	5	613	569	250
22113	0	4728	5015	5672	43	38	944	901	287
22025	0	4777	5102	5682	40	27	905	865	325
21941	0	5370	5563	5683	10	25	313	303	193
21983	0	4849	5181	5701	52	5	852	800	332
21939	0	4766	5082	5713	39	56	947	908	316
22031	0	5349	5531	5769	39	5	420	381	182
21943	0	5435	5605	5793	36	14	358	322	170
21944	0	5488	5644	5797	20	80	309	289	156
21985	0	5195	5405	5855	70	75	660	590	210
21945	0	5806	5833	5859	13	10	53	40	27
21988	0	5330	5508	5877	78	57	547	469	178
21946	0	6089	6089	6136	30	9	47	17	0
21947	0	6103	6103	6145	21	21	42	21	0
0	0	0	0	6145	35660	0	6145	-29515	0
