id	priority	createdTime	startedTime	terminatedTime	cpuTime	blockedTime	turnaroundTime	waitingTime	responseTime
22541	0	0	0	4	4	0	4	0	0
22627	0	0	77	79	2	0	79	77	77
22584	0	0	0	92	22	7	92	70	0
22672	0	91	93	117	7	0	26	19	2
22628	0	97	117	118	1	0	21	20	20
22713	0	0	19	156	40	6	156	116	19
22714	0	151	156	175	19	0	24	5	5
22542	1	19	30	216	30	0	197	167	11
22673	1	151	151	226	37	7	75	38	0
22674	0	233	233	235	2	0	2	0	0
22671	1	34	79	249	53	67	215	162	45
22543	0	255	255	347	40	19	92	52	0
22585	1	296	296	393	47	0	97	50	0
22544	0	479	479	517	9	18	38	29	0
22630	0	488	488	547	10	29	59	49	0
22715	0	611	659	692	27	0	81	54	48
22679	0	513	517	703	48	10	190	142	4
22587	0	666	677	739	21	17	73	52	11
22547	0	639	663	757	19	0	118	99	24
22680	0	700	708	779	14	3	79	65	8
22633	0	786	786	790	4	0	4	0	0
22678	1	467	467	827	54	17	360	306	0
22548	0	663	698	862	16	139	199	183	35
22632	0	717	725	877	44	36	160	116	8
22681	0	842	842	903	26	5	61	35	0
22682	0	853	897	912	14	0	59	45	44
22634	0	910	912	917	5	0	7	2	2
22683	0	938	938	1014	24	1	76	52	0
22550	0	929	929	1042	32	5	113	81	0
22549	0	910	910	1052	36	50	142	106	0
22635	0	967	1043	1068	12	0	101	89	76
22551	0	953	958	1073	35	1	120	85	5
22684	0	1056	1068	1101	9	2	45	36	12
22718	0	1145	1168	1169	1	0	24	23	23
22716	0	943	953	1187	27	21	244	217	10
22553	0	1112	1140	1188	8	1	76	68	28
22588	0	1043	1073	1197	37	1	154	117	30
22717	0	1046	1056	1213	33	20	167	134	10
22554	0	1144	1169	1228	16	20	84	68	25
22552	0	1087	1141	1232	28	30	145	117	54
22685	0	1216	1237	1282	14	0	66	52	21
22637	0	1270	1276	1328	15	2	58	43	6
22593	0	1298	1335	1355	18	0	57	39	37
22590	0	1244	1273	1393	34	6	149	115	29
22591	0	1281	1287	1427	13	28	146	133	6
22638	0	1323	1328	1449	8	42	126	118	5
22719	0	1377	1390	1466	28	27	89	61	13
22720	1	1392	1395	1497	31	0	105	74	3
22675	1	296	328	1504	36	8	1208	1172	32
22595	0	1548	1548	1578	22	8	30	8	0
22594	1	1517	1517	1589	25	0	72	47	0
22589	1	1237	1244	1593	24	0	356	332	7
22631	1	664	717	1613	35	6	949	914	53
22545	1	562	581	1650	29	0	1088	1059	19
22596	1	1606	1606	1696	31	39	90	59	0
22597	0	1700	1700	1739	11	0	39	28	0
22598	0	1701	1701	1740	18	7	39	21	0
22688	0	1741	1741	1820	33	5	79	46	0
22639	0	1717	1724	1825	22	44	108	86	7
22687	0	1724	1729	1853	39	50	129	90	5
22640	0	1874	1874	1897	15	8	23	8	0
22676	1	403	403	1915	69	5	1512	1443	0
22686	1	1650	1650	1927	32	0	277	245	0
22677	1	410	410	1929	63	13	1519	1456	0
22586	1	497	497	1943	66	0	1446	1380	0
22599	0	1971	1971	1977	6	0	6	0	0
22689	0	2043	2057	2060	3	0	17	14	14
22724	0	1978	1978	2064	28	39	86	58	0
22725	0	1990	1990	2110	60	6	120	60	0
22726	0	2097	2097	2123	7	19	26	19	0
22723	0	1970	1970	2136	50	68	166	116	0
22600	0	2141	2141	2146	5	0	5	0	0
22670	1	0	30	2147	52	8	2147	2095	30
22629	1	255	255	2158	72	33	1903	1831	0
22555	1	1760	1781	2168	54	22	408	354	21
22721	1	1425	1449	2177	57	24	752	695	24
22546	1	581	611	2183	35	0	1602	1567	30
22556	0	2192	2192	2212	20	0	20	0	0
22557	0	2223	2223	2307	23	29	84	61	0
22602	0	2296	2313	2333	18	0	37	19	17
22559	0	2279	2286	2349	16	8	70	54	7
22728	0	2266	2273	2362	22	10	96	74	7
22641	0	2321	2333	2367	4	0	46	42	12
22691	0	2396	2399	2413	2	10	17	15	3
22558	0	2274	2362	2482	39	9	208	169	88
22690	0	2386	2392	2525	22	7	139	117	6
22560	0	2448	2525	2549	19	0	101	82	77
22604	0	2531	2558	2583	18	2	52	34	27
22561	0	2558	2574	2602	5	2	44	39	16
22732	0	2526	2631	2650	19	0	124	105	105
22693	0	2713	2713	2727	6	0	14	8	0
22605	0	2676	2704	2743	31	0	67	36	28
22642	0	2741	2745	2748	3	0	7	4	4
22562	0	2724	2734	2751	4	5	27	23	10
22731	0	2495	2526	2765	66	11	270	204	31
22692	0	2436	2448	2796	57	109	360	303	12
22606	0	2734	2740	2822	24	12	88	64	6
22735	0	2792	2800	2834	27	0	42	15	8
22563	0	2849	2885	2895	10	0	46	36	36
22727	0	2260	2266	3018	9	0	758	749	6
22645	0	2982	3018	3063	25	0	81	56	36
22643	0	2938	2957	3087	45	4	149	104	19
22696	0	3066	3102	3200	15	14	134	119	36
22695	0	2981	3170	3204	17	0	223	206	189
22697	0	3185	3189	3213	18	3	28	10	4
22607	0	3084	3093	3250	18	3	166	148	9
22646	0	3051	3066	3283	50	109	232	182	15
22603	0	2362	2367	3286	47	25	924	877	5
22737	0	3309	3320	3344	17	0	35	18	11
22564	0	3102	3117	3397	89	27	295	206	15
22565	0	3228	3235	3399	15	61	171	156	7
22609	0	3341	3344	3414	7	9	73	66	3
22610	0	3435	3436	3444	8	0	9	1	1
22566	0	3367	3432	3446	5	0	79	74	65
22644	0	2957	2980	3474	50	44	517	467	23
22650	0	3485	3489	3494	5	0	9	4	4
22567	0	3533	3552	3564	12	0	31	19	19
22648	0	3413	3446	3601	51	30	188	137	33
22651	0	3552	3604	3634	9	0	82	73	52
22649	0	3461	3497	3637	38	19	176	138	36
22740	0	3620	3657	3663	5	0	43	38	37
22699	0	3454	3461	3735	26	10	281	255	7
22611	0	3525	3533	3752	57	39	227	170	8
22568	0	3611	3661	3780	4	4	169	165	50
22654	0	3731	3755	3822	23	26	91	68	24
22700	0	3741	3752	3825	20	8	84	64	11
22739	0	3605	3615	3963	29	31	358	329	10
22698	0	3432	3454	3965	33	3	533	500	22
22703	0	3958	3965	3966	1	0	8	7	7
22613	0	3733	3967	3998	23	5	265	242	234
22738	0	3497	3981	4014	7	26	517	510	484
22742	0	3678	3724	4077	38	72	399	361	46
22702	0	3854	3941	4082	13	69	228	215	87
22570	0	4045	4045	4087	10	13	42	32	0
22614	0	4114	4114	4115	1	0	1	0	0
22655	0	4059	4059	4146	29	10	87	58	0
22615	0	4137	4137	4174	7	23	37	30	0
22722	1	1943	1943	4198	51	2	2255	2204	0
22743	0	4158	4158	4216	18	18	58	40	0
22704	0	4157	4157	4221	25	11	64	39	0
22571	0	4171	4182	4270	21	22	99	78	11
22705	0	4214	4216	4273	18	27	59	41	2
22744	0	4245	4245	4355	66	1	110	44	0
22658	0	4383	4385	4389	4	0	6	2	2
22616	0	4349	4355	4425	46	1	76	30	6
22617	0	4421	4431	4436	5	0	15	10	10
22706	0	4408	4437	4444	7	0	36	29	29
22745	0	4330	4330	4463	37	0	133	96	0
22707	0	4419	4436	4483	33	0	64	31	17
22660	0	4397	4408	4528	8	0	131	123	11
22618	0	4519	4523	4557	11	8	38	27	4
22659	0	4385	4397	4563	31	6	178	147	12
22572	0	4412	4483	4613	30	9	201	171	71
22750	0	4523	4528	4618	6	4	95	89	5
22748	0	4508	4533	4625	11	27	117	106	25
22708	0	4577	4581	4627	7	0	50	43	4
22749	0	4510	4529	4645	20	12	135	115	19
22573	0	4456	4510	4671	20	0	215	195	54
22747	0	4489	4529	4680	30	89	191	161	40
22746	0	4400	4419	4690	27	0	290	263	19
22661	0	4701	4701	4706	5	0	5	0	0
22754	0	4751	4764	4805	13	0	54	41	13
22710	0	4777	4805	4835	2	9	58	56	28
22663	0	4846	4849	4860	11	0	14	3	3
22752	0	4728	4728	4863	43	38	135	92	0
22662	0	4777	4781	4896	40	27	119	79	4
22753	0	4742	4742	4933	45	35	191	146	0
22711	0	4902	4902	4958	11	27	56	45	0
22694	1	2716	2751	4961	67	39	2245	2178	35
22574	0	4766	4777	4985	39	56	219	180	11
22751	1	4550	4559	4989	25	21	439	414	9
22664	1	4997	4997	5048	30	0	51	21	0
22712	1	4997	4997	5053	26	0	56	30	0
22636	1	1098	1112	5080	88	46	3982	3894	14
22734	1	2785	2785	5105	83	27	2320	2237	0
22620	0	5069	5069	5108	5	34	39	34	0
22665	1	5053	5053	5112	44	5	59	15	0
22755	0	5142	5142	5147	5	0	5	0	0
22656	1	4086	4087	5170	34	2	1084	1050	1
22666	0	5174	5174	5177	3	0	3	0	0
22575	0	5194	5194	5218	21	0	24	3	0
22667	0	5239	5239	5251	12	0	12	0	0
22622	0	5210	5210	5273	7	24	63	56	0
22623	0	5295	5295	5304	9	0	9	0	0
22608	1	3309	3309	5320	66	28	2011	1945	0
22625	0	5333	5333	5336	3	0	3	0	0
22577	0	5384	5384	5402	18	0	18	0	0
22576	0	5370	5370	5405	10	25	35	25	0
22730	1	2462	2488	5415	49	3	2953	2904	26
22601	1	2241	2241	5422	99	59	3181	3082	0
22669	0	5438	5438	5453	15	0	15	0	0
22578	1	5435	5435	5528	36	14	93	57	0
22652	1	3661	3668	5533	95	47	1872	1777	7
22579	0	5488	5488	5608	20	80	120	100	0
22569	1	3797	3834	5667	56	10	1870	1814	37
22729	1	2273	2372	5671	54	17	3398	3344	99
22612	1	3544	3601	5694	35	77	2150	2115	57
22624	1	5330	5330	5728	78	57	398	320	0
22668	1	5349	5349	5759	39	5	410	371	0
22619	1	4849	4863	5796	52	5	947	895	14
22580	0	5806	5806	5829	13	10	23	10	0
22709	1	4700	4700	5832	38	13	1132	1094	0
22592	1	1291	1366	5861	55	6	4570	4515	75
22647	1	3218	3248	5874	50	0	2656	2606	30
22736	1	3107	3117	5884	29	16	2777	2748	10
22653	1	3662	3664	5906	79	94	2244	2165	2
22733	2	2600	2608	5908	52	0	3308	3256	8
22657	2	4291	4291	5938	48	0	1647	1599	0
22741	2	3626	3637	5947	77	67	2321	2244	11
22626	2	5579	5579	5948	54	6	369	315	0
22621	2	5195	5195	5967	70	75	772	702	0
22701	2	3810	3837	5973	76	19	2163	2087	27
22581	0	6089	6089	6128	30	9	39	9	0
22583	0	6130	6130	6135	5	0	5	0	0
22582	0	6103	6103	6168	21	21	65	44	0
0	0	0	0	6168	36147	0	6168	-29979	0
