id	priority	createdTime	startedTime	terminatedTime	cpuTime	blockedTime	turnaroundTime	waitingTime	responseTime
23841	0	0	0	4	4	0	4	0	0
23929	0	0	4	6	2	0	6	4	4
23885	0	0	11	61	22	7	61	39	11
23973	0	0	32	98	52	8	98	46	32
23930	0	97	98	99	1	0	2	1	1
23975	0	91	99	106	7	0	15	8	8
23842	0	19	129	159	30	0	140	110	110
24018	0	151	161	180	19	0	29	10	10
23974	0	34	61	197	53	67	163	110	27
24017	0	0	6	232	40	6	232	192	6
23976	0	151	159	267	37	7	116	79	8
23977	0	233	267	269	2	0	36	34	34
23886	0	296	312	359	47	0	63	16	16
23843	0	255	271	367	40	19	112	72	16
23978	0	296	309	400	36	8	104	68	13
23931	0	255	269	535	72	33	280	208	14
23844	0	479	498	540	9	18	61	52	19
23932	0	488	496	545	10	29	57	47	8
23979	0	403	454	572	69	5	169	100	51
23845	0	562	572	601	29	0	39	10	10
23846	0	581	601	636	35	0	55	20	20
24019	0	611	636	663	27	0	52	25	25
23847	0	639	663	682	19	0	43	24	24
23933	0	664	682	728	35	6	64	29	18
23888	0	666	684	767	21	17	101	80	18
23983	0	700	738	769	14	3	69	55	38
23935	0	786	817	821	4	0	35	31	31
23934	0	717	728	846	44	36	129	85	11
23982	0	513	778	855	48	10	342	294	265
23848	0	663	688	864	16	139	201	185	25
23985	0	853	864	878	14	0	25	11	11
23981	0	467	505	943	54	17	476	422	38
23984	0	842	878	944	26	5	102	76	36
23936	0	910	945	950	5	0	40	35	35
23937	0	967	973	985	12	0	18	6	6
24020	0	943	944	1021	27	21	78	51	1
23850	0	929	985	1031	32	5	102	70	56
23986	0	938	1055	1082	24	1	144	120	117
23849	0	910	950	1090	36	50	180	144	40
23987	0	1056	1077	1096	9	2	40	31	21
23853	0	1112	1117	1141	8	1	29	21	5
24021	0	1046	1048	1167	33	20	121	88	2
24022	0	1145	1167	1168	1	0	23	22	22
23852	0	1087	1096	1179	28	30	92	64	9
23889	0	1043	1179	1224	37	1	181	144	136
23854	0	1144	1168	1236	16	20	92	76	24
23988	0	1216	1236	1250	14	0	34	20	20
23890	0	1237	1270	1294	24	0	57	33	33
23939	0	1270	1294	1320	15	2	50	35	24
23891	0	1244	1250	1334	34	6	90	56	6
23894	0	1298	1336	1354	18	0	56	38	38
23892	0	1281	1304	1356	13	28	75	62	23
23940	0	1323	1334	1395	8	42	72	64	11
23851	0	953	1360	1397	35	1	444	409	407
24024	0	1392	1410	1441	31	0	49	18	18
24023	0	1377	1397	1456	28	27	79	51	20
24025	0	1425	1456	1572	57	24	147	90	31
23938	0	1098	1124	1577	88	46	479	391	26
23895	0	1517	1584	1609	25	0	92	67	67
23896	0	1548	1577	1663	22	8	115	93	29
23893	0	1291	1619	1688	55	6	397	342	328
23897	0	1606	1609	1710	31	39	104	73	3
23898	0	1700	1710	1721	11	0	21	10	10
23899	0	1701	1725	1760	18	7	59	41	24
23991	0	1741	1742	1797	33	5	56	23	1
23941	0	1717	1721	1807	22	44	90	68	4
23989	0	1650	1866	1898	32	0	248	216	216
23855	0	1760	1769	1912	54	22	152	98	9
23990	0	1724	1807	1923	39	50	199	160	83
23942	0	1874	1898	1934	15	8	60	45	24
23900	0	1971	1996	2002	6	0	31	25	25
23980	0	410	1934	2011	63	13	1601	1538	1524
23992	0	2043	2061	2064	3	0	21	18	18
24026	0	1943	2018	2146	51	2	203	152	75
24030	0	2097	2111	2148	7	19	51	44	14
24028	0	1978	2011	2152	28	39	174	146	33
23901	0	2141	2152	2157	5	0	16	11	11
24029	0	1990	1995	2203	60	6	213	153	5
24027	0	1970	2002	2207	50	68	237	187	32
23856	0	2192	2207	2227	20	0	35	15	15
23887	0	497	2234	2300	66	0	1803	1737	1737
24031	0	2260	2309	2318	9	0	58	49	49
23859	0	2279	2301	2326	16	8	47	31	22
23943	0	2321	2326	2330	4	0	9	5	5
23857	0	2223	2227	2355	23	29	132	109	4
24032	0	2266	2330	2368	22	10	102	80	64
23903	0	2296	2406	2424	18	0	128	110	110
23994	0	2396	2405	2425	2	10	29	27	9
23993	0	2386	2396	2438	22	7	52	30	10
23860	0	2448	2458	2477	19	0	29	10	10
23905	0	2531	2539	2571	18	2	40	22	8
23861	0	2558	2564	2573	5	2	15	10	6
24036	0	2526	2582	2601	19	0	75	56	56
23995	0	2436	2438	2639	57	109	203	146	2
23904	0	2362	2368	2664	47	25	302	255	6
24033	0	2273	2378	2700	54	17	427	373	105
23902	0	2241	2493	2728	99	59	487	388	252
23996	0	2713	2729	2735	6	0	22	16	16
23862	0	2724	2728	2741	4	5	17	13	4
23944	0	2741	2761	2764	3	0	23	20	20
23907	0	2734	2735	2785	24	12	51	27	1
24039	0	2792	2806	2833	27	0	41	14	14
23997	0	2716	2741	2862	67	39	146	79	25
23863	0	2849	2862	2872	10	0	23	13	13
23906	0	2676	2872	2903	31	0	227	196	196
23858	0	2274	2300	2941	39	9	667	628	26
23945	0	2938	2941	3001	45	4	63	18	3
23998	0	2981	3001	3018	17	0	37	20	20
23947	0	2982	3018	3043	25	0	61	36	36
23946	0	2957	2960	3110	50	44	153	103	3
23999	0	3066	3076	3117	15	14	51	36	10
23908	0	3084	3117	3158	18	3	74	56	33
24040	0	3107	3133	3197	29	16	90	61	26
24000	0	3185	3197	3228	18	3	43	25	12
23948	0	3051	3084	3264	50	109	213	163	33
23864	0	3102	3158	3341	89	27	239	150	56
24034	0	2462	3296	3352	49	3	890	841	834
23865	0	3228	3248	3367	15	61	139	124	20
24041	0	3309	3367	3384	17	0	75	58	58
23910	0	3341	3352	3385	7	9	44	37	11
23866	0	3367	3385	3390	5	0	23	18	18
23911	0	3435	3465	3473	8	0	38	30	30
23952	0	3485	3489	3494	5	0	9	4	4
23950	0	3413	3423	3510	51	30	97	46	10
24001	0	3432	3473	3530	33	3	98	65	41
24002	0	3454	3458	3549	26	10	95	69	4
24042	0	3497	3510	3554	7	26	57	50	13
23953	0	3552	3554	3563	9	0	11	2	2
23867	0	3533	3563	3575	12	0	42	30	30
24044	0	3620	3626	3631	5	0	11	6	6
23868	0	3611	3624	3633	4	4	22	18	13
23951	0	3461	3581	3650	38	19	189	151	120
24043	0	3605	3607	3696	29	31	91	62	2
23913	0	3544	3549	3739	35	77	195	160	5
24003	0	3741	3748	3779	20	8	38	18	7
23914	0	3733	3739	3793	23	5	60	37	6
23956	0	3731	3758	3821	23	26	90	67	27
24046	0	3678	3683	3860	38	72	182	144	5
24045	0	3626	3650	3922	77	67	296	219	24
23909	0	3309	3390	3955	66	28	646	580	81
24005	0	3854	3860	3960	13	69	106	93	6
24006	0	3958	3960	3961	1	0	3	2	2
23912	0	3525	3868	3990	57	39	465	408	343
23869	0	3797	4026	4118	56	10	321	265	229
23870	0	4045	4069	4119	10	13	74	64	24
23915	0	4114	4119	4120	1	0	6	5	5
23957	0	4059	4065	4128	29	10	69	40	6
23958	0	4086	4095	4183	34	2	97	63	9
23916	0	4137	4149	4186	7	23	49	42	12
23955	0	3662	3990	4241	79	94	579	500	328
23871	0	4171	4186	4252	21	22	81	60	15
24047	0	4158	4216	4256	18	18	98	80	58
24007	0	4157	4192	4270	25	11	113	88	35
24008	0	4214	4270	4346	18	27	132	114	56
24035	0	2495	4302	4384	66	11	1889	1823	1807
23960	0	4383	4384	4388	4	0	5	1	1
23917	0	4349	4363	4430	46	1	81	35	14
23918	0	4421	4430	4435	5	0	14	9	9
24009	0	4408	4435	4442	7	0	34	27	27
23962	0	4397	4442	4450	8	0	53	45	45
23873	0	4456	4459	4479	20	0	23	3	3
23872	0	4412	4450	4500	30	9	88	58	38
24054	0	4523	4525	4537	6	4	14	8	2
24053	0	4510	4519	4555	20	12	45	25	9
23919	0	4519	4526	4563	11	8	44	33	7
24052	0	4508	4521	4570	11	27	62	51	13
23961	0	4385	4388	4592	31	6	207	176	3
24011	0	4577	4592	4599	7	0	22	15	15
24055	0	4550	4555	4623	25	21	73	48	5
24051	0	4489	4500	4632	30	89	143	113	11
24050	0	4400	4632	4659	27	0	259	232	232
24010	0	4419	4659	4692	33	0	273	240	240
24049	0	4330	4692	4729	37	0	399	362	362
23963	0	4701	4729	4734	5	0	33	28	28
24058	0	4751	4761	4774	13	0	23	10	10
24013	0	4777	4784	4799	2	9	22	20	7
24056	0	4728	4734	4842	43	38	114	71	6
23964	0	4777	4785	4870	40	27	93	53	8
23965	0	4846	4870	4881	11	0	35	24	24
24057	0	4742	4799	4959	45	35	217	172	57
24014	0	4902	4910	4960	11	27	58	47	8
23874	0	4766	4842	4972	39	56	206	167	76
23920	0	4849	4881	4990	52	5	141	89	32
24015	0	4997	5023	5049	26	0	52	26	26
24012	0	4700	4990	5054	38	13	354	316	290
23966	0	4997	5076	5106	30	0	109	79	79
23921	0	5069	5072	5114	5	34	45	40	3
23967	0	5053	5054	5140	44	5	87	43	1
24016	0	5088	5106	5153	20	7	65	45	18
24059	0	5142	5153	5158	5	0	16	11	11
23959	0	4291	5158	5206	48	0	915	867	867
23968	0	5174	5208	5211	3	0	37	34	34
23875	0	5194	5212	5233	21	0	39	18	18
24048	0	4245	4285	5282	66	1	1037	971	40
23923	0	5210	5211	5288	7	24	78	71	1
23969	0	5239	5288	5300	12	0	61	49	49
23924	0	5295	5300	5309	9	0	14	5	5
23949	0	3218	5309	5359	50	0	2141	2091	2091
23926	0	5333	5359	5362	3	0	29	26	26
23877	0	5384	5394	5412	18	0	28	10	10
23876	0	5370	5385	5436	10	25	66	56	15
23971	0	5438	5448	5463	15	0	25	10	10
23970	0	5349	5412	5479	39	5	130	91	63
23878	0	5435	5436	5512	36	14	77	41	1
23972	0	5471	5479	5572	12	73	101	89	8
24037	0	2600	5572	5624	52	0	3024	2972	2972
23879	0	5488	5512	5628	20	80	140	120	24
23925	0	5330	5362	5642	78	57	312	234	32
23927	0	5579	5642	5807	54	6	228	174	63
23880	0	5806	5807	5835	13	10	29	16	1
23922	0	5195	5206	5847	70	75	652	582	11
23954	0	3661	3696	5918	95	47	2257	2162	35
24038	0	2785	2803	5998	83	27	3213	3130	18
24004	0	3810	5847	6014	76	19	2204	2128	2037
23881	0	6089	6089	6146	30	9	57	27	0
23883	0	6130	6146	6151	5	0	21	16	16
23882	0	6103	6107	6157	21	21	54	33	4
23928	0	6093	6101	6162	11	49	69	58	8
24060	0	6107	6122	6193	30	41	86	56	15
23884	0	6333	6333	6370	33	4	37	4	0
0	0	0	0	6370	37224	0	6370	-30854	0
