id	priority	createdTime	startedTime	terminatedTime	cpuTime	blockedTime	turnaroundTime	waitingTime	responseTime
24951	0	0	0	4	4	0	4	0	0
25041	0	0	4	6	2	0	6	4	4
24996	0	0	11	61	22	7	61	39	11
25086	0	0	32	98	52	8	98	46	32
25042	0	97	98	99	1	0	2	1	1
25088	0	91	99	106	7	0	15	8	8
24952	0	19	129	159	30	0	140	110	110
25132	0	151	161	180	19	0	29	10	10
25087	0	34	61	197	53	67	163	110	27
25131	0	0	6	232	40	6	232	192	6
25089	0	151	159	267	37	7	116	79	8
25090	0	233	267	269	2	0	36	34	34
24997	0	296	312	359	47	0	63	16	16
24953	0	255	271	367	40	19	112	72	16
25091	0	296	309	400	36	8	104	68	13
25043	0	255	269	535	72	33	280	208	14
24954	0	479	498	540	9	18	61	52	19
25044	0	488	496	545	10	29	57	47	8
25092	0	403	454	572	69	5	169	100	51
24955	0	562	572	601	29	0	39	10	10
24956	0	581	601	636	35	0	55	20	20
25133	0	611	636	663	27	0	52	25	25
24957	0	639	663	682	19	0	43	24	24
25045	0	664	682	728	35	6	64	29	18
24999	0	666	684	767	21	17	101	80	18
25096	0	700	738	769	14	3	69	55	38
25047	0	786	817	821	4	0	35	31	31
25046	0	717	728	846	44	36	129	85	11
25095	0	513	778	855	48	10	342	294	265
24958	0	663	688	864	16	139	201	185	25
25098	0	853	864	878	14	0	25	11	11
25094	0	467	505	943	54	17	476	422	38
25097	0	842	878	944	26	5	102	76	36
25048	0	910	945	950	5	0	40	35	35
25049	0	967	973	985	12	0	18	6	6
25134	0	943	944	1021	27	21	78	51	1
24960	0	929	985	1031	32	5	102	70	56
25099	0	938	1055	1082	24	1	144	120	117
24959	0	910	950	1090	36	50	180	144	40
25100	0	1056	1077	1096	9	2	40	31	21
24963	0	1112	1117	1141	8	1	29	21	5
25135	0	1046	1048	1167	33	20	121	88	2
25136	0	1145	1167	1168	1	0	23	22	22
24962	0	1087	1096	1179	28	30	92	64	9
25000	0	1043	1179	1224	37	1	181	144	136
24964	0	1144	1168	1236	16	20	92	76	24
25101	0	1216	1236	1250	14	0	34	20	20
25001	0	1237	1270	1294	24	0	57	33	33
25051	0	1270	1294	1320	15	2	50	35	24
25002	0	1244	1250	1334	34	6	90	56	6
25005	0	1298	1336	1354	18	0	56	38	38
25003	0	1281	1304	1356	13	28	75	62	23
25052	0	1323	1334	1395	8	42	72	64	11
24961	0	953	1360	1397	35	1	444	409	407
25138	0	1392	1410	1441	31	0	49	18	18
25137	0	1377	1397	1456	28	27	79	51	20
25139	0	1425	1456	1572	57	24	147	90	31
25050	0	1098	1124	1577	88	46	479	391	26
25006	0	1517	1584	1609	25	0	92	67	67
25007	0	1548	1577	1663	22	8	115	93	29
25004	0	1291	1619	1688	55	6	397	342	328
25008	0	1606	1609	1710	31	39	104	73	3
25009	0	1700	1710	1721	11	0	21	10	10
25010	0	1701	1725	1760	18	7	59	41	24
25104	0	1741	1742	1797	33	5	56	23	1
25053	0	1717	1721	1807	22	44	90	68	4
25102	0	1650	1866	1898	32	0	248	216	216
24965	0	1760	1769	1912	54	22	152	98	9
25103	0	1724	1807	1923	39	50	199	160	83
25054	0	1874	1898	1934	15	8	60	45	24
25011	0	1971	1996	2002	6	0	31	25	25
25093	0	410	1934	2011	63	13	1601	1538	1524
25105	0	2043	2061	2064	3	0	21	18	18
25140	0	1943	2018	2146	51	2	203	152	75
25144	0	2097	2111	2148	7	19	51	44	14
25142	0	1978	2011	2152	28	39	174	146	33
25012	0	2141	2152	2157	5	0	16	11	11
25143	0	1990	1995	2203	60	6	213	153	5
25141	0	1970	2002	2207	50	68	237	187	32
24966	0	2192	2207	2227	20	0	35	15	15
24998	0	497	2234	2300	66	0	1803	1737	1737
25145	0	2260	2309	2318	9	0	58	49	49
24969	0	2279	2301	2326	16	8	47	31	22
25055	0	2321	2326	2330	4	0	9	5	5
24967	0	2223	2227	2355	23	29	132	109	4
25146	0	2266	2330	2368	22	10	102	80	64
25014	0	2296	2406	2424	18	0	128	110	110
25107	0	2396	2405	2425	2	10	29	27	9
25106	0	2386	2396	2438	22	7	52	30	10
24970	0	2448	2458	2477	19	0	29	10	10
25016	0	2531	2539	2571	18	2	40	22	8
24971	0	2558	2564	2573	5	2	15	10	6
25150	0	2526	2582	2601	19	0	75	56	56
25108	0	2436	2438	2639	57	109	203	146	2
25015	0	2362	2368	2664	47	25	302	255	6
25147	0	2273	2378	2700	54	17	427	373	105
25013	0	2241	2493	2728	99	59	487	388	252
25109	0	2713	2729	2735	6	0	22	16	16
24972	0	2724	2728	2741	4	5	17	13	4
25056	0	2741	2761	2764	3	0	23	20	20
25018	0	2734	2735	2785	24	12	51	27	1
25153	0	2792	2806	2833	27	0	41	14	14
25110	0	2716	2741	2862	67	39	146	79	25
24973	0	2849	2862	2872	10	0	23	13	13
25017	0	2676	2872	2903	31	0	227	196	196
24968	0	2274	2300	2941	39	9	667	628	26
25057	0	2938	2941	3001	45	4	63	18	3
25111	0	2981	3001	3018	17	0	37	20	20
25059	0	2982	3018	3043	25	0	61	36	36
25058	0	2957	2960	3110	50	44	153	103	3
25112	0	3066	3076	3117	15	14	51	36	10
25019	0	3084	3117	3158	18	3	74	56	33
25154	0	3107	3133	3197	29	16	90	61	26
25113	0	3185	3197	3228	18	3	43	25	12
25060	0	3051	3084	3264	50	109	213	163	33
24974	0	3102	3158	3341	89	27	239	150	56
25148	0	2462	3296	3352	49	3	890	841	834
24975	0	3228	3248	3367	15	61	139	124	20
25155	0	3309	3367	3384	17	0	75	58	58
25021	0	3341	3352	3385	7	9	44	37	11
24976	0	3367	3385	3390	5	0	23	18	18
25022	0	3435	3465	3473	8	0	38	30	30
25064	0	3485	3489	3494	5	0	9	4	4
25062	0	3413	3423	3510	51	30	97	46	10
25114	0	3432	3473	3530	33	3	98	65	41
25115	0	3454	3458	3549	26	10	95	69	4
25156	0	3497	3510	3554	7	26	57	50	13
25065	0	3552	3554	3563	9	0	11	2	2
24977	0	3533	3563	3575	12	0	42	30	30
25158	0	3620	3626	3631	5	0	11	6	6
24978	0	3611	3624	3633	4	4	22	18	13
25063	0	3461	3581	3650	38	19	189	151	120
25157	0	3605	3607	3696	29	31	91	62	2
25024	0	3544	3549	3739	35	77	195	160	5
25116	0	3741	3748	3779	20	8	38	18	7
25025	0	3733	3739	3793	23	5	60	37	6
25068	0	3731	3758	3821	23	26	90	67	27
25160	0	3678	3683	3860	38	72	182	144	5
25159	0	3626	3650	3922	77	67	296	219	24
25020	0	3309	3390	3955	66	28	646	580	81
25118	0	3854	3860	3960	13	69	106	93	6
25119	0	3958	3960	3961	1	0	3	2	2
25023	0	3525	3868	3990	57	39	465	408	343
24979	0	3797	4026	4118	56	10	321	265	229
24980	0	4045	4069	4119	10	13	74	64	24
25026	0	4114	4119	4120	1	0	6	5	5
25069	0	4059	4065	4128	29	10	69	40	6
25070	0	4086	4095	4183	34	2	97	63	9
25027	0	4137	4149	4186	7	23	49	42	12
25067	0	3662	3990	4241	79	94	579	500	328
24981	0	4171	4186	4252	21	22	81	60	15
25161	0	4158	4216	4256	18	18	98	80	58
25120	0	4157	4192	4270	25	11	113	88	35
25121	0	4214	4270	4346	18	27	132	114	56
25149	0	2495	4302	4384	66	11	1889	1823	1807
25072	0	4383	4384	4388	4	0	5	1	1
25028	0	4349	4363	4430	46	1	81	35	14
25029	0	4421	4430	4435	5	0	14	9	9
25122	0	4408	4435	4442	7	0	34	27	27
25074	0	4397	4442	4450	8	0	53	45	45
24983	0	4456	4459	4479	20	0	23	3	3
24982	0	4412	4450	4500	30	9	88	58	38
25168	0	4523	4525	4537	6	4	14	8	2
25167	0	4510	4519	4555	20	12	45	25	9
25030	0	4519	4526	4563	11	8	44	33	7
25166	0	4508	4521	4570	11	27	62	51	13
25073	0	4385	4388	4592	31	6	207	176	3
25124	0	4577	4592	4599	7	0	22	15	15
25169	0	4550	4555	4623	25	21	73	48	5
25165	0	4489	4500	4632	30	89	143	113	11
25164	0	4400	4632	4659	27	0	259	232	232
25123	0	4419	4659	4692	33	0	273	240	240
25163	0	4330	4692	4729	37	0	399	362	362
25075	0	4701	4729	4734	5	0	33	28	28
25172	0	4751	4761	4774	13	0	23	10	10
25126	0	4777	4784	4799	2	9	22	20	7
25170	0	4728	4734	4842	43	38	114	71	6
25076	0	4777	4785	4870	40	27	93	53	8
25077	0	4846	4870	4881	11	0	35	24	24
25171	0	4742	4799	4959	45	35	217	172	57
25127	0	4902	4910	4960	11	27	58	47	8
24984	0	4766	4842	4972	39	56	206	167	76
25031	0	4849	4881	4990	52	5	141	89	32
25128	0	4997	5023	5049	26	0	52	26	26
25125	0	4700	4990	5054	38	13	354	316	290
25078	0	4997	5076	5106	30	0	109	79	79
25032	0	5069	5072	5114	5	34	45	40	3
25079	0	5053	5054	5140	44	5	87	43	1
25129	0	5088	5106	5153	20	7	65	45	18
25173	0	5142	5153	5158	5	0	16	11	11
25130	0	5147	5158	5193	35	0	46	11	11
25080	0	5174	5193	5196	3	0	22	19	19
24985	0	5194	5198	5219	21	0	25	4	4
25071	0	4291	5220	5268	48	0	977	929	929
25034	0	5210	5219	5274	7	24	64	57	9
25081	0	5239	5274	5286	12	0	47	35	35
25162	0	4245	4285	5335	66	1	1090	1024	40
25037	0	5333	5335	5338	3	0	5	2	2
25035	0	5295	5338	5347	9	0	52	43	43
25082	0	5349	5370	5418	39	5	69	30	21
24987	0	5384	5418	5436	18	0	52	34	34
24986	0	5370	5393	5437	10	25	67	57	23
25083	0	5438	5449	5464	15	0	26	11	11
24988	0	5435	5437	5488	36	14	53	17	2
25061	0	3218	5554	5604	50	0	2386	2336	2336
25084	0	5471	5488	5607	12	73	136	124	17
24989	0	5488	5497	5611	20	80	123	103	9
25036	0	5330	5347	5625	78	57	295	217	17
25151	0	2600	5672	5724	52	0	3124	3072	3072
25038	0	5579	5625	5786	54	6	207	153	46
24990	0	5806	5847	5875	13	10	69	56	41
25085	0	5802	5842	5882	12	19	80	68	40
25033	0	5195	5196	5894	70	75	699	629	1
25066	0	3661	3696	5899	95	47	2238	2143	35
25152	0	2785	2803	6045	83	27	3260	3177	18
25117	0	3810	5899	6061	76	19	2251	2175	2089
24991	0	6089	6089	6146	30	9	57	27	0
24993	0	6130	6147	6152	5	0	22	17	17
24992	0	6103	6107	6158	21	21	55	34	4
25039	0	6093	6101	6163	11	49	70	59	8
25175	0	6137	6146	6169	3	20	32	29	9
25174	0	6107	6122	6193	30	41	86	56	15
24994	0	6333	6338	6376	33	4	43	10	5
24995	0	6402	6402	6429	27	0	27	0	0
25040	0	6198	6198	6440	75	167	242	167	0
0	0	0	0	6440	38201	0	6440	-31761	0
