id	priority	createdTime	startedTime	terminatedTime	cpuTime	blockedTime	turnaroundTime	waitingTime	responseTime
25626	0	0	0	4	4	0	4	0	0
25718	0	0	25	27	2	0	27	25	25
25627	0	19	60	90	30	0	71	41	41
25672	0	0	4	91	22	7	91	69	4
25764	0	0	27	128	52	8	128	76	27
25810	0	0	55	163	40	6	163	123	55
25766	0	91	163	170	7	0	79	72	72
25719	0	97	170	171	1	0	74	73	73
25811	0	151	196	215	19	0	64	45	45
25767	0	151	194	250	37	7	99	62	43
25768	0	233	250	252	2	0	19	17	17
25765	0	34	91	269	53	67	235	182	57
25673	0	296	361	408	47	0	112	65	65
25628	0	255	269	419	40	19	164	124	14
25720	0	255	275	435	72	33	180	108	20
25769	0	296	408	571	36	8	275	239	112
25770	0	403	435	616	69	5	213	144	32
25674	0	497	618	684	66	0	187	121	121
25771	0	410	477	725	63	13	315	252	67
25630	0	562	725	754	29	0	192	163	163
25631	0	581	754	789	35	0	208	173	173
25772	0	467	571	829	54	17	362	308	104
25629	0	479	585	834	9	18	355	346	106
25812	0	611	834	861	27	0	250	223	223
25632	0	639	864	883	19	0	244	225	225
25773	0	513	684	927	48	10	414	366	171
25724	0	786	927	931	4	0	145	141	141
25776	0	853	956	970	14	0	117	103	103
25721	0	488	616	975	10	29	487	477	128
25722	0	664	890	1008	35	6	344	309	226
25725	0	910	1019	1024	5	0	114	109	109
25774	0	700	896	1026	14	3	326	312	196
25675	0	666	892	1043	21	17	377	356	226
25775	0	842	931	1131	26	5	289	263	89
25726	0	967	1131	1143	12	0	176	164	164
25633	0	663	883	1152	16	139	489	473	220
25635	0	929	1043	1217	32	5	288	256	114
25777	0	938	1074	1240	24	1	302	278	136
25723	0	717	908	1281	44	36	564	520	191
25636	0	953	1097	1302	35	1	349	314	144
25815	0	1145	1306	1307	1	0	162	161	161
25676	0	1043	1152	1316	37	1	273	236	109
25778	0	1056	1187	1322	9	2	266	257	131
25814	0	1046	1180	1348	33	20	302	269	134
25779	0	1216	1348	1362	14	0	146	132	132
25634	0	910	1008	1370	36	50	460	424	98
25677	0	1237	1370	1394	24	0	157	133	133
25637	0	1087	1217	1421	28	30	334	306	130
25681	0	1298	1488	1506	18	0	208	190	190
25638	0	1112	1293	1507	8	1	395	387	181
25813	0	943	1096	1521	27	21	578	551	153
25639	0	1144	1302	1535	16	20	391	375	158
25817	0	1392	1548	1579	31	0	187	156	156
25678	0	1244	1394	1593	34	6	349	315	150
25728	0	1270	1421	1625	15	2	355	340	151
25679	0	1281	1431	1627	13	28	346	333	150
25680	0	1291	1442	1644	55	6	353	298	151
25682	0	1517	1679	1704	25	0	187	162	162
25816	0	1377	1535	1730	28	27	353	325	158
25780	0	1650	1756	1788	32	0	138	106	106
25685	0	1700	1812	1823	11	0	123	112	112
25729	0	1323	1521	1883	8	42	560	552	198
25818	0	1425	1593	1925	57	24	500	443	168
25727	0	1098	1240	1930	88	46	832	744	142
25686	0	1701	1823	1931	18	7	230	212	122
25683	0	1548	1708	1937	22	8	389	367	160
25782	0	1741	1883	1966	33	5	225	192	142
25684	0	1606	1730	1989	31	39	383	352	124
25781	0	1724	1853	2000	39	50	276	237	129
25731	0	1874	1946	2032	15	8	158	143	72
25687	0	1971	2039	2045	6	0	74	68	68
25730	0	1717	1840	2054	22	44	337	315	123
25819	0	1943	2000	2123	51	2	180	129	57
25783	0	2043	2123	2126	3	0	83	80	80
25640	0	1760	1900	2179	54	22	419	365	140
25688	0	2141	2206	2211	5	0	70	65	65
25641	0	2192	2215	2235	20	0	43	23	23
25822	0	1990	2092	2281	60	6	291	231	102
25823	0	2097	2201	2290	7	19	193	186	104
25821	0	1978	2054	2294	28	39	316	288	76
25820	0	1970	2032	2322	50	68	352	302	62
25824	0	2260	2322	2331	9	0	71	62	62
25690	0	2296	2367	2385	18	0	89	71	71
25642	0	2223	2281	2401	23	29	178	155	58
25732	0	2321	2401	2405	4	0	84	80	80
25825	0	2266	2331	2423	22	10	157	135	65
25643	0	2274	2358	2471	39	9	197	158	84
25826	0	2273	2340	2507	54	17	234	180	67
25644	0	2279	2359	2515	16	8	236	220	80
25645	0	2448	2590	2609	19	0	161	142	142
25829	0	2526	2688	2707	19	0	181	162	162
25784	0	2386	2515	2734	22	7	348	326	129
25785	0	2396	2524	2735	2	10	339	337	128
25830	0	2600	2763	2815	52	0	215	163	163
25691	0	2362	2423	2818	47	25	456	409	61
25827	0	2462	2609	2829	49	3	367	318	147
25693	0	2676	2829	2860	31	0	184	153	153
25787	0	2713	2877	2883	6	0	170	164	164
25692	0	2531	2707	2907	18	2	376	358	176
25733	0	2741	2911	2914	3	0	173	170	170
25646	0	2558	2744	2916	5	2	358	353	186
25832	0	2792	2958	2985	27	0	193	166	166
25648	0	2849	2985	2995	10	0	146	136	136
25828	0	2495	2647	3003	66	11	508	442	152
25647	0	2724	2907	3006	4	5	282	278	183
25694	0	2734	2908	3027	24	12	293	269	174
25831	0	2785	2933	3159	83	27	374	291	148
25689	0	2241	2294	3187	99	59	946	847	53
25789	0	2981	3187	3204	17	0	223	206	206
25736	0	2982	3204	3229	25	0	247	222	222
25786	0	2436	2536	3233	57	109	797	740	100
25788	0	2716	2883	3286	67	39	570	503	167
25734	0	2938	3045	3320	45	4	382	337	107
25738	0	3218	3434	3484	50	0	266	216	216
25790	0	3066	3286	3494	15	14	428	413	220
25834	0	3309	3527	3544	17	0	235	218	218
25695	0	3084	3320	3546	18	3	462	444	236
25651	0	3367	3565	3570	5	0	203	198	198
25735	0	2957	3064	3572	50	44	615	565	107
25698	0	3435	3643	3651	8	0	216	208	208
25791	0	3185	3425	3660	18	3	475	457	240
25833	0	3107	3402	3666	29	16	559	530	295
25741	0	3485	3694	3699	5	0	214	209	209
25652	0	3533	3733	3745	12	0	212	200	200
25742	0	3552	3746	3755	9	0	203	194	194
25696	0	3309	3494	3788	66	28	479	413	185
25697	0	3341	3546	3789	7	9	448	441	205
25737	0	3051	3233	3802	50	109	751	701	182
25837	0	3620	3850	3855	5	0	235	230	230
25792	0	3432	3627	3898	33	3	466	433	195
25739	0	3413	3592	3914	51	30	501	450	179
25793	0	3454	3666	3997	26	10	543	517	212
25740	0	3461	3673	4014	38	19	553	515	212
25835	0	3497	3699	4018	7	26	521	514	202
25650	0	3228	3484	4057	15	61	829	814	256
25699	0	3525	3705	4092	57	39	567	510	180
25649	0	3102	3369	4202	89	27	1100	1011	267
25653	0	3611	3848	4212	4	4	601	597	237
25797	0	3958	4299	4300	1	0	342	341	341
25701	0	3733	4029	4332	23	5	599	576	296
25745	0	3731	4018	4349	23	26	618	595	287
25794	0	3741	4038	4359	20	8	618	598	297
25702	0	4114	4372	4373	1	0	259	258	258
25654	0	3797	4092	4396	56	10	599	543	295
25836	0	3605	3831	4454	29	31	849	820	226
25796	0	3854	4202	4476	13	69	622	609	348
25838	0	3626	3855	4502	77	67	876	799	229
25748	0	4291	4502	4550	48	0	259	211	211
25842	0	4330	4586	4623	37	0	293	256	256
25839	0	3678	3970	4637	38	72	959	921	292
25747	0	4086	4368	4701	34	2	615	581	282
25749	0	4383	4701	4705	4	0	322	318	318
25751	0	4397	4714	4722	8	0	325	317	317
25843	0	4400	4722	4749	27	0	349	322	322
25703	0	4137	4373	4752	7	23	615	608	236
25800	0	4408	4752	4759	7	0	351	344	344
25798	0	4157	4396	4782	25	11	625	600	239
25801	0	4419	4782	4815	33	0	396	363	363
25705	0	4421	4815	4820	5	0	399	394	394
25700	0	3544	3745	4843	35	77	1299	1264	201
25840	0	4158	4407	4851	18	18	693	675	249
25795	0	3810	4129	4854	76	19	1044	968	319
25658	0	4456	4854	4874	20	0	418	398	398
25841	0	4245	4454	4923	66	1	678	612	209
25799	0	4214	4434	4926	18	27	712	694	220
25802	0	4577	4957	4964	7	0	387	380	380
25743	0	3661	3914	4969	95	47	1308	1213	253
25655	0	4045	4332	4979	10	13	934	924	287
25704	0	4349	4641	5012	46	1	663	617	292
25746	0	4059	4359	5020	29	10	961	932	300
25752	0	4701	5053	5058	5	0	357	352	352
25750	0	4385	4705	5080	31	6	695	664	320
25851	0	4751	5121	5134	13	0	383	370	370
25657	0	4412	4759	5193	30	9	781	751	347
25754	0	4846	5193	5204	11	0	358	347	347
25656	0	4171	4421	5241	21	22	1070	1049	250
25847	0	4523	4955	5254	6	4	731	725	432
25846	0	4510	4949	5272	20	12	762	742	439
25706	0	4519	4951	5279	11	8	760	749	432
25845	0	4508	4945	5286	11	27	778	767	437
25848	0	4550	4956	5310	25	21	760	735	406
25744	0	3662	3934	5321	79	94	1659	1580	272
25755	0	4997	5321	5351	30	0	354	324	324
25806	0	4997	5351	5377	26	0	380	354	354
25803	0	4700	5020	5400	38	13	700	662	320
25852	0	5142	5421	5426	5	0	284	279	279
25808	0	5147	5426	5461	35	0	314	279	279
25850	0	4742	5107	5492	45	35	750	705	365
25757	0	5174	5492	5495	3	0	321	318	318
25804	0	4777	5171	5499	2	9	722	720	394
25660	0	5194	5522	5543	21	0	349	328	328
25758	0	5239	5554	5566	12	0	327	315	315
25809	0	5280	5570	5596	26	0	316	290	290
25711	0	5295	5596	5605	9	0	310	301	301
25844	0	4489	4926	5614	30	89	1125	1095	437
25713	0	5333	5637	5640	3	0	307	304	304
25662	0	5384	5672	5690	18	0	306	288	288
25756	0	5053	5377	5716	44	5	663	619	324
25807	0	5088	5404	5729	20	7	641	621	316
25760	0	5438	5741	5756	15	0	318	303	303
25708	0	5069	5400	5757	5	34	688	683	331
25849	0	4728	5080	5763	43	38	1035	992	352
25659	0	4766	5134	5800	39	56	1034	995	368
25753	0	4777	5158	5804	40	27	1027	987	381
25707	0	4849	5204	5822	52	5	973	921	355
25710	0	5210	5545	5828	7	24	618	611	335
25805	0	4902	5241	5876	11	27	974	963	339
25759	0	5349	5640	5948	39	5	599	560	291
25661	0	5370	5663	5990	10	25	620	610	293
25663	0	5435	5729	6014	36	14	579	543	294
25761	0	5471	5763	6041	12	73	570	558	292
25664	0	5488	5772	6045	20	80	557	537	284
25709	0	5195	5543	6063	70	75	868	798	348
25712	0	5330	5614	6077	78	57	747	669	284
25762	0	5802	6014	6084	12	19	282	270	212
25665	0	5806	6019	6087	13	10	281	268	213
25714	0	5579	5828	6088	54	6	509	455	249
25666	0	6089	6089	6146	30	9	57	27	0
25668	0	6130	6148	6153	5	0	23	18	18
25667	0	6103	6107	6160	21	21	57	36	4
25763	0	5839	6029	6180	31	92	341	310	190
25715	0	6093	6101	6185	11	49	92	81	8
25853	0	6107	6122	6209	30	41	102	72	15
25854	0	6137	6153	6211	3	20	74	71	16
25717	0	6251	6283	6305	22	0	54	32	32
25855	0	6295	6305	6323	18	0	28	10	10
25669	0	6333	6333	6373	33	4	40	7	0
25670	0	6402	6402	6429	27	0	27	0	0
25671	0	6404	6429	6443	8	6	39	31	25
25716	0	6198	6211	6459	75	167	261	186	13
0	0	0	0	6459	38583	0	6459	-32124	0
