id	priority	createdTime	startedTime	terminatedTime	cpuTime	blockedTime	turnaroundTime	waitingTime	responseTime
27951	0	0	0	4	4	0	4	0	0
28047	0	0	25	27	2	0	27	25	25
27952	0	19	60	90	30	0	71	41	41
27999	0	0	4	91	22	7	91	69	4
28095	0	0	27	128	52	8	128	76	27
28143	0	0	55	163	40	6	163	123	55
28097	0	91	163	170	7	0	79	72	72
28048	0	97	170	171	1	0	74	73	73
28144	0	151	196	215	19	0	64	45	45
28098	0	151	194	250	37	7	99	62	43
28099	0	233	250	252	2	0	19	17	17
28096	0	34	91	269	53	67	235	182	57
28000	0	296	361	408	47	0	112	65	65
27953	0	255	269	419	40	19	164	124	14
28049	0	255	275	435	72	33	180	108	20
28100	0	296	408	571	36	8	275	239	112
28101	0	403	435	616	69	5	213	144	32
28001	0	497	618	684	66	0	187	121	121
28102	0	410	477	725	63	13	315	252	67
27955	0	562	725	754	29	0	192	163	163
27956	0	581	754	789	35	0	208	173	173
28103	0	467	571	829	54	17	362	308	104
27954	0	479	585	834	9	18	355	346	106
28145	0	611	834	861	27	0	250	223	223
27957	0	639	864	883	19	0	244	225	225
28104	0	513	684	927	48	10	414	366	171
28053	0	786	927	931	4	0	145	141	141
28107	0	853	956	970	14	0	117	103	103
28050	0	488	616	975	10	29	487	477	128
28051	0	664	890	1008	35	6	344	309	226
28054	0	910	1019	1024	5	0	114	109	109
28105	0	700	896	1026	14	3	326	312	196
28002	0	666	892	1043	21	17	377	356	226
28106	0	842	931	1131	26	5	289	263	89
28055	0	967	1131	1143	12	0	176	164	164
27958	0	663	883	1152	16	139	489	473	220
27960	0	929	1043	1217	32	5	288	256	114
28108	0	938	1074	1240	24	1	302	278	136
28052	0	717	908	1281	44	36	564	520	191
27961	0	953	1097	1302	35	1	349	314	144
28148	0	1145	1306	1307	1	0	162	161	161
28003	0	1043	1152	1316	37	1	273	236	109
28109	0	1056	1187	1322	9	2	266	257	131
28147	0	1046	1180	1348	33	20	302	269	134
28110	0	1216	1348	1362	14	0	146	132	132
27959	0	910	1008	1370	36	50	460	424	98
28004	0	1237	1370	1394	24	0	157	133	133
27962	0	1087	1217	1421	28	30	334	306	130
28008	0	1298	1488	1506	18	0	208	190	190
27963	0	1112	1293	1507	8	1	395	387	181
28146	0	943	1096	1521	27	21	578	551	153
27964	0	1144	1302	1535	16	20	391	375	158
28150	0	1392	1548	1579	31	0	187	156	156
28005	0	1244	1394	1593	34	6	349	315	150
28057	0	1270	1421	1625	15	2	355	340	151
28006	0	1281	1431	1627	13	28	346	333	150
28007	0	1291	1442	1644	55	6	353	298	151
28009	0	1517	1679	1704	25	0	187	162	162
28149	0	1377	1535	1730	28	27	353	325	158
28111	0	1650	1756	1788	32	0	138	106	106
28012	0	1700	1812	1823	11	0	123	112	112
28058	0	1323	1521	1883	8	42	560	552	198
28151	0	1425	1593	1925	57	24	500	443	168
28056	0	1098	1240	1930	88	46	832	744	142
28013	0	1701	1823	1931	18	7	230	212	122
28010	0	1548	1708	1937	22	8	389	367	160
28113	0	1741	1883	1966	33	5	225	192	142
28011	0	1606	1730	1989	31	39	383	352	124
28112	0	1724	1853	2000	39	50	276	237	129
28060	0	1874	1946	2032	15	8	158	143	72
28014	0	1971	2039	2045	6	0	74	68	68
28059	0	1717	1840	2054	22	44	337	315	123
28152	0	1943	2000	2123	51	2	180	129	57
28114	0	2043	2123	2126	3	0	83	80	80
27965	0	1760	1900	2179	54	22	419	365	140
28015	0	2141	2206	2211	5	0	70	65	65
27966	0	2192	2215	2235	20	0	43	23	23
28155	0	1990	2092	2281	60	6	291	231	102
28156	0	2097	2201	2290	7	19	193	186	104
28154	0	1978	2054	2294	28	39	316	288	76
28153	0	1970	2032	2322	50	68	352	302	62
28157	0	2260	2322	2331	9	0	71	62	62
28017	0	2296	2367	2385	18	0	89	71	71
27967	0	2223	2281	2401	23	29	178	155	58
28061	0	2321	2401	2405	4	0	84	80	80
28158	0	2266	2331	2423	22	10	157	135	65
27968	0	2274	2358	2471	39	9	197	158	84
28159	0	2273	2340	2507	54	17	234	180	67
27969	0	2279	2359	2515	16	8	236	220	80
27970	0	2448	2590	2609	19	0	161	142	142
28162	0	2526	2688	2707	19	0	181	162	162
28115	0	2386	2515	2734	22	7	348	326	129
28116	0	2396	2524	2735	2	10	339	337	128
28163	0	2600	2763	2815	52	0	215	163	163
28018	0	2362	2423	2818	47	25	456	409	61
28160	0	2462	2609	2829	49	3	367	318	147
28020	0	2676	2829	2860	31	0	184	153	153
28118	0	2713	2877	2883	6	0	170	164	164
28019	0	2531	2707	2907	18	2	376	358	176
28062	0	2741	2911	2914	3	0	173	170	170
27971	0	2558	2744	2916	5	2	358	353	186
28165	0	2792	2958	2985	27	0	193	166	166
27973	0	2849	2985	2995	10	0	146	136	136
28161	0	2495	2647	3003	66	11	508	442	152
27972	0	2724	2907	3006	4	5	282	278	183
28021	0	2734	2908	3027	24	12	293	269	174
28164	0	2785	2933	3159	83	27	374	291	148
28016	0	2241	2294	3187	99	59	946	847	53
28120	0	2981	3187	3204	17	0	223	206	206
28065	0	2982	3204	3229	25	0	247	222	222
28117	0	2436	2536	3233	57	109	797	740	100
28119	0	2716	2883	3286	67	39	570	503	167
28063	0	2938	3045	3320	45	4	382	337	107
28067	0	3218	3434	3484	50	0	266	216	216
28121	0	3066	3286	3494	15	14	428	413	220
28167	0	3309	3527	3544	17	0	235	218	218
28022	0	3084	3320	3546	18	3	462	444	236
27976	0	3367	3565	3570	5	0	203	198	198
28064	0	2957	3064	3572	50	44	615	565	107
28025	0	3435	3643	3651	8	0	216	208	208
28122	0	3185	3425	3660	18	3	475	457	240
28166	0	3107	3402	3666	29	16	559	530	295
28070	0	3485	3694	3699	5	0	214	209	209
27977	0	3533	3733	3745	12	0	212	200	200
28071	0	3552	3746	3755	9	0	203	194	194
28023	0	3309	3494	3788	66	28	479	413	185
28024	0	3341	3546	3789	7	9	448	441	205
28066	0	3051	3233	3802	50	109	751	701	182
28170	0	3620	3850	3855	5	0	235	230	230
28123	0	3432	3627	3898	33	3	466	433	195
28068	0	3413	3592	3914	51	30	501	450	179
28124	0	3454	3666	3997	26	10	543	517	212
28069	0	3461	3673	4014	38	19	553	515	212
28168	0	3497	3699	4018	7	26	521	514	202
27975	0	3228	3484	4057	15	61	829	814	256
28026	0	3525	3705	4092	57	39	567	510	180
27974	0	3102	3369	4202	89	27	1100	1011	267
27978	0	3611	3848	4212	4	4	601	597	237
28128	0	3958	4299	4300	1	0	342	341	341
28028	0	3733	4029	4332	23	5	599	576	296
28074	0	3731	4018	4349	23	26	618	595	287
28125	0	3741	4038	4359	20	8	618	598	297
28029	0	4114	4372	4373	1	0	259	258	258
27979	0	3797	4092	4396	56	10	599	543	295
28169	0	3605	3831	4454	29	31	849	820	226
28127	0	3854	4202	4476	13	69	622	609	348
28171	0	3626	3855	4502	77	67	876	799	229
28077	0	4291	4502	4550	48	0	259	211	211
28175	0	4330	4586	4623	37	0	293	256	256
28172	0	3678	3970	4637	38	72	959	921	292
28076	0	4086	4368	4701	34	2	615	581	282
28078	0	4383	4701	4705	4	0	322	318	318
28080	0	4397	4714	4722	8	0	325	317	317
28176	0	4400	4722	4749	27	0	349	322	322
28030	0	4137	4373	4752	7	23	615	608	236
28131	0	4408	4752	4759	7	0	351	344	344
28129	0	4157	4396	4782	25	11	625	600	239
28132	0	4419	4782	4815	33	0	396	363	363
28032	0	4421	4815	4820	5	0	399	394	394
28027	0	3544	3745	4843	35	77	1299	1264	201
28173	0	4158	4407	4851	18	18	693	675	249
28126	0	3810	4129	4854	76	19	1044	968	319
27983	0	4456	4854	4874	20	0	418	398	398
28174	0	4245	4454	4923	66	1	678	612	209
28130	0	4214	4434	4926	18	27	712	694	220
28133	0	4577	4957	4964	7	0	387	380	380
28072	0	3661	3914	4969	95	47	1308	1213	253
27980	0	4045	4332	4979	10	13	934	924	287
28031	0	4349	4641	5012	46	1	663	617	292
28075	0	4059	4359	5020	29	10	961	932	300
28081	0	4701	5053	5058	5	0	357	352	352
28079	0	4385	4705	5080	31	6	695	664	320
28184	0	4751	5121	5134	13	0	383	370	370
27982	0	4412	4759	5193	30	9	781	751	347
28083	0	4846	5193	5204	11	0	358	347	347
27981	0	4171	4421	5241	21	22	1070	1049	250
28180	0	4523	4955	5254	6	4	731	725	432
28179	0	4510	4949	5272	20	12	762	742	439
28033	0	4519	4951	5279	11	8	760	749	432
28178	0	4508	4945	5286	11	27	778	767	437
28181	0	4550	4956	5310	25	21	760	735	406
28073	0	3662	3934	5321	79	94	1659	1580	272
28084	0	4997	5321	5351	30	0	354	324	324
28137	0	4997	5351	5377	26	0	380	354	354
28134	0	4700	5020	5400	38	13	700	662	320
28185	0	5142	5421	5426	5	0	284	279	279
28139	0	5147	5426	5461	35	0	314	279	279
28183	0	4742	5107	5492	45	35	750	705	365
28086	0	5174	5492	5495	3	0	321	318	318
28135	0	4777	5171	5499	2	9	722	720	394
27985	0	5194	5522	5543	21	0	349	328	328
28087	0	5239	5554	5566	12	0	327	315	315
28140	0	5280	5570	5596	26	0	316	290	290
28038	0	5295	5596	5605	9	0	310	301	301
28141	0	5300	5605	5608	3	0	308	305	305
28177	0	4489	4926	5617	30	89	1128	1098	437
28040	0	5333	5640	5643	3	0	310	307	307
27987	0	5384	5675	5693	18	0	309	291	291
28085	0	5053	5377	5719	44	5	666	622	324
28138	0	5088	5404	5732	20	7	644	624	316
28089	0	5438	5744	5759	15	0	321	306	306
28035	0	5069	5400	5760	5	34	691	686	331
28182	0	4728	5080	5766	43	38	1038	995	352
27984	0	4766	5134	5803	39	56	1037	998	368
28082	0	4777	5158	5807	40	27	1030	990	381
28034	0	4849	5204	5825	52	5	976	924	355
28037	0	5210	5545	5831	7	24	621	614	335
28136	0	4902	5241	5879	11	27	977	966	339
28088	0	5349	5643	5965	39	5	616	577	294
27986	0	5370	5666	6007	10	25	637	627	296
27988	0	5435	5732	6031	36	14	596	560	297
28090	0	5471	5766	6058	12	73	587	575	295
27989	0	5488	5775	6062	20	80	574	554	287
28093	0	5911	6068	6075	7	0	164	157	157
28036	0	5195	5543	6099	70	75	904	834	348
28039	0	5330	5617	6113	78	57	783	705	287
28091	0	5802	6031	6120	12	19	318	306	229
27990	0	5806	6036	6123	13	10	317	304	230
28094	0	6068	6123	6172	49	0	104	55	55
28041	0	5579	5831	6173	54	6	594	540	252
27993	0	6130	6234	6239	5	0	109	104	104
27991	0	6089	6173	6260	30	9	171	141	84
27992	0	6103	6191	6290	21	21	187	166	88
28042	0	6093	6185	6295	11	49	202	191	92
28092	0	5839	6046	6329	31	92	490	459	207
28044	0	6251	6329	6351	22	0	100	78	78
28186	0	6107	6206	6375	30	41	268	238	99
28187	0	6137	6239	6377	3	20	240	237	102
28188	0	6295	6377	6395	18	0	100	82	82
28142	0	5625	5935	6459	91	49	834	743	310
27995	0	6402	6474	6501	27	0	99	72	72
27994	0	6333	6459	6526	33	4	193	160	126
28189	0	6484	6526	6547	21	0	63	42	42
27996	0	6404	6501	6561	8	6	157	149	97
27998	0	6579	6590	6603	13	0	24	11	11
28045	0	6505	6554	6612	13	43	107	94	49
27997	0	6410	6506	6616	24	54	206	182	96
28043	0	6198	6260	6661	75	167	463	388	62
28046	0	6665	6665	6708	21	20	43	22	0
28190	0	6642	6642	6726	41	33	84	43	0
0	0	0	0	6726	39502	0	6726	-32776	0
