id	priority	createdTime	startedTime	terminatedTime	cpuTime	blockedTime	turnaroundTime	waitingTime	responseTime
29886	0	0	0	4	4	0	4	0	0
29984	0	0	24	26	2	0	26	24	24
29887	0	19	51	123	30	0	104	74	32
29935	0	0	4	124	22	7	124	102	4
30035	0	91	124	131	7	0	40	33	33
29985	0	97	131	132	1	0	35	34	34
30082	0	0	46	187	40	6	187	147	46
30083	0	151	189	208	19	0	57	38	38
30033	0	0	26	212	52	8	212	160	26
30037	0	233	235	237	2	0	4	2	2
30036	0	151	187	252	37	7	101	64	36
30034	0	34	72	280	53	67	246	193	38
29888	0	255	255	417	40	19	162	122	0
29936	0	296	320	438	47	0	142	95	24
30038	0	296	340	471	36	8	175	139	44
29986	0	255	261	507	72	33	252	180	6
29889	0	479	541	657	9	18	178	169	62
30041	0	467	527	796	54	17	329	275	60
29892	0	639	796	815	19	0	176	157	157
29987	0	488	545	820	10	29	332	322	57
29890	0	562	632	829	29	0	267	238	70
29891	0	581	677	858	35	0	277	242	96
30042	0	513	587	909	48	10	396	348	74
30084	0	611	736	916	27	0	305	278	125
30039	0	403	438	923	69	5	520	451	35
29990	0	786	923	927	4	0	141	137	137
30045	0	853	967	981	14	0	128	114	114
30040	0	410	471	983	63	13	573	510	61
29938	0	666	838	1000	21	17	334	313	172
30043	0	700	858	1002	14	3	302	288	158
29937	0	497	567	1017	66	0	520	454	70
29991	0	910	1028	1033	5	0	123	118	118
29992	0	967	1099	1111	12	0	144	132	132
29988	0	664	836	1124	35	6	460	425	172
29893	0	663	829	1133	16	139	470	454	166
30044	0	842	927	1217	26	5	375	349	85
30087	0	1145	1277	1278	1	0	133	132	132
29989	0	717	870	1283	44	36	566	522	153
29895	0	929	1033	1301	32	5	372	340	104
30047	0	1056	1182	1307	9	2	251	242	126
30046	0	938	1053	1329	24	1	391	367	115
29894	0	910	1017	1337	36	50	427	391	107
30048	0	1216	1337	1351	14	0	135	121	121
30085	0	943	1073	1365	27	21	422	395	130
29896	0	953	1079	1408	35	1	455	420	126
29898	0	1112	1266	1419	8	1	307	299	154
29939	0	1043	1153	1459	37	1	416	379	110
29899	0	1144	1273	1479	16	20	335	319	129
29944	0	1298	1479	1497	18	0	199	181	181
30086	0	1046	1173	1505	33	20	459	426	127
29940	0	1237	1365	1522	24	0	285	261	128
29941	0	1244	1386	1556	34	6	312	278	142
29897	0	1087	1217	1563	28	30	476	448	130
29994	0	1270	1408	1568	15	2	298	283	138
29942	0	1281	1419	1608	13	28	327	314	138
30089	0	1392	1522	1663	31	0	271	240	130
30088	0	1377	1505	1678	28	27	301	273	128
29943	0	1291	1430	1710	55	6	419	364	139
29945	0	1517	1632	1750	25	0	233	208	115
29995	0	1323	1497	1752	8	42	429	421	174
29948	0	1700	1761	1772	11	0	72	61	61
30049	0	1650	1725	1890	32	0	240	208	75
29946	0	1548	1678	1908	22	8	360	338	130
29949	0	1701	1772	1909	18	7	208	190	71
30051	0	1741	1861	1975	33	5	234	201	120
30090	0	1425	1568	1981	57	24	556	499	143
29996	0	1717	1809	2010	22	44	293	271	92
29947	0	1606	1692	2012	31	39	406	375	86
29993	0	1098	1237	2017	88	46	919	831	139
29997	0	1874	1955	2028	15	8	154	139	81
29950	0	1971	2035	2041	6	0	70	64	64
30050	0	1724	1813	2059	39	50	335	296	89
30052	0	2043	2081	2084	3	0	41	38	38
29951	0	2141	2189	2194	5	0	53	48	48
29900	0	1760	1890	2204	54	22	444	390	130
30091	0	1943	1981	2214	51	2	271	220	38
29901	0	2192	2234	2254	20	0	62	42	42
30095	0	2097	2168	2256	7	19	159	152	71
30093	0	1978	2041	2260	28	39	282	254	63
30094	0	1990	2059	2293	60	6	303	243	69
30096	0	2260	2313	2322	9	0	62	53	53
30092	0	1970	2028	2354	50	68	384	334	58
29953	0	2296	2362	2380	18	0	84	66	66
29902	0	2223	2260	2396	23	29	173	150	37
29998	0	2321	2400	2404	4	0	83	79	79
30097	0	2266	2322	2417	22	10	151	129	56
29904	0	2279	2354	2475	16	8	196	180	75
29903	0	2274	2349	2528	39	9	254	215	75
29905	0	2448	2528	2547	19	0	99	80	80
30098	0	2273	2331	2603	54	17	330	276	58
30053	0	2386	2475	2616	22	7	230	208	89
30054	0	2396	2484	2648	2	10	252	250	88
30101	0	2526	2664	2683	19	0	157	138	138
29955	0	2531	2683	2822	18	2	291	273	152
29906	0	2558	2697	2824	5	2	266	261	139
30056	0	2713	2824	2830	6	0	117	111	111
29954	0	2362	2437	2854	47	25	492	445	75
30099	0	2462	2567	2868	49	3	406	357	105
29999	0	2741	2868	2871	3	0	130	127	127
29956	0	2676	2798	2946	31	0	270	239	122
29908	0	2849	2946	2956	10	0	107	97	97
29907	0	2724	2850	2959	4	5	235	231	126
30055	0	2436	2490	3001	57	109	565	508	54
30102	0	2600	2732	3013	52	0	413	361	132
30104	0	2792	2895	3037	27	0	245	218	103
29957	0	2734	2854	3094	24	12	360	336	120
30058	0	2981	3094	3111	17	0	130	113	113
30100	0	2495	2627	3159	66	11	664	598	132
30002	0	2982	3111	3328	25	0	346	321	129
30057	0	2716	2830	3337	67	39	621	554	114
29952	0	2241	2293	3398	99	59	1157	1058	52
30059	0	3066	3219	3408	15	14	342	327	153
30000	0	2938	3059	3414	45	4	476	431	121
29958	0	3084	3247	3416	18	3	332	314	163
30106	0	3309	3452	3469	17	0	160	143	143
30060	0	3185	3341	3497	18	3	312	294	156
29911	0	3367	3497	3502	5	0	135	130	130
30103	0	2785	2892	3522	83	27	737	654	107
29961	0	3435	3581	3589	8	0	154	146	146
30105	0	3107	3283	3628	29	16	521	492	176
30007	0	3485	3668	3673	5	0	188	183	183
29960	0	3341	3482	3677	7	9	336	329	141
30001	0	2957	3078	3679	50	44	722	672	121
29912	0	3533	3699	3711	12	0	178	166	166
30004	0	3218	3370	3721	50	0	503	453	152
30008	0	3552	3722	3731	9	0	179	170	170
30061	0	3432	3565	3763	33	3	331	298	133
29910	0	3228	3398	3789	15	61	561	546	170
30003	0	3051	3159	3804	50	109	753	703	108
30109	0	3620	3804	3809	5	0	189	184	184
30062	0	3454	3641	3868	26	10	414	388	187
30107	0	3497	3673	3949	7	26	452	445	176
30005	0	3413	3542	4001	51	30	588	537	129
29913	0	3611	3789	4003	4	4	392	388	178
30006	0	3461	3648	4126	38	19	665	627	187
29959	0	3309	3432	4139	66	28	830	764	123
30066	0	3958	4139	4140	1	0	182	181	181
29964	0	3733	3960	4154	23	5	421	398	227
30011	0	3731	3949	4207	23	26	476	453	218
30063	0	3741	3975	4217	20	8	476	456	234
30108	0	3605	3763	4239	29	31	634	605	158
29909	0	3102	3263	4275	89	27	1173	1084	161
29965	0	4114	4319	4320	1	0	206	205	205
30065	0	3854	4065	4331	13	69	477	464	211
29962	0	3525	3679	4371	57	39	846	789	154
30111	0	3678	3929	4385	38	72	707	669	251
29914	0	3797	4003	4439	56	10	642	586	206
29966	0	4137	4322	4613	7	23	476	469	185
30067	0	4157	4331	4627	25	11	470	445	174
30112	0	4158	4342	4635	18	18	477	459	184
30015	0	4383	4635	4639	4	0	256	252	252
30017	0	4397	4648	4656	8	0	259	251	251
30069	0	4408	4676	4683	7	0	275	268	268
29963	0	3544	3721	4715	35	77	1171	1136	177
29968	0	4421	4715	4720	5	0	299	294	294
30068	0	4214	4385	4723	18	27	509	491	171
29918	0	4456	4723	4743	20	0	287	267	267
29915	0	4045	4239	4764	10	13	719	709	194
30012	0	4059	4264	4797	29	10	738	709	205
30013	0	4086	4275	4813	34	2	727	693	189
30071	0	4577	4854	4861	7	0	284	277	277
30114	0	4330	4557	4878	37	0	548	511	227
29916	0	4171	4356	4930	21	22	759	738	185
30115	0	4400	4656	4957	27	0	557	530	256
30018	0	4701	4977	4982	5	0	281	276	276
30070	0	4419	4692	5015	33	0	596	563	273
30123	0	4751	5049	5062	13	0	311	298	298
30118	0	4510	4801	5143	20	12	633	613	291
30119	0	4523	4817	5148	6	4	625	619	294
29969	0	4519	4813	5155	11	8	636	625	294
30117	0	4508	4797	5162	11	27	654	643	289
30014	0	4291	4517	5170	48	0	879	831	226
30020	0	4846	5170	5181	11	0	335	324	324
30009	0	3661	3868	5226	95	47	1565	1470	207
30110	0	3626	3829	5232	77	67	1606	1529	203
29967	0	4349	4597	5251	46	1	902	856	248
30016	0	4385	4639	5262	31	6	877	846	254
29917	0	4412	4683	5316	30	9	904	874	271
30113	0	4245	4439	5354	66	1	1109	1043	194
30073	0	4777	5115	5386	2	9	609	607	338
30064	0	3810	4030	5409	76	19	1599	1523	220
30124	0	5142	5409	5414	5	0	272	267	267
30023	0	5174	5434	5437	3	0	263	260	260
30116	0	4489	4770	5474	30	89	985	955	281
30120	0	4550	4838	5479	25	21	929	904	288
30024	0	5239	5479	5491	12	0	252	240	240
30010	0	3662	3888	5506	79	94	1844	1765	226
30072	0	4700	4957	5531	38	13	831	793	257
29974	0	5295	5531	5540	9	0	245	236	236
30021	0	4997	5275	5550	30	0	553	523	278
30079	0	5300	5550	5553	3	0	253	250	250
30075	0	4997	5295	5559	26	0	562	536	298
29976	0	5333	5589	5592	3	0	259	256	256
30122	0	4742	5035	5652	45	35	910	865	293
29971	0	5069	5341	5653	5	34	584	579	272
29922	0	5384	5653	5671	18	0	287	269	269
30076	0	5088	5374	5684	20	7	596	576	286
30077	0	5147	5414	5705	35	0	558	523	267
30026	0	5438	5717	5732	15	0	294	279	279
29920	0	5194	5437	5733	21	0	539	518	243
29973	0	5210	5474	5772	7	24	562	555	264
30074	0	4902	5232	5793	11	27	891	880	330
30078	0	5280	5506	5799	26	0	519	493	226
30121	0	4728	5015	5828	43	38	1100	1057	287
30022	0	5053	5323	5834	44	5	781	737	270
29921	0	5370	5632	5852	10	25	482	472	262
30019	0	4777	5102	5856	40	27	1079	1039	325
29919	0	4766	5082	5868	39	56	1102	1063	316
29970	0	4849	5181	5906	52	5	1057	1005	332
30027	0	5471	5741	5964	12	73	493	481	270
29924	0	5488	5750	5977	20	80	489	469	262
30025	0	5349	5612	6005	39	5	656	617	263
29923	0	5435	5705	6029	36	14	594	558	270
30030	0	5911	6029	6036	7	0	125	118	118
30028	0	5802	5926	6079	12	19	277	265	124
29925	0	5806	5931	6082	13	10	276	263	125
29972	0	5195	5457	6163	70	75	968	898	262
30081	0	5928	6052	6177	34	0	249	215	124
29928	0	6130	6225	6230	5	0	100	95	95
30029	0	5839	5964	6250	31	92	411	380	125
29926	0	6089	6177	6309	30	9	220	190	88
29977	0	5579	5799	6310	54	6	731	677	220
29975	0	5330	5569	6338	78	57	1008	930	239
29927	0	6103	6201	6344	21	21	241	220	98
29978	0	6093	6195	6349	11	49	256	245	102
30126	0	6137	6250	6391	3	20	254	251	113
30031	0	6068	6131	6400	49	0	332	283	63
30127	0	6295	6404	6422	18	0	127	109	109
29980	0	6251	6349	6459	22	0	208	186	98
30125	0	6107	6216	6463	30	41	356	326	109
29929	0	6333	6422	6528	33	4	195	162	89
30080	0	5625	5834	6537	91	49	912	821	209
29930	0	6402	6463	6544	27	0	142	115	61
29931	0	6404	6483	6567	8	6	163	155	79
30032	0	6505	6571	6574	3	0	69	66	66
30128	0	6484	6544	6592	21	0	108	87	60
29933	0	6579	6592	6605	13	0	26	13	13
29981	0	6505	6567	6630	13	43	125	112	62
29934	0	6619	6630	6639	9	0	20	11	11
29932	0	6410	6488	6645	24	54	235	211	78
29982	0	6665	6666	6711	21	20	46	25	1
30129	0	6642	6645	6739	41	33	97	56	3
29979	0	6198	6271	6794	75	167	596	521	73
30130	0	6778	6778	6806	23	4	28	5	0
29983	0	6921	6921	7099	138	40	178	40	0
0	0	0	0	7099	40616	0	7099	-33517	0
