id	priority	createdTime	startedTime	terminatedTime	cpuTime	blockedTime	turnaroundTime	waitingTime	responseTime
3251	0	0	0	4	4	0	4	0	0
3351	0	0	11	13	2	0	13	11	11
3301	0	0	4	89	22	7	89	67	4
3403	0	91	116	123	7	0	32	25	25
3352	0	97	123	124	1	0	27	26	26
3252	0	19	32	154	30	0	135	105	13
3451	0	0	20	168	40	6	168	128	20
3452	0	151	170	226	19	0	75	56	19
3401	0	0	13	229	52	8	229	177	13
3405	0	233	236	238	2	0	5	3	3
3404	0	151	168	252	37	7	101	64	17
3402	0	34	60	301	53	67	267	214	26
3253	0	255	255	387	40	19	132	92	0
3406	0	296	315	455	36	8	159	123	19
3302	0	296	308	467	47	0	171	124	12
3254	0	479	500	563	9	18	84	75	21
3353	0	255	261	614	72	33	359	287	6
3354	0	488	511	640	10	29	152	142	23
3357	0	786	868	872	4	0	86	82	82
3257	0	639	696	877	19	0	238	219	57
3407	0	403	422	891	69	5	488	419	19
3453	0	611	661	908	27	0	297	270	50
3255	0	562	605	909	29	0	347	318	43
3256	0	581	621	944	35	0	363	328	40
3409	0	467	486	949	54	17	482	428	19
3411	0	700	772	958	14	3	258	244	72
3408	0	410	436	960	63	13	550	487	26
3358	0	910	988	993	5	0	83	78	78
3304	0	666	733	1003	21	17	337	316	67
3413	0	853	930	1024	14	0	171	157	77
3258	0	663	724	1041	16	139	378	362	61
3410	0	513	548	1059	48	10	546	498	35
3359	0	967	1041	1124	12	0	157	145	74
3355	0	664	731	1132	35	6	468	433	67
3303	0	497	527	1153	66	0	656	590	30
3415	0	1056	1124	1213	9	2	157	148	68
3412	0	842	909	1221	26	5	379	353	67
3456	0	1145	1232	1233	1	0	88	87	87
3263	0	1112	1193	1271	8	1	159	151	81
3414	0	938	1024	1322	24	1	384	360	86
3454	0	943	1031	1360	27	21	417	390	88
3416	0	1216	1278	1381	14	0	165	151	62
3356	0	717	793	1406	44	36	689	645	76
3260	0	929	1003	1416	32	5	487	455	74
3264	0	1144	1228	1430	16	20	286	270	84
3261	0	953	1032	1432	35	1	479	444	79
3262	0	1087	1153	1439	28	30	352	324	66
3455	0	1046	1112	1493	33	20	447	414	66
3259	0	910	981	1525	36	50	615	579	71
3361	0	1270	1346	1530	15	2	260	245	76
3305	0	1043	1105	1532	37	1	489	452	62
3308	0	1281	1367	1555	13	28	274	261	86
3310	0	1298	1395	1559	18	0	261	243	97
3306	0	1237	1299	1562	24	0	325	301	62
3362	0	1323	1416	1606	8	42	283	275	93
3307	0	1244	1322	1641	34	6	397	363	78
3458	0	1392	1481	1712	31	0	320	289	89
3457	0	1377	1467	1713	28	27	336	308	90
3311	0	1517	1569	1724	25	0	207	182	52
3312	0	1548	1597	1765	22	8	217	195	49
3314	0	1700	1738	1809	11	0	109	98	38
3309	0	1291	1381	1897	55	6	606	551	90
3315	0	1701	1745	1932	18	7	231	213	44
3417	0	1650	1697	1936	32	0	286	254	47
3459	0	1425	1507	1963	57	24	538	481	82
3313	0	1606	1655	1992	31	39	386	355	49
3364	0	1874	1924	2013	15	8	139	124	50
3316	0	1971	2013	2019	6	0	48	42	42
3363	0	1717	1772	2043	22	44	326	304	55
3360	0	1098	1167	2062	88	46	964	876	69
3419	0	1741	1798	2064	33	5	323	290	57
3420	0	2043	2085	2088	3	0	45	42	42
3418	0	1724	1777	2099	39	50	375	336	53
3317	0	2141	2169	2174	5	0	33	28	28
3464	0	2097	2134	2187	7	19	90	83	37
3462	0	1978	2026	2208	28	39	230	202	48
3265	0	1760	1823	2232	54	22	472	418	63
3460	0	1943	1977	2241	51	2	298	247	34
3266	0	2192	2208	2261	20	0	69	49	16
3465	0	2260	2282	2336	9	0	76	67	22
3461	0	1970	2002	2363	50	68	393	343	32
3365	0	2321	2377	2381	4	0	60	56	56
3267	0	2223	2241	2426	23	29	203	180	18
3463	0	1990	2040	2435	60	6	445	385	50
3319	0	2296	2336	2447	18	0	151	133	40
3466	0	2266	2289	2453	22	10	187	165	23
3269	0	2279	2320	2485	16	8	206	190	41
3422	0	2396	2442	2493	2	10	97	95	46
3421	0	2386	2426	2608	22	7	222	200	40
3270	0	2448	2485	2619	19	0	171	152	37
3268	0	2274	2310	2653	39	9	379	340	36
3271	0	2558	2626	2697	5	2	139	134	68
3470	0	2526	2581	2718	19	0	192	173	55
3321	0	2531	2595	2743	18	2	212	194	64
3424	0	2713	2764	2770	6	0	57	51	51
3467	0	2273	2303	2785	54	17	512	458	30
3366	0	2741	2802	2805	3	0	64	61	61
3272	0	2724	2783	2837	4	5	113	109	59
3320	0	2362	2410	2854	47	25	492	445	48
3468	0	2462	2500	2968	49	3	506	457	38
3273	0	2849	2908	2978	10	0	129	119	59
3322	0	2676	2732	3002	31	0	326	295	56
3323	0	2734	2792	3016	24	12	282	258	58
3473	0	2792	2837	3040	27	0	248	221	45
3471	0	2600	2667	3134	52	0	534	482	67
3426	0	2981	3040	3171	17	0	190	173	59
3423	0	2436	2477	3196	57	109	760	703	41
3469	0	2495	2549	3268	66	11	773	707	54
3369	0	2982	3047	3279	25	0	297	272	65
3427	0	3066	3124	3300	15	14	234	219	58
3318	0	2241	2261	3326	99	59	1085	986	20
3324	0	3084	3146	3396	18	3	312	294	62
3276	0	3367	3442	3447	5	0	80	75	75
3367	0	2938	3002	3473	45	4	535	490	64
3326	0	3341	3413	3493	7	9	152	145	72
3428	0	3185	3260	3495	18	3	310	292	75
3474	0	3107	3171	3522	29	16	415	386	64
3425	0	2716	2776	3551	67	39	835	768	60
3475	0	3309	3380	3568	17	0	259	242	71
3374	0	3485	3568	3573	5	0	88	83	83
3327	0	3435	3502	3603	8	0	168	160	67
3275	0	3228	3314	3633	15	61	405	390	86
3368	0	2957	3017	3709	50	44	752	702	60
3478	0	3620	3709	3714	5	0	94	89	89
3476	0	3497	3592	3718	7	26	221	214	95
3277	0	3533	3624	3737	12	0	204	192	91
3375	0	3552	3640	3739	9	0	187	178	88
3472	0	2785	2831	3822	83	27	1037	954	46
3278	0	3611	3698	3824	4	4	213	209	87
3370	0	3051	3106	3872	50	109	821	771	55
3430	0	3454	3543	3889	26	10	435	409	89
3371	0	3218	3286	3957	50	0	739	689	68
3429	0	3432	3495	4031	33	3	599	566	63
3434	0	3958	4045	4046	1	0	88	87	87
3373	0	3461	3551	4090	38	19	629	591	90
3477	0	3605	3684	4174	29	31	569	540	79
3330	0	3733	3852	4181	23	5	448	425	119
3378	0	3731	3838	4186	23	26	455	432	107
3431	0	3741	3859	4193	20	8	452	432	118
3331	0	4114	4221	4222	1	0	108	107	107
3433	0	3854	3968	4241	13	69	387	374	114
3372	0	3413	3478	4261	51	30	848	797	65
3329	0	3544	3639	4361	35	77	817	782	95
3332	0	4137	4248	4368	7	23	231	224	111
3325	0	3309	3373	4380	66	28	1071	1005	64
3280	0	4045	4146	4381	10	13	336	326	101
3274	0	3102	3161	4480	89	27	1378	1289	59
3382	0	4383	4487	4491	4	0	108	104	104
3481	0	4158	4268	4509	18	18	351	333	110
3437	0	4408	4533	4540	7	0	132	125	125
3480	0	3678	3792	4554	38	72	876	838	114
3334	0	4421	4572	4577	5	0	156	151	151
3328	0	3525	3610	4578	57	39	1053	996	85
3435	0	4157	4261	4637	25	11	480	455	104
3384	0	4397	4512	4664	8	0	267	259	115
3281	0	4171	4295	4693	21	22	522	501	124
3439	0	4577	4700	4707	7	0	130	123	123
3436	0	4214	4322	4731	18	27	517	499	108
3335	0	4519	4659	4808	11	8	289	278	140
3379	0	4059	4165	4809	29	10	750	721	106
3488	0	4523	4671	4814	6	4	291	285	148
3486	0	4508	4653	4828	11	27	320	309	145
3380	0	4086	4186	4830	34	2	744	710	100
3385	0	4701	4851	4856	5	0	155	150	150
3283	0	4456	4593	4890	20	0	434	414	137
3279	0	3797	3910	4923	56	10	1126	1070	113
3484	0	4400	4519	4991	27	0	591	564	119
3492	0	4751	4911	5086	13	0	335	322	160
3441	0	4777	4958	5110	2	9	333	331	181
3487	0	4510	4657	5130	20	12	620	600	147
3282	0	4412	4540	5158	30	9	746	716	128
3387	0	4846	5005	5169	11	0	323	312	159
3438	0	4419	4561	5181	33	0	762	729	142
3483	0	4330	4434	5190	37	0	860	823	104
3479	0	3626	3725	5231	77	67	1605	1528	99
3383	0	4385	4491	5267	31	6	882	851	106
3381	0	4291	4381	5280	48	0	989	941	90
3493	0	5142	5282	5287	5	0	145	140	140
3390	0	5174	5315	5318	3	0	144	141	141
3489	0	4550	4688	5328	25	21	778	753	138
3333	0	4349	4450	5370	46	1	1021	975	101
3442	0	4902	5060	5392	11	27	490	479	158
3337	0	5069	5218	5396	5	34	327	322	149
3432	0	3810	3925	5406	76	19	1596	1520	115
3447	0	5300	5441	5444	3	0	144	141	141
3342	0	5333	5475	5478	3	0	145	142	142
3485	0	4489	4637	5498	30	89	1009	979	148
3391	0	5239	5370	5518	12	0	279	267	131
3339	0	5210	5357	5524	7	24	314	307	147
3444	0	5088	5231	5537	20	7	449	429	143
3377	0	3662	3773	5579	79	94	1917	1838	111
3340	0	5295	5434	5602	9	0	307	298	139
3443	0	4997	5144	5614	26	0	617	591	147
3440	0	4700	4837	5640	38	13	940	902	137
3285	0	5194	5328	5647	21	0	453	432	134
3376	0	3661	3759	5678	95	47	2017	1922	98
3482	0	4245	4345	5692	66	1	1447	1381	100
3388	0	4997	5137	5724	30	0	727	697	140
3287	0	5384	5524	5792	18	0	408	390	140
3286	0	5370	5506	5793	10	25	423	413	136
3491	0	4742	4897	5803	45	35	1061	1016	155
3490	0	4728	4877	5809	43	38	1081	1038	149
3446	0	5280	5413	5814	26	0	534	508	133
3386	0	4777	4951	5818	40	27	1041	1001	174
3393	0	5438	5593	5826	15	0	388	373	155
3284	0	4766	4930	5838	39	56	1072	1033	164
3445	0	5147	5294	5845	35	0	698	663	147
3394	0	5471	5621	5901	12	73	430	418	150
3389	0	5053	5190	5934	44	5	881	837	137
3395	0	5802	5879	5965	12	19	163	151	77
3397	0	5911	5972	5979	7	0	68	61	61
3336	0	4849	5012	5992	52	5	1143	1091	163
3289	0	5488	5647	6015	20	80	527	507	159
3290	0	5806	5884	6032	13	10	226	213	78
3288	0	5435	5586	6035	36	14	600	564	151
3392	0	5349	5489	6051	39	5	702	663	140
3449	0	5928	5992	6208	34	0	280	246	64
3293	0	6130	6208	6213	5	0	83	78	78
3450	0	6097	6141	6225	13	0	128	115	44
3338	0	5195	5335	6245	70	75	1050	980	140
3344	0	6093	6135	6250	11	49	157	146	42
3343	0	5579	5715	6251	54	6	672	618	136
3495	0	6137	6218	6295	3	20	158	155	81
3396	0	5839	5908	6315	31	92	476	445	69
3292	0	6103	6155	6377	21	21	274	253	52
3341	0	5330	5468	6391	78	57	1061	983	138
3291	0	6089	6128	6409	30	9	320	290	39
3494	0	6107	6162	6462	30	41	355	325	55
3496	0	6295	6350	6468	18	0	173	155	55
3398	0	6068	6100	6475	49	0	407	358	32
3346	0	6251	6302	6483	22	0	232	210	51
3296	0	6404	6454	6501	8	6	97	89	50
3399	0	6505	6542	6545	3	0	40	37	37
3295	0	6402	6447	6586	27	0	184	157	45
3448	0	5625	5751	6594	91	49	969	878	126
3497	0	6484	6508	6601	21	0	117	96	24
3294	0	6333	6391	6605	33	4	272	239	58
3298	0	6579	6612	6660	13	0	81	68	33
3347	0	6505	6538	6664	13	43	159	146	33
3299	0	6619	6647	6680	9	0	61	52	28
3297	0	6410	6462	6705	24	54	295	271	52
3400	0	6549	6586	6756	45	0	207	162	37
3348	0	6665	6680	6761	21	20	96	75	15
3498	0	6642	6671	6795	41	33	153	112	29
3499	0	6778	6778	6807	23	4	29	6	0
3345	0	6198	6258	6842	75	167	644	569	60
3300	0	6936	6942	6981	21	0	45	24	6
3500	0	6956	6963	6997	16	0	41	25	7
3349	0	6921	6921	7127	138	40	206	68	0
3350	0	7187	7187	7283	46	50	96	50	0
0	0	0	0	7283	3682	0	7283	3601	0
