id	priority	createdTime	startedTime	terminatedTime	cpuTime	blockedTime	turnaroundTime	waitingTime	responseTime
3501	0	0	0	4	4	0	4	0	0
3601	0	0	11	13	2	0	13	11	11
3551	0	0	4	88	22	7	88	66	4
3653	0	91	95	102	7	0	11	4	4
3602	0	97	102	103	1	0	6	5	5
3702	0	151	156	182	19	0	31	12	5
3652	0	34	39	206	53	67	172	119	5
3651	0	0	13	230	52	8	230	178	13
3655	0	233	237	239	2	0	6	4	4
3502	0	19	25	241	30	0	222	192	6
3701	0	0	20	270	40	6	270	230	20
3503	0	255	255	342	40	19	87	47	0
3656	0	296	305	368	36	8	72	36	9
3654	0	151	154	375	37	7	224	187	3
3504	0	479	480	508	9	18	29	20	1
3604	0	488	491	541	10	29	53	43	3
3657	0	403	403	561	69	5	158	89	0
3505	0	562	568	611	29	0	49	20	6
3507	0	639	639	658	19	0	19	0	0
3703	0	611	618	664	27	0	53	26	7
3661	0	700	705	736	14	3	36	22	5
3554	0	666	673	739	21	17	73	52	7
3605	0	664	671	767	35	6	103	68	7
3506	0	581	582	781	35	0	200	165	1
3607	0	786	788	792	4	0	6	2	2
3606	0	717	724	810	44	36	93	49	7
3508	0	663	664	826	16	139	163	147	1
3663	0	853	854	868	14	0	15	1	1
3662	0	842	847	894	26	5	52	26	5
3659	0	467	473	903	54	17	436	382	6
3552	0	296	298	908	47	0	612	565	2
3608	0	910	922	927	5	0	17	12	12
3609	0	967	972	998	12	0	31	19	5
3704	0	943	945	1005	27	21	62	35	2
3509	0	910	915	1037	36	50	127	91	5
3665	0	1056	1058	1074	9	2	18	9	2
3513	0	1112	1118	1128	8	1	16	8	6
3664	0	938	938	1144	24	1	206	182	0
3706	0	1145	1155	1156	1	0	11	10	10
3510	0	929	931	1159	32	5	230	198	2
3514	0	1144	1151	1192	16	20	48	32	7
3512	0	1087	1090	1200	28	30	113	85	3
3705	0	1046	1051	1219	33	20	173	140	5
3666	0	1216	1219	1233	14	0	17	3	3
3611	0	1270	1274	1307	15	2	37	22	4
3560	0	1298	1307	1325	18	0	27	9	9
3558	0	1281	1281	1329	13	28	48	35	0
3557	0	1244	1247	1343	34	6	99	65	3
3556	0	1237	1240	1357	24	0	120	96	3
3555	0	1043	1044	1373	37	1	330	293	1
3612	0	1323	1325	1382	8	42	59	51	2
3707	0	1377	1382	1445	28	27	68	40	5
3708	0	1392	1395	1475	31	0	83	52	3
3561	0	1517	1521	1546	25	0	29	4	4
3709	0	1425	1430	1551	57	24	126	69	5
3511	0	953	965	1581	35	1	628	593	12
3562	0	1548	1551	1594	22	8	46	24	3
3610	0	1098	1104	1631	88	46	533	445	6
3660	0	513	515	1643	48	10	1130	1082	2
3563	0	1606	1608	1680	31	39	74	43	2
3564	0	1700	1701	1719	11	0	19	8	1
3613	0	1717	1719	1791	22	44	74	52	2
3565	0	1701	1708	1796	18	7	95	77	7
3669	0	1741	1756	1826	33	5	85	52	15
3667	0	1650	1651	1861	32	0	211	179	1
3515	0	1760	1763	1871	54	22	111	57	3
3559	0	1291	1295	1892	55	6	601	546	4
3614	0	1874	1878	1903	15	8	29	14	4
3668	0	1724	1730	1914	39	50	190	151	6
3566	0	1971	1982	1988	6	0	17	11	11
3670	0	2043	2044	2047	3	0	4	1	1
3712	0	1978	1988	2070	28	39	92	64	10
3710	0	1943	1949	2121	51	2	178	127	6
3714	0	2097	2098	2130	7	19	33	26	1
3567	0	2141	2144	2149	5	0	8	3	3
3713	0	1990	1995	2151	60	6	161	101	5
3711	0	1970	1975	2178	50	68	208	158	5
3603	0	255	261	2180	72	33	1925	1853	6
3516	0	2192	2194	2214	20	0	22	2	2
3715	0	2260	2263	2279	9	0	19	10	3
3615	0	2321	2325	2329	4	0	8	4	4
3519	0	2279	2296	2337	16	8	58	42	17
3716	0	2266	2279	2343	22	10	77	55	13
3517	0	2223	2228	2376	23	29	153	130	5
3569	0	2296	2318	2384	18	0	88	70	22
3672	0	2396	2400	2416	2	10	20	18	4
3671	0	2386	2391	2422	22	7	36	14	5
3520	0	2448	2453	2479	19	0	31	12	5
3571	0	2531	2538	2566	18	2	35	17	7
3521	0	2558	2559	2568	5	2	10	5	1
3720	0	2526	2529	2573	19	0	47	28	3
3568	0	2241	2242	2670	99	59	429	330	1
3572	0	2676	2677	2715	31	0	39	8	1
3674	0	2713	2715	2721	6	0	8	2	2
3522	0	2724	2728	2739	4	5	15	11	4
3616	0	2741	2742	2745	3	0	4	1	1
3673	0	2436	2439	2749	57	109	313	256	3
3573	0	2734	2739	2776	24	12	42	18	5
3723	0	2792	2793	2838	27	0	46	19	1
3523	0	2849	2852	2862	10	0	13	3	3
3675	0	2716	2721	2877	67	39	161	94	5
3570	0	2362	2364	2928	47	25	566	519	2
3676	0	2981	2983	3014	17	0	33	16	2
3619	0	2982	2990	3053	25	0	71	46	8
3677	0	3066	3067	3099	15	14	33	18	1
3574	0	3084	3085	3131	18	3	47	29	1
3617	0	2938	2942	3152	45	4	214	169	4
3724	0	3107	3113	3172	29	16	65	36	6
3678	0	3185	3186	3211	18	3	26	8	1
3620	0	3051	3053	3245	50	109	194	144	2
3525	0	3228	3229	3310	15	61	82	67	1
3725	0	3309	3317	3334	17	0	25	8	8
3576	0	3341	3341	3362	7	9	21	14	0
3526	0	3367	3369	3374	5	0	7	2	2
3618	0	2957	2961	3389	50	44	432	382	4
3717	0	2273	2288	3390	54	17	1117	1063	15
3524	0	3102	3106	3404	89	27	302	213	4
3518	0	2274	2295	3407	39	9	1133	1094	21
3577	0	3435	3442	3450	8	0	15	7	7
3624	0	3485	3487	3492	5	0	7	2	2
3680	0	3454	3457	3514	26	10	60	34	3
3679	0	3432	3435	3524	33	3	92	59	3
3726	0	3497	3499	3535	7	26	38	31	2
3527	0	3533	3542	3555	12	0	22	10	9
3625	0	3552	3555	3564	9	0	12	3	3
3623	0	3461	3464	3599	38	19	138	100	3
3528	0	3611	3613	3624	4	4	13	9	2
3728	0	3620	3624	3629	5	0	9	4	4
3727	0	3605	3606	3714	29	31	109	80	1
3579	0	3544	3549	3716	35	77	172	137	5
3580	0	3733	3751	3788	23	5	55	32	18
3681	0	3741	3760	3812	20	8	71	51	19
3628	0	3731	3744	3831	23	26	100	77	13
3730	0	3678	3681	3881	38	72	203	165	3
3578	0	3525	3535	3935	57	39	410	353	10
3683	0	3854	3859	3947	13	69	93	80	5
3684	0	3958	3961	3962	1	0	4	3	3
3729	0	3626	3629	3974	77	67	348	271	3
3575	0	3309	3310	4021	66	28	712	646	1
3530	0	4045	4049	4078	10	13	33	23	4
3629	0	4059	4062	4114	29	10	55	26	3
3581	0	4114	4121	4122	1	0	8	7	7
3622	0	3413	3414	4138	51	30	725	674	1
3630	0	4086	4088	4151	34	2	65	31	2
3582	0	4137	4138	4168	7	23	31	24	1
3685	0	4157	4158	4210	25	11	53	28	1
3531	0	4171	4179	4228	21	22	57	36	8
3731	0	4158	4168	4246	18	18	88	70	10
3686	0	4214	4228	4288	18	27	74	56	14
3529	0	3797	3802	4328	56	10	531	475	5
3632	0	4383	4385	4389	4	0	6	2	2
3634	0	4397	4398	4413	8	0	16	8	1
3687	0	4408	4420	4427	7	0	19	12	12
3584	0	4421	4443	4448	5	0	27	22	22
3627	0	3662	3674	4459	79	94	797	718	12
3533	0	4456	4459	4493	20	0	37	17	3
3738	0	4523	4529	4544	6	4	21	15	6
3585	0	4519	4525	4551	11	8	32	21	6
3736	0	4508	4512	4558	11	27	50	39	4
3737	0	4510	4516	4570	20	12	60	40	6
3689	0	4577	4577	4584	7	0	7	0	0
3532	0	4412	4427	4605	30	9	193	163	15
3735	0	4489	4493	4621	30	89	132	102	4
3633	0	4385	4389	4622	31	6	237	206	4
3739	0	4550	4558	4632	25	21	82	57	8
3718	0	2462	2467	4650	49	3	2188	2139	5
3734	0	4400	4413	4656	27	0	256	229	13
3583	0	4349	4349	4696	46	1	347	301	0
3688	0	4419	4436	4701	33	0	282	249	17
3635	0	4701	4708	4713	5	0	12	7	7
3742	0	4751	4755	4768	13	0	17	4	4
3691	0	4777	4789	4804	2	9	27	25	12
3637	0	4846	4848	4866	11	0	20	9	2
3636	0	4777	4782	4887	40	27	110	70	5
3692	0	4902	4903	4951	11	27	49	38	1
3534	0	4766	4768	4963	39	56	197	158	2
3740	0	4728	4734	4976	43	38	248	205	6
3586	0	4849	4855	4980	52	5	131	79	6
3741	0	4742	4748	4990	45	35	248	203	6
3693	0	4997	5009	5042	26	0	45	19	12
3638	0	4997	5002	5080	30	0	83	53	5
3690	0	4700	4701	5085	38	13	385	347	1
3587	0	5069	5070	5114	5	34	45	40	1
3694	0	5088	5092	5120	20	7	32	12	4
3639	0	5053	5056	5132	44	5	79	35	3
3733	0	4330	4335	5141	37	0	811	774	5
3743	0	5142	5148	5153	5	0	11	6	6
3640	0	5174	5174	5177	3	0	3	0	0
3695	0	5147	5153	5191	35	0	44	9	6
3535	0	5194	5198	5222	21	0	28	7	4
3589	0	5210	5214	5249	7	24	39	32	4
3641	0	5239	5249	5261	12	0	22	10	10
3590	0	5295	5295	5304	9	0	9	0	0
3697	0	5300	5304	5307	3	0	7	4	4
3696	0	5280	5281	5319	26	0	39	13	1
3592	0	5333	5340	5343	3	0	10	7	7
3537	0	5384	5387	5405	18	0	21	3	3
3536	0	5370	5371	5408	10	25	38	28	1
3719	0	2495	2497	5435	66	11	2940	2874	2
3643	0	5438	5449	5469	15	0	31	16	11
3642	0	5349	5350	5471	39	5	122	83	1
3538	0	5435	5442	5527	36	14	92	56	7
3644	0	5471	5478	5564	12	73	93	81	7
3591	0	5330	5333	5585	78	57	255	177	3
3539	0	5488	5494	5596	20	80	108	88	6
3698	0	5625	5631	5785	91	49	160	69	6
3593	0	5579	5585	5819	54	6	240	186	6
3631	0	4291	4295	5832	48	0	1541	1493	4
3645	0	5802	5803	5839	12	19	37	25	1
3540	0	5806	5808	5842	13	10	36	23	2
3732	0	4245	4246	5865	66	1	1620	1554	1
3621	0	3218	3222	5887	50	0	2669	2619	4
3721	0	2600	2603	5911	52	0	3311	3259	3
3647	0	5911	5918	5925	7	0	14	7	7
3646	0	5839	5842	5968	31	92	129	98	3
3699	0	5928	5932	5988	34	0	60	26	4
3588	0	5195	5205	6070	70	75	875	805	10
3626	0	3661	3667	6082	95	47	2421	2326	6
3700	0	6097	6102	6133	13	0	36	23	5
3543	0	6130	6133	6138	5	0	8	3	3
3594	0	6093	6096	6158	11	49	65	54	3
3745	0	6137	6138	6168	3	20	31	28	1
3541	0	6089	6089	6179	30	9	90	60	0
3542	0	6103	6109	6192	21	21	89	68	6
3744	0	6107	6116	6223	30	41	116	86	9
3596	0	6251	6254	6276	22	0	25	3	3
3746	0	6295	6297	6315	18	0	20	2	2
3648	0	6068	6070	6336	49	0	268	219	2
3544	0	6333	6336	6376	33	4	43	10	3
3546	0	6404	6409	6426	8	6	22	14	5
3545	0	6402	6402	6443	27	0	41	14	0
3658	0	410	410	6447	63	13	6037	5974	0
3547	0	6410	6414	6495	24	54	85	61	4
3747	0	6484	6484	6509	21	0	25	4	0
3649	0	6505	6513	6516	3	0	11	8	8
3595	0	6198	6199	6521	75	167	323	248	1
3597	0	6505	6509	6565	13	43	60	47	4
3548	0	6579	6579	6592	13	0	13	0	0
3650	0	6549	6549	6616	45	0	67	22	0
3549	0	6619	6623	6632	9	0	13	4	4
3553	0	497	508	6642	66	0	6145	6079	11
3598	0	6665	6666	6708	21	20	43	22	1
3682	0	3810	3819	6712	76	19	2902	2826	9
3748	0	6642	6645	6738	41	33	96	55	3
3722	0	2785	2790	6776	83	27	3991	3908	5
3749	0	6778	6778	6805	23	4	27	4	0
3750	0	6956	6956	6972	16	0	16	0	0
3550	0	6936	6942	6979	21	0	43	22	6
3599	0	6921	6921	7136	138	40	215	77	0
3600	0	7187	7187	7283	46	50	96	50	0
0	0	0	0	7283	3945	0	7283	3338	0
