id	priority	createdTime	startedTime	terminatedTime	cpuTime	blockedTime	turnaroundTime	waitingTime	responseTime
4001	0	0	0	4	4	0	4	0	0
4101	0	0	17	19	2	0	19	17	17
4102	0	97	97	98	1	0	1	0	0
4153	0	91	91	99	7	0	8	1	0
4002	2	19	19	138	30	0	119	89	0
4202	1	151	151	180	19	0	29	10	0
4155	0	233	233	235	2	0	2	0	0
4051	2	0	0	236	22	7	236	214	0
4152	3	34	50	240	53	67	206	153	16
4201	3	0	12	267	40	6	267	227	12
4151	3	0	19	388	52	8	388	336	19
4003	2	255	255	396	40	19	141	101	0
4004	0	479	479	522	9	18	43	34	0
4104	0	488	488	527	10	29	39	29	0
4161	1	700	700	741	14	3	41	27	0
4054	2	666	666	742	21	17	76	55	0
4006	2	581	581	747	35	0	166	131	0
4203	2	611	611	762	27	0	151	124	0
4105	2	664	664	771	35	6	107	72	0
4007	2	639	639	774	19	0	135	116	0
4107	0	786	786	790	4	0	4	0	0
4052	3	296	296	814	47	0	518	471	0
4008	1	663	663	832	16	139	169	153	0
4163	1	853	853	875	14	0	22	8	0
4162	2	842	842	887	26	5	45	19	0
4156	3	296	296	908	36	8	612	576	0
4108	0	910	910	915	5	0	5	0	0
4109	1	967	975	992	12	0	25	13	8
4204	1	943	943	1027	27	21	84	57	0
4164	1	938	938	1037	24	1	99	75	0
4165	0	1056	1056	1067	9	2	11	2	0
4013	0	1112	1112	1129	8	1	17	9	0
4055	1	1043	1043	1130	37	1	87	50	0
4206	0	1145	1145	1146	1	0	1	0	0
4014	0	1144	1144	1181	16	20	37	21	0
4011	1	953	961	1188	35	1	235	200	8
4166	0	1216	1216	1230	14	0	14	0	0
4111	1	1270	1270	1355	15	2	85	70	0
4056	1	1237	1237	1361	24	0	124	100	0
4058	1	1281	1281	1371	13	28	90	77	0
4112	0	1323	1323	1373	8	42	50	42	0
4057	1	1244	1244	1391	34	6	147	113	0
4060	2	1298	1298	1416	18	0	118	100	0
4012	2	1087	1087	1465	28	30	378	350	0
4207	2	1377	1377	1472	28	27	95	67	0
4059	2	1291	1291	1514	55	6	223	168	0
4009	2	910	910	1536	36	50	626	590	0
4205	2	1046	1046	1546	33	20	500	467	0
4010	2	929	929	1572	32	5	643	611	0
4062	1	1548	1548	1578	22	8	30	8	0
4005	3	562	562	1583	29	0	1021	992	0
4208	3	1392	1392	1618	31	0	226	195	0
4061	3	1517	1517	1627	25	0	110	85	0
4063	2	1606	1606	1692	31	39	86	55	0
4064	0	1700	1700	1723	11	0	23	12	0
4113	0	1717	1717	1791	22	44	74	52	0
4065	1	1701	1701	1793	18	7	92	74	0
4169	1	1741	1741	1821	33	5	80	47	0
4167	2	1650	1650	1841	32	0	191	159	0
4106	4	717	717	1872	44	36	1155	1111	0
4114	1	1874	1874	1897	15	8	23	8	0
4015	4	1760	1760	1915	54	22	155	101	0
4168	4	1724	1724	1918	39	50	194	155	0
4157	4	403	403	1924	69	5	1521	1452	0
4154	4	151	151	1965	37	7	1814	1777	0
4066	0	1971	1971	1977	6	0	6	0	0
4170	0	2043	2043	2046	3	0	3	0	0
4212	0	1978	1978	2053	28	39	75	47	0
4210	4	1943	1943	2115	51	2	172	121	0
4214	0	2097	2097	2123	7	19	26	19	0
4211	2	1970	1970	2136	50	68	166	116	0
4067	0	2141	2141	2146	5	0	5	0	0
4160	4	513	513	2148	48	10	1635	1587	0
4213	5	1990	1990	2185	60	6	195	135	0
4016	2	2192	2192	2212	20	0	20	0	0
4215	0	2260	2260	2282	9	0	22	13	0
4017	0	2223	2223	2285	23	29	62	39	0
4115	0	2321	2322	2326	4	0	5	1	1
4019	0	2279	2296	2346	16	8	67	51	17
4216	1	2266	2273	2376	22	10	110	88	7
4172	0	2396	2396	2408	2	10	12	10	0
4171	0	2386	2386	2416	22	7	30	8	0
4069	1	2296	2303	2436	18	0	140	122	7
4021	0	2558	2558	2565	5	2	7	2	0
4020	1	2448	2448	2566	19	0	118	99	0
4220	1	2526	2526	2568	19	0	42	23	0
4018	1	2274	2293	2569	39	9	295	256	19
4071	1	2531	2531	2573	18	2	42	24	0
4174	0	2713	2713	2727	6	0	14	8	0
4022	0	2724	2727	2743	4	5	19	15	3
4116	0	2741	2743	2746	3	0	5	2	2
4073	1	2734	2741	2811	24	12	77	53	7
4023	1	2849	2849	2867	10	0	18	8	0
4223	2	2792	2792	2874	27	0	82	55	0
4176	1	2981	2981	3021	17	0	40	23	0
4119	2	2982	2982	3039	25	0	57	32	0
4072	3	2676	2676	3049	31	0	373	342	0
4177	0	3066	3066	3095	15	14	29	14	0
4074	0	3084	3084	3125	18	3	41	23	0
4178	1	3185	3185	3206	18	3	21	3	0
4224	2	3107	3112	3214	29	16	107	78	5
4120	3	3051	3051	3279	50	109	228	178	0
4121	3	3218	3218	3287	50	0	69	19	0
4070	3	2362	2362	3290	47	25	928	881	0
4025	1	3228	3228	3304	15	61	76	61	0
4225	2	3309	3309	3356	17	0	47	30	0
4076	0	3341	3341	3357	7	9	16	9	0
4026	0	3367	3367	3372	5	0	5	0	0
4218	4	2462	2462	3405	49	3	943	894	0
4077	0	3435	3435	3443	8	0	8	0	0
4124	0	3485	3485	3490	5	0	5	0	0
4180	1	3454	3454	3508	26	10	54	28	0
4226	0	3497	3497	3530	7	26	33	26	0
4125	0	3552	3552	3575	9	0	23	14	0
4027	1	3533	3533	3579	12	0	46	34	0
4179	2	3432	3432	3592	33	3	160	127	0
4028	0	3611	3611	3619	4	4	8	4	0
4228	0	3620	3620	3639	5	0	19	14	0
4227	0	3605	3605	3705	29	31	100	71	0
4080	1	3733	3733	3785	23	5	52	29	0
4128	1	3731	3731	3876	23	26	145	122	0
4181	2	3741	3741	3877	20	8	136	116	0
4079	2	3544	3544	3901	35	77	357	322	0
4230	2	3678	3686	3918	38	72	240	202	8
4183	0	3854	3854	3936	13	69	82	69	0
4184	0	3958	3958	3959	1	0	1	0	0
4123	2	3461	3461	3962	38	19	501	463	0
4078	3	3525	3525	4016	57	39	491	434	0
4122	3	3413	3413	4042	51	30	629	578	0
4030	0	4045	4045	4068	10	13	23	13	0
4081	0	4114	4114	4115	1	0	1	0	0
4129	2	4059	4059	4127	29	10	68	39	0
4130	3	4086	4086	4143	34	2	57	23	0
4082	0	4137	4137	4174	7	23	37	30	0
4118	4	2957	2957	4193	50	44	1236	1186	0
4231	0	4158	4158	4224	18	18	66	48	0
4185	1	4157	4157	4239	25	11	82	57	0
4031	1	4171	4182	4242	21	22	71	50	11
4186	1	4214	4214	4284	18	27	70	52	0
4175	4	2716	2716	4328	67	39	1612	1545	0
4132	0	4383	4383	4395	4	0	12	8	0
4134	0	4397	4397	4407	8	0	10	2	0
4187	0	4408	4408	4424	7	0	16	9	0
4084	0	4421	4440	4445	5	0	24	19	19
4033	1	4456	4456	4517	20	0	61	41	0
4238	0	4523	4523	4541	6	4	18	12	0
4236	0	4508	4508	4548	11	27	40	29	0
4085	0	4519	4519	4556	11	8	37	26	0
4189	0	4577	4577	4584	7	0	7	0	0
4237	1	4510	4510	4604	20	12	94	74	0
4239	2	4550	4550	4625	25	21	75	50	0
4234	2	4400	4400	4634	27	0	234	207	0
4032	2	4412	4419	4639	30	9	227	197	7
4133	3	4385	4385	4665	31	6	280	249	0
4173	4	2436	2436	4677	57	109	2241	2184	0
4188	4	4419	4424	4678	33	0	259	226	5
4235	2	4489	4489	4694	30	89	205	175	0
4135	0	4701	4701	4706	5	0	5	0	0
4191	0	4777	4777	4788	2	9	11	9	0
4242	1	4751	4751	4789	13	0	38	25	0
4137	0	4846	4846	4864	11	0	18	7	0
4034	1	4766	4766	4925	39	56	159	120	0
4192	0	4902	4902	4940	11	27	38	27	0
4190	2	4700	4700	4961	38	13	261	223	0
4117	4	2938	2938	4983	45	4	2045	2000	0
4086	4	4849	4849	4985	52	5	136	84	0
4136	3	4777	4777	4990	40	27	213	173	0
4138	3	4997	4997	5078	30	0	81	51	0
4240	3	4728	4728	5079	43	38	351	308	0
4087	0	5069	5069	5108	5	34	39	34	0
4194	0	5088	5088	5116	20	7	28	8	0
4139	2	5053	5053	5127	44	5	74	30	0
4193	3	4997	4997	5128	26	0	131	105	0
4243	0	5142	5142	5147	5	0	5	0	0
4140	0	5174	5174	5177	3	0	3	0	0
4195	3	5147	5147	5185	35	0	38	3	0
4083	4	4349	4349	5189	46	1	840	794	0
4035	1	5194	5194	5218	21	0	24	3	0
4075	4	3309	3309	5231	66	28	1922	1856	0
4089	0	5210	5210	5249	7	24	39	32	0
4141	1	5239	5239	5261	12	0	22	10	0
4197	0	5300	5300	5303	3	0	3	0	0
4090	0	5295	5295	5307	9	0	12	3	0
4196	2	5280	5280	5318	26	0	38	12	0
4092	0	5333	5333	5336	3	0	3	0	0
4037	1	5384	5384	5414	18	0	30	12	0
4036	1	5370	5370	5419	10	25	49	39	0
4142	2	5349	5349	5435	39	5	86	47	0
4143	1	5438	5438	5461	15	0	23	8	0
4038	2	5435	5435	5520	36	14	85	49	0
4144	0	5471	5471	5556	12	73	85	73	0
4039	1	5488	5488	5604	20	80	116	96	0
4217	4	2273	2285	5755	54	17	3482	3428	12
4233	4	4330	4330	5765	37	0	1435	1398	0
4241	4	4742	4742	5778	45	35	1036	991	0
4040	1	5806	5806	5830	13	10	24	11	0
4145	0	5802	5802	5849	12	19	47	35	0
4159	5	467	467	5851	54	17	5384	5330	0
4103	5	255	255	5855	72	33	5600	5528	0
4209	5	1425	1425	5868	57	24	4443	4386	0
4091	5	5330	5330	5876	78	57	546	468	0
4147	0	5911	5911	5918	7	0	7	0	0
4088	5	5195	5195	5927	70	75	732	662	0
4146	3	5839	5839	5980	31	92	141	110	0
4199	3	5928	5928	5984	34	0	56	22	0
4232	5	4245	4245	5987	66	1	1742	1676	0
4131	5	4291	4291	5994	48	0	1703	1655	0
4093	5	5579	5579	6005	54	6	426	372	0
4219	5	2495	2495	6043	66	11	3548	3482	0
4053	6	497	497	6050	66	0	5553	5487	0
4043	0	6130	6137	6142	5	0	12	7	7
4041	0	6089	6089	6162	30	9	73	43	0
4042	0	6103	6105	6175	21	21	72	51	2
4245	0	6137	6148	6185	3	20	48	45	11
4094	0	6093	6093	6188	11	49	95	84	0
4200	1	6097	6118	6209	13	0	112	99	21
4244	2	6107	6109	6226	30	41	119	89	2
4096	2	6251	6251	6281	22	0	30	8	0
4246	2	6295	6295	6313	18	0	18	0	0
4148	4	6068	6068	6322	49	0	254	205	0
4044	3	6333	6333	6370	33	4	37	4	0
4182	5	3810	3810	6373	76	19	2563	2487	0
4229	6	3626	3629	6400	77	67	2774	2697	3
4046	0	6404	6404	6418	8	6	14	6	0
4045	2	6402	6402	6441	27	0	39	12	0
4221	6	2600	2600	6476	52	0	3876	3824	0
4047	1	6410	6410	6496	24	54	86	62	0
4149	0	6505	6505	6508	3	0	3	0	0
4247	2	6484	6484	6516	21	0	32	11	0
4095	5	6198	6198	6527	75	167	329	254	0
4110	6	1098	1098	6540	88	46	5442	5354	0
4097	1	6505	6505	6572	13	43	67	54	0
4048	1	6579	6579	6600	13	0	21	8	0
4150	3	6549	6549	6616	45	0	67	22	0
4049	1	6619	6619	6628	9	0	9	0	0
4024	6	3102	3102	6635	89	27	3533	3444	0
4198	6	5625	5625	6639	91	49	1014	923	0
4029	6	3797	3797	6642	56	10	2845	2789	0
4127	6	3662	3662	6662	79	94	3000	2921	0
4098	0	6665	6665	6706	21	20	41	20	0
4158	6	410	410	6718	63	13	6308	6245	0
4222	7	2785	2785	6728	83	27	3943	3860	0
4248	3	6642	6642	6734	41	33	92	51	0
4068	9	2241	2241	6756	99	59	4515	4416	0
4249	2	6778	6778	6805	23	4	27	4	0
4126	9	3661	3661	6815	95	47	3154	3059	0
4250	1	6956	6956	6980	16	0	24	8	0
4050	2	6936	6936	6981	21	0	45	24	0
4099	15	6921	6921	7136	138	40	215	77	0
4100	5	7187	7187	7283	46	50	96	50	0
0	0	0	0	7283	4471	0	7283	2812	0
