id	priority	createdTime	startedTime	terminatedTime	cpuTime	blockedTime	turnaroundTime	waitingTime	responseTime
5751	0	0	0	4	4	0	4	0	0
5851	0	0	13	15	2	0	15	13	13
5801	0	0	4	109	22	7	109	87	4
5903	0	91	118	125	7	0	34	27	27
5852	0	97	126	127	1	0	30	29	29
5752	0	19	38	139	30	0	120	90	19
5951	0	0	24	165	40	6	165	125	24
5901	0	0	15	223	52	8	223	171	15
5952	0	151	176	233	19	0	82	63	25
5905	0	233	242	244	2	0	11	9	9
5904	0	151	174	252	37	7	101	64	23
5902	0	34	56	277	53	67	243	190	22
5753	0	255	261	350	40	19	95	55	6
5906	0	296	321	455	36	8	159	123	25
5802	0	296	312	475	47	0	179	132	16
5853	0	255	267	565	72	33	310	238	12
5754	0	479	502	570	9	18	91	82	23
5854	0	488	524	665	10	29	177	167	36
5953	0	611	665	874	27	0	263	236	54
5907	0	403	422	892	69	5	489	420	19
5857	0	786	892	896	4	0	110	106	106
5755	0	562	615	904	29	0	342	313	53
5908	0	410	440	907	63	13	497	434	30
5757	0	639	710	908	19	0	269	250	71
5756	0	581	633	916	35	0	335	300	52
5909	0	467	484	947	54	17	480	426	17
5804	0	666	755	964	21	17	298	277	89
5758	0	663	746	973	16	139	310	294	83
5911	0	700	786	975	14	3	275	261	86
5910	0	513	549	984	48	10	471	423	36
5858	0	910	993	998	5	0	88	83	83
5913	0	853	934	1049	14	0	196	182	81
5803	0	497	531	1106	66	0	609	543	34
5855	0	664	753	1158	35	6	494	459	89
5859	0	967	1067	1161	12	0	194	182	100
5912	0	842	916	1171	26	5	329	303	74
5956	0	1145	1229	1230	1	0	85	84	84
5915	0	1056	1140	1236	9	2	180	171	84
5856	0	717	811	1286	44	36	569	525	94
5763	0	1112	1193	1287	8	1	175	167	81
5914	0	938	1034	1315	24	1	377	353	96
5760	0	929	1016	1379	32	5	450	418	87
5916	0	1216	1296	1412	14	0	196	182	80
5759	0	910	984	1430	36	50	520	484	74
5954	0	943	1043	1444	27	21	501	474	100
5955	0	1046	1124	1461	33	20	415	382	78
5764	0	1144	1225	1464	16	20	320	304	81
5761	0	953	1049	1466	35	1	513	478	96
5762	0	1087	1161	1503	28	30	416	388	74
5805	0	1043	1106	1512	37	1	469	432	63
5810	0	1298	1398	1521	18	0	223	205	100
5806	0	1237	1315	1549	24	0	312	288	78
5861	0	1270	1369	1560	15	2	290	275	99
5808	0	1281	1379	1580	13	28	299	286	98
5862	0	1323	1420	1634	8	42	311	303	97
5807	0	1244	1333	1694	34	6	450	416	89
5958	0	1392	1478	1698	31	0	306	275	86
5957	0	1377	1466	1715	28	27	338	310	89
5811	0	1517	1580	1722	25	0	205	180	63
5812	0	1548	1607	1736	22	8	188	166	59
5814	0	1700	1745	1831	11	0	131	120	45
5809	0	1291	1388	1865	55	6	574	519	97
5815	0	1701	1754	1920	18	7	219	201	53
5917	0	1650	1700	1938	32	0	288	256	50
5863	0	1717	1789	1971	22	44	254	232	72
5959	0	1425	1530	1977	57	24	552	495	105
5813	0	1606	1670	1981	31	39	375	344	64
5860	0	1098	1175	2005	88	46	907	819	77
5919	0	1741	1811	2012	33	5	271	238	70
5816	0	1971	2019	2025	6	0	54	48	48
5864	0	1874	1929	2044	15	8	170	155	55
5920	0	2043	2062	2065	3	0	22	19	19
5918	0	1724	1793	2133	39	50	409	370	69
5817	0	2141	2168	2173	5	0	32	27	27
5964	0	2097	2133	2188	7	19	91	84	36
5962	0	1978	2025	2231	28	39	253	225	47
5765	0	1760	1831	2232	54	22	472	418	71
5960	0	1943	1990	2244	51	2	301	250	47
5965	0	2260	2287	2296	9	0	36	27	27
5766	0	2192	2218	2298	20	0	106	86	26
5961	0	1970	2012	2356	50	68	386	336	42
5865	0	2321	2380	2384	4	0	63	59	59
5963	0	1990	2041	2403	60	6	413	353	51
5769	0	2279	2335	2411	16	8	132	116	56
5767	0	2223	2244	2418	23	29	195	172	21
5819	0	2296	2356	2436	18	0	140	122	60
5966	0	2266	2298	2445	22	10	179	157	32
5922	0	2396	2454	2529	2	10	133	131	58
5921	0	2386	2445	2580	22	7	194	172	59
5770	0	2448	2492	2658	19	0	210	191	44
5768	0	2274	2325	2687	39	9	413	374	51
5967	0	2273	2316	2701	54	17	428	374	43
5771	0	2558	2636	2712	5	2	154	149	78
5970	0	2526	2589	2749	19	0	223	204	63
5821	0	2531	2607	2771	18	2	240	222	76
5924	0	2713	2778	2784	6	0	71	65	65
5866	0	2741	2815	2818	3	0	77	74	74
5820	0	2362	2418	2869	47	25	507	460	56
5772	0	2724	2800	2881	4	5	157	153	76
5968	0	2462	2510	2974	49	3	512	463	48
5822	0	2676	2739	2987	31	0	311	280	63
5773	0	2849	2926	3006	10	0	157	147	77
5973	0	2792	2848	3024	27	0	232	205	56
5823	0	2734	2810	3080	24	12	346	322	76
5971	0	2600	2676	3087	52	0	487	435	76
5923	0	2436	2474	3142	57	109	706	649	38
5969	0	2495	2558	3158	66	11	663	597	63
5926	0	2981	3059	3166	17	0	185	168	78
5927	0	3066	3142	3255	15	14	189	174	76
5869	0	2982	3068	3262	25	0	280	255	86
5818	0	2241	2260	3279	99	59	1038	939	19
5824	0	3084	3175	3353	18	3	269	251	91
5928	0	3185	3269	3362	18	3	177	159	84
5776	0	3367	3448	3453	5	0	86	81	81
5867	0	2938	3006	3467	45	4	529	484	68
5974	0	3107	3203	3482	29	16	375	346	96
5975	0	3309	3394	3490	17	0	181	164	85
5827	0	3435	3535	3543	8	0	108	100	100
5826	0	3341	3421	3544	7	9	203	196	80
5925	0	2716	2784	3552	67	39	836	769	68
5775	0	3228	3324	3595	15	61	367	352	96
5874	0	3485	3595	3600	5	0	115	110	110
5875	0	3552	3660	3669	9	0	117	108	108
5868	0	2957	3033	3689	50	44	732	682	76
5978	0	3620	3724	3729	5	0	109	104	104
5976	0	3497	3600	3751	7	26	254	247	103
5972	0	2785	2845	3759	83	27	974	891	60
5777	0	3533	3643	3771	12	0	238	226	110
5778	0	3611	3713	3845	4	4	234	230	102
5871	0	3218	3306	3850	50	0	632	582	88
5870	0	3051	3120	3916	50	109	865	815	69
5929	0	3432	3526	3951	33	3	519	486	94
5930	0	3454	3552	3966	26	10	512	486	98
5934	0	3958	4067	4068	1	0	110	109	109
5873	0	3461	3559	4094	38	19	633	595	98
5977	0	3605	3704	4133	29	31	528	499	99
5830	0	3733	3868	4138	23	5	405	382	135
5872	0	3413	3499	4159	51	30	746	695	86
5933	0	3854	3984	4177	13	69	323	310	130
5825	0	3309	3385	4241	66	28	932	866	76
5831	0	4114	4241	4242	1	0	128	127	127
5878	0	3731	3850	4245	23	26	514	491	119
5931	0	3741	3885	4268	20	8	527	507	144
5980	0	3678	3813	4386	38	72	708	670	135
5829	0	3544	3659	4391	35	77	847	812	115
5832	0	4137	4263	4401	7	23	264	257	126
5780	0	4045	4147	4411	10	13	366	356	102
5882	0	4383	4508	4512	4	0	129	125	125
5774	0	3102	3193	4528	89	27	1426	1337	91
5884	0	4397	4528	4536	8	0	139	131	131
5937	0	4408	4554	4561	7	0	153	146	146
5981	0	4158	4277	4583	18	18	425	407	119
5834	0	4421	4592	4597	5	0	176	171	171
5879	0	4059	4168	4614	29	10	555	526	109
5828	0	3525	3630	4652	57	39	1127	1070	105
5936	0	4214	4341	4695	18	27	481	463	127
5935	0	4157	4268	4748	25	11	591	566	111
5939	0	4577	4757	4764	7	0	187	180	180
5781	0	4171	4299	4802	21	22	631	610	128
5885	0	4701	4868	4873	5	0	172	167	167
5880	0	4086	4222	4876	34	2	790	756	136
5988	0	4523	4723	4899	6	4	376	370	200
5835	0	4519	4719	4915	11	8	396	385	200
5986	0	4508	4704	4931	11	27	423	412	196
5984	0	4400	4536	4949	27	0	549	522	136
5779	0	3797	3925	5014	56	10	1217	1161	128
5783	0	4456	4641	5034	20	0	578	558	185
5979	0	3626	3738	5063	77	67	1437	1360	112
5987	0	4510	4717	5124	20	12	614	594	207
5883	0	4385	4512	5128	31	6	743	712	127
5992	0	4751	4949	5137	13	0	386	373	198
5782	0	4412	4570	5167	30	9	755	725	158
5941	0	4777	5003	5190	2	9	413	411	226
5938	0	4419	4583	5196	33	0	777	744	164
5983	0	4330	4433	5198	37	0	868	831	103
5887	0	4846	5046	5218	11	0	372	361	200
5993	0	5142	5287	5292	5	0	150	145	145
5881	0	4291	4401	5295	48	0	1004	956	110
5989	0	4550	4742	5310	25	21	760	735	192
5890	0	5174	5325	5328	3	0	154	151	151
5833	0	4349	4458	5372	46	1	1023	977	109
5932	0	3810	3951	5394	76	19	1584	1508	141
5837	0	5069	5225	5418	5	34	349	344	156
5877	0	3662	3789	5456	79	94	1794	1715	127
5840	0	5295	5456	5465	9	0	170	161	161
5942	0	4902	5100	5466	11	27	564	553	198
5947	0	5300	5466	5469	3	0	169	166	166
5985	0	4489	4674	5496	30	89	1007	977	185
5842	0	5333	5505	5508	3	0	175	172	172
5943	0	4997	5176	5528	26	0	531	505	179
5839	0	5210	5372	5594	7	24	384	377	162
5891	0	5239	5402	5605	12	0	366	354	163
5944	0	5088	5249	5618	20	7	530	510	161
5940	0	4700	4859	5623	38	13	923	885	159
5982	0	4245	4372	5636	66	1	1391	1325	127
5888	0	4997	5167	5703	30	0	706	676	170
5785	0	5194	5346	5715	21	0	521	500	152
5787	0	5384	5570	5747	18	0	363	345	186
5876	0	3661	3780	5752	95	47	2091	1996	119
5786	0	5370	5555	5762	10	25	392	382	185
5893	0	5438	5636	5798	15	0	360	345	198
5946	0	5280	5445	5806	26	0	526	500	165
5945	0	5147	5295	5814	35	0	667	632	148
5991	0	4742	4931	5818	45	35	1076	1031	189
5990	0	4728	4885	5824	43	38	1096	1053	157
5784	0	4766	4976	5844	39	56	1078	1039	210
5894	0	5471	5655	5847	12	73	376	364	184
5886	0	4777	4994	5860	40	27	1083	1043	217
5889	0	5053	5207	5868	44	5	815	771	154
5836	0	4849	5063	5877	52	5	1028	976	214
5897	0	5911	5969	5976	7	0	65	58	58
5789	0	5488	5682	5980	20	80	492	472	194
5895	0	5802	5891	5996	12	19	194	182	89
5892	0	5349	5528	6012	39	5	663	624	179
5790	0	5806	5896	6045	13	10	239	226	90
5788	0	5435	5623	6051	36	14	616	580	188
5949	0	5928	5996	6169	34	0	241	207	68
5793	0	6130	6211	6216	5	0	86	81	81
5950	0	6097	6153	6235	13	0	138	125	56
5844	0	6093	6147	6268	11	49	175	164	54
5896	0	5839	5914	6270	31	92	431	400	75
5843	0	5579	5729	6289	54	6	710	656	150
5838	0	5195	5355	6310	70	75	1115	1045	160
5995	0	6137	6227	6312	3	20	175	172	90
5792	0	6103	6169	6345	21	21	242	221	66
5841	0	5330	5496	6377	78	57	1047	969	166
5791	0	6089	6136	6386	30	9	297	267	47
5994	0	6107	6178	6430	30	41	323	293	71
5996	0	6295	6363	6439	18	0	144	126	68
5846	0	6251	6312	6443	22	0	192	170	61
5898	0	6068	6116	6478	49	0	410	361	48
5796	0	6404	6452	6499	8	6	95	87	48
5795	0	6402	6443	6546	27	0	144	117	41
5899	0	6505	6550	6553	3	0	48	45	45
5794	0	6333	6400	6562	33	4	229	196	67
5948	0	5625	5780	6609	91	49	984	893	155
5997	0	6484	6517	6621	21	0	137	116	33
5847	0	6505	6546	6638	13	43	133	120	41
5798	0	6579	6609	6658	13	0	79	66	30
5799	0	6619	6658	6667	9	0	48	39	39
5797	0	6410	6463	6698	24	54	288	264	53
5900	0	6549	6598	6732	45	0	183	138	49
5848	0	6665	6685	6762	21	20	97	76	20
5998	0	6642	6667	6792	41	33	150	109	25
5999	0	6778	6778	6810	23	4	32	9	0
5845	0	6198	6254	6827	75	167	629	554	56
5800	0	6936	6939	6983	21	0	47	26	3
6000	0	6956	6966	6990	16	0	34	18	10
5849	0	6921	6921	7127	138	40	206	68	0
5850	0	7187	7187	7283	46	50	96	50	0
0	0	0	0	7283	6312	0	7283	971	0
