id	priority	createdTime	startedTime	terminatedTime	cpuTime	blockedTime	turnaroundTime	waitingTime	responseTime
6501	0	0	0	4	4	0	4	0	0
6601	0	0	19	27	2	0	27	25	19
6602	0	97	97	98	1	0	1	0	0
6653	0	91	91	99	7	0	8	1	0
6551	1	0	0	145	22	7	145	123	0
6702	1	151	151	182	19	0	31	12	0
6654	2	151	151	227	37	7	76	39	0
6655	0	233	233	235	2	0	2	0	0
6652	2	34	54	236	53	67	202	149	20
6701	2	0	14	245	40	6	245	205	14
6502	2	19	64	255	30	0	236	206	45
6503	1	255	255	388	40	19	133	93	0
6651	2	0	19	393	52	8	393	341	19
6504	0	479	479	525	9	18	46	37	0
6604	0	488	488	530	10	29	42	32	0
6659	1	467	467	714	54	17	247	193	0
6661	1	700	700	739	14	3	39	25	0
6507	1	639	639	757	19	0	118	99	0
6554	1	666	666	764	21	17	98	77	0
6607	0	786	786	790	4	0	4	0	0
6606	2	717	717	802	44	36	85	41	0
6505	2	562	562	815	29	0	253	224	0
6508	0	663	663	834	16	139	171	155	0
6506	2	581	581	835	35	0	254	219	0
6663	1	853	853	877	14	0	24	10	0
6656	2	296	296	909	36	8	613	577	0
6608	0	910	910	915	5	0	5	0	0
6510	0	929	929	997	32	5	68	36	0
6665	0	1056	1056	1067	9	2	11	2	0
6513	0	1112	1112	1121	8	1	9	1	0
6555	0	1043	1043	1135	37	1	92	55	0
6706	0	1145	1145	1146	1	0	1	0	0
6705	1	1046	1046	1182	33	20	136	103	0
6704	1	943	953	1186	27	21	243	216	10
6514	1	1144	1144	1188	16	20	44	28	0
6609	1	967	1006	1191	12	0	224	212	39
6512	1	1087	1087	1215	28	30	128	100	0
6611	0	1270	1270	1287	15	2	17	2	0
6558	0	1281	1281	1334	13	28	53	40	0
6556	1	1237	1237	1358	24	0	121	97	0
6612	0	1323	1323	1373	8	42	50	42	0
6560	1	1298	1304	1375	18	0	77	59	6
6664	1	938	938	1376	24	1	438	414	0
6557	1	1244	1244	1411	34	6	167	133	0
6509	1	910	910	1473	36	50	563	527	0
6666	1	1216	1216	1485	14	0	269	255	0
6708	2	1392	1392	1506	31	0	114	83	0
6559	2	1291	1291	1544	55	6	253	198	0
6561	2	1517	1517	1556	25	0	39	14	0
6562	0	1548	1548	1578	22	8	30	8	0
6660	2	513	513	1580	48	10	1067	1019	0
6707	2	1377	1377	1585	28	27	208	180	0
6552	2	296	296	1617	47	0	1321	1274	0
6703	2	611	611	1624	27	0	1013	986	0
6662	2	842	842	1625	26	5	783	757	0
6657	2	403	403	1633	69	5	1230	1161	0
6564	0	1700	1700	1735	11	0	35	24	0
6613	0	1717	1717	1793	22	44	76	54	0
6565	1	1701	1701	1814	18	7	113	95	0
6563	2	1606	1606	1817	31	39	211	180	0
6667	2	1650	1650	1825	32	0	175	143	0
6511	2	953	958	1827	35	1	874	839	5
6669	2	1741	1741	1851	33	5	110	77	0
6605	3	664	664	1885	35	6	1221	1186	0
6614	1	1874	1874	1897	15	8	23	8	0
6515	3	1760	1760	1907	54	22	147	93	0
6668	2	1724	1724	1928	39	50	204	165	0
6709	3	1425	1425	1943	57	24	518	461	0
6566	0	1971	1971	1977	6	0	6	0	0
6670	0	2043	2043	2046	3	0	3	0	0
6712	0	1978	1978	2055	28	39	77	49	0
6714	0	2097	2097	2123	7	19	26	19	0
6711	2	1970	1970	2124	50	68	154	104	0
6567	0	2141	2141	2146	5	0	5	0	0
6713	3	1990	1990	2178	60	6	188	128	0
6516	1	2192	2192	2212	20	0	20	0	0
6715	0	2260	2260	2277	9	0	17	8	0
6615	0	2321	2329	2333	4	0	12	8	8
6716	0	2266	2273	2338	22	10	72	50	7
6519	0	2279	2286	2346	16	8	67	51	7
6517	0	2223	2223	2354	23	29	131	108	0
6569	0	2296	2321	2390	18	0	94	76	25
6672	0	2396	2406	2426	2	10	30	28	10
6671	0	2386	2390	2431	22	7	45	23	4
6520	1	2448	2448	2485	19	0	37	18	0
6521	0	2558	2558	2565	5	2	7	2	0
6720	0	2526	2526	2570	19	0	44	25	0
6571	1	2531	2541	2623	18	2	92	74	10
6673	0	2436	2436	2637	57	109	201	144	0
6674	0	2713	2713	2727	6	0	14	8	0
6522	0	2724	2734	2746	4	5	22	18	10
6616	0	2741	2746	2749	3	0	8	5	5
6523	0	2849	2849	2859	10	0	10	0	0
6573	1	2734	2740	2865	24	12	131	107	6
6723	2	2792	2792	2912	27	0	120	93	0
6676	1	2981	2981	3026	17	0	45	28	0
6619	1	2982	2982	3044	25	0	62	37	0
6677	0	3066	3066	3095	15	14	29	14	0
6574	0	3084	3084	3127	18	3	43	25	0
6724	1	3107	3112	3179	29	16	72	43	5
6678	0	3185	3185	3206	18	3	21	3	0
6620	1	3051	3051	3267	50	109	216	166	0
6525	0	3228	3228	3304	15	61	76	61	0
6518	2	2274	2279	3306	39	9	1032	993	5
6576	0	3341	3341	3357	7	9	16	9	0
6725	1	3309	3309	3360	17	0	51	34	0
6526	0	3367	3367	3372	5	0	5	0	0
6570	2	2362	2362	3375	47	25	1013	966	0
6617	2	2938	2938	3389	45	4	451	406	0
6577	0	3435	3435	3443	8	0	8	0	0
6624	0	3485	3485	3490	5	0	5	0	0
6680	1	3454	3454	3509	26	10	55	29	0
6726	0	3497	3497	3537	7	26	40	33	0
6623	0	3461	3461	3553	38	19	92	54	0
6527	0	3533	3544	3571	12	0	38	26	11
6625	0	3552	3564	3583	9	0	31	22	12
6528	0	3611	3611	3619	4	4	8	4	0
6728	0	3620	3620	3625	5	0	5	0	0
6727	0	3605	3605	3710	29	31	105	76	0
6681	0	3741	3742	3800	20	8	59	39	1
6628	0	3731	3731	3846	23	26	115	92	0
6580	1	3733	3733	3916	23	5	183	160	0
6683	0	3854	3854	3936	13	69	82	69	0
6730	1	3678	3687	3950	38	72	272	234	9
6684	0	3958	3958	3959	1	0	1	0	0
6622	1	3413	3413	3976	51	30	563	512	0
6717	2	2273	2289	4023	54	17	1750	1696	16
6530	0	4045	4045	4068	10	13	23	13	0
6721	2	2600	2600	4092	52	0	1492	1440	0
6629	1	4059	4059	4112	29	10	53	24	0
6581	0	4114	4114	4115	1	0	1	0	0
6579	2	3544	3553	4128	35	77	584	549	9
6630	2	4086	4086	4134	34	2	48	14	0
6582	0	4137	4137	4174	7	23	37	30	0
6679	2	3432	3432	4194	33	3	762	729	0
6731	0	4158	4158	4216	18	18	58	40	0
6685	0	4157	4157	4221	25	11	64	39	0
6531	1	4171	4182	4242	21	22	71	50	11
6686	1	4214	4216	4287	18	27	73	55	2
6632	0	4383	4383	4396	4	0	13	9	0
6634	0	4397	4397	4405	8	0	8	0	0
6687	0	4408	4412	4419	7	0	11	4	4
6584	0	4421	4451	4456	5	0	35	30	30
6532	0	4412	4419	4515	30	9	103	73	7
6738	0	4523	4523	4535	6	4	12	6	0
6585	0	4519	4519	4542	11	8	23	12	0
6736	0	4508	4508	4564	11	27	56	45	0
6737	1	4510	4515	4566	20	12	56	36	5
6533	1	4456	4456	4567	20	0	111	91	0
6689	0	4577	4577	4588	7	0	11	4	0
6739	1	4550	4560	4610	25	21	60	35	10
6734	1	4400	4400	4619	27	0	219	192	0
6733	1	4330	4330	4624	37	0	294	257	0
6633	1	4385	4385	4633	31	6	248	217	0
6618	2	2957	2957	4675	50	44	1718	1668	0
6735	1	4489	4489	4688	30	89	199	169	0
6635	0	4701	4701	4716	5	0	15	10	0
6691	0	4777	4777	4788	2	9	11	9	0
6637	0	4846	4846	4867	11	0	21	10	0
6742	1	4751	4751	4879	13	0	128	115	0
6741	1	4742	4742	4885	45	35	143	98	0
6572	2	2676	2676	4931	31	0	2255	2224	0
6692	0	4902	4902	4940	11	27	38	27	0
6740	1	4728	4728	4963	43	38	235	192	0
6693	2	4997	4997	5046	26	0	49	23	0
6638	2	4997	4997	5053	30	0	56	26	0
6587	0	5069	5069	5108	5	34	39	34	0
6694	0	5088	5088	5116	20	7	28	8	0
6639	2	5053	5053	5133	44	5	80	36	0
6636	2	4777	4777	5137	40	27	360	320	0
6743	0	5142	5142	5147	5	0	5	0	0
6640	0	5174	5174	5177	3	0	3	0	0
6695	2	5147	5147	5187	35	0	40	5	0
6627	2	3662	3662	5190	79	94	1528	1449	0
6535	1	5194	5194	5218	21	0	24	3	0
6589	0	5210	5210	5251	7	24	41	34	0
6641	1	5239	5239	5264	12	0	25	13	0
6697	0	5300	5300	5303	3	0	3	0	0
6590	0	5295	5295	5307	9	0	12	3	0
6690	2	4700	4700	5328	38	13	628	590	0
6696	2	5280	5280	5329	26	0	49	23	0
6592	0	5333	5333	5336	3	0	3	0	0
6536	0	5370	5370	5405	10	25	35	25	0
6537	1	5384	5384	5408	18	0	24	6	0
6642	1	5349	5349	5433	39	5	84	45	0
6586	2	4849	4849	5435	52	5	586	534	0
6643	1	5438	5438	5462	15	0	24	9	0
6538	2	5435	5435	5540	36	14	105	69	0
6529	3	3797	3800	5559	56	10	1762	1706	3
6644	0	5471	5471	5576	12	73	105	93	0
6539	1	5488	5488	5600	20	80	112	92	0
6583	3	4349	4349	5667	46	1	1318	1272	0
6688	3	4419	4431	5668	33	0	1249	1216	12
6719	3	2495	2495	5732	66	11	3237	3171	0
6575	3	3309	3309	5734	66	28	2425	2359	0
6621	3	3218	3218	5772	50	0	2554	2504	0
6675	3	2716	2716	5776	67	39	3060	2993	0
6568	3	2241	2241	5778	99	59	3537	3438	0
6540	0	5806	5806	5829	13	10	23	10	0
6645	0	5802	5802	5852	12	19	50	38	0
6593	3	5579	5579	5882	54	6	303	249	0
6534	3	4766	4766	5894	39	56	1128	1089	0
6578	3	3525	3525	5901	57	39	2376	2319	0
6647	0	5911	5911	5918	7	0	7	0	0
6603	4	255	255	5927	72	33	5672	5600	0
6646	1	5839	5839	5972	31	92	133	102	0
6699	2	5928	5928	5984	34	0	56	22	0
6710	4	1943	1943	6015	51	2	4072	4021	0
6718	4	2462	2462	6035	49	3	3573	3524	0
6658	4	410	410	6054	63	13	5644	5581	0
6591	4	5330	5330	6059	78	57	729	651	0
6700	0	6097	6103	6126	13	0	29	16	6
6543	0	6130	6137	6142	5	0	12	7	7
6594	0	6093	6093	6174	11	49	81	70	0
6745	0	6137	6156	6179	3	20	42	39	19
6542	0	6103	6126	6191	21	21	88	67	23
6744	0	6107	6109	6211	30	41	104	74	2
6541	1	6089	6089	6232	30	9	143	113	0
6596	2	6251	6251	6283	22	0	32	10	0
6648	3	6068	6068	6288	49	0	220	171	0
6746	1	6295	6295	6313	18	0	18	0	0
6544	2	6333	6333	6370	33	4	37	4	0
6682	4	3810	3830	6388	76	19	2578	2502	20
6631	4	4291	4291	6396	48	0	2105	2057	0
6546	0	6404	6404	6418	8	6	14	6	0
6545	1	6402	6402	6441	27	0	39	12	0
6649	0	6505	6505	6508	3	0	3	0	0
6547	1	6410	6410	6514	24	54	104	80	0
6747	1	6484	6484	6516	21	0	32	11	0
6524	4	3102	3102	6523	89	27	3421	3332	0
6610	4	1098	1098	6545	88	46	5447	5359	0
6597	0	6505	6505	6564	13	43	59	46	0
6548	1	6579	6579	6602	13	0	23	10	0
6650	3	6549	6549	6616	45	0	67	22	0
6549	0	6619	6619	6628	9	0	9	0	0
6595	4	6198	6198	6633	75	167	435	360	0
6732	5	4245	4245	6637	66	1	2392	2326	0
6588	4	5195	5195	6664	70	75	1469	1399	0
6598	0	6665	6665	6706	21	20	41	20	0
6729	5	3626	3626	6713	77	67	3087	3010	0
6553	5	497	497	6715	66	0	6218	6152	0
6748	2	6642	6642	6734	41	33	92	51	0
6698	6	5625	5625	6756	91	49	1131	1040	0
6722	6	2785	2785	6771	83	27	3986	3903	0
6749	2	6778	6778	6805	23	4	27	4	0
6626	6	3661	3661	6806	95	47	3145	3050	0
6750	1	6956	6956	6979	16	0	23	7	0
6550	1	6936	6936	7000	21	0	64	43	0
6599	11	6921	6921	7127	138	40	206	68	0
6600	4	7187	7187	7283	46	50	96	50	0
0	0	0	0	7283	7101	0	7283	182	0
