id	priority	createdTime	startedTime	terminatedTime	cpuTime	blockedTime	turnaroundTime	waitingTime	responseTime
7001	0	0	0	4	4	0	4	0	0
7101	0	0	14	16	2	0	16	14	14
7051	0	0	4	114	22	7	114	92	4
7153	0	91	114	121	7	0	30	23	23
7002	0	19	41	131	30	0	112	82	22
7102	0	97	131	132	1	0	35	34	34
7201	0	0	26	189	40	6	189	149	26
7151	0	0	16	203	52	8	203	151	16
7202	0	151	174	222	19	0	71	52	23
7155	0	233	235	237	2	0	4	2	2
7154	0	151	172	252	37	7	101	64	21
7152	0	34	61	314	53	67	280	227	27
7003	0	255	255	381	40	19	126	86	0
7052	0	296	314	468	47	0	172	125	18
7156	0	296	324	471	36	8	175	139	28
7004	0	479	505	583	9	18	104	95	26
7103	0	255	261	609	72	33	354	282	6
7104	0	488	519	676	10	29	188	178	31
7005	0	562	609	798	29	0	236	207	47
7007	0	639	706	827	19	0	188	169	67
7107	0	786	887	891	4	0	105	101	101
7203	0	611	676	908	27	0	297	270	65
7159	0	467	495	920	54	17	453	399	28
7160	0	513	555	958	48	10	445	397	42
7157	0	403	431	965	69	5	562	493	28
7006	0	581	641	970	35	0	389	354	60
7158	0	410	441	982	63	13	572	509	31
7054	0	666	765	999	21	17	333	312	99
7008	0	663	756	1008	16	139	345	329	93
7108	0	910	1018	1023	5	0	113	108	108
7161	0	700	798	1025	14	3	325	311	98
7163	0	853	939	1060	14	0	207	193	86
7053	0	497	531	1106	66	0	609	543	34
7109	0	967	1080	1194	12	0	227	215	113
7105	0	664	763	1207	35	6	543	508	99
7162	0	842	920	1227	26	5	385	359	78
7206	0	1145	1231	1232	1	0	87	86	86
7165	0	1056	1149	1250	9	2	194	185	93
7106	0	717	827	1277	44	36	560	516	110
7013	0	1112	1207	1294	8	1	182	174	95
7010	0	929	1025	1314	32	5	385	353	96
7164	0	938	1045	1351	24	1	413	389	107
7166	0	1216	1294	1429	14	0	213	199	78
7055	0	1043	1117	1440	37	1	397	360	74
7009	0	910	1008	1476	36	50	566	530	98
7014	0	1144	1227	1478	16	20	334	318	83
7205	0	1046	1132	1484	33	20	438	405	86
7111	0	1270	1371	1499	15	2	229	214	101
7011	0	953	1060	1501	35	1	548	513	107
7204	0	943	1055	1515	27	21	572	545	112
7060	0	1298	1415	1544	18	0	246	228	117
7012	0	1087	1182	1551	28	30	464	436	95
7056	0	1237	1322	1559	24	0	322	298	85
7058	0	1281	1394	1624	13	28	343	330	113
7057	0	1244	1339	1645	34	6	401	367	95
7112	0	1323	1429	1647	8	42	324	316	106
7208	0	1392	1501	1723	31	0	331	300	109
7061	0	1517	1592	1728	25	0	211	186	75
7207	0	1377	1484	1733	28	27	356	328	107
7062	0	1548	1624	1777	22	8	229	207	76
7059	0	1291	1405	1833	55	6	542	487	114
7064	0	1700	1743	1834	11	0	134	123	43
7065	0	1701	1753	1920	18	7	219	201	52
7167	0	1650	1712	1951	32	0	301	269	62
7113	0	1717	1792	1979	22	44	262	240	75
7063	0	1606	1667	1981	31	39	375	344	61
7209	0	1425	1526	1996	57	24	571	514	101
7169	0	1741	1816	2016	33	5	275	242	75
7066	0	1971	2023	2029	6	0	58	52	52
7114	0	1874	1935	2058	15	8	184	169	61
7110	0	1098	1194	2073	88	46	975	887	96
7170	0	2043	2073	2076	3	0	33	30	30
7168	0	1724	1806	2118	39	50	394	355	82
7067	0	2141	2169	2174	5	0	33	28	28
7214	0	2097	2138	2186	7	19	89	82	41
7015	0	1760	1834	2210	54	22	450	396	74
7210	0	1943	1981	2240	51	2	297	246	38
7212	0	1978	2029	2244	28	39	266	238	51
7016	0	2192	2220	2280	20	0	88	68	28
7215	0	2260	2300	2309	9	0	49	40	40
7211	0	1970	2016	2322	50	68	352	302	46
7213	0	1990	2046	2378	60	6	388	328	56
7115	0	2321	2378	2382	4	0	61	57	57
7019	0	2279	2333	2418	16	8	139	123	54
7017	0	2223	2254	2424	23	29	201	178	31
7069	0	2296	2361	2446	18	0	150	132	65
7216	0	2266	2309	2458	22	10	192	170	43
7172	0	2396	2458	2535	2	10	139	137	62
7020	0	2448	2504	2604	19	0	156	137	56
7171	0	2386	2446	2637	22	7	251	229	60
7018	0	2274	2332	2645	39	9	371	332	58
7220	0	2526	2614	2718	19	0	192	173	88
7217	0	2273	2322	2728	54	17	455	401	49
7021	0	2558	2655	2730	5	2	172	167	97
7174	0	2713	2787	2793	6	0	80	74	74
7071	0	2531	2624	2808	18	2	277	259	93
7116	0	2741	2821	2824	3	0	83	80	80
7070	0	2362	2428	2860	47	25	498	451	66
7022	0	2724	2803	2903	4	5	179	175	79
7023	0	2849	2931	2941	10	0	92	82	82
7218	0	2462	2514	2952	49	3	490	441	52
7072	0	2676	2740	3013	31	0	337	306	64
7223	0	2792	2870	3050	27	0	258	231	78
7073	0	2734	2808	3098	24	12	364	340	74
7173	0	2436	2479	3102	57	109	666	609	43
7221	0	2600	2689	3113	52	0	513	461	89
7176	0	2981	3060	3153	17	0	172	155	79
7219	0	2495	2565	3191	66	11	696	630	70
7177	0	3066	3138	3268	15	14	202	187	72
7119	0	2982	3070	3273	25	0	291	266	88
7074	0	3084	3163	3377	18	3	293	275	79
7068	0	2241	2280	3385	99	59	1144	1045	39
7178	0	3185	3289	3394	18	3	209	191	104
7175	0	2716	2793	3446	67	39	730	663	77
7117	0	2938	3013	3458	45	4	520	475	75
7026	0	3367	3471	3476	5	0	109	104	104
7225	0	3309	3414	3516	17	0	207	190	105
7077	0	3435	3526	3534	8	0	99	91	91
7224	0	3107	3201	3550	29	16	443	414	94
7076	0	3341	3446	3578	7	9	237	230	105
7124	0	3485	3581	3586	5	0	101	96	96
7025	0	3228	3338	3628	15	61	400	385	110
7125	0	3552	3675	3684	9	0	132	123	123
7222	0	2785	2854	3717	83	27	932	849	69
7118	0	2957	3033	3729	50	44	772	722	76
7228	0	3620	3751	3756	5	0	136	131	131
7226	0	3497	3596	3760	7	26	263	256	99
7027	0	3533	3654	3815	12	0	282	270	121
7121	0	3218	3318	3825	50	0	607	557	100
7180	0	3454	3560	3848	26	10	394	368	106
7028	0	3611	3739	3907	4	4	296	292	128
7179	0	3432	3516	3937	33	3	505	472	84
7120	0	3051	3118	4003	50	109	952	902	67
7181	0	3741	3885	4051	20	8	310	290	144
7184	0	3958	4097	4098	1	0	140	139	139
7123	0	3461	3567	4145	38	19	684	646	106
7080	0	3733	3876	4165	23	5	432	409	143
7227	0	3605	3717	4170	29	31	565	536	112
7183	0	3854	3992	4203	13	69	349	336	138
7122	0	3413	3489	4209	51	30	796	745	76
7081	0	4114	4253	4254	1	0	140	139	139
7128	0	3731	3866	4306	23	26	575	552	135
7024	0	3102	3191	4353	89	27	1251	1162	89
7075	0	3309	3404	4383	66	28	1074	1008	95
7078	0	3525	3638	4412	57	39	887	830	113
7082	0	4137	4274	4446	7	23	309	302	137
7230	0	3678	3825	4456	38	72	778	740	147
7030	0	4045	4170	4471	10	13	426	416	125
7079	0	3544	3664	4474	35	77	930	895	120
7132	0	4383	4506	4510	4	0	127	123	123
7134	0	4397	4534	4542	8	0	145	137	137
7187	0	4408	4559	4566	7	0	158	151	151
7084	0	4421	4585	4590	5	0	169	164	164
7231	0	4158	4294	4654	18	18	496	478	136
7129	0	4059	4185	4692	29	10	633	604	126
7130	0	4086	4209	4705	34	2	619	585	123
7186	0	4214	4353	4719	18	27	505	487	139
7029	0	3797	3937	4738	56	10	941	885	140
7189	0	4577	4769	4776	7	0	199	192	192
7185	0	4157	4284	4830	25	11	673	648	127
7033	0	4456	4630	4840	20	0	384	364	174
7031	0	4171	4306	4861	21	22	690	669	135
7135	0	4701	4890	4895	5	0	194	189	189
7238	0	4523	4715	4900	6	4	377	371	192
7085	0	4519	4711	4917	11	8	398	387	192
7236	0	4508	4705	4944	11	27	436	425	197
7234	0	4400	4542	4961	27	0	561	534	142
7233	0	4330	4460	5091	37	0	761	724	130
7237	0	4510	4709	5127	20	12	617	597	199
7133	0	4385	4510	5139	31	6	754	723	125
7242	0	4751	4961	5146	13	0	395	382	210
7229	0	3626	3760	5202	77	67	1576	1499	134
7191	0	4777	5021	5206	2	9	429	427	244
7032	0	4412	4566	5207	30	9	795	765	154
7188	0	4419	4575	5210	33	0	791	758	156
7131	0	4291	4432	5235	48	0	944	896	141
7137	0	4846	5063	5250	11	0	404	393	217
7243	0	5142	5307	5312	5	0	170	165	165
7239	0	4550	4738	5336	25	21	786	761	188
7235	0	4489	4674	5345	30	89	856	826	185
7140	0	5174	5345	5348	3	0	174	171	171
7182	0	3810	3967	5416	76	19	1606	1530	157
7083	0	4349	4481	5450	46	1	1101	1055	132
7087	0	5069	5245	5461	5	34	392	387	176
7090	0	5295	5464	5473	9	0	178	169	169
7197	0	5300	5473	5476	3	0	176	173	173
7192	0	4902	5113	5487	11	27	585	574	211
7232	0	4245	4393	5526	66	1	1281	1215	148
7092	0	5333	5526	5529	3	0	196	193	193
7138	0	4997	5166	5549	30	0	552	522	169
7193	0	4997	5176	5574	26	0	577	551	179
7089	0	5210	5394	5623	7	24	413	406	184
7141	0	5239	5416	5625	12	0	386	374	177
7194	0	5088	5260	5666	20	7	578	558	172
7126	0	3661	3793	5671	95	47	2010	1915	132
7190	0	4700	4880	5695	38	13	995	957	180
7127	0	3662	3803	5706	79	94	2044	1965	141
7240	0	4728	4917	5732	43	38	1004	961	189
7037	0	5384	5574	5770	18	0	386	368	190
7036	0	5370	5559	5771	10	25	401	391	189
7035	0	5194	5378	5772	21	0	578	557	184
7143	0	5438	5635	5812	15	0	374	359	197
7196	0	5280	5450	5838	26	0	558	532	170
7195	0	5147	5312	5849	35	0	702	667	165
7241	0	4742	4944	5856	45	35	1114	1069	202
7144	0	5471	5681	5869	12	73	398	386	210
7139	0	5053	5210	5875	44	5	822	778	157
7136	0	4777	5011	5879	40	27	1102	1062	234
7034	0	4766	4991	5900	39	56	1134	1095	225
7086	0	4849	5073	5918	52	5	1069	1017	224
7145	0	5802	5883	5984	12	19	182	170	81
7040	0	5806	5888	5987	13	10	181	168	82
7147	0	5911	5997	6004	7	0	93	86	86
7039	0	5488	5695	6008	20	80	520	500	207
7142	0	5349	5529	6034	39	5	685	646	180
7038	0	5435	5625	6060	36	14	625	589	190
7199	0	5928	6008	6227	34	0	299	265	80
7043	0	6130	6227	6232	5	0	102	97	97
7146	0	5839	5928	6243	31	92	404	373	89
7093	0	5579	5752	6246	54	6	667	613	173
7200	0	6097	6167	6259	13	0	162	149	70
7094	0	6093	6161	6290	11	49	197	186	68
7245	0	6137	6232	6314	3	20	177	174	95
7088	0	5195	5388	6326	70	75	1131	1061	193
7042	0	6103	6187	6362	21	21	259	238	84
7041	0	6089	6145	6410	30	9	321	291	56
7091	0	5330	5507	6424	78	57	1094	1016	177
7148	0	6068	6099	6437	49	0	369	320	31
7246	0	6295	6362	6445	18	0	150	132	67
7244	0	6107	6197	6453	30	41	346	316	90
7096	0	6251	6302	6465	22	0	214	192	51
7046	0	6404	6465	6510	8	6	106	98	61
7045	0	6402	6453	6549	27	0	147	120	51
7149	0	6505	6553	6556	3	0	51	48	48
7044	0	6333	6410	6574	33	4	241	208	77
7198	0	5625	5785	6623	91	49	998	907	160
7247	0	6484	6520	6634	21	0	150	129	36
7097	0	6505	6549	6648	13	43	143	130	44
7049	0	6619	6664	6673	9	0	54	45	45
7048	0	6579	6623	6676	13	0	97	84	44
7047	0	6410	6470	6710	24	54	300	276	60
7150	0	6549	6594	6739	45	0	190	145	45
7098	0	6665	6696	6771	21	20	106	85	31
7248	0	6642	6676	6808	41	33	166	125	34
7249	0	6778	6778	6810	23	4	32	9	0
7095	0	6198	6265	6835	75	167	637	562	67
7050	0	6936	6941	6984	21	0	48	27	5
7250	0	6956	6971	6990	16	0	34	18	15
7099	0	6921	6921	7129	138	40	208	70	0
7100	0	7187	7187	7283	46	50	96	50	0
0	0	0	0	7283	7627	0	7283	-344	0
