id	priority	createdTime	startedTime	terminatedTime	cpuTime	blockedTime	turnaroundTime	waitingTime	responseTime
10501	0	0	0	4	4	0	4	0	0
10601	0	0	4	6	2	0	6	4	4
10551	0	0	11	46	22	7	46	24	11
10602	0	97	100	101	1	0	4	3	3
10653	0	91	101	108	7	0	17	10	10
10651	0	0	32	142	52	8	142	90	32
10652	0	34	46	187	53	67	153	100	12
10702	0	151	157	193	19	0	42	23	6
10502	0	19	74	197	30	0	178	148	55
10655	0	233	236	238	2	0	5	3	3
10701	0	0	6	260	40	6	260	220	6
10654	0	151	155	277	37	7	126	89	4
10503	0	255	262	327	40	19	72	32	7
10656	0	296	303	360	36	8	64	28	7
10552	0	296	306	394	47	0	98	51	10
10657	0	403	407	512	69	5	109	40	4
10504	0	479	490	530	9	18	51	42	11
10604	0	488	488	535	10	29	47	37	0
10660	0	513	535	596	48	10	83	35	22
10505	0	562	574	612	29	0	50	21	12
10703	0	611	612	639	27	0	28	1	1
10507	0	639	652	684	19	0	45	26	13
10661	0	700	710	734	14	3	34	20	10
10554	0	666	667	738	21	17	72	51	1
10605	0	664	665	767	35	6	103	68	1
10506	0	581	639	789	35	0	208	173	58
10607	0	786	789	793	4	0	7	3	3
10606	0	717	722	818	44	36	101	57	5
10508	0	663	671	827	16	139	164	148	8
10663	0	853	853	867	14	0	14	0	0
10662	0	842	867	906	26	5	64	38	25
10659	0	467	475	907	54	17	440	386	8
10608	0	910	920	925	5	0	15	10	10
10609	0	967	975	987	12	0	20	8	8
10704	0	943	949	1014	27	21	71	44	6
10509	0	910	925	1044	36	50	134	98	15
10664	0	938	950	1046	24	1	108	84	12
10510	0	929	936	1056	32	5	127	95	7
10665	0	1056	1063	1085	9	2	29	20	7
10513	0	1112	1114	1135	8	1	23	15	2
10705	0	1046	1056	1156	33	20	110	77	10
10706	0	1145	1156	1157	1	0	12	11	11
10512	0	1087	1121	1189	28	30	102	74	34
10514	0	1144	1157	1201	16	20	57	41	13
10555	0	1043	1066	1225	37	1	182	145	23
10666	0	1216	1225	1239	14	0	23	9	9
10611	0	1270	1272	1298	15	2	28	13	2
10557	0	1244	1252	1312	34	6	68	34	8
10558	0	1281	1282	1327	13	28	46	33	1
10560	0	1298	1312	1334	18	0	36	18	14
10556	0	1237	1239	1345	24	0	108	84	2
10511	0	953	1203	1384	35	1	431	396	250
10612	0	1323	1327	1386	8	42	63	55	4
10707	0	1377	1386	1453	28	27	76	48	9
10708	0	1392	1399	1472	31	0	80	49	7
10709	0	1425	1425	1537	57	24	112	55	0
10610	0	1098	1098	1582	88	46	484	396	0
10562	0	1548	1550	1588	22	8	40	18	2
10561	0	1517	1519	1600	25	0	83	58	2
10603	0	255	260	1678	72	33	1423	1351	5
10559	0	1291	1600	1695	55	6	404	349	309
10564	0	1700	1708	1719	11	0	19	8	8
10563	0	1606	1613	1749	31	39	143	112	7
10565	0	1701	1723	1750	18	7	49	31	22
10613	0	1717	1719	1797	22	44	80	58	2
10669	0	1741	1759	1814	33	5	73	40	18
10515	0	1760	1772	1900	54	22	140	86	12
10668	0	1724	1814	1911	39	50	187	148	90
10614	0	1874	1886	1922	15	8	48	33	12
10667	0	1650	1873	1941	32	0	291	259	223
10566	0	1971	1975	1981	6	0	10	4	4
10670	0	2043	2044	2047	3	0	4	1	1
10712	0	1978	1988	2068	28	39	90	62	10
10710	0	1943	1954	2085	51	2	142	91	11
10714	0	2097	2098	2135	7	19	38	31	1
10713	0	1990	1995	2146	60	6	156	96	5
10567	0	2141	2146	2151	5	0	10	5	5
10711	0	1970	1981	2177	50	68	207	157	11
10658	0	410	1641	2214	63	13	1804	1741	1231
10516	0	2192	2199	2221	20	0	29	9	7
10715	0	2260	2267	2276	9	0	16	7	7
10519	0	2279	2286	2315	16	8	36	20	7
10716	0	2266	2277	2328	22	10	62	40	11
10615	0	2321	2328	2332	4	0	11	7	7
10517	0	2223	2234	2335	23	29	112	89	11
10569	0	2296	2348	2381	18	0	85	67	52
10672	0	2396	2401	2421	2	10	25	23	5
10671	0	2386	2392	2445	22	7	59	37	6
10520	0	2448	2454	2473	19	0	25	6	6
10571	0	2531	2535	2569	18	2	38	20	4
10521	0	2558	2562	2571	5	2	13	8	4
10720	0	2526	2575	2594	19	0	68	49	49
10570	0	2362	2366	2640	47	25	278	231	4
10568	0	2241	2254	2642	99	59	401	302	13
10673	0	2436	2473	2672	57	109	236	179	37
10717	0	2273	2335	2682	54	17	409	355	62
10572	0	2676	2682	2713	31	0	37	6	6
10674	0	2713	2727	2733	6	0	20	14	14
10522	0	2724	2726	2736	4	5	12	8	2
10616	0	2741	2752	2755	3	0	14	11	11
10573	0	2734	2736	2783	24	12	49	25	2
10723	0	2792	2817	2844	27	0	52	25	25
10523	0	2849	2857	2867	10	0	18	8	8
10675	0	2716	2739	2883	67	39	167	100	23
10518	0	2274	2276	2921	39	9	647	608	2
10718	0	2462	2783	2957	49	3	495	446	321
10676	0	2981	2985	3002	17	0	21	4	4
10619	0	2982	3008	3033	25	0	51	26	26
10617	0	2938	2957	3059	45	4	121	76	19
10677	0	3066	3072	3111	15	14	45	30	6
10574	0	3084	3091	3129	18	3	45	27	7
10724	0	3107	3114	3171	29	16	64	35	7
10678	0	3185	3197	3228	18	3	43	25	12
10620	0	3051	3059	3251	50	109	200	150	8
10618	0	2957	2970	3276	50	44	319	269	13
10525	0	3228	3235	3318	15	61	90	75	7
10725	0	3309	3318	3335	17	0	26	9	9
10576	0	3341	3348	3368	7	9	27	20	7
10526	0	3367	3368	3373	5	0	6	1	1
10524	0	3102	3152	3409	89	27	307	218	50
10577	0	3435	3442	3450	8	0	15	7	7
10624	0	3485	3486	3491	5	0	6	1	1
10679	0	3432	3450	3511	33	3	79	46	18
10680	0	3454	3463	3530	26	10	76	50	9
10726	0	3497	3504	3542	7	26	45	38	7
10527	0	3533	3542	3554	12	0	21	9	9
10625	0	3552	3555	3564	9	0	12	3	3
10623	0	3461	3473	3587	38	19	126	88	12
10528	0	3611	3618	3635	4	4	24	20	7
10728	0	3620	3635	3640	5	0	20	15	15
10727	0	3605	3620	3703	29	31	98	69	15
10579	0	3544	3554	3733	35	77	189	154	10
10681	0	3741	3753	3786	20	8	45	25	12
10628	0	3731	3733	3798	23	26	67	44	2
10580	0	3733	3744	3799	23	5	66	43	11
10730	0	3678	3690	3864	38	72	186	148	12
10729	0	3626	3644	3903	77	67	277	200	18
10578	0	3525	3587	3932	57	39	407	350	62
10683	0	3854	3855	3950	13	69	96	83	1
10575	0	3309	3376	3957	66	28	648	582	67
10684	0	3958	3966	3967	1	0	9	8	8
10622	0	3413	3416	4019	51	30	606	555	3
10530	0	4045	4047	4087	10	13	42	32	2
10581	0	4114	4116	4117	1	0	3	2	2
10629	0	4059	4065	4125	29	10	66	37	6
10630	0	4086	4087	4146	34	2	60	26	1
10582	0	4137	4138	4169	7	23	32	25	1
10627	0	3662	3967	4197	79	94	535	456	305
10531	0	4171	4180	4238	21	22	67	46	9
10685	0	4157	4169	4240	25	11	83	58	12
10731	0	4158	4197	4272	18	18	114	96	39
10686	0	4214	4240	4292	18	27	78	60	26
10529	0	3797	4019	4298	56	10	501	445	222
10719	0	2495	2933	4351	66	11	1856	1790	438
10632	0	4383	4390	4394	4	0	11	7	7
10634	0	4397	4403	4411	8	0	14	6	6
10687	0	4408	4411	4418	7	0	10	3	3
10584	0	4421	4427	4432	5	0	11	6	6
10533	0	4456	4458	4478	20	0	22	2	2
10532	0	4412	4418	4486	30	9	74	44	6
10633	0	4385	4394	4495	31	6	110	79	9
10738	0	4523	4524	4545	6	4	22	16	1
10585	0	4519	4520	4552	11	8	33	22	1
10736	0	4508	4508	4560	11	27	52	41	0
10737	0	4510	4512	4578	20	12	68	48	2
10689	0	4577	4578	4585	7	0	8	1	1
10739	0	4550	4552	4609	25	21	59	34	2
10735	0	4489	4495	4631	30	89	142	112	6
10734	0	4400	4525	4632	27	0	232	205	125
10583	0	4349	4351	4665	46	1	316	270	2
10688	0	4419	4645	4685	33	0	266	233	226
10733	0	4330	4364	4709	37	0	379	342	34
10635	0	4701	4709	4714	5	0	13	8	8
10742	0	4751	4753	4766	13	0	15	2	2
10691	0	4777	4779	4794	2	9	17	15	2
10636	0	4777	4780	4859	40	27	82	42	3
10637	0	4846	4859	4870	11	0	24	13	13
10534	0	4766	4795	4953	39	56	187	148	29
10692	0	4902	4913	4954	11	27	52	41	11
10586	0	4849	4873	4972	52	5	123	71	24
10740	0	4728	4740	4991	43	38	263	220	12
10741	0	4742	4766	4996	45	35	254	209	24
10690	0	4700	4714	5021	38	13	321	283	14
10693	0	4997	5003	5034	26	0	37	11	6
10638	0	4997	5034	5086	30	0	89	59	37
10587	0	5069	5073	5120	5	34	51	46	4
10694	0	5088	5099	5133	20	7	45	25	11
10639	0	5053	5060	5146	44	5	93	49	7
10743	0	5142	5146	5151	5	0	9	4	4
10640	0	5174	5177	5180	3	0	6	3	3
10695	0	5147	5151	5189	35	0	42	7	4
10631	0	4291	4300	5198	48	0	907	859	9
10535	0	5194	5200	5222	21	0	28	7	6
10589	0	5210	5213	5254	7	24	44	37	3
10641	0	5239	5254	5266	12	0	27	15	15
10732	0	4245	4255	5289	66	1	1044	978	10
10697	0	5300	5302	5305	3	0	5	2	2
10590	0	5295	5305	5314	9	0	19	10	10
10696	0	5280	5289	5327	26	0	47	21	9
10592	0	5333	5340	5343	3	0	10	7	7
10537	0	5384	5388	5406	18	0	22	4	4
10536	0	5370	5379	5417	10	25	47	37	9
10643	0	5438	5455	5470	15	0	32	17	17
10642	0	5349	5356	5473	39	5	124	85	7
10538	0	5435	5443	5522	36	14	87	51	8
10644	0	5471	5473	5564	12	73	93	81	2
10539	0	5488	5495	5596	20	80	108	88	7
10591	0	5330	5343	5597	78	57	267	189	13
10621	0	3218	5327	5687	50	0	2469	2419	2109
10593	0	5579	5597	5688	54	6	109	55	18
10721	0	2600	5688	5776	52	0	3176	3124	3088
10698	0	5625	5636	5820	91	49	195	104	11
10540	0	5806	5807	5836	13	10	30	17	1
10645	0	5802	5802	5843	12	19	41	29	0
10647	0	5911	5920	5927	7	0	16	9	9
10626	0	3661	3670	5975	95	47	2314	2219	9
10646	0	5839	5843	5982	31	92	143	112	4
10699	0	5928	5944	6003	34	0	75	41	16
10588	0	5195	5198	6071	70	75	876	806	3
10700	0	6097	6121	6134	13	0	37	24	24
10543	0	6130	6134	6139	5	0	9	4	4
10594	0	6093	6097	6158	11	49	65	54	4
10745	0	6137	6139	6175	3	20	38	35	2
10541	0	6089	6103	6180	30	9	91	61	14
10542	0	6103	6140	6199	21	21	96	75	37
10744	0	6107	6115	6210	30	41	103	73	8
10596	0	6251	6260	6282	22	0	31	9	9
10746	0	6295	6295	6313	18	0	18	0	0
10648	0	6068	6071	6332	49	0	264	215	3
10544	0	6333	6345	6398	33	4	65	32	12
10546	0	6404	6417	6438	8	6	34	26	13
10545	0	6402	6422	6454	27	0	52	25	20
10553	0	497	2221	6484	66	0	5987	5921	1724
10595	0	6198	6210	6502	75	167	304	229	12
10649	0	6505	6515	6518	3	0	13	10	10
10547	0	6410	6411	6522	24	54	112	88	1
10747	0	6484	6502	6534	21	0	50	29	18
10682	0	3810	6046	6584	76	19	2774	2698	2236
10597	0	6505	6522	6593	13	43	88	75	17
10548	0	6579	6593	6606	13	0	27	14	14
10549	0	6619	6619	6628	9	0	9	0	0
10650	0	6549	6568	6647	45	0	98	53	19
10598	0	6665	6674	6717	21	20	52	31	9
10748	0	6642	6647	6735	41	33	93	52	5
10722	0	2785	2796	6776	83	27	3991	3908	11
10749	0	6778	6778	6805	23	4	27	4	0
10750	0	6956	6960	6976	16	0	20	4	4
10550	0	6936	6947	6984	21	0	48	27	11
10599	0	6921	6921	7136	138	40	215	77	0
10600	0	7187	7187	7283	46	50	96	50	0
0	0	0	0	7283	11309	0	7283	-4026	0
