id	priority	createdTime	startedTime	terminatedTime	cpuTime	blockedTime	turnaroundTime	waitingTime	responseTime
13251	0	0	0	4	4	0	4	0	0
13351	0	0	19	21	2	0	21	19	19
13252	0	19	41	118	30	0	99	69	22
13301	0	0	4	119	22	7	119	97	4
13403	0	91	119	126	7	0	35	28	28
13352	0	97	156	157	1	0	60	59	59
13401	0	0	21	206	52	8	206	154	21
13451	0	0	36	211	40	6	211	171	36
13452	0	151	182	230	19	0	79	60	31
13405	0	233	260	262	2	0	29	27	27
13402	0	34	62	264	53	67	230	177	28
13404	0	151	180	277	37	7	126	89	29
13253	0	255	264	359	40	19	104	64	9
13302	0	296	318	475	47	0	179	132	22
13406	0	296	333	478	36	8	182	146	37
13353	0	255	270	586	72	33	331	259	15
13254	0	479	537	624	9	18	145	136	58
13407	0	403	434	771	69	5	368	299	31
13354	0	488	541	776	10	29	288	278	53
13255	0	562	639	790	29	0	228	199	77
13409	0	467	493	864	54	17	397	343	26
13453	0	611	714	886	27	0	275	248	103
13257	0	639	744	891	19	0	252	233	105
13357	0	786	891	895	4	0	109	105	105
13256	0	581	669	945	35	0	364	329	88
13410	0	513	570	969	48	10	456	408	57
13413	0	853	969	983	14	0	130	116	116
13411	0	700	842	985	14	3	285	271	142
13408	0	410	458	996	63	13	586	523	48
13358	0	910	1007	1012	5	0	102	97	97
13303	0	497	555	1033	66	0	536	470	58
13258	0	663	790	1057	16	139	394	378	127
13304	0	666	799	1074	21	17	408	387	133
13359	0	967	1100	1112	12	0	145	133	133
13355	0	664	797	1130	35	6	466	431	133
13412	0	842	945	1242	26	5	400	374	103
13356	0	717	864	1259	44	36	542	498	147
13456	0	1145	1263	1264	1	0	119	118	118
13260	0	929	1033	1304	32	5	375	343	104
13415	0	1056	1174	1310	9	2	254	245	118
13414	0	938	1057	1312	24	1	374	350	119
13454	0	943	1074	1332	27	21	389	362	131
13416	0	1216	1332	1346	14	0	130	116	116
13263	0	1112	1242	1381	8	1	269	261	130
13305	0	1043	1130	1400	37	1	357	320	87
13264	0	1144	1259	1423	16	20	279	263	115
13259	0	910	996	1431	36	50	521	485	86
13455	0	1046	1145	1457	33	20	411	378	99
13262	0	1087	1196	1481	28	30	394	366	109
13261	0	953	1075	1483	35	1	530	495	122
13306	0	1237	1349	1492	24	0	255	231	112
13361	0	1270	1381	1530	15	2	260	245	111
13308	0	1281	1400	1555	13	28	274	261	119
13310	0	1298	1457	1573	18	0	275	257	159
13307	0	1244	1365	1591	34	6	347	313	121
13457	0	1377	1492	1636	28	27	259	231	115
13362	0	1323	1472	1681	8	42	358	350	149
13311	0	1517	1591	1691	25	0	174	149	74
13458	0	1392	1510	1692	31	0	300	269	118
13314	0	1700	1761	1772	11	0	72	61	61
13312	0	1548	1651	1840	22	8	292	270	103
13309	0	1291	1431	1879	55	6	588	533	140
13417	0	1650	1692	1883	32	0	233	201	42
13459	0	1425	1538	1946	57	24	521	464	113
13315	0	1701	1772	1948	18	7	247	229	71
13313	0	1606	1678	1955	31	39	349	318	72
13363	0	1717	1810	2003	22	44	286	264	93
13364	0	1874	1937	2014	15	8	140	125	63
13360	0	1098	1226	2034	88	46	936	848	128
13316	0	1971	2041	2047	6	0	76	70	70
13419	0	1741	1840	2055	33	5	314	281	99
13418	0	1724	1819	2066	39	50	342	303	95
13420	0	2043	2088	2091	3	0	48	45	45
13460	0	1943	1979	2192	51	2	249	198	36
13317	0	2141	2192	2197	5	0	56	51	51
13265	0	1760	1865	2211	54	22	451	397	105
13464	0	2097	2150	2213	7	19	116	109	53
13462	0	1978	2047	2256	28	39	278	250	69
13266	0	2192	2228	2298	20	0	106	86	36
13461	0	1970	2034	2302	50	68	332	282	64
13465	0	2260	2302	2311	9	0	51	42	42
13463	0	1990	2066	2343	60	6	353	293	76
13365	0	2321	2390	2394	4	0	73	69	69
13466	0	2266	2311	2407	22	10	141	119	45
13269	0	2279	2343	2433	16	8	154	138	64
13267	0	2223	2256	2444	23	29	221	198	33
13319	0	2296	2375	2461	18	0	165	147	79
13421	0	2386	2449	2576	22	7	190	168	63
13422	0	2396	2461	2577	2	10	181	179	65
13268	0	2274	2335	2585	39	9	311	272	61
13270	0	2448	2507	2624	19	0	176	157	59
13467	0	2273	2320	2716	54	17	443	389	47
13470	0	2526	2624	2750	19	0	224	205	98
13321	0	2531	2639	2754	18	2	223	205	108
13271	0	2558	2677	2775	5	2	217	212	119
13424	0	2713	2798	2804	6	0	91	85	85
13366	0	2741	2849	2852	3	0	111	108	108
13320	0	2362	2433	2871	47	25	509	462	71
13468	0	2462	2548	2885	49	3	423	374	86
13272	0	2724	2834	2930	4	5	206	202	110
13273	0	2849	2945	2955	10	0	106	96	96
13322	0	2676	2758	2986	31	0	310	279	82
13473	0	2792	2885	2998	27	0	206	179	93
13471	0	2600	2695	3020	52	0	420	368	95
13323	0	2734	2846	3120	24	12	386	362	112
13318	0	2241	2278	3148	99	59	907	808	37
13469	0	2495	2600	3186	66	11	691	625	105
13426	0	2981	3084	3218	17	0	237	220	103
13369	0	2982	3099	3258	25	0	276	251	117
13423	0	2436	2492	3301	57	109	865	808	56
13427	0	3066	3170	3332	15	14	266	251	104
13367	0	2938	3035	3415	45	4	477	432	97
13428	0	3185	3301	3454	18	3	269	251	116
13425	0	2716	2804	3468	67	39	752	685	88
13324	0	3084	3186	3470	18	3	386	368	102
13276	0	3367	3494	3499	5	0	132	127	127
13474	0	3107	3233	3539	29	16	432	403	126
13327	0	3435	3584	3592	8	0	157	149	149
13475	0	3309	3430	3594	17	0	285	268	121
13374	0	3485	3616	3621	5	0	136	131	131
13326	0	3341	3470	3622	7	9	281	274	129
13368	0	2957	3067	3642	50	44	685	635	110
13370	0	3051	3152	3685	50	109	634	584	101
13277	0	3533	3685	3697	12	0	164	152	152
13472	0	2785	2871	3702	83	27	917	834	86
13275	0	3228	3363	3712	15	61	484	469	135
13375	0	3552	3712	3721	9	0	169	160	160
13478	0	3620	3778	3783	5	0	163	158	158
13371	0	3218	3348	3803	50	0	585	535	130
13476	0	3497	3637	3842	7	26	345	338	140
13278	0	3611	3755	3923	4	4	312	308	144
13430	0	3454	3594	3942	26	10	488	462	140
13330	0	3733	3880	4075	23	5	342	319	147
13378	0	3731	3869	4087	23	26	356	333	138
13431	0	3741	3894	4112	20	8	371	351	153
13429	0	3432	3569	4114	33	3	682	649	137
13434	0	3958	4166	4167	1	0	209	208	208
13373	0	3461	3601	4169	38	19	708	670	140
13328	0	3525	3657	4257	57	39	732	675	132
13433	0	3854	4033	4282	13	69	428	415	179
13331	0	4114	4282	4283	1	0	169	168	168
13372	0	3413	3539	4284	51	30	871	820	126
13325	0	3309	3415	4291	66	28	982	916	106
13477	0	3605	3740	4296	29	31	691	662	135
13274	0	3102	3218	4356	89	27	1254	1165	116
13329	0	3544	3702	4455	35	77	911	876	158
13480	0	3678	3855	4484	38	72	806	768	177
13332	0	4137	4284	4487	7	23	350	343	147
13435	0	4157	4296	4501	25	11	344	319	139
13481	0	4158	4307	4535	18	18	377	359	149
13382	0	4383	4567	4571	4	0	188	184	184
13384	0	4397	4595	4603	8	0	206	198	198
13437	0	4408	4633	4640	7	0	232	225	225
13436	0	4214	4366	4643	18	27	429	411	152
13334	0	4421	4684	4689	5	0	268	263	263
13280	0	4045	4234	4692	10	13	647	637	189
13380	0	4086	4257	4707	34	2	621	587	171
13279	0	3797	3942	4782	56	10	985	929	145
13281	0	4171	4328	4794	21	22	623	602	157
13439	0	4577	4815	4822	7	0	245	238	238
13484	0	4400	4603	4859	27	0	459	432	203
13479	0	3626	3783	4870	77	67	1244	1167	157
13379	0	4059	4239	4899	29	10	840	811	180
13385	0	4701	4944	4949	5	0	248	243	243
13283	0	4456	4707	4954	20	0	498	478	251
13492	0	4751	4998	5011	13	0	260	247	247
13483	0	4330	4501	5052	37	0	722	685	171
13488	0	4523	4777	5071	6	4	548	542	254
13486	0	4508	4752	5078	11	27	570	559	244
13335	0	4519	4773	5085	11	8	566	555	254
13383	0	4385	4571	5129	31	6	744	713	186
13387	0	4846	5129	5140	11	0	294	283	283
13282	0	4412	4643	5176	30	9	764	734	231
13438	0	4419	4669	5185	33	0	766	733	250
13381	0	4291	4455	5239	48	0	948	900	164
13487	0	4510	4756	5298	20	12	788	768	246
13441	0	4777	5065	5318	2	9	541	539	288
13489	0	4550	4782	5349	25	21	799	774	232
13333	0	4349	4539	5352	46	1	1003	957	190
13432	0	3810	3983	5355	76	19	1545	1469	173
13493	0	5142	5355	5360	5	0	218	213	213
13390	0	5174	5386	5389	3	0	215	212	212
13376	0	3661	3808	5394	95	47	1733	1638	147
13377	0	3662	3823	5442	79	94	1780	1701	161
13391	0	5239	5455	5467	12	0	228	216	216
13388	0	4997	5239	5482	30	0	485	455	242
13443	0	4997	5254	5493	26	0	496	470	257
13340	0	5295	5508	5517	9	0	222	213	213
13447	0	5300	5532	5535	3	0	235	232	232
13342	0	5333	5556	5559	3	0	226	223	223
13444	0	5088	5333	5580	20	7	492	472	245
13485	0	4489	4737	5604	30	89	1115	1085	248
13337	0	5069	5313	5605	5	34	536	531	244
13285	0	5194	5398	5658	21	0	464	443	204
13442	0	4902	5176	5659	11	27	757	746	274
13482	0	4245	4413	5663	66	1	1418	1352	168
13393	0	5438	5675	5690	15	0	252	237	237
13339	0	5210	5430	5696	7	24	486	479	220
13440	0	4700	4929	5701	38	13	1001	963	229
13490	0	4728	4954	5746	43	38	1018	975	226
13446	0	5280	5493	5757	26	0	477	451	213
13491	0	4742	4984	5758	45	35	1016	971	242
13284	0	4766	5015	5793	39	56	1027	988	249
13386	0	4777	5052	5812	40	27	1035	995	275
13445	0	5147	5360	5839	35	0	692	657	213
13286	0	5370	5605	5840	10	25	470	460	235
13287	0	5384	5629	5843	18	0	459	441	245
13389	0	5053	5298	5900	44	5	847	803	245
13394	0	5471	5716	5903	12	73	432	420	245
13336	0	4849	5140	5987	52	5	1138	1086	291
13288	0	5435	5663	5996	36	14	561	525	228
13397	0	5911	6011	6018	7	0	107	100	100
13395	0	5802	5903	6025	12	19	223	211	101
13290	0	5806	5908	6043	13	10	237	224	102
13392	0	5349	5580	6059	39	5	710	671	231
13289	0	5488	5725	6078	20	80	590	570	237
13450	0	6097	6174	6187	13	0	90	77	77
13449	0	5928	6025	6212	34	0	284	250	97
13338	0	5195	5413	6224	70	75	1029	959	218
13293	0	6130	6230	6235	5	0	105	100	100
13341	0	5330	5541	6280	78	57	950	872	211
13344	0	6093	6161	6329	11	49	236	225	68
13292	0	6103	6187	6335	21	21	232	211	84
13343	0	5579	5793	6336	54	6	757	703	214
13396	0	5839	5975	6386	31	92	547	516	136
13495	0	6137	6250	6388	3	20	251	248	113
13291	0	6089	6149	6406	30	9	317	287	60
13494	0	6107	6202	6454	30	41	347	317	95
13398	0	6068	6121	6458	49	0	390	341	53
13346	0	6251	6366	6465	22	0	214	192	115
13496	0	6295	6388	6483	18	0	188	170	93
13448	0	5625	5820	6519	91	49	894	803	195
13295	0	6402	6465	6546	27	0	144	117	63
13296	0	6404	6483	6564	8	6	160	152	79
13399	0	6505	6568	6571	3	0	66	63	63
13294	0	6333	6430	6591	33	4	258	225	97
13497	0	6484	6546	6612	21	0	128	107	62
13298	0	6579	6612	6625	13	0	46	33	33
13347	0	6505	6564	6669	13	43	164	151	59
13299	0	6619	6669	6678	9	0	59	50	50
13400	0	6549	6591	6708	45	0	159	114	42
13297	0	6410	6488	6747	24	54	337	313	78
13348	0	6665	6708	6755	21	20	90	69	43
13498	0	6642	6678	6794	41	33	152	111	36
13499	0	6778	6778	6806	23	4	28	5	0
13345	0	6198	6309	6848	75	167	650	575	111
13300	0	6936	6936	6972	21	0	36	15	0
13500	0	6956	6972	6990	16	0	34	18	16
13349	0	6921	6921	7135	138	40	214	76	0
13350	0	7187	7187	7283	46	50	96	50	0
0	0	0	0	7283	14202	0	7283	-6919	0
