id	priority	createdTime	startedTime	terminatedTime	cpuTime	blockedTime	turnaroundTime	waitingTime	responseTime
13501	0	0	0	4	4	0	4	0	0
13601	0	0	19	21	2	0	21	19	19
13653	0	91	103	110	7	0	19	12	12
13602	0	97	110	111	1	0	14	13	13
13551	0	0	4	135	22	7	135	113	4
13502	0	19	41	150	30	0	131	101	22
13702	0	151	167	201	19	0	50	31	16
13652	0	34	71	218	53	67	184	131	37
13655	0	233	233	235	2	0	2	0	0
13651	0	0	21	259	52	8	259	207	21
13654	0	151	165	272	37	7	121	84	14
13503	0	255	259	369	40	19	114	74	4
13656	0	296	317	372	36	8	76	40	21
13701	0	0	36	377	40	6	377	337	36
13504	0	479	493	522	9	18	43	34	14
13604	0	488	497	557	10	29	69	59	9
13505	0	562	572	616	29	0	54	25	10
13703	0	611	616	643	27	0	32	5	5
13507	0	639	643	662	19	0	23	4	4
13661	0	700	735	759	14	3	59	45	35
13554	0	666	686	761	21	17	95	74	20
13605	0	664	684	788	35	6	124	89	20
13607	0	786	788	792	4	0	6	2	2
13506	0	581	587	797	35	0	216	181	6
13659	0	467	479	816	54	17	349	295	12
13508	0	663	677	840	16	139	177	161	14
13606	0	717	747	850	44	36	133	89	30
13663	0	853	865	879	14	0	26	12	12
13660	0	513	522	898	48	10	385	337	9
13662	0	842	850	899	26	5	57	31	8
13608	0	910	925	930	5	0	20	15	15
13609	0	967	1003	1015	12	0	48	36	36
13704	0	943	960	1029	27	21	86	59	17
13509	0	910	914	1078	36	50	168	132	4
13665	0	1056	1067	1084	9	2	28	19	11
13510	0	929	930	1094	32	5	165	133	1
13513	0	1112	1139	1151	8	1	39	31	27
13706	0	1145	1151	1152	1	0	7	6	6
13705	0	1046	1060	1170	33	20	124	91	14
13664	0	938	945	1172	24	1	234	210	7
13514	0	1144	1146	1184	16	20	40	24	2
13512	0	1087	1109	1212	28	30	125	97	22
13666	0	1216	1227	1241	14	0	25	11	11
13611	0	1270	1271	1302	15	2	32	17	1
13558	0	1281	1286	1336	13	28	55	42	5
13560	0	1298	1317	1339	18	0	41	23	19
13556	0	1237	1241	1348	24	0	111	87	4
13557	0	1244	1256	1366	34	6	122	88	12
13612	0	1323	1332	1383	8	42	60	52	9
13707	0	1377	1383	1456	28	27	79	51	6
13555	0	1043	1045	1477	37	1	434	397	2
13561	0	1517	1532	1557	25	0	40	15	15
13709	0	1425	1426	1569	57	24	144	87	1
13708	0	1392	1396	1570	31	0	178	147	4
13562	0	1548	1557	1593	22	8	45	23	9
13511	0	953	961	1595	35	1	642	607	8
13559	0	1291	1302	1645	55	6	354	299	11
13610	0	1098	1124	1650	88	46	552	464	26
13564	0	1700	1703	1714	11	0	14	3	3
13563	0	1606	1618	1795	31	39	189	158	12
13565	0	1701	1714	1797	18	7	96	78	13
13613	0	1717	1729	1836	22	44	119	97	12
13669	0	1741	1748	1837	33	5	96	63	7
13667	0	1650	1673	1887	32	0	237	205	23
13657	0	403	407	1899	69	5	1496	1427	4
13614	0	1874	1880	1910	15	8	36	21	6
13515	0	1760	1772	1920	54	22	160	106	12
13668	0	1724	1733	1931	39	50	207	168	9
13566	0	1971	1989	1995	6	0	24	18	18
13670	0	2043	2061	2064	3	0	21	18	18
13712	0	1978	1995	2094	28	39	116	88	17
13710	0	1943	1946	2129	51	2	186	135	3
13714	0	2097	2109	2146	7	19	49	42	12
13567	0	2141	2146	2151	5	0	10	5	5
13713	0	1990	2002	2167	60	6	177	117	12
13711	0	1970	1982	2171	50	68	201	151	12
13552	0	296	302	2173	47	0	1877	1830	6
13516	0	2192	2197	2217	20	0	25	5	5
13603	0	255	265	2240	72	33	1985	1913	10
13715	0	2260	2285	2294	9	0	34	25	25
13716	0	2266	2294	2331	22	10	65	43	28
13519	0	2279	2332	2378	16	8	99	83	53
13615	0	2321	2378	2382	4	0	61	57	57
13672	0	2396	2401	2418	2	10	22	20	5
13671	0	2386	2392	2431	22	7	45	23	6
13517	0	2223	2232	2432	23	29	209	186	9
13569	0	2296	2340	2438	18	0	142	124	44
13520	0	2448	2453	2487	19	0	39	20	5
13571	0	2531	2546	2567	18	2	36	18	15
13521	0	2558	2560	2569	5	2	11	6	2
13720	0	2526	2531	2573	19	0	47	28	5
13674	0	2713	2721	2727	6	0	14	8	8
13616	0	2741	2746	2749	3	0	8	5	5
13522	0	2724	2742	2752	4	5	28	24	18
13573	0	2734	2743	2785	24	12	51	27	9
13673	0	2436	2438	2789	57	109	353	296	2
13723	0	2792	2807	2852	27	0	60	33	15
13523	0	2849	2852	2862	10	0	13	3	3
13675	0	2716	2727	2906	67	39	190	123	11
13568	0	2241	2255	2919	99	59	678	579	14
13676	0	2981	2983	3030	17	0	49	32	2
13619	0	2982	2998	3055	25	0	73	48	16
13677	0	3066	3070	3109	15	14	43	28	4
13574	0	3084	3087	3150	18	3	66	48	3
13617	0	2938	2949	3161	45	4	223	178	11
13724	0	3107	3124	3182	29	16	75	46	17
13678	0	3185	3197	3228	18	3	43	25	12
13620	0	3051	3055	3259	50	109	208	158	4
13572	0	2676	2676	3260	31	0	584	553	0
13518	0	2274	2331	3296	39	9	1022	983	57
13525	0	3228	3243	3335	15	61	107	92	15
13725	0	3309	3335	3358	17	0	49	32	26
13576	0	3341	3350	3374	7	9	33	26	9
13526	0	3367	3374	3379	5	0	12	7	7
13618	0	2957	2964	3404	50	44	447	397	7
13577	0	3435	3449	3457	8	0	22	14	14
13624	0	3485	3494	3499	5	0	14	9	9
13680	0	3454	3457	3507	26	10	53	27	3
13726	0	3497	3499	3547	7	26	50	43	2
13527	0	3533	3547	3559	12	0	26	14	14
13625	0	3552	3560	3569	9	0	17	8	8
13679	0	3432	3434	3571	33	3	139	106	2
13623	0	3461	3464	3594	38	19	133	95	3
13728	0	3620	3629	3634	5	0	14	9	9
13528	0	3611	3627	3636	4	4	25	21	16
13579	0	3544	3559	3725	35	77	181	146	15
13580	0	3733	3748	3781	23	5	48	25	15
13628	0	3731	3737	3808	23	26	77	54	6
13681	0	3741	3757	3818	20	8	77	57	16
13727	0	3605	3612	3853	29	31	248	219	7
13730	0	3678	3709	3906	38	72	228	190	31
13683	0	3854	3869	3956	13	69	102	89	15
13684	0	3958	3971	3972	1	0	14	13	13
13578	0	3525	3528	4025	57	39	500	443	3
13524	0	3102	3109	4037	89	27	935	846	7
13729	0	3626	3636	4068	77	67	442	365	10
13530	0	4045	4052	4083	10	13	38	28	7
13581	0	4114	4134	4135	1	0	21	20	20
13629	0	4059	4072	4143	29	10	84	55	13
13630	0	4086	4098	4162	34	2	76	42	12
13582	0	4137	4143	4176	7	23	39	32	6
13685	0	4157	4162	4210	25	11	53	28	5
13731	0	4158	4176	4218	18	18	60	42	18
13531	0	4171	4190	4244	21	22	73	52	19
13686	0	4214	4218	4269	18	27	55	37	4
13717	0	2273	2303	4330	54	17	2057	2003	30
13570	0	2362	2382	4333	47	25	1971	1924	20
13733	0	4330	4333	4383	37	0	53	16	3
13632	0	4383	4398	4402	4	0	19	15	15
13634	0	4397	4411	4419	8	0	22	14	14
13687	0	4408	4449	4456	7	0	48	41	41
13584	0	4421	4495	4500	5	0	79	74	74
13633	0	4385	4402	4552	31	6	167	136	17
13738	0	4523	4540	4557	6	4	34	28	17
13585	0	4519	4536	4579	11	8	60	49	17
13736	0	4508	4530	4586	11	27	78	67	22
13689	0	4577	4587	4594	7	0	17	10	10
13737	0	4510	4534	4597	20	12	87	67	24
13532	0	4412	4456	4603	30	9	191	161	44
13533	0	4456	4500	4608	20	0	152	132	44
13739	0	4550	4586	4634	25	21	84	59	36
13734	0	4400	4434	4646	27	0	246	219	34
13688	0	4419	4465	4679	33	0	260	227	46
13583	0	4349	4363	4682	46	1	333	287	14
13735	0	4489	4515	4706	30	89	217	187	26
13635	0	4701	4721	4726	5	0	25	20	20
13742	0	4751	4770	4783	13	0	32	19	19
13691	0	4777	4811	4828	2	9	51	49	34
13637	0	4846	4852	4863	11	0	17	6	6
13636	0	4777	4798	4922	40	27	145	105	21
13534	0	4766	4783	4971	39	56	205	166	17
13692	0	4902	4909	4972	11	27	70	59	7
13586	0	4849	4863	4990	52	5	141	89	14
13740	0	4728	4741	4996	43	38	268	225	13
13622	0	3413	3419	4997	51	30	1584	1533	6
13741	0	4742	4756	4998	45	35	256	211	14
13693	0	4997	5013	5039	26	0	42	16	16
13638	0	4997	4998	5054	30	0	57	27	1
13587	0	5069	5069	5117	5	34	48	43	0
13694	0	5088	5094	5130	20	7	42	22	6
13639	0	5053	5054	5141	44	5	88	44	1
13690	0	4700	4706	5146	38	13	446	408	6
13743	0	5142	5146	5151	5	0	9	4	4
13640	0	5174	5181	5184	3	0	10	7	7
13695	0	5147	5151	5189	35	0	42	7	4
13535	0	5194	5206	5230	21	0	36	15	12
13641	0	5239	5245	5257	12	0	18	6	6
13589	0	5210	5223	5263	7	24	53	46	13
13575	0	3309	3311	5272	66	28	1963	1897	2
13590	0	5295	5313	5322	9	0	27	18	18
13697	0	5300	5322	5325	3	0	25	22	22
13696	0	5280	5298	5336	26	0	56	30	18
13592	0	5333	5351	5354	3	0	21	18	18
13537	0	5384	5386	5404	18	0	20	2	2
13536	0	5370	5377	5413	10	25	43	33	7
13643	0	5438	5449	5464	15	0	26	11	11
13627	0	3662	3694	5499	79	94	1837	1758	32
13642	0	5349	5354	5516	39	5	167	128	5
13538	0	5435	5437	5525	36	14	90	54	2
13644	0	5471	5479	5573	12	73	102	90	8
13539	0	5488	5499	5607	20	80	119	99	11
13529	0	3797	3818	5611	56	10	1814	1758	21
13718	0	2462	2468	5651	49	3	3189	3140	6
13719	0	2495	2507	5765	66	11	3270	3204	12
13698	0	5625	5626	5794	91	49	169	78	1
13645	0	5802	5809	5846	12	19	44	32	7
13540	0	5806	5814	5849	13	10	43	30	8
13591	0	5330	5336	5872	78	57	542	464	6
13647	0	5911	5917	5924	7	0	13	6	6
13646	0	5839	5849	5993	31	92	154	123	10
13699	0	5928	5941	5997	34	0	69	35	13
13631	0	4291	4294	6015	48	0	1724	1676	3
13732	0	4245	4251	6019	66	1	1774	1708	6
13593	0	5579	5588	6041	54	6	462	408	9
13621	0	3218	3228	6046	50	0	2828	2778	10
13721	0	2600	2609	6053	52	0	3453	3401	9
13700	0	6097	6107	6120	13	0	23	10	10
13543	0	6130	6141	6146	5	0	16	11	11
13594	0	6093	6101	6167	11	49	74	63	8
13542	0	6103	6120	6173	21	21	70	49	17
13745	0	6137	6146	6175	3	20	38	35	9
13541	0	6089	6089	6178	30	9	89	59	0
13744	0	6107	6135	6232	30	41	125	95	28
13596	0	6251	6256	6278	22	0	27	5	5
13746	0	6295	6308	6326	18	0	31	13	13
13648	0	6068	6074	6335	49	0	267	218	6
13544	0	6333	6335	6383	33	4	50	17	2
13588	0	5195	5221	6395	70	75	1200	1130	26
13545	0	6402	6417	6451	27	0	49	22	15
13546	0	6404	6432	6454	8	6	50	42	28
13626	0	3661	3664	6463	95	47	2802	2707	3
13649	0	6505	6530	6533	3	0	28	25	25
13747	0	6484	6511	6540	21	0	56	35	27
13595	0	6198	6208	6545	75	167	347	272	10
13597	0	6505	6526	6584	13	43	79	66	21
13548	0	6579	6584	6597	13	0	18	5	5
13547	0	6410	6437	6601	24	54	191	167	27
13650	0	6549	6560	6631	45	0	82	37	11
13549	0	6619	6631	6640	9	0	21	12	12
13658	0	410	422	6642	63	13	6232	6169	12
13598	0	6665	6671	6714	21	20	49	28	6
13553	0	497	499	6720	66	0	6223	6157	2
13748	0	6642	6657	6746	41	33	104	63	15
13682	0	3810	3833	6771	76	19	2961	2885	23
13722	0	2785	2789	6776	83	27	3991	3908	4
13749	0	6778	6778	6805	23	4	27	4	0
13550	0	6936	6936	6957	21	0	21	0	0
13750	0	6956	6957	6973	16	0	17	1	1
13599	0	6921	6921	7136	138	40	215	77	0
13600	0	7187	7187	7283	46	50	96	50	0
0	0	0	0	7283	14465	0	7283	-7182	0
