id	priority	createdTime	startedTime	terminatedTime	cpuTime	blockedTime	turnaroundTime	waitingTime	responseTime
14751	0	0	0	4	4	0	4	0	0
14851	0	0	20	22	2	0	22	20	20
14903	0	91	93	100	7	0	9	2	2
14852	0	97	100	101	1	0	4	3	3
14801	0	0	4	102	22	7	102	80	4
14752	0	19	43	151	30	0	132	102	24
14952	0	151	169	204	19	0	53	34	18
14902	0	34	75	221	53	67	187	134	41
14905	0	233	237	239	2	0	6	4	4
14901	0	0	22	271	52	8	271	219	22
14753	0	255	255	372	40	19	117	77	0
14906	0	296	319	373	36	8	77	41	23
14904	0	151	167	376	37	7	225	188	16
14951	0	0	38	379	40	6	379	339	38
14754	0	479	483	529	9	18	50	41	4
14854	0	488	503	566	10	29	78	68	15
14755	0	562	566	611	29	0	49	20	4
14757	0	639	643	662	19	0	23	4	4
14953	0	611	627	673	27	0	62	35	16
14911	0	700	734	758	14	3	58	44	34
14804	0	666	682	759	21	17	93	72	16
14857	0	786	800	804	4	0	18	14	14
14855	0	664	680	805	35	6	141	106	16
14756	0	581	582	808	35	0	227	192	1
14758	0	663	673	840	16	139	177	161	10
14856	0	717	746	849	44	36	132	88	29
14913	0	853	865	879	14	0	26	12	12
14909	0	467	469	896	54	17	429	375	2
14912	0	842	849	897	26	5	55	29	7
14910	0	513	529	906	48	10	393	345	16
14802	0	296	303	921	47	0	625	578	7
14858	0	910	932	937	5	0	27	22	22
14859	0	967	998	1010	12	0	43	31	31
14954	0	943	969	1040	27	21	97	70	26
14759	0	910	921	1081	36	50	171	135	11
14915	0	1056	1070	1087	9	2	31	22	14
14763	0	1112	1141	1153	8	1	41	33	29
14956	0	1145	1153	1154	1	0	9	8	8
14955	0	1046	1063	1169	33	20	123	90	17
14760	0	929	937	1179	32	5	250	218	8
14764	0	1144	1148	1191	16	20	47	31	4
14762	0	1087	1109	1206	28	30	119	91	22
14916	0	1216	1222	1236	14	0	20	6	6
14861	0	1270	1280	1322	15	2	52	37	10
14808	0	1281	1290	1342	13	28	61	48	9
14810	0	1298	1322	1344	18	0	46	28	24
14806	0	1237	1248	1356	24	0	119	95	11
14807	0	1244	1264	1374	34	6	130	96	20
14914	0	938	953	1376	24	1	438	414	15
14862	0	1323	1338	1394	8	42	71	63	15
14958	0	1392	1407	1438	31	0	46	15	15
14957	0	1377	1394	1469	28	27	92	64	17
14805	0	1043	1047	1521	37	1	478	441	4
14811	0	1517	1521	1546	25	0	29	4	4
14959	0	1425	1438	1592	57	24	167	110	13
14812	0	1548	1555	1598	22	8	50	28	7
14761	0	953	970	1604	35	1	651	616	17
14813	0	1606	1610	1697	31	39	91	60	4
14917	0	1650	1659	1713	32	0	63	31	9
14814	0	1700	1713	1724	11	0	24	13	13
14863	0	1717	1740	1821	22	44	104	82	23
14919	0	1741	1760	1837	33	5	96	63	19
14815	0	1701	1724	1854	18	7	153	135	23
14918	0	1724	1744	1880	39	50	156	117	20
14765	0	1760	1785	1894	54	22	134	80	25
14864	0	1874	1880	1905	15	8	31	16	6
14860	0	1098	1125	1910	88	46	812	724	27
14809	0	1291	1301	1911	55	6	620	565	10
14907	0	403	411	1938	69	5	1535	1466	8
14816	0	1971	1977	1983	6	0	12	6	6
14920	0	2043	2057	2060	3	0	17	14	14
14962	0	1978	1983	2090	28	39	112	84	5
14960	0	1943	1954	2139	51	2	196	145	11
14964	0	2097	2106	2141	7	19	44	37	9
14817	0	2141	2157	2162	5	0	21	16	16
14963	0	1990	1995	2167	60	6	177	117	5
14766	0	2192	2192	2212	20	0	20	0	0
14961	0	1970	1970	2216	50	68	246	196	0
14965	0	2260	2261	2270	9	0	10	1	1
14767	0	2223	2238	2295	23	29	72	49	15
14966	0	2266	2270	2308	22	10	42	20	4
14769	0	2279	2325	2373	16	8	94	78	46
14865	0	2321	2373	2377	4	0	56	52	52
14921	0	2386	2387	2425	22	7	39	17	1
14819	0	2296	2333	2430	18	0	134	116	37
14922	0	2396	2425	2439	2	10	43	41	29
14770	0	2448	2455	2490	19	0	42	23	7
14970	0	2526	2526	2559	19	0	33	14	0
14821	0	2531	2542	2566	18	2	35	17	11
14771	0	2558	2559	2568	5	2	10	5	1
14924	0	2713	2722	2728	6	0	15	9	9
14866	0	2741	2748	2751	3	0	10	7	7
14772	0	2724	2744	2754	4	5	30	26	20
14823	0	2734	2745	2785	24	12	51	27	11
14923	0	2436	2439	2789	57	109	353	296	3
14973	0	2792	2808	2853	27	0	61	34	16
14773	0	2849	2853	2863	10	0	14	4	4
14822	0	2676	2690	2910	31	0	234	203	14
14925	0	2716	2728	2923	67	39	207	140	12
14818	0	2241	2245	2935	99	59	694	595	4
14926	0	2981	2982	3031	17	0	50	33	1
14869	0	2982	2998	3043	25	0	61	36	16
14927	0	3066	3075	3114	15	14	48	33	9
14824	0	3084	3091	3148	18	3	64	46	7
14867	0	2938	2951	3165	45	4	227	182	13
14974	0	3107	3130	3187	29	16	80	51	23
14928	0	3185	3187	3218	18	3	33	15	2
14870	0	3051	3059	3266	50	109	215	165	8
14768	0	2274	2324	3295	39	9	1021	982	50
14775	0	3228	3250	3352	15	61	124	109	22
14975	0	3309	3327	3359	17	0	50	33	18
14826	0	3341	3352	3376	7	9	35	28	11
14776	0	3367	3376	3381	5	0	14	9	9
14868	0	2957	2967	3404	50	44	447	397	10
14827	0	3435	3452	3460	8	0	25	17	17
14874	0	3485	3499	3504	5	0	19	14	14
14930	0	3454	3460	3526	26	10	72	46	6
14976	0	3497	3504	3546	7	26	49	42	7
14777	0	3533	3546	3558	12	0	25	13	13
14875	0	3552	3559	3568	9	0	16	7	7
14929	0	3432	3436	3580	33	3	148	115	4
14978	0	3620	3631	3636	5	0	16	11	11
14778	0	3611	3629	3638	4	4	27	23	18
14829	0	3544	3558	3718	35	77	174	139	14
14873	0	3461	3467	3723	38	19	262	224	6
14830	0	3733	3744	3793	23	5	60	37	11
14878	0	3731	3733	3805	23	26	74	51	2
14931	0	3741	3753	3815	20	8	74	54	12
14980	0	3678	3702	3861	38	72	183	145	24
14977	0	3605	3613	3897	29	31	292	263	8
14933	0	3854	3861	3950	13	69	96	83	7
14934	0	3958	3966	3967	1	0	9	8	8
14828	0	3525	3526	4034	57	39	509	452	1
14774	0	3102	3114	4044	89	27	942	853	12
14979	0	3626	3638	4087	77	67	461	384	12
14780	0	4045	4048	4088	10	13	43	33	3
14831	0	4114	4141	4142	1	0	28	27	27
14879	0	4059	4073	4154	29	10	95	66	14
14880	0	4086	4104	4168	34	2	82	48	18
14832	0	4137	4142	4182	7	23	45	38	5
14935	0	4157	4168	4216	25	11	59	34	11
14781	0	4171	4196	4246	21	22	75	54	25
14981	0	4158	4182	4266	18	18	108	90	24
14936	0	4214	4220	4269	18	27	55	37	6
14967	0	2273	2308	4333	54	17	2060	2006	35
14882	0	4383	4394	4398	4	0	15	11	11
14884	0	4397	4407	4415	8	0	18	10	10
14937	0	4408	4447	4454	7	0	46	39	39
14834	0	4421	4495	4500	5	0	79	74	74
14883	0	4385	4398	4552	31	6	167	136	13
14988	0	4523	4542	4557	6	4	34	28	19
14835	0	4519	4538	4580	11	8	61	50	19
14986	0	4508	4532	4587	11	27	79	68	24
14939	0	4577	4588	4595	7	0	18	11	11
14987	0	4510	4536	4597	20	12	87	67	26
14782	0	4412	4454	4602	30	9	190	160	42
14783	0	4456	4500	4606	20	0	150	130	44
14984	0	4400	4431	4619	27	0	219	192	31
14989	0	4550	4587	4643	25	21	93	68	37
14938	0	4419	4463	4676	33	0	257	224	44
14833	0	4349	4349	4677	46	1	328	282	0
14983	0	4330	4333	4682	37	0	352	315	3
14820	0	2362	2377	4685	47	25	2323	2276	15
14872	0	3413	3420	4701	51	30	1288	1237	7
14985	0	4489	4516	4710	30	89	221	191	27
14885	0	4701	4726	4731	5	0	30	25	25
14992	0	4751	4761	4774	13	0	23	10	10
14941	0	4777	4803	4821	2	9	44	42	26
14887	0	4846	4852	4863	11	0	17	6	6
14886	0	4777	4790	4904	40	27	127	87	13
14991	0	4742	4747	4948	45	35	206	161	5
14784	0	4766	4774	4960	39	56	194	155	8
14942	0	4902	4904	4961	11	27	59	48	2
14990	0	4728	4731	5050	43	38	322	279	3
14836	0	4849	4863	5052	52	5	203	151	14
14943	0	4997	5028	5062	26	0	65	39	31
14888	0	4997	5012	5098	30	0	101	71	15
14837	0	5069	5078	5122	5	34	53	48	9
14944	0	5088	5098	5135	20	7	47	27	10
14889	0	5053	5062	5145	44	5	92	48	9
14993	0	5142	5145	5150	5	0	8	3	3
14890	0	5174	5182	5185	3	0	11	8	8
14945	0	5147	5150	5188	35	0	41	6	3
14940	0	4700	4710	5193	38	13	493	455	10
14785	0	5194	5195	5219	21	0	25	4	1
14839	0	5210	5213	5246	7	24	36	29	3
14891	0	5239	5246	5258	12	0	19	7	7
14840	0	5295	5306	5315	9	0	20	11	11
14947	0	5300	5315	5318	3	0	18	15	15
14946	0	5280	5290	5328	26	0	48	22	10
14842	0	5333	5353	5356	3	0	23	20	20
14877	0	3662	3686	5392	79	94	1730	1651	24
14786	0	5370	5372	5409	10	25	39	29	2
14787	0	5384	5392	5411	18	0	27	9	8
14893	0	5438	5453	5468	15	0	30	15	15
14788	0	5435	5441	5517	36	14	82	46	6
14892	0	5349	5356	5533	39	5	184	145	7
14825	0	3309	3311	5566	66	28	2257	2191	2
14894	0	5471	5484	5578	12	73	107	95	13
14789	0	5488	5493	5614	20	80	126	106	5
14779	0	3797	3815	5617	56	10	1820	1764	18
14968	0	2462	2471	5658	49	3	3196	3147	9
14969	0	2495	2510	5771	66	11	3276	3210	15
14948	0	5625	5633	5800	91	49	175	84	8
14881	0	4291	4291	5847	48	0	1556	1508	0
14895	0	5802	5816	5854	12	19	52	40	14
14790	0	5806	5821	5866	13	10	60	47	15
14841	0	5330	5337	5880	78	57	550	472	7
14897	0	5911	5912	5919	7	0	8	1	1
14896	0	5839	5854	5989	31	92	150	119	15
14949	0	5928	5935	5991	34	0	63	29	7
14843	0	5579	5594	6014	54	6	435	381	15
14982	0	4245	4246	6031	66	1	1786	1720	1
14871	0	3218	3234	6049	50	0	2831	2781	16
14971	0	2600	2605	6053	52	0	3453	3401	5
14853	0	255	261	6084	72	33	5829	5757	6
14950	0	6097	6118	6131	13	0	34	21	21
14793	0	6130	6152	6157	5	0	27	22	22
14844	0	6093	6112	6179	11	49	86	75	19
14995	0	6137	6157	6181	3	20	44	41	20
14792	0	6103	6131	6187	21	21	84	63	28
14791	0	6089	6100	6189	30	9	100	70	11
14994	0	6107	6146	6245	30	41	138	108	39
14846	0	6251	6253	6275	22	0	24	2	2
14996	0	6295	6307	6325	18	0	30	12	12
14898	0	6068	6084	6360	49	0	292	243	16
14794	0	6333	6344	6394	33	4	61	28	11
14838	0	5195	5211	6413	70	75	1218	1148	16
14795	0	6402	6413	6447	27	0	45	18	11
14796	0	6404	6429	6450	8	6	46	38	25
14899	0	6505	6520	6523	3	0	18	15	15
14797	0	6410	6434	6527	24	54	117	93	24
14997	0	6484	6500	6532	21	0	48	27	16
14845	0	6198	6221	6537	75	167	339	264	23
14876	0	3661	3670	6542	95	47	2881	2786	9
14908	0	410	427	6544	63	13	6134	6071	17
14847	0	6505	6516	6585	13	43	80	67	11
14798	0	6579	6585	6598	13	0	19	6	6
14900	0	6549	6560	6627	45	0	78	33	11
14799	0	6619	6627	6636	9	0	17	8	8
14848	0	6665	6666	6709	21	20	44	23	1
14998	0	6642	6652	6730	41	33	88	47	10
14803	0	497	505	6732	66	0	6235	6169	8
14972	0	2785	2789	6773	83	27	3988	3905	4
14932	0	3810	3831	6776	76	19	2966	2890	21
14999	0	6778	6778	6805	23	4	27	4	0
14800	0	6936	6937	6958	21	0	22	1	1
15000	0	6956	6958	6974	16	0	18	2	2
14849	0	6921	6921	7136	138	40	215	77	0
14850	0	7187	7187	7283	46	50	96	50	0
0	0	0	0	7283	15780	0	7283	-8497	0
