id	priority	createdTime	startedTime	terminatedTime	cpuTime	blockedTime	turnaroundTime	waitingTime	responseTime
21251	0	0	0	4	4	0	4	0	0
21351	0	0	25	27	2	0	27	25	25
21252	0	19	60	90	30	0	71	41	41
21301	0	0	4	91	22	7	91	69	4
21401	0	0	27	128	52	8	128	76	27
21451	0	0	55	163	40	6	163	123	55
21403	0	91	163	170	7	0	79	72	72
21352	0	97	170	171	1	0	74	73	73
21452	0	151	196	215	19	0	64	45	45
21404	0	151	194	250	37	7	99	62	43
21405	0	233	250	252	2	0	19	17	17
21402	0	34	91	269	53	67	235	182	57
21302	0	296	361	408	47	0	112	65	65
21253	0	255	269	419	40	19	164	124	14
21353	0	255	275	435	72	33	180	108	20
21406	0	296	408	571	36	8	275	239	112
21407	0	403	435	616	69	5	213	144	32
21303	0	497	618	684	66	0	187	121	121
21408	0	410	477	725	63	13	315	252	67
21255	0	562	725	754	29	0	192	163	163
21256	0	581	754	789	35	0	208	173	173
21409	0	467	571	829	54	17	362	308	104
21254	0	479	585	834	9	18	355	346	106
21453	0	611	834	861	27	0	250	223	223
21257	0	639	864	883	19	0	244	225	225
21410	0	513	684	927	48	10	414	366	171
21357	0	786	927	931	4	0	145	141	141
21413	0	853	956	970	14	0	117	103	103
21354	0	488	616	975	10	29	487	477	128
21355	0	664	890	1008	35	6	344	309	226
21358	0	910	1019	1024	5	0	114	109	109
21411	0	700	896	1026	14	3	326	312	196
21304	0	666	892	1043	21	17	377	356	226
21412	0	842	931	1131	26	5	289	263	89
21359	0	967	1131	1143	12	0	176	164	164
21258	0	663	883	1152	16	139	489	473	220
21260	0	929	1043	1217	32	5	288	256	114
21414	0	938	1074	1240	24	1	302	278	136
21356	0	717	908	1281	44	36	564	520	191
21261	0	953	1097	1302	35	1	349	314	144
21456	0	1145	1306	1307	1	0	162	161	161
21305	0	1043	1152	1316	37	1	273	236	109
21415	0	1056	1187	1322	9	2	266	257	131
21455	0	1046	1180	1348	33	20	302	269	134
21416	0	1216	1348	1362	14	0	146	132	132
21259	0	910	1008	1370	36	50	460	424	98
21306	0	1237	1370	1394	24	0	157	133	133
21262	0	1087	1217	1421	28	30	334	306	130
21310	0	1298	1488	1506	18	0	208	190	190
21263	0	1112	1293	1507	8	1	395	387	181
21454	0	943	1096	1521	27	21	578	551	153
21264	0	1144	1302	1535	16	20	391	375	158
21458	0	1392	1548	1579	31	0	187	156	156
21307	0	1244	1394	1593	34	6	349	315	150
21361	0	1270	1421	1625	15	2	355	340	151
21308	0	1281	1431	1627	13	28	346	333	150
21309	0	1291	1442	1644	55	6	353	298	151
21311	0	1517	1679	1704	25	0	187	162	162
21457	0	1377	1535	1730	28	27	353	325	158
21417	0	1650	1756	1788	32	0	138	106	106
21314	0	1700	1812	1823	11	0	123	112	112
21362	0	1323	1521	1883	8	42	560	552	198
21459	0	1425	1593	1925	57	24	500	443	168
21360	0	1098	1240	1930	88	46	832	744	142
21315	0	1701	1823	1931	18	7	230	212	122
21312	0	1548	1708	1937	22	8	389	367	160
21419	0	1741	1883	1966	33	5	225	192	142
21313	0	1606	1730	1989	31	39	383	352	124
21418	0	1724	1853	2000	39	50	276	237	129
21364	0	1874	1946	2032	15	8	158	143	72
21316	0	1971	2039	2045	6	0	74	68	68
21363	0	1717	1840	2054	22	44	337	315	123
21460	0	1943	2000	2123	51	2	180	129	57
21420	0	2043	2123	2126	3	0	83	80	80
21265	0	1760	1900	2179	54	22	419	365	140
21317	0	2141	2206	2211	5	0	70	65	65
21266	0	2192	2215	2235	20	0	43	23	23
21463	0	1990	2092	2281	60	6	291	231	102
21464	0	2097	2201	2290	7	19	193	186	104
21462	0	1978	2054	2294	28	39	316	288	76
21461	0	1970	2032	2322	50	68	352	302	62
21465	0	2260	2322	2331	9	0	71	62	62
21319	0	2296	2367	2385	18	0	89	71	71
21267	0	2223	2281	2401	23	29	178	155	58
21365	0	2321	2401	2405	4	0	84	80	80
21466	0	2266	2331	2423	22	10	157	135	65
21268	0	2274	2358	2471	39	9	197	158	84
21467	0	2273	2340	2507	54	17	234	180	67
21269	0	2279	2359	2515	16	8	236	220	80
21270	0	2448	2590	2609	19	0	161	142	142
21470	0	2526	2688	2707	19	0	181	162	162
21421	0	2386	2515	2734	22	7	348	326	129
21422	0	2396	2524	2735	2	10	339	337	128
21471	0	2600	2763	2815	52	0	215	163	163
21320	0	2362	2423	2818	47	25	456	409	61
21468	0	2462	2609	2829	49	3	367	318	147
21322	0	2676	2829	2860	31	0	184	153	153
21424	0	2713	2877	2883	6	0	170	164	164
21321	0	2531	2707	2907	18	2	376	358	176
21366	0	2741	2911	2914	3	0	173	170	170
21271	0	2558	2744	2916	5	2	358	353	186
21473	0	2792	2958	2985	27	0	193	166	166
21273	0	2849	2985	2995	10	0	146	136	136
21469	0	2495	2647	3003	66	11	508	442	152
21272	0	2724	2907	3006	4	5	282	278	183
21323	0	2734	2908	3027	24	12	293	269	174
21472	0	2785	2933	3159	83	27	374	291	148
21318	0	2241	2294	3187	99	59	946	847	53
21426	0	2981	3187	3204	17	0	223	206	206
21369	0	2982	3204	3229	25	0	247	222	222
21423	0	2436	2536	3233	57	109	797	740	100
21425	0	2716	2883	3286	67	39	570	503	167
21367	0	2938	3045	3320	45	4	382	337	107
21371	0	3218	3434	3484	50	0	266	216	216
21427	0	3066	3286	3494	15	14	428	413	220
21475	0	3309	3527	3544	17	0	235	218	218
21324	0	3084	3320	3546	18	3	462	444	236
21276	0	3367	3565	3570	5	0	203	198	198
21368	0	2957	3064	3572	50	44	615	565	107
21327	0	3435	3643	3651	8	0	216	208	208
21428	0	3185	3425	3660	18	3	475	457	240
21474	0	3107	3402	3666	29	16	559	530	295
21374	0	3485	3694	3699	5	0	214	209	209
21277	0	3533	3733	3745	12	0	212	200	200
21375	0	3552	3746	3755	9	0	203	194	194
21325	0	3309	3494	3788	66	28	479	413	185
21326	0	3341	3546	3789	7	9	448	441	205
21370	0	3051	3233	3802	50	109	751	701	182
21478	0	3620	3850	3855	5	0	235	230	230
21429	0	3432	3627	3898	33	3	466	433	195
21372	0	3413	3592	3914	51	30	501	450	179
21430	0	3454	3666	3997	26	10	543	517	212
21373	0	3461	3673	4014	38	19	553	515	212
21476	0	3497	3699	4018	7	26	521	514	202
21275	0	3228	3484	4057	15	61	829	814	256
21328	0	3525	3705	4092	57	39	567	510	180
21274	0	3102	3369	4202	89	27	1100	1011	267
21278	0	3611	3848	4212	4	4	601	597	237
21434	0	3958	4299	4300	1	0	342	341	341
21330	0	3733	4029	4332	23	5	599	576	296
21378	0	3731	4018	4349	23	26	618	595	287
21431	0	3741	4038	4359	20	8	618	598	297
21331	0	4114	4372	4373	1	0	259	258	258
21279	0	3797	4092	4396	56	10	599	543	295
21477	0	3605	3831	4454	29	31	849	820	226
21433	0	3854	4202	4476	13	69	622	609	348
21479	0	3626	3855	4502	77	67	876	799	229
21381	0	4291	4502	4550	48	0	259	211	211
21483	0	4330	4586	4623	37	0	293	256	256
21480	0	3678	3970	4637	38	72	959	921	292
21380	0	4086	4368	4701	34	2	615	581	282
21382	0	4383	4701	4705	4	0	322	318	318
21384	0	4397	4714	4722	8	0	325	317	317
21484	0	4400	4722	4749	27	0	349	322	322
21332	0	4137	4373	4752	7	23	615	608	236
21437	0	4408	4752	4759	7	0	351	344	344
21435	0	4157	4396	4782	25	11	625	600	239
21438	0	4419	4782	4815	33	0	396	363	363
21334	0	4421	4815	4820	5	0	399	394	394
21329	0	3544	3745	4843	35	77	1299	1264	201
21481	0	4158	4407	4851	18	18	693	675	249
21432	0	3810	4129	4854	76	19	1044	968	319
21283	0	4456	4854	4874	20	0	418	398	398
21482	0	4245	4454	4923	66	1	678	612	209
21436	0	4214	4434	4926	18	27	712	694	220
21439	0	4577	4957	4964	7	0	387	380	380
21376	0	3661	3914	4969	95	47	1308	1213	253
21280	0	4045	4332	4979	10	13	934	924	287
21333	0	4349	4641	5012	46	1	663	617	292
21379	0	4059	4359	5020	29	10	961	932	300
21385	0	4701	5053	5058	5	0	357	352	352
21383	0	4385	4705	5080	31	6	695	664	320
21492	0	4751	5121	5134	13	0	383	370	370
21282	0	4412	4759	5193	30	9	781	751	347
21387	0	4846	5193	5204	11	0	358	347	347
21281	0	4171	4421	5241	21	22	1070	1049	250
21488	0	4523	4955	5254	6	4	731	725	432
21487	0	4510	4949	5272	20	12	762	742	439
21335	0	4519	4951	5279	11	8	760	749	432
21486	0	4508	4945	5286	11	27	778	767	437
21489	0	4550	4956	5310	25	21	760	735	406
21377	0	3662	3934	5321	79	94	1659	1580	272
21388	0	4997	5321	5351	30	0	354	324	324
21443	0	4997	5351	5377	26	0	380	354	354
21440	0	4700	5020	5400	38	13	700	662	320
21493	0	5142	5421	5426	5	0	284	279	279
21445	0	5147	5426	5461	35	0	314	279	279
21491	0	4742	5107	5492	45	35	750	705	365
21390	0	5174	5492	5495	3	0	321	318	318
21441	0	4777	5171	5499	2	9	722	720	394
21285	0	5194	5522	5543	21	0	349	328	328
21391	0	5239	5554	5566	12	0	327	315	315
21446	0	5280	5570	5596	26	0	316	290	290
21340	0	5295	5596	5605	9	0	310	301	301
21447	0	5300	5605	5608	3	0	308	305	305
21485	0	4489	4926	5617	30	89	1128	1098	437
21342	0	5333	5640	5643	3	0	310	307	307
21287	0	5384	5675	5693	18	0	309	291	291
21389	0	5053	5377	5719	44	5	666	622	324
21444	0	5088	5404	5732	20	7	644	624	316
21393	0	5438	5744	5759	15	0	321	306	306
21337	0	5069	5400	5760	5	34	691	686	331
21490	0	4728	5080	5766	43	38	1038	995	352
21284	0	4766	5134	5803	39	56	1037	998	368
21386	0	4777	5158	5807	40	27	1030	990	381
21336	0	4849	5204	5825	52	5	976	924	355
21339	0	5210	5545	5831	7	24	621	614	335
21442	0	4902	5241	5879	11	27	977	966	339
21392	0	5349	5643	5965	39	5	616	577	294
21286	0	5370	5666	6007	10	25	637	627	296
21288	0	5435	5732	6031	36	14	596	560	297
21394	0	5471	5766	6058	12	73	587	575	295
21289	0	5488	5775	6062	20	80	574	554	287
21397	0	5911	6068	6075	7	0	164	157	157
21449	0	5928	6075	6109	34	0	181	147	147
21338	0	5195	5543	6133	70	75	938	868	348
21341	0	5330	5617	6147	78	57	817	739	287
21395	0	5802	6031	6154	12	19	352	340	229
21290	0	5806	6036	6157	13	10	351	338	230
21398	0	6068	6157	6206	49	0	138	89	89
21343	0	5579	5831	6207	54	6	628	574	252
21450	0	6097	6225	6238	13	0	141	128	128
21293	0	6130	6259	6264	5	0	134	129	129
21291	0	6089	6207	6331	30	9	242	212	118
21346	0	6251	6331	6353	22	0	102	80	80
21396	0	5839	6046	6373	31	92	534	503	207
21344	0	6093	6219	6378	11	49	285	274	126
21292	0	6103	6238	6384	21	21	281	260	135
21495	0	6137	6264	6386	3	20	249	246	127
21496	0	6295	6386	6404	18	0	109	91	91
21494	0	6107	6253	6442	30	41	335	305	146
21295	0	6402	6492	6519	27	0	117	90	90
21448	0	5625	5935	6555	91	49	930	839	310
21497	0	6484	6555	6576	21	0	92	71	71
21294	0	6333	6477	6594	33	4	261	228	144
21399	0	6505	6598	6601	3	0	96	93	93
21296	0	6404	6519	6604	8	6	200	192	115
21400	0	6549	6611	6656	45	0	107	62	62
21298	0	6579	6658	6671	13	0	92	79	79
21299	0	6619	6671	6680	9	0	61	52	52
21347	0	6505	6594	6693	13	43	188	175	89
21348	0	6665	6707	6766	21	20	101	80	42
21297	0	6410	6524	6770	24	54	360	336	114
21345	0	6198	6289	6775	75	167	577	502	91
21498	0	6642	6693	6794	41	33	152	111	51
21499	0	6778	6778	6806	23	4	28	5	0
21300	0	6936	6953	6974	21	0	38	17	17
21500	0	6956	6974	6990	16	0	34	18	18
21349	0	6921	6921	7127	138	40	206	68	0
21350	0	7187	7187	7283	46	50	96	50	0
0	0	0	0	7283	22618	0	7283	-15335	0
