id	priority	createdTime	startedTime	terminatedTime	cpuTime	blockedTime	turnaroundTime	waitingTime	responseTime
23001	0	0	0	4	4	0	4	0	0
23101	0	0	4	6	2	0	6	4	4
23051	0	0	11	61	22	7	61	39	11
23151	0	0	32	98	52	8	98	46	32
23102	0	97	98	99	1	0	2	1	1
23153	0	91	99	106	7	0	15	8	8
23002	0	19	129	159	30	0	140	110	110
23202	0	151	161	180	19	0	29	10	10
23152	0	34	61	197	53	67	163	110	27
23201	0	0	6	232	40	6	232	192	6
23154	0	151	159	267	37	7	116	79	8
23155	0	233	267	269	2	0	36	34	34
23052	0	296	312	359	47	0	63	16	16
23003	0	255	271	367	40	19	112	72	16
23156	0	296	309	400	36	8	104	68	13
23103	0	255	269	535	72	33	280	208	14
23004	0	479	498	540	9	18	61	52	19
23104	0	488	496	545	10	29	57	47	8
23157	0	403	454	572	69	5	169	100	51
23005	0	562	572	601	29	0	39	10	10
23006	0	581	601	636	35	0	55	20	20
23203	0	611	636	663	27	0	52	25	25
23007	0	639	663	682	19	0	43	24	24
23105	0	664	682	728	35	6	64	29	18
23054	0	666	684	767	21	17	101	80	18
23161	0	700	738	769	14	3	69	55	38
23107	0	786	817	821	4	0	35	31	31
23106	0	717	728	846	44	36	129	85	11
23160	0	513	778	855	48	10	342	294	265
23008	0	663	688	864	16	139	201	185	25
23163	0	853	864	878	14	0	25	11	11
23159	0	467	505	943	54	17	476	422	38
23162	0	842	878	944	26	5	102	76	36
23108	0	910	945	950	5	0	40	35	35
23109	0	967	973	985	12	0	18	6	6
23204	0	943	944	1021	27	21	78	51	1
23010	0	929	985	1031	32	5	102	70	56
23164	0	938	1055	1082	24	1	144	120	117
23009	0	910	950	1090	36	50	180	144	40
23165	0	1056	1077	1096	9	2	40	31	21
23013	0	1112	1117	1141	8	1	29	21	5
23205	0	1046	1048	1167	33	20	121	88	2
23206	0	1145	1167	1168	1	0	23	22	22
23012	0	1087	1096	1179	28	30	92	64	9
23055	0	1043	1179	1224	37	1	181	144	136
23014	0	1144	1168	1236	16	20	92	76	24
23166	0	1216	1236	1250	14	0	34	20	20
23056	0	1237	1270	1294	24	0	57	33	33
23111	0	1270	1294	1320	15	2	50	35	24
23057	0	1244	1250	1334	34	6	90	56	6
23060	0	1298	1336	1354	18	0	56	38	38
23058	0	1281	1304	1356	13	28	75	62	23
23112	0	1323	1334	1395	8	42	72	64	11
23011	0	953	1360	1397	35	1	444	409	407
23208	0	1392	1410	1441	31	0	49	18	18
23207	0	1377	1397	1456	28	27	79	51	20
23209	0	1425	1456	1572	57	24	147	90	31
23110	0	1098	1124	1577	88	46	479	391	26
23061	0	1517	1584	1609	25	0	92	67	67
23062	0	1548	1577	1663	22	8	115	93	29
23059	0	1291	1619	1688	55	6	397	342	328
23063	0	1606	1609	1710	31	39	104	73	3
23064	0	1700	1710	1721	11	0	21	10	10
23065	0	1701	1725	1760	18	7	59	41	24
23169	0	1741	1742	1797	33	5	56	23	1
23113	0	1717	1721	1807	22	44	90	68	4
23167	0	1650	1866	1898	32	0	248	216	216
23015	0	1760	1769	1912	54	22	152	98	9
23168	0	1724	1807	1923	39	50	199	160	83
23114	0	1874	1898	1934	15	8	60	45	24
23066	0	1971	1996	2002	6	0	31	25	25
23158	0	410	1934	2011	63	13	1601	1538	1524
23170	0	2043	2061	2064	3	0	21	18	18
23210	0	1943	2018	2146	51	2	203	152	75
23214	0	2097	2111	2148	7	19	51	44	14
23212	0	1978	2011	2152	28	39	174	146	33
23067	0	2141	2152	2157	5	0	16	11	11
23213	0	1990	1995	2203	60	6	213	153	5
23211	0	1970	2002	2207	50	68	237	187	32
23016	0	2192	2207	2227	20	0	35	15	15
23053	0	497	2234	2300	66	0	1803	1737	1737
23215	0	2260	2309	2318	9	0	58	49	49
23019	0	2279	2301	2326	16	8	47	31	22
23115	0	2321	2326	2330	4	0	9	5	5
23017	0	2223	2227	2355	23	29	132	109	4
23216	0	2266	2330	2368	22	10	102	80	64
23069	0	2296	2406	2424	18	0	128	110	110
23172	0	2396	2405	2425	2	10	29	27	9
23171	0	2386	2396	2438	22	7	52	30	10
23020	0	2448	2458	2477	19	0	29	10	10
23071	0	2531	2539	2571	18	2	40	22	8
23021	0	2558	2564	2573	5	2	15	10	6
23220	0	2526	2582	2601	19	0	75	56	56
23173	0	2436	2438	2639	57	109	203	146	2
23070	0	2362	2368	2664	47	25	302	255	6
23217	0	2273	2378	2700	54	17	427	373	105
23068	0	2241	2493	2728	99	59	487	388	252
23174	0	2713	2729	2735	6	0	22	16	16
23022	0	2724	2728	2741	4	5	17	13	4
23116	0	2741	2761	2764	3	0	23	20	20
23073	0	2734	2735	2785	24	12	51	27	1
23223	0	2792	2806	2833	27	0	41	14	14
23175	0	2716	2741	2862	67	39	146	79	25
23023	0	2849	2862	2872	10	0	23	13	13
23072	0	2676	2872	2903	31	0	227	196	196
23018	0	2274	2300	2941	39	9	667	628	26
23117	0	2938	2941	3001	45	4	63	18	3
23176	0	2981	3001	3018	17	0	37	20	20
23119	0	2982	3018	3043	25	0	61	36	36
23118	0	2957	2960	3110	50	44	153	103	3
23177	0	3066	3076	3117	15	14	51	36	10
23074	0	3084	3117	3158	18	3	74	56	33
23224	0	3107	3133	3197	29	16	90	61	26
23178	0	3185	3197	3228	18	3	43	25	12
23120	0	3051	3084	3264	50	109	213	163	33
23024	0	3102	3158	3341	89	27	239	150	56
23218	0	2462	3296	3352	49	3	890	841	834
23025	0	3228	3248	3367	15	61	139	124	20
23225	0	3309	3367	3384	17	0	75	58	58
23076	0	3341	3352	3385	7	9	44	37	11
23026	0	3367	3385	3390	5	0	23	18	18
23077	0	3435	3465	3473	8	0	38	30	30
23124	0	3485	3489	3494	5	0	9	4	4
23122	0	3413	3423	3510	51	30	97	46	10
23179	0	3432	3473	3530	33	3	98	65	41
23180	0	3454	3458	3549	26	10	95	69	4
23226	0	3497	3510	3554	7	26	57	50	13
23125	0	3552	3554	3563	9	0	11	2	2
23027	0	3533	3563	3575	12	0	42	30	30
23228	0	3620	3626	3631	5	0	11	6	6
23028	0	3611	3624	3633	4	4	22	18	13
23123	0	3461	3581	3650	38	19	189	151	120
23227	0	3605	3607	3696	29	31	91	62	2
23079	0	3544	3549	3739	35	77	195	160	5
23181	0	3741	3748	3779	20	8	38	18	7
23080	0	3733	3739	3793	23	5	60	37	6
23128	0	3731	3758	3821	23	26	90	67	27
23230	0	3678	3683	3860	38	72	182	144	5
23229	0	3626	3650	3922	77	67	296	219	24
23075	0	3309	3390	3955	66	28	646	580	81
23183	0	3854	3860	3960	13	69	106	93	6
23184	0	3958	3960	3961	1	0	3	2	2
23078	0	3525	3868	3990	57	39	465	408	343
23029	0	3797	4026	4118	56	10	321	265	229
23030	0	4045	4069	4119	10	13	74	64	24
23081	0	4114	4119	4120	1	0	6	5	5
23129	0	4059	4065	4128	29	10	69	40	6
23130	0	4086	4095	4183	34	2	97	63	9
23082	0	4137	4149	4186	7	23	49	42	12
23127	0	3662	3990	4241	79	94	579	500	328
23031	0	4171	4186	4252	21	22	81	60	15
23231	0	4158	4216	4256	18	18	98	80	58
23185	0	4157	4192	4270	25	11	113	88	35
23186	0	4214	4270	4346	18	27	132	114	56
23219	0	2495	4302	4384	66	11	1889	1823	1807
23132	0	4383	4384	4388	4	0	5	1	1
23083	0	4349	4363	4430	46	1	81	35	14
23084	0	4421	4430	4435	5	0	14	9	9
23187	0	4408	4435	4442	7	0	34	27	27
23134	0	4397	4442	4450	8	0	53	45	45
23033	0	4456	4459	4479	20	0	23	3	3
23032	0	4412	4450	4500	30	9	88	58	38
23238	0	4523	4525	4537	6	4	14	8	2
23237	0	4510	4519	4555	20	12	45	25	9
23085	0	4519	4526	4563	11	8	44	33	7
23236	0	4508	4521	4570	11	27	62	51	13
23133	0	4385	4388	4592	31	6	207	176	3
23189	0	4577	4592	4599	7	0	22	15	15
23239	0	4550	4555	4623	25	21	73	48	5
23235	0	4489	4500	4632	30	89	143	113	11
23234	0	4400	4632	4659	27	0	259	232	232
23188	0	4419	4659	4692	33	0	273	240	240
23233	0	4330	4692	4729	37	0	399	362	362
23135	0	4701	4729	4734	5	0	33	28	28
23242	0	4751	4761	4774	13	0	23	10	10
23191	0	4777	4784	4799	2	9	22	20	7
23240	0	4728	4734	4842	43	38	114	71	6
23136	0	4777	4785	4870	40	27	93	53	8
23137	0	4846	4870	4881	11	0	35	24	24
23241	0	4742	4799	4959	45	35	217	172	57
23192	0	4902	4910	4960	11	27	58	47	8
23034	0	4766	4842	4972	39	56	206	167	76
23086	0	4849	4881	4990	52	5	141	89	32
23193	0	4997	5023	5049	26	0	52	26	26
23190	0	4700	4990	5054	38	13	354	316	290
23138	0	4997	5076	5106	30	0	109	79	79
23087	0	5069	5072	5114	5	34	45	40	3
23139	0	5053	5054	5140	44	5	87	43	1
23194	0	5088	5106	5153	20	7	65	45	18
23243	0	5142	5153	5158	5	0	16	11	11
23195	0	5147	5158	5193	35	0	46	11	11
23140	0	5174	5193	5196	3	0	22	19	19
23035	0	5194	5198	5219	21	0	25	4	4
23131	0	4291	5220	5268	48	0	977	929	929
23089	0	5210	5219	5274	7	24	64	57	9
23141	0	5239	5274	5286	12	0	47	35	35
23196	0	5280	5286	5312	26	0	32	6	6
23197	0	5300	5312	5315	3	0	15	12	12
23090	0	5295	5315	5324	9	0	29	20	20
23232	0	4245	4285	5373	66	1	1128	1062	40
23092	0	5333	5373	5376	3	0	43	40	40
23037	0	5384	5385	5403	18	0	19	1	1
23036	0	5370	5376	5427	10	25	57	47	6
23143	0	5438	5462	5477	15	0	39	24	24
23142	0	5349	5427	5502	39	5	153	114	78
23038	0	5435	5450	5542	36	14	107	71	15
23144	0	5471	5477	5586	12	73	115	103	6
23039	0	5488	5502	5637	20	80	149	129	14
23091	0	5330	5403	5657	78	57	327	249	73
23093	0	5579	5586	5658	54	6	79	25	7
23121	0	3218	5672	5722	50	0	2504	2454	2454
23221	0	2600	5734	5786	52	0	3186	3134	3134
23040	0	5806	5813	5840	13	10	34	21	7
23145	0	5802	5808	5847	12	19	45	33	6
23198	0	5625	5658	5885	91	49	260	169	33
23147	0	5911	5940	5947	7	0	36	29	29
23199	0	5928	5949	5983	34	0	55	21	21
23146	0	5839	5847	6018	31	92	179	148	8
23126	0	3661	3696	6023	95	47	2362	2267	35
23148	0	6068	6079	6128	49	0	60	11	11
23043	0	6130	6134	6139	5	0	9	4	4
23088	0	5195	5196	6170	70	75	975	905	1
23245	0	6137	6139	6172	3	20	35	32	2
23200	0	6097	6172	6185	13	0	88	75	75
23094	0	6093	6128	6190	11	49	97	86	35
23041	0	6089	6146	6223	30	9	134	104	57
23244	0	6107	6140	6247	30	41	140	110	33
23042	0	6103	6190	6253	21	21	150	129	87
23096	0	6251	6253	6275	22	0	24	2	2
23246	0	6295	6299	6317	18	0	22	4	4
23046	0	6404	6435	6450	8	6	46	38	31
23044	0	6333	6352	6475	33	4	142	109	19
23182	0	3810	6367	6480	76	19	2670	2594	2557
23045	0	6402	6484	6511	27	0	109	82	82
23149	0	6505	6511	6514	3	0	9	6	6
23247	0	6484	6534	6555	21	0	71	50	50
23047	0	6410	6433	6559	24	54	149	125	23
23150	0	6549	6559	6604	45	0	55	10	10
23095	0	6198	6275	6609	75	167	411	336	77
23097	0	6505	6514	6618	13	43	113	100	9
23048	0	6579	6618	6631	13	0	52	39	39
23049	0	6619	6631	6640	9	0	21	12	12
23222	0	2785	2803	6720	83	27	3935	3852	18
23098	0	6665	6720	6761	21	20	96	75	55
23249	0	6778	6783	6810	23	4	32	9	5
23248	0	6642	6733	6815	41	33	173	132	91
23050	0	6936	6953	6974	21	0	38	17	17
23250	0	6956	6974	6990	16	0	34	18	18
23099	0	6921	6921	7127	138	40	206	68	0
23100	0	7187	7187	7283	46	50	96	50	0
0	0	0	0	7283	24459	0	7283	-17176	0
