id	priority	createdTime	startedTime	terminatedTime	cpuTime	blockedTime	turnaroundTime	waitingTime	responseTime
23251	0	0	0	4	4	0	4	0	0
23351	0	0	25	27	2	0	27	25	25
23301	0	0	4	79	22	7	79	57	4
23252	0	19	55	127	30	0	108	78	36
23403	0	91	127	134	7	0	43	36	36
23352	0	97	134	135	1	0	38	37	37
23451	0	0	50	193	40	6	193	153	50
23452	0	151	195	214	19	0	63	44	44
23401	0	0	27	215	52	8	215	163	27
23402	0	34	79	255	53	67	221	168	45
23405	0	233	255	257	2	0	24	22	22
23404	0	151	193	269	37	7	118	81	42
23253	0	255	269	433	40	19	178	138	14
23302	0	296	327	442	47	0	146	99	31
23406	0	296	350	498	36	8	202	166	54
23353	0	255	275	514	72	33	259	187	20
23254	0	479	547	699	9	18	220	211	68
23257	0	639	799	818	19	0	179	160	160
23407	0	403	442	822	69	5	419	350	39
23255	0	562	648	841	29	0	279	250	86
23354	0	488	551	846	10	29	358	348	63
23409	0	467	533	863	54	17	396	342	66
23408	0	410	465	887	63	13	477	414	55
23256	0	581	714	899	35	0	318	283	133
23303	0	497	576	919	66	0	422	356	79
23453	0	611	760	923	27	0	312	285	149
23357	0	786	923	927	4	0	141	137	137
23410	0	513	599	936	48	10	423	375	86
23304	0	666	831	999	21	17	333	312	165
23413	0	853	999	1013	14	0	160	146	146
23411	0	700	863	1015	14	3	315	301	163
23358	0	910	1035	1040	5	0	130	125	125
23355	0	664	829	1118	35	6	454	419	165
23359	0	967	1118	1130	12	0	163	151	151
23258	0	663	822	1139	16	139	476	460	159
23260	0	929	1040	1207	32	5	278	246	111
23414	0	938	1062	1226	24	1	288	264	124
23456	0	1145	1296	1297	1	0	152	151	151
23412	0	842	959	1298	26	5	456	430	117
23356	0	717	875	1328	44	36	611	567	158
23415	0	1056	1194	1334	9	2	278	269	138
23416	0	1216	1334	1348	14	0	132	118	118
23259	0	910	1024	1356	36	50	446	410	114
23454	0	943	1084	1423	27	21	480	453	141
23262	0	1087	1226	1430	28	30	343	315	139
23261	0	953	1085	1443	35	1	490	455	132
23263	0	1112	1285	1467	8	1	355	347	173
23310	0	1298	1467	1485	18	0	187	169	169
23305	0	1043	1141	1494	37	1	451	414	98
23264	0	1144	1292	1514	16	20	370	354	148
23455	0	1046	1164	1519	33	20	473	440	118
23306	0	1237	1356	1533	24	0	296	272	119
23307	0	1244	1379	1570	34	6	326	292	135
23361	0	1270	1399	1575	15	2	305	290	129
23308	0	1281	1430	1615	13	28	334	321	149
23458	0	1392	1533	1680	31	0	288	257	141
23457	0	1377	1519	1695	28	27	318	290	142
23309	0	1291	1443	1717	55	6	426	371	152
23311	0	1517	1638	1754	25	0	237	212	121
23362	0	1323	1514	1765	8	42	442	434	191
23314	0	1700	1765	1776	11	0	76	65	65
23417	0	1650	1729	1900	32	0	250	218	79
23312	0	1548	1665	1918	22	8	370	348	117
23315	0	1701	1776	1919	18	7	218	200	75
23313	0	1606	1699	1962	31	39	356	325	93
23419	0	1741	1874	1978	33	5	237	204	133
23459	0	1425	1575	1984	57	24	559	502	150
23360	0	1098	1259	1989	88	46	891	803	161
23364	0	1874	1936	2021	15	8	147	132	62
23363	0	1717	1816	2030	22	44	313	291	99
23316	0	1971	2037	2043	6	0	72	66	66
23418	0	1724	1820	2061	39	50	337	298	96
23420	0	2043	2108	2111	3	0	68	65	65
23460	0	1943	1989	2189	51	2	246	195	46
23317	0	2141	2212	2217	5	0	76	71	71
23265	0	1760	1900	2238	54	22	478	424	140
23266	0	2192	2238	2258	20	0	66	46	46
23464	0	2097	2177	2260	7	19	163	156	80
23463	0	1990	2061	2274	60	6	284	224	71
23462	0	1978	2043	2285	28	39	307	279	65
23465	0	2260	2308	2317	9	0	57	48	48
23319	0	2296	2362	2380	18	0	84	66	66
23267	0	2223	2274	2397	23	29	174	151	51
23365	0	2321	2397	2401	4	0	80	76	76
23461	0	1970	2030	2405	50	68	435	385	60
23466	0	2266	2326	2418	22	10	152	130	60
23269	0	2279	2354	2482	16	8	203	187	75
23270	0	2448	2540	2559	19	0	111	92	92
23268	0	2274	2353	2574	39	9	300	261	79
23467	0	2273	2335	2610	54	17	337	283	62
23421	0	2386	2482	2646	22	7	260	238	96
23422	0	2396	2496	2658	2	10	262	260	100
23470	0	2526	2669	2688	19	0	162	143	143
23320	0	2362	2418	2812	47	25	450	403	56
23321	0	2531	2688	2816	18	2	285	267	157
23424	0	2713	2816	2822	6	0	109	103	103
23271	0	2558	2718	2861	5	2	303	298	160
23468	0	2462	2574	2876	49	3	414	365	112
23366	0	2741	2876	2879	3	0	138	135	135
23322	0	2676	2786	2953	31	0	277	246	110
23273	0	2849	2975	2985	10	0	136	126	126
23272	0	2724	2861	3006	4	5	282	278	137
23323	0	2734	2862	3027	24	12	293	269	128
23471	0	2600	2736	3033	52	0	433	381	136
23469	0	2495	2610	3041	66	11	546	480	115
23473	0	2792	2922	3064	27	0	272	245	130
23423	0	2436	2520	3091	57	109	655	598	84
23426	0	2981	3129	3146	17	0	165	148	148
23318	0	2241	2285	3359	99	59	1118	1019	44
23369	0	2982	3146	3361	25	0	379	354	164
23425	0	2716	2822	3376	67	39	660	593	106
23367	0	2938	3041	3406	45	4	468	423	103
23427	0	3066	3238	3413	15	14	347	332	172
23324	0	3084	3246	3415	18	3	331	313	162
23475	0	3309	3471	3488	17	0	179	162	162
23474	0	3107	3308	3500	29	16	393	364	201
23276	0	3367	3510	3515	5	0	148	143	143
23428	0	3185	3361	3524	18	3	339	321	176
23327	0	3435	3589	3597	8	0	162	154	154
23472	0	2785	2919	3608	83	27	823	740	134
23374	0	3485	3679	3684	5	0	199	194	194
23326	0	3341	3488	3688	7	9	347	340	147
23277	0	3533	3711	3723	12	0	190	178	178
23368	0	2957	3091	3725	50	44	768	718	134
23371	0	3218	3377	3730	50	0	512	462	159
23375	0	3552	3730	3739	9	0	187	178	178
23429	0	3432	3573	3768	33	3	336	303	141
23275	0	3228	3400	3796	15	61	568	553	172
23478	0	3620	3796	3801	5	0	181	176	176
23430	0	3454	3608	3820	26	10	366	340	154
23373	0	3461	3635	3926	38	19	465	427	174
23370	0	3051	3192	3947	50	109	896	846	141
23476	0	3497	3684	3979	7	26	482	475	187
23372	0	3413	3547	4031	51	30	618	567	134
23278	0	3611	3785	4033	4	4	422	418	174
23434	0	3958	4139	4140	1	0	182	181	181
23325	0	3309	3448	4150	66	28	841	775	139
23330	0	3733	3990	4180	23	5	447	424	257
23378	0	3731	3979	4220	23	26	489	466	248
23431	0	3741	4005	4230	20	8	489	469	264
23477	0	3605	3768	4285	29	31	680	651	163
23331	0	4114	4285	4286	1	0	172	171	171
23274	0	3102	3285	4293	89	27	1191	1102	183
23433	0	3854	4089	4375	13	69	521	508	235
23480	0	3678	3926	4395	38	72	717	679	248
23328	0	3525	3688	4401	57	39	876	819	163
23329	0	3544	3725	4439	35	77	895	860	181
23279	0	3797	4033	4496	56	10	699	643	236
23435	0	4157	4343	4623	25	11	466	441	186
23332	0	4137	4339	4626	7	23	489	482	202
23382	0	4383	4626	4630	4	0	247	243	243
23481	0	4158	4354	4664	18	18	506	488	196
23384	0	4397	4668	4676	8	0	279	271	271
23437	0	4408	4699	4706	7	0	298	291	291
23334	0	4421	4738	4743	5	0	322	317	317
23436	0	4214	4401	4746	18	27	532	514	187
23280	0	4045	4230	4747	10	13	702	692	185
23283	0	4456	4747	4767	20	0	311	291	291
23379	0	4059	4249	4798	29	10	739	710	190
23380	0	4086	4276	4842	34	2	756	722	190
23439	0	4577	4866	4873	7	0	296	289	289
23483	0	4330	4564	4887	37	0	557	520	234
23383	0	4385	4630	4970	31	6	585	554	245
23281	0	4171	4375	4981	21	22	810	789	204
23484	0	4400	4676	4985	27	0	585	558	276
23385	0	4701	5008	5013	5	0	312	307	307
23282	0	4412	4706	5043	30	9	631	601	294
23438	0	4419	4715	5076	33	0	657	624	296
23492	0	4751	5090	5103	13	0	352	339	339
23488	0	4523	4827	5170	6	4	647	641	304
23487	0	4510	4821	5188	20	12	678	658	311
23335	0	4519	4823	5195	11	8	676	665	304
23432	0	3810	4056	5198	76	19	1388	1312	246
23387	0	4846	5198	5209	11	0	363	352	352
23486	0	4508	4817	5216	11	27	708	697	309
23381	0	4291	4539	5264	48	0	973	925	248
23479	0	3626	3820	5273	77	67	1647	1570	194
23376	0	3661	3866	5278	95	47	1617	1522	205
23333	0	4349	4596	5288	46	1	939	893	247
23377	0	3662	3886	5355	79	94	1693	1614	224
23493	0	5142	5412	5417	5	0	275	270	270
23441	0	4777	5139	5441	2	9	664	662	362
23482	0	4245	4443	5467	66	1	1222	1156	198
23390	0	5174	5467	5470	3	0	296	293	293
23285	0	5194	5470	5491	21	0	297	276	276
23391	0	5239	5494	5506	12	0	267	255	255
23485	0	4489	4798	5518	30	89	1029	999	309
23489	0	4550	4842	5519	25	21	969	944	292
23340	0	5295	5546	5555	9	0	260	251	251
23447	0	5300	5555	5558	3	0	258	255	255
23388	0	4997	5288	5565	30	0	568	538	291
23342	0	5333	5588	5591	3	0	258	255	255
23443	0	4997	5311	5594	26	0	597	571	314
23440	0	4700	4985	5622	38	13	922	884	285
23287	0	5384	5664	5682	18	0	298	280	280
23444	0	5088	5381	5695	20	7	607	587	293
23491	0	4742	5076	5703	45	35	961	916	334
23337	0	5069	5377	5704	5	34	635	630	308
23393	0	5438	5719	5734	15	0	296	281	281
23445	0	5147	5417	5746	35	0	599	564	270
23386	0	4777	5126	5759	40	27	982	942	349
23339	0	5210	5493	5789	7	24	579	572	283
23442	0	4902	5264	5790	11	27	888	877	362
23446	0	5280	5523	5793	26	0	513	487	243
23392	0	5349	5594	5855	39	5	506	467	245
23389	0	5053	5355	5895	44	5	842	798	302
23286	0	5370	5622	5896	10	25	526	516	252
23490	0	4728	5043	5902	43	38	1174	1131	315
23284	0	4766	5103	5937	39	56	1171	1132	337
23336	0	4849	5216	5955	52	5	1106	1054	367
23394	0	5471	5746	5996	12	73	525	513	275
23289	0	5488	5759	6032	20	80	544	524	271
23397	0	5911	6062	6069	7	0	158	151	151
23288	0	5435	5707	6070	36	14	635	599	272
23395	0	5802	5955	6100	12	19	298	286	153
23290	0	5806	5960	6103	13	10	297	284	154
23341	0	5330	5565	6173	78	57	843	765	235
23449	0	5928	6070	6204	34	0	276	242	142
23450	0	6097	6204	6217	13	0	120	107	107
23293	0	6130	6244	6249	5	0	119	114	114
23338	0	5195	5491	6261	70	75	1066	996	296
23291	0	6089	6173	6317	30	9	228	198	84
23396	0	5839	5996	6337	31	92	498	467	157
23344	0	6093	6185	6365	11	49	272	261	92
23343	0	5579	5816	6366	54	6	787	733	237
23346	0	6251	6366	6388	22	0	137	115	115
23292	0	6103	6217	6394	21	21	291	270	114
23495	0	6137	6261	6419	3	20	282	279	124
23496	0	6295	6442	6460	18	0	165	147	147
23398	0	6068	6136	6463	49	0	395	346	68
23494	0	6107	6232	6510	30	41	403	373	125
23448	0	5625	5855	6516	91	49	891	800	230
23294	0	6333	6463	6534	33	4	201	168	130
23497	0	6484	6534	6555	21	0	71	50	50
23295	0	6402	6479	6582	27	0	180	153	77
23399	0	6505	6586	6589	3	0	84	81	81
23296	0	6404	6502	6592	8	6	188	180	98
23298	0	6579	6629	6642	13	0	63	50	50
23400	0	6549	6594	6680	45	0	131	86	45
23299	0	6619	6680	6689	9	0	70	61	61
23347	0	6505	6582	6698	13	43	193	180	77
23297	0	6410	6507	6729	24	54	319	295	97
23348	0	6665	6712	6766	21	20	101	80	47
23498	0	6642	6698	6794	41	33	152	111	56
23499	0	6778	6778	6806	23	4	28	5	0
23345	0	6198	6337	6852	75	167	654	579	139
23300	0	6936	6944	6965	21	0	29	8	8
23500	0	6956	6974	6990	16	0	34	18	18
23349	0	6921	6921	7127	138	40	206	68	0
23350	0	7187	7187	7283	46	50	96	50	0
0	0	0	0	7283	24722	0	7283	-17439	0
