id	priority	createdTime	startedTime	terminatedTime	cpuTime	blockedTime	turnaroundTime	waitingTime	responseTime
25751	0	0	0	4	4	0	4	0	0
25851	0	0	25	27	2	0	27	25	25
25801	0	0	4	83	22	7	83	61	4
25752	0	19	57	129	30	0	110	80	38
25903	0	91	129	136	7	0	45	38	38
25852	0	97	136	137	1	0	40	39	39
25901	0	0	27	161	52	8	161	109	27
25951	0	0	52	194	40	6	194	154	52
25952	0	151	196	215	19	0	64	45	45
25902	0	34	83	257	53	67	223	170	49
25905	0	233	257	259	2	0	26	24	24
25904	0	151	194	269	37	7	118	81	43
25802	0	296	331	407	47	0	111	64	35
25753	0	255	269	440	40	19	185	145	14
25906	0	296	356	502	36	8	206	170	60
25853	0	255	275	518	72	33	263	191	20
25754	0	479	549	713	9	18	234	225	70
25757	0	639	813	832	19	0	193	174	174
25909	0	467	518	847	54	17	380	326	51
25907	0	403	444	862	69	5	459	390	41
25755	0	562	683	878	29	0	316	287	121
25854	0	488	553	883	10	29	395	385	65
25908	0	410	469	895	63	13	485	422	59
25756	0	581	724	905	35	0	324	289	143
25803	0	497	580	921	66	0	424	358	83
25857	0	786	921	925	4	0	139	135	135
25953	0	611	774	927	27	0	316	289	163
25910	0	513	605	936	48	10	423	375	92
25913	0	853	961	975	14	0	122	108	108
25804	0	666	856	1017	21	17	351	330	190
25911	0	700	862	1019	14	3	319	305	162
25858	0	910	1039	1044	5	0	134	129	129
25912	0	842	936	1115	26	5	273	247	94
25859	0	967	1115	1127	12	0	160	148	148
25758	0	663	847	1136	16	139	473	457	184
25855	0	664	854	1144	35	6	480	445	190
25856	0	717	883	1201	44	36	484	440	166
25760	0	929	1044	1214	32	5	285	253	115
25914	0	938	1066	1254	24	1	316	292	128
25956	0	1145	1301	1302	1	0	157	156	156
25915	0	1056	1201	1336	9	2	280	271	145
25916	0	1216	1336	1350	14	0	134	120	120
25806	0	1237	1350	1374	24	0	137	113	113
25759	0	910	1028	1382	36	50	472	436	118
25762	0	1087	1231	1430	28	30	343	315	144
25954	0	943	1088	1444	27	21	501	474	145
25763	0	1112	1282	1445	8	1	333	325	170
25810	0	1298	1470	1488	18	0	190	172	172
25761	0	953	1089	1490	35	1	537	502	136
25805	0	1043	1144	1499	37	1	456	419	101
25764	0	1144	1297	1511	16	20	367	351	153
25955	0	1046	1169	1522	33	20	476	443	123
25807	0	1244	1382	1574	34	6	330	296	138
25861	0	1270	1402	1579	15	2	309	294	132
25808	0	1281	1412	1606	13	28	325	312	131
25811	0	1517	1619	1644	25	0	127	102	102
25958	0	1392	1535	1686	31	0	294	263	143
25957	0	1377	1522	1701	28	27	324	296	145
25809	0	1291	1445	1721	55	6	430	375	154
25814	0	1700	1765	1776	11	0	76	65	65
25862	0	1323	1511	1795	8	42	472	464	188
25917	0	1650	1721	1881	32	0	231	199	71
25812	0	1548	1673	1923	22	8	375	353	125
25815	0	1701	1776	1924	18	7	223	205	75
25959	0	1425	1579	1929	57	24	504	447	154
25813	0	1606	1703	1963	31	39	357	326	97
25919	0	1741	1857	1983	33	5	242	209	116
25860	0	1098	1266	1988	88	46	890	802	168
25863	0	1717	1820	2019	22	44	302	280	103
25816	0	1971	2026	2032	6	0	61	55	55
25864	0	1874	1963	2043	15	8	169	154	89
25918	0	1724	1824	2062	39	50	338	299	100
25920	0	2043	2112	2115	3	0	72	69	69
25960	0	1943	1989	2191	51	2	248	197	46
25817	0	2141	2191	2196	5	0	55	50	50
25765	0	1760	1905	2240	54	22	480	426	145
25766	0	2192	2240	2260	20	0	68	48	48
25964	0	2097	2181	2262	7	19	165	158	84
25963	0	1990	2050	2274	60	6	284	224	60
25962	0	1978	2043	2285	28	39	307	279	65
25965	0	2260	2309	2318	9	0	58	49	49
25819	0	2296	2363	2381	18	0	85	67	67
25767	0	2223	2274	2397	23	29	174	151	51
25865	0	2321	2402	2406	4	0	85	81	81
25961	0	1970	2019	2410	50	68	440	390	49
25966	0	2266	2327	2423	22	10	157	135	61
25769	0	2279	2355	2491	16	8	212	196	76
25770	0	2448	2557	2576	19	0	128	109	109
25768	0	2274	2354	2589	39	9	315	276	80
25967	0	2273	2336	2625	54	17	352	298	63
25921	0	2386	2491	2663	22	7	277	255	105
25922	0	2396	2500	2664	2	10	268	266	104
25970	0	2526	2673	2692	19	0	166	147	147
25821	0	2531	2692	2817	18	2	286	268	161
25924	0	2713	2817	2823	6	0	110	104	104
25771	0	2558	2731	2888	5	2	330	325	173
25866	0	2741	2888	2891	3	0	150	147	147
25820	0	2362	2423	2894	47	25	532	485	61
25968	0	2462	2589	2930	49	3	468	419	127
25822	0	2676	2788	2981	31	0	305	274	112
25773	0	2849	2981	2991	10	0	142	132	132
25772	0	2724	2865	3019	4	5	295	291	141
25823	0	2734	2883	3058	24	12	324	300	149
25971	0	2600	2734	3060	52	0	460	408	134
25969	0	2495	2625	3102	66	11	607	541	130
25923	0	2436	2512	3131	57	109	695	638	76
25973	0	2792	2950	3133	27	0	341	314	158
25926	0	2981	3133	3150	17	0	169	152	152
25869	0	2982	3150	3175	25	0	193	168	168
25818	0	2241	2285	3178	99	59	937	838	44
25925	0	2716	2845	3412	67	39	696	629	129
25927	0	3066	3227	3422	15	14	356	341	161
25867	0	2938	3060	3423	45	4	485	440	122
25824	0	3084	3260	3425	18	3	341	323	176
25975	0	3309	3471	3488	17	0	179	162	162
25974	0	3107	3301	3494	29	16	387	358	194
25776	0	3367	3508	3513	5	0	146	141	141
25928	0	3185	3374	3547	18	3	362	344	189
25871	0	3218	3383	3572	50	0	354	304	165
25827	0	3435	3616	3624	8	0	189	181	181
25870	0	3051	3178	3637	50	109	586	536	127
25874	0	3485	3693	3698	5	0	213	208	208
25826	0	3341	3494	3702	7	9	361	354	153
25777	0	3533	3727	3739	12	0	206	194	194
25868	0	2957	3079	3741	50	44	784	734	122
25972	0	2785	2930	3746	83	27	961	878	145
25875	0	3552	3747	3756	9	0	204	195	195
25929	0	3432	3600	3802	33	3	370	337	168
25978	0	3620	3802	3807	5	0	187	182	182
25775	0	3228	3412	3841	15	61	613	598	184
25930	0	3454	3637	3860	26	10	406	380	183
25873	0	3461	3664	3955	38	19	494	456	203
25976	0	3497	3698	3984	7	26	487	480	201
25778	0	3611	3783	4025	4	4	414	410	172
25872	0	3413	3572	4041	51	30	628	577	159
25934	0	3958	4147	4148	1	0	190	189	189
25825	0	3309	3446	4156	66	28	847	781	137
25830	0	3733	3998	4186	23	5	453	430	265
25878	0	3731	3987	4198	23	26	467	444	256
25931	0	3741	4007	4208	20	8	467	447	266
25977	0	3605	3766	4293	29	31	688	659	161
25831	0	4114	4293	4294	1	0	180	179	179
25774	0	3102	3276	4380	89	27	1278	1189	174
25933	0	3854	4099	4393	13	69	539	526	245
25980	0	3678	3930	4407	38	72	729	691	252
25828	0	3525	3702	4426	57	39	901	844	177
25779	0	3797	4041	4508	56	10	711	655	244
25829	0	3544	3746	4572	35	77	1028	993	202
25935	0	4157	4348	4654	25	11	497	472	191
25832	0	4137	4344	4657	7	23	520	513	207
25882	0	4383	4657	4661	4	0	278	274	274
25981	0	4158	4359	4674	18	18	516	498	201
25884	0	4397	4674	4682	8	0	285	277	277
25937	0	4408	4732	4739	7	0	331	324	324
25834	0	4421	4773	4778	5	0	357	352	352
25936	0	4214	4407	4806	18	27	592	574	193
25783	0	4456	4806	4826	20	0	370	350	350
25780	0	4045	4238	4827	10	13	782	772	193
25879	0	4059	4243	4835	29	10	776	747	184
25880	0	4086	4259	4859	34	2	773	739	173
25881	0	4291	4524	4900	48	0	609	561	233
25939	0	4577	4901	4908	7	0	331	324	324
25983	0	4330	4572	4920	37	0	590	553	242
25979	0	3626	3807	4961	77	67	1335	1258	181
25883	0	4385	4661	4983	31	6	598	567	276
25885	0	4701	5008	5013	5	0	312	307	307
25781	0	4171	4382	5024	21	22	853	832	211
25984	0	4400	4707	5051	27	0	651	624	307
25992	0	4751	5074	5087	13	0	336	323	323
25782	0	4412	4739	5108	30	9	696	666	327
25938	0	4419	4748	5140	33	0	721	688	329
25982	0	4245	4426	5178	66	1	933	867	181
25887	0	4846	5178	5189	11	0	343	332	332
25988	0	4523	4869	5221	6	4	698	692	346
25987	0	4510	4863	5239	20	12	729	709	353
25835	0	4519	4865	5246	11	8	727	716	346
25932	0	3810	4066	5249	76	19	1439	1363	256
25986	0	4508	4859	5256	11	27	748	737	351
25989	0	4550	4900	5286	25	21	736	711	350
25876	0	3661	3860	5291	95	47	1630	1535	199
25833	0	4349	4602	5299	46	1	950	904	253
25877	0	3662	3880	5392	79	94	1730	1651	218
25993	0	5142	5424	5429	5	0	287	282	282
25941	0	4777	5153	5458	2	9	681	679	376
25890	0	5174	5481	5484	3	0	310	307	307
25785	0	5194	5484	5505	21	0	311	290	290
25891	0	5239	5509	5521	12	0	282	270	270
25840	0	5295	5550	5559	9	0	264	255	255
25985	0	4489	4835	5568	30	89	1079	1049	346
25947	0	5300	5568	5571	3	0	271	268	268
25888	0	4997	5299	5576	30	0	579	549	302
25842	0	5333	5599	5602	3	0	269	266	266
25943	0	4997	5324	5626	26	0	629	603	327
25940	0	4700	4983	5650	38	13	950	912	283
25787	0	5384	5675	5693	18	0	309	291	291
25944	0	5088	5392	5706	20	7	618	598	304
25837	0	5069	5377	5707	5	34	638	633	308
25991	0	4742	5051	5713	45	35	971	926	309
25893	0	5438	5725	5740	15	0	302	287	287
25945	0	5147	5429	5750	35	0	603	568	282
25784	0	4766	5108	5787	39	56	1021	982	342
25886	0	4777	5140	5791	40	27	1014	974	363
25839	0	5210	5507	5805	7	24	595	588	297
25942	0	4902	5256	5806	11	27	904	893	354
25946	0	5280	5525	5807	26	0	527	501	245
25892	0	5349	5602	5887	39	5	538	499	253
25786	0	5370	5636	5913	10	25	543	533	266
25990	0	4728	5024	5919	43	38	1191	1148	296
25889	0	5053	5359	5920	44	5	867	823	306
25788	0	5435	5713	5944	36	14	509	473	278
25836	0	4849	5189	5967	52	5	1118	1066	340
25894	0	5471	5750	5980	12	73	509	497	279
25789	0	5488	5759	6018	20	80	530	510	271
25897	0	5911	6052	6059	7	0	148	141	141
25895	0	5802	5944	6107	12	19	305	293	142
25790	0	5806	5967	6110	13	10	304	291	161
25841	0	5330	5576	6183	78	57	853	775	246
25950	0	6097	6201	6214	13	0	117	104	104
25949	0	5928	6075	6223	34	0	295	261	147
25843	0	5579	5832	6247	54	6	668	614	253
25793	0	6130	6247	6252	5	0	122	117	117
25838	0	5195	5505	6264	70	75	1069	999	310
25898	0	6068	6122	6289	49	0	221	172	54
25791	0	6089	6183	6345	30	9	256	226	94
25896	0	5839	6005	6365	31	92	526	495	166
25844	0	6093	6195	6370	11	49	277	266	102
25846	0	6251	6370	6392	22	0	141	119	119
25792	0	6103	6225	6398	21	21	295	274	122
25995	0	6137	6264	6400	3	20	263	260	127
25994	0	6107	6240	6424	30	41	317	287	133
25996	0	6295	6424	6442	18	0	147	129	129
25948	0	5625	5857	6543	91	49	918	827	232
25997	0	6484	6543	6564	21	0	80	59	59
25794	0	6333	6467	6582	33	4	249	216	134
25899	0	6505	6586	6589	3	0	84	81	81
25795	0	6402	6507	6601	27	0	199	172	105
25796	0	6404	6532	6604	8	6	200	192	128
25798	0	6579	6631	6644	13	0	65	52	52
25799	0	6619	6644	6653	9	0	34	25	25
25847	0	6505	6582	6662	13	43	157	144	77
25900	0	6549	6604	6682	45	0	133	88	55
25797	0	6410	6537	6736	24	54	326	302	127
25848	0	6665	6719	6770	21	20	105	84	54
25998	0	6642	6698	6794	41	33	152	111	56
25999	0	6778	6778	6806	23	4	28	5	0
25845	0	6198	6303	6844	75	167	646	571	105
25800	0	6936	6946	6967	21	0	31	10	10
26000	0	6956	6974	6990	16	0	34	18	18
25849	0	6921	6921	7127	138	40	206	68	0
25850	0	7187	7187	7283	46	50	96	50	0
0	0	0	0	7283	27352	0	7283	-20069	0
