id	priority	createdTime	startedTime	terminatedTime	cpuTime	blockedTime	turnaroundTime	waitingTime	responseTime
28001	0	0	0	4	4	0	4	0	0
28101	0	0	4	6	2	0	6	4	4
28051	0	0	11	60	22	7	60	38	11
28102	0	97	101	102	1	0	5	4	4
28153	0	91	102	109	7	0	18	11	11
28151	0	0	32	156	52	8	156	104	32
28202	0	151	158	177	19	0	26	7	7
28002	0	19	74	180	30	0	161	131	55
28152	0	34	60	197	53	67	163	110	26
28155	0	233	251	253	2	0	20	18	18
28201	0	0	6	261	40	6	261	221	6
28154	0	151	156	277	37	7	126	89	5
28003	0	255	263	341	40	19	86	46	8
28156	0	296	303	374	36	8	78	42	7
28052	0	296	306	394	47	0	98	51	10
28103	0	255	261	529	72	33	274	202	6
28004	0	479	492	534	9	18	55	46	13
28104	0	488	490	539	10	29	51	41	2
28157	0	403	421	566	69	5	163	94	18
28005	0	562	566	595	29	0	33	4	4
28203	0	611	622	649	27	0	38	11	11
28007	0	639	649	668	19	0	29	10	10
28161	0	700	708	732	14	3	32	18	8
28054	0	666	670	749	21	17	83	62	4
28105	0	664	668	764	35	6	100	65	4
28006	0	581	595	772	35	0	191	156	14
28107	0	786	799	803	4	0	17	13	13
28106	0	717	720	828	44	36	111	67	3
28008	0	663	674	837	16	139	174	158	11
28160	0	513	772	883	48	10	370	322	259
28162	0	842	849	884	26	5	42	16	7
28163	0	853	884	898	14	0	45	31	31
28108	0	910	925	930	5	0	20	15	15
28010	0	929	941	996	32	5	67	35	12
28164	0	938	964	998	24	1	60	36	26
28109	0	967	998	1010	12	0	43	31	31
28165	0	1056	1066	1082	9	2	26	17	10
28009	0	910	930	1090	36	50	180	144	20
28204	0	943	963	1104	27	21	161	134	20
28013	0	1112	1120	1149	8	1	37	29	8
28206	0	1145	1149	1150	1	0	5	4	4
28205	0	1046	1069	1180	33	20	134	101	23
28012	0	1087	1127	1187	28	30	100	72	40
28014	0	1144	1150	1207	16	20	63	47	6
28166	0	1216	1234	1248	14	0	32	18	18
28056	0	1237	1268	1292	24	0	55	31	31
28111	0	1270	1292	1318	15	2	48	33	22
28057	0	1244	1248	1332	34	6	88	54	4
28060	0	1298	1334	1352	18	0	54	36	36
28058	0	1281	1302	1354	13	28	73	60	21
28055	0	1043	1207	1374	37	1	331	294	164
28011	0	953	1039	1376	35	1	423	388	86
28112	0	1323	1332	1405	8	42	82	74	9
28207	0	1377	1405	1460	28	27	83	55	28
28208	0	1392	1418	1491	31	0	99	68	26
28110	0	1098	1104	1562	88	46	464	376	6
28061	0	1517	1596	1621	25	0	104	79	79
28209	0	1425	1460	1627	57	24	202	145	35
28062	0	1548	1550	1633	22	8	85	63	2
28159	0	467	499	1657	54	17	1190	1136	32
28059	0	1291	1499	1682	55	6	391	336	208
28063	0	1606	1621	1704	31	39	98	67	15
28064	0	1700	1704	1715	11	0	15	4	4
28065	0	1701	1715	1764	18	7	63	45	14
28113	0	1717	1732	1812	22	44	95	73	15
28169	0	1741	1785	1828	33	5	87	54	44
28015	0	1760	1773	1901	54	22	141	87	13
28168	0	1724	1736	1912	39	50	188	149	12
28114	0	1874	1887	1923	15	8	49	34	13
28167	0	1650	1860	1928	32	0	278	246	210
28066	0	1971	1976	1982	6	0	11	5	5
28170	0	2043	2059	2062	3	0	19	16	16
28212	0	1978	1989	2097	28	39	119	91	11
28210	0	1943	1955	2100	51	2	157	106	12
28214	0	2097	2100	2137	7	19	40	33	3
28213	0	1990	1996	2147	60	6	157	97	6
28067	0	2141	2147	2152	5	0	11	6	6
28211	0	1970	1982	2192	50	68	222	172	12
28016	0	2192	2199	2219	20	0	27	7	7
28158	0	410	1928	2221	63	13	1811	1748	1518
28215	0	2260	2288	2297	9	0	37	28	28
28019	0	2279	2280	2310	16	8	31	15	1
28115	0	2321	2330	2334	4	0	13	9	9
28216	0	2266	2310	2356	22	10	90	68	44
28017	0	2223	2248	2372	23	29	149	126	25
28069	0	2296	2410	2428	18	0	132	114	114
28172	0	2396	2400	2429	2	10	33	31	4
28171	0	2386	2401	2442	22	7	56	34	15
28020	0	2448	2462	2481	19	0	33	14	14
28220	0	2526	2550	2569	19	0	43	24	24
28071	0	2531	2536	2576	18	2	45	27	5
28021	0	2558	2569	2578	5	2	20	15	11
28068	0	2241	2255	2606	99	59	365	266	14
28173	0	2436	2442	2637	57	109	201	144	6
28070	0	2362	2372	2674	47	25	312	265	10
28217	0	2273	2382	2683	54	17	410	356	109
28072	0	2676	2683	2714	31	0	38	7	7
28174	0	2713	2714	2720	6	0	7	1	1
28116	0	2741	2744	2747	3	0	6	3	3
28022	0	2724	2740	2750	4	5	26	22	16
28073	0	2734	2741	2819	24	12	85	61	7
28223	0	2792	2819	2846	27	0	54	27	27
28023	0	2849	2873	2883	10	0	34	24	24
28175	0	2716	2720	2885	67	39	169	102	4
28018	0	2274	2279	2923	39	9	649	610	5
28218	0	2462	2885	2972	49	3	510	461	423
28176	0	2981	2987	3004	17	0	23	6	6
28119	0	2982	3023	3048	25	0	66	41	41
28117	0	2938	3004	3074	45	4	136	91	66
28177	0	3066	3074	3113	15	14	47	32	8
28074	0	3084	3113	3154	18	3	70	52	29
28224	0	3107	3129	3187	29	16	80	51	22
28178	0	3185	3187	3232	18	3	47	29	2
28120	0	3051	3082	3276	50	109	225	175	31
28118	0	2957	2972	3298	50	44	341	291	15
28025	0	3228	3232	3321	15	61	93	78	4
28225	0	3309	3321	3338	17	0	29	12	12
28076	0	3341	3355	3389	7	9	48	41	14
28026	0	3367	3389	3394	5	0	27	22	22
28219	0	2495	2934	3402	66	11	907	841	439
28024	0	3102	3196	3438	89	27	336	247	94
28077	0	3435	3438	3446	8	0	11	3	3
28179	0	3432	3446	3486	33	3	54	21	14
28124	0	3485	3486	3491	5	0	6	1	1
28180	0	3454	3462	3510	26	10	56	30	8
28027	0	3533	3534	3546	12	0	13	1	1
28226	0	3497	3510	3551	7	26	54	47	13
28125	0	3552	3584	3593	9	0	41	32	32
28123	0	3461	3513	3615	38	19	154	116	52
28028	0	3611	3615	3636	4	4	25	21	4
28228	0	3620	3636	3641	5	0	21	16	16
28227	0	3605	3617	3699	29	31	94	65	12
28079	0	3544	3546	3730	35	77	186	151	2
28181	0	3741	3764	3795	20	8	54	34	23
28080	0	3733	3755	3809	23	5	76	53	22
28128	0	3731	3774	3837	23	26	106	83	43
28229	0	3626	3641	3863	77	67	237	160	15
28230	0	3678	3699	3885	38	72	207	169	21
28183	0	3854	3863	3959	13	69	105	92	9
28184	0	3958	3959	3960	1	0	2	1	1
28122	0	3413	3892	3976	51	30	563	512	479
28078	0	3525	3551	3978	57	39	453	396	26
28075	0	3309	3404	4011	66	28	702	636	95
28030	0	4045	4047	4111	10	13	66	56	2
28081	0	4114	4132	4133	1	0	19	18	18
28129	0	4059	4081	4141	29	10	82	53	22
28082	0	4137	4141	4175	7	23	38	31	4
28127	0	3662	4011	4216	79	94	554	475	349
28031	0	4171	4175	4241	21	22	70	49	4
28185	0	4157	4190	4255	25	11	98	73	33
28231	0	4158	4216	4259	18	18	101	83	58
28130	0	4086	4089	4294	34	2	208	174	3
28186	0	4214	4259	4307	18	27	93	75	45
28029	0	3797	4052	4353	56	10	556	500	255
28132	0	4383	4393	4397	4	0	14	10	10
28134	0	4397	4406	4414	8	0	17	9	9
28187	0	4408	4414	4421	7	0	13	6	6
28084	0	4421	4430	4435	5	0	14	9	9
28133	0	4385	4397	4457	31	6	72	41	12
28033	0	4456	4457	4477	20	0	21	1	1
28032	0	4412	4421	4498	30	9	86	56	9
28234	0	4400	4530	4557	27	0	157	130	130
28238	0	4523	4527	4563	6	4	40	34	4
28085	0	4519	4523	4570	11	8	51	40	4
28236	0	4508	4519	4577	11	27	69	58	11
28237	0	4510	4517	4595	20	12	85	65	7
28189	0	4577	4595	4602	7	0	25	18	18
28239	0	4550	4557	4626	25	21	76	51	7
28235	0	4489	4498	4635	30	89	146	116	9
28083	0	4349	4353	4695	46	1	346	300	4
28188	0	4419	4662	4701	33	0	282	249	243
28135	0	4701	4728	4733	5	0	32	27	27
28242	0	4751	4760	4773	13	0	22	9	9
28191	0	4777	4783	4798	2	9	21	19	6
28240	0	4728	4733	4841	43	38	113	70	5
28136	0	4777	4784	4869	40	27	92	52	7
28137	0	4846	4869	4880	11	0	34	23	23
28192	0	4902	4909	4955	11	27	53	42	7
28034	0	4766	4841	4967	39	56	201	162	75
28086	0	4849	4880	4985	52	5	136	84	31
28241	0	4742	4798	4989	45	35	247	202	56
28233	0	4330	4366	5005	37	0	675	638	36
28193	0	4997	5005	5031	26	0	34	8	8
28190	0	4700	4701	5036	38	13	336	298	1
28138	0	4997	5036	5088	30	0	91	61	39
28139	0	5053	5063	5114	44	5	61	17	10
28087	0	5069	5081	5122	5	34	53	48	12
28131	0	4291	4307	5143	48	0	852	804	16
28243	0	5142	5143	5148	5	0	6	1	1
28194	0	5088	5114	5161	20	7	73	53	26
28140	0	5174	5188	5191	3	0	17	14	14
28195	0	5147	5161	5199	35	0	52	17	14
28035	0	5194	5201	5222	21	0	28	7	7
28089	0	5210	5222	5256	7	24	46	39	12
28141	0	5239	5256	5268	12	0	29	17	17
28232	0	4245	4274	5290	66	1	1045	979	29
28196	0	5280	5290	5316	26	0	36	10	10
28197	0	5300	5316	5319	3	0	19	16	16
28090	0	5295	5319	5328	9	0	33	24	24
28092	0	5333	5355	5358	3	0	25	22	22
28037	0	5384	5390	5408	18	0	24	6	6
28036	0	5370	5381	5432	10	25	62	52	11
28143	0	5438	5471	5486	15	0	48	33	33
28142	0	5349	5408	5511	39	5	162	123	59
28038	0	5435	5459	5551	36	14	116	80	24
28121	0	3218	5328	5588	50	0	2370	2320	2110
28144	0	5471	5486	5591	12	73	120	108	15
28091	0	5330	5358	5605	78	57	275	197	28
28039	0	5488	5511	5636	20	80	148	128	23
28093	0	5579	5605	5716	54	6	137	83	26
28221	0	2600	5688	5763	52	0	3163	3111	3088
28040	0	5806	5809	5849	13	10	43	30	3
28145	0	5802	5804	5856	12	19	54	42	2
28198	0	5625	5636	5867	91	49	242	151	11
28147	0	5911	5922	5929	7	0	18	11	11
28126	0	3661	3674	5978	95	47	2317	2222	13
28146	0	5839	5856	5998	31	92	159	128	17
28199	0	5928	5944	6005	34	0	77	43	16
28088	0	5195	5199	6073	70	75	878	808	4
28200	0	6097	6124	6137	13	0	40	27	27
28043	0	6130	6137	6142	5	0	12	7	7
28094	0	6093	6100	6163	11	49	70	59	7
28041	0	6089	6106	6181	30	9	92	62	17
28245	0	6137	6142	6183	3	20	46	43	5
28042	0	6103	6143	6189	21	21	86	65	40
28244	0	6107	6118	6213	30	41	106	76	11
28148	0	6068	6073	6259	49	0	191	142	5
28096	0	6251	6259	6281	22	0	30	8	8
28246	0	6295	6308	6326	18	0	31	13	13
28044	0	6333	6334	6394	33	4	61	28	1
28053	0	497	2221	6406	66	0	5909	5843	1724
28046	0	6404	6406	6423	8	6	19	11	2
28045	0	6402	6423	6450	27	0	48	21	21
28247	0	6484	6499	6520	21	0	36	15	15
28149	0	6505	6520	6523	3	0	18	15	15
28047	0	6410	6411	6531	24	54	121	97	1
28095	0	6198	6213	6548	75	167	350	275	15
28097	0	6505	6523	6591	13	43	86	73	18
28182	0	3810	6349	6594	76	19	2784	2708	2539
28048	0	6579	6594	6607	13	0	28	15	15
28049	0	6619	6634	6643	9	0	24	15	15
28150	0	6549	6607	6675	45	0	126	81	58
28098	0	6665	6675	6718	21	20	53	32	10
28248	0	6642	6643	6750	41	33	108	67	1
28222	0	2785	2795	6776	83	27	3991	3908	10
28249	0	6778	6778	6805	23	4	27	4	0
28050	0	6936	6948	6969	21	0	33	12	12
28250	0	6956	6969	6985	16	0	29	13	13
28099	0	6921	6921	7136	138	40	215	77	0
28100	0	7187	7187	7283	46	50	96	50	0
0	0	0	0	7283	29719	0	7283	-22436	0
