id	priority	createdTime	startedTime	terminatedTime	cpuTime	blockedTime	turnaroundTime	waitingTime	responseTime
28251	0	0	0	4	4	0	4	0	0
28351	0	0	25	27	2	0	27	25	25
28301	0	0	4	87	22	7	87	65	4
28252	0	19	59	131	30	0	112	82	40
28403	0	91	131	138	7	0	47	40	40
28352	0	97	138	139	1	0	42	41	41
28401	0	0	27	163	52	8	163	111	27
28451	0	0	54	194	40	6	194	154	54
28452	0	151	196	215	19	0	64	45	45
28402	0	34	87	259	53	67	225	172	53
28405	0	233	259	261	2	0	28	26	26
28404	0	151	194	269	37	7	118	81	43
28253	0	255	269	372	40	19	117	77	14
28302	0	296	334	419	47	0	123	76	38
28353	0	255	275	516	72	33	261	189	20
28406	0	296	361	522	36	8	226	190	65
28407	0	403	446	692	69	5	289	220	43
28254	0	479	551	727	9	18	248	239	72
28453	0	611	781	808	27	0	197	170	170
28257	0	639	827	846	19	0	207	188	188
28409	0	467	522	868	54	17	401	347	55
28354	0	488	555	899	10	29	411	401	67
28255	0	562	695	901	29	0	339	310	133
28256	0	581	727	909	35	0	328	293	146
28303	0	497	557	921	66	0	424	358	60
28357	0	786	921	925	4	0	139	135	135
28408	0	410	473	927	63	13	517	454	63
28410	0	513	611	936	48	10	423	375	98
28413	0	853	961	975	14	0	122	108	108
28411	0	700	872	1004	14	3	304	290	172
28304	0	666	868	1021	21	17	355	334	202
28358	0	910	1041	1046	5	0	136	131	131
28412	0	842	936	1119	26	5	277	251	94
28359	0	967	1119	1131	12	0	164	152	152
28258	0	663	846	1140	16	139	477	461	183
28355	0	664	853	1146	35	6	482	447	189
28356	0	717	884	1205	44	36	488	444	167
28260	0	929	1046	1218	32	5	289	257	117
28414	0	938	1068	1258	24	1	320	296	130
28456	0	1145	1303	1304	1	0	159	158	158
28455	0	1046	1173	1331	33	20	285	252	127
28415	0	1056	1205	1337	9	2	281	272	149
28416	0	1216	1337	1351	14	0	135	121	121
28306	0	1237	1351	1375	24	0	138	114	114
28259	0	910	1030	1403	36	50	493	457	120
28262	0	1087	1235	1431	28	30	344	316	148
28454	0	943	1090	1445	27	21	502	475	147
28263	0	1112	1286	1473	8	1	361	353	174
28310	0	1298	1473	1491	18	0	193	175	175
28261	0	953	1091	1493	35	1	540	505	138
28305	0	1043	1146	1502	37	1	459	422	103
28264	0	1144	1299	1516	16	20	372	356	155
28307	0	1244	1375	1578	34	6	334	300	131
28361	0	1270	1403	1583	15	2	313	298	133
28308	0	1281	1413	1612	13	28	331	318	132
28311	0	1517	1623	1648	25	0	131	106	106
28457	0	1377	1524	1701	28	27	324	296	147
28458	0	1392	1537	1705	31	0	313	282	145
28309	0	1291	1445	1748	55	6	457	402	154
28362	0	1323	1502	1785	8	42	462	454	179
28314	0	1700	1794	1805	11	0	105	94	94
28459	0	1425	1583	1883	57	24	458	401	158
28417	0	1650	1748	1900	32	0	250	218	98
28312	0	1548	1679	1930	22	8	382	360	131
28315	0	1701	1805	1931	18	7	230	212	104
28313	0	1606	1705	1963	31	39	357	326	99
28419	0	1741	1861	1983	33	5	242	209	120
28360	0	1098	1270	1989	88	46	891	803	172
28363	0	1717	1822	2019	22	44	302	280	105
28316	0	1971	2026	2032	6	0	61	55	55
28364	0	1874	1963	2043	15	8	169	154	89
28418	0	1724	1826	2062	39	50	338	299	102
28420	0	2043	2116	2119	3	0	76	73	73
28460	0	1943	1989	2193	51	2	250	199	46
28317	0	2141	2193	2198	5	0	57	52	52
28265	0	1760	1883	2242	54	22	482	428	123
28266	0	2192	2242	2262	20	0	70	50	50
28464	0	2097	2185	2264	7	19	167	160	88
28463	0	1990	2050	2281	60	6	291	231	60
28462	0	1978	2043	2309	28	39	331	303	65
28465	0	2260	2309	2318	9	0	58	49	49
28319	0	2296	2363	2381	18	0	85	67	67
28267	0	2223	2264	2397	23	29	174	151	41
28365	0	2321	2402	2406	4	0	85	81	81
28466	0	2266	2318	2419	22	10	153	131	52
28461	0	1970	2019	2423	50	68	453	403	49
28269	0	2279	2355	2495	16	8	216	200	76
28270	0	2448	2563	2582	19	0	134	115	115
28268	0	2274	2354	2593	39	9	319	280	80
28467	0	2273	2336	2629	54	17	356	302	63
28421	0	2386	2495	2669	22	7	283	261	109
28422	0	2396	2504	2670	2	10	274	272	108
28470	0	2526	2679	2698	19	0	172	153	153
28424	0	2713	2817	2823	6	0	110	104	104
28321	0	2531	2698	2827	18	2	296	278	167
28271	0	2558	2728	2889	5	2	331	326	170
28366	0	2741	2892	2895	3	0	154	151	151
28320	0	2362	2423	2898	47	25	536	489	61
28471	0	2600	2738	2923	52	0	323	271	138
28468	0	2462	2593	2934	49	3	472	423	131
28473	0	2792	2937	2964	27	0	172	145	145
28322	0	2676	2790	2985	31	0	309	278	114
28273	0	2849	2985	2995	10	0	146	136	136
28272	0	2724	2869	3043	4	5	319	315	145
28323	0	2734	2889	3064	24	12	330	306	155
28423	0	2436	2516	3129	57	109	693	636	80
28426	0	2981	3129	3146	17	0	165	148	148
28369	0	2982	3146	3171	25	0	189	164	164
28469	0	2495	2629	3179	66	11	684	618	134
28318	0	2241	2281	3207	99	59	966	867	40
28367	0	2938	3064	3281	45	4	343	298	126
28425	0	2716	2827	3396	67	39	680	613	111
28427	0	3066	3231	3433	15	14	367	352	165
28324	0	3084	3239	3435	18	3	351	333	155
28475	0	3309	3468	3485	17	0	176	159	159
28474	0	3107	3308	3510	29	16	403	374	201
28276	0	3367	3516	3521	5	0	154	149	149
28472	0	2785	2934	3547	83	27	762	679	149
28428	0	3185	3385	3556	18	3	371	353	200
28371	0	3218	3396	3606	50	0	388	338	178
28327	0	3435	3622	3630	8	0	195	187	187
28374	0	3485	3687	3692	5	0	207	202	202
28370	0	3051	3207	3708	50	109	657	607	156
28326	0	3341	3498	3709	7	9	368	361	157
28277	0	3533	3736	3748	12	0	215	203	203
28368	0	2957	3083	3750	50	44	793	743	126
28375	0	3552	3751	3760	9	0	208	199	199
28478	0	3620	3787	3792	5	0	172	167	167
28429	0	3432	3606	3809	33	3	377	344	174
28430	0	3454	3653	3928	26	10	474	448	199
28275	0	3228	3423	3945	15	61	717	702	195
28373	0	3461	3660	3962	38	19	501	463	199
28476	0	3497	3692	3993	7	26	496	489	195
28278	0	3611	3785	4032	4	4	421	417	174
28372	0	3413	3556	4075	51	30	662	611	143
28434	0	3958	4180	4181	1	0	223	222	222
28325	0	3309	3441	4203	66	28	894	828	132
28330	0	3733	4004	4217	23	5	484	461	271
28378	0	3731	3993	4229	23	26	498	475	262
28431	0	3741	4014	4239	20	8	498	478	273
28477	0	3605	3768	4326	29	31	721	692	163
28331	0	4114	4326	4327	1	0	213	212	212
28274	0	3102	3281	4334	89	27	1232	1143	179
28479	0	3626	3809	4422	77	67	796	719	183
28433	0	3854	4109	4427	13	69	573	560	255
28480	0	3678	3928	4458	38	72	780	742	250
28328	0	3525	3709	4481	57	39	956	899	184
28329	0	3544	3750	4575	35	77	1031	996	206
28279	0	3797	4032	4594	56	10	797	741	235
28435	0	4157	4338	4660	25	11	503	478	181
28332	0	4137	4334	4663	7	23	526	519	197
28481	0	4158	4349	4671	18	18	513	495	191
28382	0	4383	4671	4675	4	0	292	288	288
28384	0	4397	4685	4693	8	0	296	288	288
28484	0	4400	4693	4720	27	0	320	293	293
28437	0	4408	4720	4727	7	0	319	312	312
28334	0	4421	4763	4768	5	0	347	342	342
28283	0	4456	4789	4809	20	0	353	333	333
28436	0	4214	4429	4812	18	27	598	580	215
28280	0	4045	4244	4840	10	13	795	785	199
28379	0	4059	4276	4867	29	10	808	779	217
28381	0	4291	4498	4899	48	0	608	560	207
28380	0	4086	4290	4903	34	2	817	783	204
28439	0	4577	4903	4910	7	0	333	326	326
28483	0	4330	4606	4927	37	0	597	560	276
28281	0	4171	4363	4965	21	22	794	773	192
28383	0	4385	4675	4987	31	6	602	571	290
28385	0	4701	5029	5034	5	0	333	328	328
28282	0	4412	4727	5096	30	9	684	654	315
28492	0	4751	5096	5109	13	0	358	345	345
28438	0	4419	4736	5115	33	0	696	663	317
28482	0	4245	4458	5184	66	1	939	873	213
28387	0	4846	5184	5195	11	0	349	338	338
28488	0	4523	4877	5228	6	4	705	699	354
28487	0	4510	4871	5246	20	12	736	716	361
28335	0	4519	4873	5253	11	8	734	723	354
28486	0	4508	4867	5260	11	27	752	741	359
28489	0	4550	4899	5290	25	21	740	715	349
28432	0	3810	4075	5293	76	19	1483	1407	265
28333	0	4349	4633	5299	46	1	950	904	284
28443	0	4997	5326	5352	26	0	355	329	329
28376	0	3661	3862	5357	95	47	1696	1601	201
28493	0	5142	5429	5434	5	0	292	287	287
28441	0	4777	5152	5465	2	9	688	686	375
28390	0	5174	5488	5491	3	0	317	314	314
28377	0	3662	3882	5502	79	94	1840	1761	220
28285	0	5194	5502	5523	21	0	329	308	308
28391	0	5239	5534	5546	12	0	307	295	295
28446	0	5280	5550	5576	26	0	296	270	270
28340	0	5295	5576	5585	9	0	290	281	281
28447	0	5300	5585	5588	3	0	288	285	285
28485	0	4489	4840	5597	30	89	1108	1078	351
28388	0	4997	5299	5600	30	0	603	573	302
28342	0	5333	5623	5626	3	0	293	290	290
28440	0	4700	5002	5663	38	13	963	925	302
28287	0	5384	5663	5681	18	0	297	279	279
28389	0	5053	5363	5707	44	5	654	610	310
28444	0	5088	5395	5720	20	7	632	612	307
28490	0	4728	5034	5726	43	38	998	955	306
28337	0	5069	5391	5727	5	34	658	653	322
28491	0	4742	5061	5731	45	35	989	944	319
28393	0	5438	5743	5758	15	0	320	305	305
28445	0	5147	5434	5766	35	0	619	584	287
28284	0	4766	5115	5803	39	56	1037	998	349
28386	0	4777	5139	5807	40	27	1030	990	362
28336	0	4849	5195	5825	52	5	976	924	346
28339	0	5210	5525	5831	7	24	621	614	315
28442	0	4902	5260	5832	11	27	930	919	358
28392	0	5349	5626	5916	39	5	567	528	277
28286	0	5370	5649	5944	10	25	574	564	279
28288	0	5435	5731	5968	36	14	533	497	296
28394	0	5471	5766	5995	12	73	524	512	295
28289	0	5488	5775	6019	20	80	531	511	287
28397	0	5911	6058	6065	7	0	154	147	147
28395	0	5802	5968	6113	12	19	311	299	166
28290	0	5806	5973	6116	13	10	310	297	167
28449	0	5928	6065	6194	34	0	266	232	137
28450	0	6097	6200	6213	13	0	116	103	103
28341	0	5330	5600	6248	78	57	918	840	270
28343	0	5579	5832	6249	54	6	670	616	253
28293	0	6130	6249	6254	5	0	124	119	119
28338	0	5195	5523	6267	70	75	1072	1002	328
28398	0	6068	6124	6289	49	0	221	172	56
28396	0	5839	5983	6309	31	92	470	439	144
28291	0	6089	6175	6341	30	9	252	222	86
28344	0	6093	6194	6370	11	49	277	266	101
28292	0	6103	6213	6376	21	21	273	252	110
28346	0	6251	6376	6398	22	0	147	125	125
28494	0	6107	6228	6422	30	41	315	285	121
28495	0	6137	6254	6424	3	20	287	284	117
28496	0	6295	6424	6442	18	0	147	129	129
28295	0	6402	6511	6538	27	0	136	109	109
28294	0	6333	6442	6563	33	4	230	197	109
28497	0	6484	6563	6584	21	0	100	79	79
28448	0	5625	5886	6586	91	49	961	870	261
28399	0	6505	6590	6593	3	0	88	85	85
28296	0	6404	6538	6631	8	6	227	219	134
28298	0	6579	6633	6646	13	0	67	54	54
28299	0	6619	6646	6655	9	0	36	27	27
28400	0	6549	6601	6673	45	0	124	79	52
28347	0	6505	6586	6682	13	43	177	164	81
28297	0	6410	6543	6758	24	54	348	324	133
28348	0	6665	6719	6770	21	20	105	84	54
28498	0	6642	6682	6780	41	33	138	97	40
28499	0	6778	6780	6807	23	4	29	6	2
28345	0	6198	6341	6844	75	167	646	571	143
28300	0	6936	6948	6969	21	0	33	12	12
28500	0	6956	6974	6990	16	0	34	18	18
28349	0	6921	6921	7127	138	40	206	68	0
28350	0	7187	7187	7283	46	50	96	50	0
0	0	0	0	7283	29982	0	7283	-22699	0
