id	priority	createdTime	startedTime	terminatedTime	cpuTime	blockedTime	turnaroundTime	waitingTime	responseTime
30501	0	0	0	4	4	0	4	0	0
30601	0	0	4	6	2	0	6	4	4
30551	0	0	11	61	22	7	61	39	11
30651	0	0	32	98	52	8	98	46	32
30602	0	97	98	99	1	0	2	1	1
30653	0	91	99	106	7	0	15	8	8
30702	0	151	160	179	19	0	28	9	9
30652	0	34	61	196	53	67	162	109	27
30502	0	19	129	197	30	0	178	148	110
30655	0	233	255	257	2	0	24	22	22
30701	0	0	6	271	40	6	271	231	6
30654	0	151	158	277	37	7	126	89	7
30503	0	255	259	343	40	19	88	48	4
30656	0	296	303	376	36	8	80	44	7
30552	0	296	306	394	47	0	98	51	10
30603	0	255	257	529	72	33	274	202	2
30504	0	479	492	534	9	18	55	46	13
30604	0	488	490	539	10	29	51	41	2
30657	0	403	423	566	69	5	163	94	20
30505	0	562	566	595	29	0	33	4	4
30703	0	611	624	651	27	0	40	13	13
30507	0	639	651	670	19	0	31	12	12
30661	0	700	712	736	14	3	36	22	12
30554	0	666	672	753	21	17	87	66	6
30605	0	664	670	766	35	6	102	67	6
30506	0	581	595	772	35	0	191	156	14
30607	0	786	801	805	4	0	19	15	15
30606	0	717	724	830	44	36	113	69	7
30508	0	663	676	839	16	139	176	160	13
30660	0	513	772	883	48	10	370	322	259
30662	0	842	849	884	26	5	42	16	7
30663	0	853	884	898	14	0	45	31	31
30608	0	910	927	932	5	0	22	17	17
30510	0	929	943	998	32	5	69	37	14
30664	0	938	966	1000	24	1	62	38	28
30609	0	967	1000	1012	12	0	45	33	33
30665	0	1056	1070	1086	9	2	30	21	14
30509	0	910	932	1094	36	50	184	148	22
30704	0	943	965	1108	27	21	165	138	22
30513	0	1112	1124	1153	8	1	41	33	12
30706	0	1145	1153	1154	1	0	9	8	8
30705	0	1046	1073	1184	33	20	138	105	27
30512	0	1087	1131	1191	28	30	104	76	44
30514	0	1144	1154	1211	16	20	67	51	10
30666	0	1216	1239	1253	14	0	37	23	23
30555	0	1043	1211	1262	37	1	219	182	168
30611	0	1270	1282	1308	15	2	38	23	12
30557	0	1244	1262	1322	34	6	78	44	18
30560	0	1298	1322	1340	18	0	42	24	24
30558	0	1281	1292	1344	13	28	63	50	11
30556	0	1237	1344	1368	24	0	131	107	107
30511	0	953	1041	1407	35	1	454	419	88
30612	0	1323	1340	1409	8	42	86	78	17
30707	0	1377	1409	1466	28	27	89	61	32
30708	0	1392	1422	1495	31	0	103	72	30
30610	0	1098	1108	1566	88	46	468	380	10
30561	0	1517	1600	1625	25	0	108	83	83
30709	0	1425	1466	1631	57	24	206	149	41
30562	0	1548	1554	1637	22	8	89	67	6
30659	0	467	499	1657	54	17	1190	1136	32
30559	0	1291	1501	1674	55	6	383	328	210
30564	0	1700	1711	1722	11	0	22	11	11
30565	0	1701	1726	1761	18	7	60	42	25
30669	0	1741	1743	1798	33	5	57	24	2
30613	0	1717	1722	1808	22	44	91	69	5
30563	0	1606	1625	1830	31	39	224	193	19
30667	0	1650	1682	1896	32	0	246	214	32
30515	0	1760	1770	1906	54	22	146	92	10
30614	0	1874	1887	1917	15	8	43	28	13
30668	0	1724	1830	1928	39	50	204	165	106
30566	0	1971	1978	1984	6	0	13	7	7
30670	0	2043	2050	2053	3	0	10	7	7
30710	0	1943	1957	2105	51	2	162	111	14
30714	0	2097	2099	2137	7	19	40	33	2
30712	0	1978	1992	2141	28	39	163	135	14
30713	0	1990	1991	2149	60	6	159	99	1
30567	0	2141	2149	2154	5	0	13	8	8
30711	0	1970	1984	2196	50	68	226	176	14
30516	0	2192	2196	2216	20	0	24	4	4
30658	0	410	1928	2250	63	13	1840	1777	1518
30715	0	2260	2290	2299	9	0	39	30	30
30519	0	2279	2282	2312	16	8	33	17	3
30615	0	2321	2332	2336	4	0	15	11	11
30716	0	2266	2312	2358	22	10	92	70	46
30517	0	2223	2250	2374	23	29	151	128	27
30569	0	2296	2412	2430	18	0	134	116	116
30672	0	2396	2402	2431	2	10	35	33	6
30671	0	2386	2403	2444	22	7	58	36	17
30520	0	2448	2464	2483	19	0	35	16	16
30720	0	2526	2552	2571	19	0	45	26	26
30571	0	2531	2538	2578	18	2	47	29	7
30521	0	2558	2571	2580	5	2	22	17	13
30568	0	2241	2257	2608	99	59	367	268	16
30673	0	2436	2444	2641	57	109	205	148	8
30570	0	2362	2374	2678	47	25	316	269	12
30572	0	2676	2678	2709	31	0	33	2	2
30717	0	2273	2384	2716	54	17	443	389	111
30674	0	2713	2716	2722	6	0	9	3	3
30616	0	2741	2746	2749	3	0	8	5	5
30522	0	2724	2742	2752	4	5	28	24	18
30573	0	2734	2743	2823	24	12	89	65	9
30723	0	2792	2823	2850	27	0	58	31	31
30523	0	2849	2850	2860	10	0	11	1	1
30675	0	2716	2722	2889	67	39	173	106	6
30518	0	2274	2281	2927	39	9	653	614	7
30718	0	2462	2889	2976	49	3	514	465	427
30676	0	2981	2991	3008	17	0	27	10	10
30619	0	2982	3027	3052	25	0	70	45	45
30617	0	2938	3008	3110	45	4	172	127	70
30677	0	3066	3076	3117	15	14	51	36	10
30574	0	3084	3117	3158	18	3	74	56	33
30724	0	3107	3133	3193	29	16	86	57	26
30678	0	3185	3193	3224	18	3	39	21	8
30620	0	3051	3052	3269	50	109	218	168	1
30618	0	2957	2976	3314	50	44	357	307	19
30525	0	3228	3253	3340	15	61	112	97	25
30725	0	3309	3340	3357	17	0	48	31	31
30719	0	2495	2936	3371	66	11	876	810	441
30526	0	3367	3371	3376	5	0	9	4	4
30576	0	3341	3357	3377	7	9	36	29	16
30524	0	3102	3224	3442	89	27	340	251	122
30577	0	3435	3442	3450	8	0	15	7	7
30679	0	3432	3450	3490	33	3	58	25	18
30624	0	3485	3490	3495	5	0	10	5	5
30680	0	3454	3466	3514	26	10	60	34	12
30527	0	3533	3538	3550	12	0	17	5	5
30726	0	3497	3514	3555	7	26	58	51	17
30625	0	3552	3555	3564	9	0	12	3	3
30623	0	3461	3517	3581	38	19	120	82	56
30528	0	3611	3615	3624	4	4	13	9	4
30728	0	3620	3624	3629	5	0	9	4	4
30727	0	3605	3629	3712	29	31	107	78	24
30579	0	3544	3550	3735	35	77	191	156	6
30681	0	3741	3744	3775	20	8	34	14	3
30580	0	3733	3735	3789	23	5	56	33	2
30628	0	3731	3754	3817	23	26	86	63	23
30730	0	3678	3699	3856	38	72	178	140	21
30578	0	3525	3587	3893	57	39	368	311	62
30729	0	3626	3646	3919	77	67	293	216	20
30683	0	3854	3856	3957	13	69	103	90	2
30684	0	3958	3986	3987	1	0	29	28	28
30575	0	3309	3406	3991	66	28	682	616	97
30622	0	3413	3923	4049	51	30	636	585	510
30530	0	4045	4049	4115	10	13	70	60	4
30581	0	4114	4115	4116	1	0	2	1	1
30629	0	4059	4085	4145	29	10	86	57	26
30582	0	4137	4145	4181	7	23	44	37	8
30627	0	3662	3997	4222	79	94	560	481	335
30531	0	4171	4181	4247	21	22	76	55	10
30685	0	4157	4196	4261	25	11	104	79	39
30731	0	4158	4222	4265	18	18	107	89	64
30630	0	4086	4093	4298	34	2	212	178	7
30686	0	4214	4265	4338	18	27	124	106	51
30529	0	3797	4054	4357	56	10	560	504	257
30632	0	4383	4399	4403	4	0	20	16	16
30634	0	4397	4403	4411	8	0	14	6	6
30687	0	4408	4411	4418	7	0	10	3	3
30584	0	4421	4427	4432	5	0	11	6	6
30633	0	4385	4418	4463	31	6	78	47	33
30533	0	4456	4463	4483	20	0	27	7	7
30532	0	4412	4432	4504	30	9	92	62	20
30738	0	4523	4525	4541	6	4	18	12	2
30737	0	4510	4523	4559	20	12	49	29	13
30585	0	4519	4530	4567	11	8	48	37	11
30736	0	4508	4526	4574	11	27	66	55	18
30734	0	4400	4574	4601	27	0	201	174	174
30689	0	4577	4601	4608	7	0	31	24	24
30739	0	4550	4559	4632	25	21	82	57	9
30735	0	4489	4504	4641	30	89	152	122	15
30583	0	4349	4357	4703	46	1	354	308	8
30635	0	4701	4703	4708	5	0	7	2	2
30688	0	4419	4670	4712	33	0	293	260	251
30742	0	4751	4768	4781	13	0	30	17	17
30691	0	4777	4781	4793	2	9	16	14	4
30740	0	4728	4741	4850	43	38	122	79	13
30637	0	4846	4850	4861	11	0	15	4	4
30636	0	4777	4793	4917	40	27	140	100	16
30534	0	4766	4820	4947	39	56	181	142	54
30586	0	4849	4887	4965	52	5	116	64	38
30692	0	4902	4917	4966	11	27	64	53	15
30741	0	4742	4806	4997	45	35	255	210	64
30693	0	4997	5001	5027	26	0	30	4	4
30690	0	4700	4712	5032	38	13	332	294	12
30638	0	4997	5032	5084	30	0	87	57	35
30733	0	4330	4370	5092	37	0	762	725	40
30639	0	5053	5061	5125	44	5	72	28	8
30587	0	5069	5079	5126	5	34	57	52	10
30694	0	5088	5092	5139	20	7	51	31	4
30631	0	4291	4306	5158	48	0	867	819	15
30743	0	5142	5158	5163	5	0	21	16	16
30640	0	5174	5192	5195	3	0	21	18	18
30535	0	5194	5195	5216	21	0	22	1	1
30695	0	5147	5163	5225	35	0	78	43	16
30589	0	5210	5216	5260	7	24	50	43	6
30641	0	5239	5260	5272	12	0	33	21	21
30732	0	4245	4280	5292	66	1	1047	981	35
30696	0	5280	5292	5318	26	0	38	12	12
30697	0	5300	5318	5321	3	0	21	18	18
30590	0	5295	5321	5330	9	0	35	26	26
30592	0	5333	5359	5362	3	0	29	26	26
30537	0	5384	5394	5412	18	0	28	10	10
30536	0	5370	5385	5436	10	25	66	56	15
30643	0	5438	5448	5463	15	0	25	10	10
30642	0	5349	5412	5479	39	5	130	91	63
30538	0	5435	5436	5512	36	14	77	41	1
30644	0	5471	5479	5572	12	73	101	89	8
30621	0	3218	5330	5593	50	0	2375	2325	2112
30591	0	5330	5362	5607	78	57	277	199	32
30539	0	5488	5512	5640	20	80	152	132	24
30593	0	5579	5607	5720	54	6	141	87	28
30721	0	2600	5690	5765	52	0	3165	3113	3090
30698	0	5625	5640	5852	91	49	227	136	15
30540	0	5806	5813	5855	13	10	49	36	7
30645	0	5802	5808	5862	12	19	60	48	6
30647	0	5911	5926	5933	7	0	22	15	15
30626	0	3661	3672	5984	95	47	2323	2228	11
30646	0	5839	5862	6004	31	92	165	134	23
30699	0	5928	5948	6009	34	0	81	47	20
30588	0	5195	5217	6077	70	75	882	812	22
30700	0	6097	6130	6143	13	0	46	33	33
30543	0	6130	6144	6149	5	0	19	14	14
30594	0	6093	6106	6169	11	49	76	65	13
30745	0	6137	6143	6171	3	20	34	31	6
30541	0	6089	6118	6189	30	9	100	70	29
30542	0	6103	6149	6195	21	21	92	71	46
30744	0	6107	6112	6219	30	41	112	82	5
30648	0	6068	6077	6263	49	0	195	146	9
30596	0	6251	6263	6285	22	0	34	12	12
30746	0	6295	6314	6332	18	0	37	19	19
30544	0	6333	6338	6400	33	4	67	34	5
30545	0	6402	6414	6441	27	0	39	12	12
30546	0	6404	6407	6446	8	6	42	34	3
30553	0	497	2219	6458	66	0	5961	5895	1722
30547	0	6410	6412	6507	24	54	97	73	2
30649	0	6505	6507	6510	3	0	5	2	2
30747	0	6484	6514	6535	21	0	51	30	30
30595	0	6198	6219	6540	75	167	342	267	21
30597	0	6505	6510	6593	13	43	88	75	5
30682	0	3810	6353	6596	76	19	2786	2710	2543
30548	0	6579	6596	6609	13	0	30	17	17
30549	0	6619	6638	6647	9	0	28	19	19
30650	0	6549	6609	6677	45	0	128	83	60
30598	0	6665	6677	6720	21	20	55	34	12
30748	0	6642	6647	6754	41	33	112	71	5
30722	0	2785	2799	6776	83	27	3991	3908	14
30749	0	6778	6778	6805	23	4	27	4	0
30550	0	6936	6950	6971	21	0	35	14	14
30750	0	6956	6971	6987	16	0	31	15	15
30599	0	6921	6921	7136	138	40	215	77	0
30600	0	7187	7187	7283	46	50	96	50	0
0	0	0	0	7283	32349	0	7283	-25066	0
