id	priority	createdTime	startedTime	terminatedTime	cpuTime	blockedTime	turnaroundTime	waitingTime	responseTime
31501	0	0	0	4	4	0	4	0	0
31551	0	0	0	70	22	7	70	48	0
31502	0	19	30	89	30	0	70	40	11
31651	0	0	30	119	52	8	119	67	30
31602	0	97	126	127	1	0	30	29	29
31653	0	91	127	134	7	0	43	36	36
31601	0	0	147	149	2	0	149	147	147
31701	0	0	19	171	40	6	171	131	19
31702	0	151	194	213	19	0	62	43	43
31655	0	233	233	235	2	0	2	0	0
31652	0	34	91	257	53	67	223	170	57
31654	0	151	213	276	37	7	125	88	62
31656	0	296	346	427	36	8	131	95	50
31503	0	255	278	468	40	19	213	173	23
31505	0	562	581	610	29	0	48	19	19
31506	0	581	639	685	35	0	104	69	58
31660	0	513	543	687	48	10	174	126	30
31658	0	410	457	702	63	13	292	229	47
31661	0	700	702	750	14	3	50	36	2
31605	0	664	691	759	35	6	95	60	27
31554	0	666	687	785	21	17	119	98	21
31607	0	786	792	796	4	0	10	6	6
31507	0	639	786	809	19	0	170	151	147
31703	0	611	785	835	27	0	224	197	174
31508	0	663	693	851	16	139	188	172	30
31662	0	842	853	897	26	5	55	29	11
31663	0	853	879	907	14	0	54	40	26
31608	0	910	929	934	5	0	24	19	19
31609	0	967	982	994	12	0	27	15	15
31510	0	929	938	1031	32	5	102	70	9
31664	0	938	960	1033	24	1	95	71	22
31606	0	717	726	1034	44	36	317	273	9
31509	0	910	910	1062	36	50	152	116	0
31511	0	953	1033	1093	35	1	140	105	80
31665	0	1056	1076	1104	9	2	48	39	20
31704	0	943	1043	1166	27	21	223	196	100
31512	0	1087	1091	1184	28	30	97	69	4
31706	0	1145	1193	1194	1	0	49	48	48
31513	0	1112	1136	1205	8	1	93	85	24
31555	0	1043	1144	1211	37	1	168	131	101
31666	0	1216	1243	1284	14	0	68	54	27
31560	0	1298	1304	1322	18	0	24	6	6
31611	0	1270	1291	1328	15	2	58	43	21
31556	0	1237	1302	1350	24	0	113	89	65
31557	0	1244	1259	1378	34	6	134	100	15
31707	0	1377	1392	1458	28	27	81	53	15
31559	0	1291	1365	1502	55	6	211	156	74
31558	0	1281	1291	1504	13	28	223	210	10
31612	0	1323	1350	1506	8	42	183	175	27
31514	0	1144	1237	1529	16	20	385	369	93
31561	0	1517	1542	1572	25	0	55	30	25
31610	0	1098	1108	1606	88	46	508	420	10
31708	0	1392	1417	1632	31	0	240	209	25
31562	0	1548	1592	1638	22	8	90	68	44
31709	0	1425	1458	1685	57	24	260	203	33
31705	0	1046	1216	1699	33	20	653	620	170
31564	0	1700	1701	1712	11	0	12	1	1
31604	0	488	497	1805	10	29	1317	1307	9
31565	0	1701	1717	1810	18	7	109	91	16
31563	0	1606	1617	1823	31	39	217	186	11
31668	0	1724	1741	1850	39	50	126	87	17
31659	0	467	468	1861	54	17	1394	1340	1
31613	0	1717	1724	1863	22	44	146	124	7
31504	0	479	488	1897	9	18	1418	1409	9
31669	0	1741	1741	1915	33	5	174	141	0
31614	0	1874	1887	1952	15	8	78	63	13
31515	0	1760	1783	1953	54	22	193	139	23
31566	0	1971	1977	2013	6	0	42	36	6
31710	0	1943	1953	2027	51	2	84	33	10
31670	0	2043	2094	2098	3	0	55	52	51
31713	0	1990	2042	2138	60	6	148	88	52
31567	0	2141	2142	2147	5	0	6	1	1
31711	0	1970	1970	2159	50	68	189	139	0
31712	0	1978	1982	2161	28	39	183	155	4
31714	0	2097	2104	2163	7	19	66	59	7
31553	1	497	501	2190	66	0	1693	1627	4
31667	1	1650	1651	2192	32	0	542	510	1
31516	0	2192	2192	2212	20	0	20	0	0
31517	0	2223	2223	2307	23	29	84	61	0
31569	0	2296	2313	2333	18	0	37	19	17
31519	0	2279	2286	2349	16	8	70	54	7
31716	0	2266	2273	2362	22	10	96	74	7
31615	0	2321	2333	2367	4	0	46	42	12
31672	0	2396	2399	2413	2	10	17	15	3
31671	0	2386	2392	2459	22	7	73	51	6
31520	0	2448	2462	2481	19	0	33	14	14
31518	0	2274	2362	2535	39	9	261	222	88
31568	0	2241	2241	2552	99	59	311	212	0
31720	0	2526	2558	2577	19	0	51	32	32
31521	0	2558	2585	2641	5	2	83	78	27
31571	0	2531	2552	2722	18	2	191	173	21
31674	0	2713	2724	2730	6	0	17	11	11
31616	0	2741	2752	2755	3	0	14	11	11
31522	0	2724	2734	2758	4	5	34	30	10
31573	0	2734	2740	2799	24	12	65	41	6
31723	0	2792	2813	2840	27	0	48	21	21
31572	0	2676	2758	2844	31	0	168	137	82
31673	0	2436	2439	2848	57	109	412	355	3
31523	0	2849	2869	2879	10	0	30	20	20
31715	0	2260	2266	2887	9	0	627	618	6
31675	0	2716	2722	2972	67	39	256	189	6
31570	0	2362	2367	3014	47	25	652	605	5
31619	0	2982	3029	3059	25	0	77	52	47
31676	0	2981	3046	3089	17	0	108	91	65
31618	0	2957	3014	3187	50	44	230	180	57
31724	0	3107	3138	3208	29	16	101	72	31
31574	0	3084	3102	3220	18	3	136	118	18
31678	0	3185	3190	3229	18	3	44	26	5
31717	0	2273	2372	3321	54	17	1048	994	99
31725	0	3309	3341	3367	17	0	58	41	32
31525	0	3228	3259	3381	15	61	153	138	31
31524	0	3102	3141	3389	89	27	287	198	39
31526	0	3367	3389	3416	5	0	49	44	22
31576	0	3341	3367	3433	7	9	92	85	26
31577	0	3435	3454	3487	8	0	52	44	19
31624	0	3485	3487	3492	5	0	7	2	2
31622	0	3413	3427	3552	51	30	139	88	14
31527	0	3533	3558	3570	12	0	37	25	25
31575	0	3309	3391	3581	66	28	272	206	82
31623	0	3461	3485	3601	38	19	140	102	24
31625	0	3552	3571	3604	9	0	52	43	19
31728	0	3620	3636	3641	5	0	21	16	16
31528	0	3611	3626	3718	4	4	107	103	15
31727	0	3605	3611	3723	29	31	118	89	6
31730	0	3678	3686	3842	38	72	164	126	8
31681	0	3741	3787	3864	20	8	123	103	46
31580	0	3733	3812	3920	23	5	187	164	79
31684	0	3958	3971	3972	1	0	14	13	13
31683	0	3854	3894	3985	13	69	131	118	40
31529	0	3797	3920	4005	56	10	208	152	123
31729	0	3626	3641	4114	77	67	488	411	15
31628	0	3731	3736	4126	23	26	395	372	5
31581	0	4114	4128	4129	1	0	15	14	14
31578	0	3525	3552	4174	57	39	649	592	27
31626	0	3661	3665	4176	95	47	515	420	4
31530	0	4045	4088	4183	10	13	138	128	43
31731	0	4158	4183	4238	18	18	80	62	25
31531	0	4171	4176	4252	21	22	81	60	5
31582	0	4137	4223	4278	7	23	141	134	86
31685	0	4157	4193	4343	25	11	186	161	36
31686	0	4214	4291	4352	18	27	138	120	77
31732	0	4245	4257	4364	66	1	119	53	12
31629	0	4059	4074	4388	29	10	329	300	15
31733	0	4330	4377	4437	37	0	107	70	47
31633	0	4385	4397	4478	31	6	93	62	12
31688	0	4419	4421	4486	33	0	67	34	2
31584	0	4421	4489	4494	5	0	73	68	68
31533	0	4456	4486	4513	20	0	57	37	30
31737	0	4510	4519	4555	20	12	45	25	9
31738	0	4523	4533	4560	6	4	37	31	10
31585	0	4519	4523	4570	11	8	51	40	4
31687	0	4408	4577	4584	7	0	176	169	169
31689	0	4577	4584	4591	7	0	14	7	7
31739	0	4550	4562	4626	25	21	76	51	12
31532	0	4412	4574	4662	30	9	250	220	162
31734	0	4400	4601	4669	27	0	269	242	201
31735	0	4489	4508	4678	30	89	189	159	19
31736	0	4508	4570	4685	11	27	177	166	62
31634	0	4397	4685	4693	8	0	296	288	288
31632	0	4383	4693	4697	4	0	314	310	310
31631	0	4291	4697	4775	48	0	484	436	406
31583	0	4349	4364	4779	46	1	430	384	15
31742	0	4751	4813	4830	13	0	79	66	62
31691	0	4777	4803	4834	2	9	57	55	26
31534	0	4766	4777	4923	39	56	157	118	11
31741	0	4742	4834	4962	45	35	220	175	92
31740	0	4728	4843	4974	43	38	246	203	115
31637	0	4846	4975	4986	11	0	140	129	129
31586	0	4849	4876	5003	52	5	154	102	27
31693	0	4997	5007	5059	26	0	62	36	10
31638	0	4997	5027	5063	30	0	66	36	30
31692	0	4902	4962	5070	11	27	168	157	60
31743	0	5142	5147	5157	5	0	15	10	5
31694	0	5088	5112	5175	20	7	87	67	24
31695	0	5147	5169	5206	35	0	59	24	22
31640	0	5174	5194	5208	3	0	34	31	20
31690	0	4700	5114	5215	38	13	515	477	414
31535	0	5194	5210	5236	21	0	42	21	16
31587	0	5069	5082	5240	5	34	171	166	13
31636	0	4777	4804	5242	40	27	465	425	27
31641	0	5239	5242	5254	12	0	15	3	3
31635	0	4701	5254	5259	5	0	558	553	553
31630	0	4086	4214	5309	34	2	1223	1189	128
31639	0	5053	5063	5328	44	5	275	231	10
31697	0	5300	5328	5334	3	0	34	31	28
31590	0	5295	5330	5340	9	0	45	36	35
31592	0	5333	5340	5343	3	0	10	7	7
31696	0	5280	5417	5446	26	0	166	140	137
31537	0	5384	5435	5461	18	0	77	59	51
31643	0	5438	5461	5480	15	0	42	27	23
31538	0	5435	5467	5578	36	14	143	107	32
31591	0	5330	5343	5597	78	57	267	189	13
31644	0	5471	5488	5604	12	73	133	121	17
31627	0	3662	3701	5651	79	94	1989	1910	39
31539	0	5488	5545	5663	20	80	175	155	57
31536	0	5370	5579	5664	10	25	294	284	209
31642	0	5349	5626	5695	39	5	346	307	277
31589	0	5210	5236	5696	7	24	486	479	26
31593	0	5579	5604	5803	54	6	224	170	25
31617	0	2938	2943	5812	45	4	2874	2829	5
31698	0	5625	5664	5863	91	49	238	147	39
31540	0	5806	5844	5872	13	10	66	53	38
31677	0	3066	5770	5878	15	14	2812	2797	2704
31579	0	3544	3570	5887	35	77	2343	2308	26
31645	0	5802	5804	5894	12	19	92	80	2
31726	0	3497	5880	5932	7	26	2435	2428	2383
31647	0	5911	5922	5958	7	0	47	40	11
31699	0	5928	5932	5967	34	0	39	5	4
31679	0	3432	3435	5975	33	3	2543	2510	3
31646	0	5839	5854	5995	31	92	156	125	15
31680	0	3454	5909	6010	26	10	2556	2530	2455
31620	0	3051	3066	6052	50	109	3001	2951	15
31648	0	6068	6068	6138	49	0	70	21	0
31700	0	6097	6103	6141	13	0	44	31	6
31543	0	6130	6141	6146	5	0	16	11	11
31594	0	6093	6097	6164	11	49	71	60	4
31745	0	6137	6138	6181	3	20	44	41	1
31552	1	296	296	6188	47	0	5892	5845	0
31541	0	6089	6089	6252	30	9	163	133	0
31542	0	6103	6152	6258	21	21	155	134	49
31744	0	6107	6146	6300	30	41	193	163	39
31746	0	6295	6300	6318	18	0	23	5	5
31596	0	6251	6288	6333	22	0	82	60	37
31544	0	6333	6333	6370	33	4	37	4	0
31603	1	255	276	6386	72	33	6131	6059	21
31546	0	6404	6404	6418	8	6	14	6	0
31545	0	6402	6402	6441	27	0	39	12	0
31547	0	6410	6410	6488	24	54	78	54	0
31747	0	6484	6484	6509	21	0	25	4	0
31649	0	6505	6509	6512	3	0	7	4	4
31722	1	2785	2848	6543	83	27	3758	3675	63
31597	0	6505	6505	6568	13	43	63	50	0
31548	0	6579	6579	6592	13	0	13	0	0
31650	0	6549	6549	6616	45	0	67	22	0
31549	0	6619	6619	6628	9	0	9	0	0
31621	1	3218	3221	6638	50	0	3420	3370	3
31588	1	5195	5208	6639	70	75	1444	1374	13
31719	1	2495	2634	6658	66	11	4163	4097	139
31748	0	6642	6642	6716	41	33	74	33	0
31598	0	6665	6665	6728	21	20	63	42	0
31721	1	2600	2603	6734	52	0	4134	4082	3
31718	1	2462	2489	6744	49	3	4282	4233	27
31682	1	3810	3826	6749	76	19	2939	2863	16
31657	1	403	427	6773	69	5	6370	6301	24
31749	0	6778	6778	6805	23	4	27	4	0
31595	1	6198	6200	6914	75	167	716	641	2
31550	0	6936	6936	6974	21	0	38	17	0
31750	0	6956	6974	7020	16	0	64	48	18
31599	2	6921	6921	7127	138	40	206	68	0
31600	1	7187	7187	7283	46	50	96	50	0
0	0	0	0	7283	33401	0	7283	-26118	0
