id	priority	createdTime	startedTime	terminatedTime	cpuTime	blockedTime	turnaroundTime	waitingTime	responseTime
34001	0	0	0	4	4	0	4	0	0
34051	0	0	0	70	22	7	70	48	0
34002	0	19	30	89	30	0	70	40	11
34151	0	0	30	119	52	8	119	67	30
34102	0	97	126	127	1	0	30	29	29
34153	0	91	127	134	7	0	43	36	36
34101	0	0	147	149	2	0	149	147	147
34201	0	0	19	171	40	6	171	131	19
34202	0	151	194	213	19	0	62	43	43
34155	0	233	233	235	2	0	2	0	0
34152	0	34	91	257	53	67	223	170	57
34154	0	151	213	276	37	7	125	88	62
34156	0	296	348	431	36	8	135	99	52
34003	0	255	278	468	40	19	213	173	23
34005	0	562	581	610	29	0	48	19	19
34006	0	581	639	689	35	0	108	73	58
34160	0	513	545	695	48	10	182	134	32
34158	0	410	463	697	63	13	287	224	53
34054	0	666	697	745	21	17	79	58	31
34105	0	664	700	772	35	6	108	73	36
34161	0	700	703	774	14	3	74	60	3
34107	0	786	796	800	4	0	14	10	10
34007	0	639	786	809	19	0	170	151	147
34203	0	611	784	834	27	0	223	196	173
34008	0	663	708	871	16	139	208	192	45
34159	0	467	468	918	54	17	451	397	1
34108	0	910	929	934	5	0	24	19	19
34106	0	717	774	953	44	36	236	192	57
34109	0	967	985	997	12	0	30	18	18
34010	0	929	938	1038	32	5	109	77	9
34011	0	953	958	1040	35	1	87	52	5
34163	0	853	854	1050	14	0	197	183	1
34204	0	943	953	1070	27	21	127	100	10
34012	0	1087	1091	1166	28	30	79	51	4
34205	0	1046	1084	1171	33	20	125	92	38
34206	0	1145	1171	1172	1	0	27	26	26
34013	0	1112	1144	1173	8	1	61	53	32
34165	0	1056	1083	1190	9	2	134	125	27
34164	0	938	1040	1213	24	1	275	251	102
34014	0	1144	1181	1228	16	20	84	68	37
34166	0	1216	1237	1278	14	0	62	48	21
34057	0	1244	1248	1302	34	6	58	24	4
34060	0	1298	1312	1358	18	0	60	42	14
34110	0	1098	1112	1382	88	46	284	196	14
34009	0	910	1158	1424	36	50	514	478	248
34059	0	1291	1323	1442	55	6	151	96	32
34112	0	1323	1369	1486	8	42	163	155	46
34208	0	1392	1410	1499	31	0	107	76	18
34058	0	1281	1517	1568	13	28	287	274	236
34061	0	1517	1535	1572	25	0	55	30	18
34111	0	1270	1546	1577	15	2	307	292	276
34209	0	1425	1444	1589	57	24	164	107	19
34056	0	1237	1589	1634	24	0	397	373	352
34207	0	1377	1384	1664	28	27	287	259	7
34167	0	1650	1670	1704	32	0	54	22	20
34055	0	1043	1606	1723	37	1	680	643	563
34063	0	1606	1672	1829	31	39	223	192	66
34113	0	1717	1724	1842	22	44	125	103	7
34168	0	1724	1733	1849	39	50	125	86	9
34169	0	1741	1795	1865	33	5	124	91	54
34065	0	1701	1706	1867	18	7	166	148	5
34062	0	1548	1577	1873	22	8	325	303	29
34004	0	479	488	1886	9	18	1407	1398	9
34064	0	1700	1873	1911	11	0	211	200	173
34104	0	488	497	1916	10	29	1428	1418	9
34114	0	1874	1877	1957	15	8	83	68	3
34015	0	1760	1778	1962	54	22	202	148	18
34162	0	842	845	1963	26	5	1121	1095	3
34066	0	1971	1999	2005	6	0	34	28	28
34170	0	2043	2052	2055	3	0	12	9	9
34210	0	1943	1963	2098	51	2	155	104	20
34213	0	1990	1998	2115	60	6	125	65	8
34214	0	2097	2098	2124	7	19	27	20	1
34212	0	1978	1990	2133	28	39	155	127	12
34067	0	2141	2141	2146	5	0	5	0	0
34211	0	1970	1970	2214	50	68	244	194	0
34016	0	2192	2192	2232	20	0	40	20	0
34215	0	2260	2266	2285	9	0	25	16	6
34018	0	2274	2275	2341	39	9	67	28	1
34115	0	2321	2352	2365	4	0	44	40	31
34017	0	2223	2223	2366	23	29	143	120	0
34019	0	2279	2285	2428	16	8	149	133	6
34172	0	2396	2425	2452	2	10	56	54	29
34171	0	2386	2428	2487	22	7	101	79	42
34020	0	2448	2462	2494	19	0	46	27	14
34218	0	2462	2495	2593	49	3	131	82	33
34021	0	2558	2568	2595	5	2	37	32	10
34071	0	2531	2541	2599	18	2	68	50	10
34220	0	2526	2599	2650	19	0	124	105	73
34070	0	2362	2366	2662	47	25	300	253	4
34069	0	2296	2312	2684	18	0	388	370	16
34072	0	2676	2713	2759	31	0	83	52	37
34173	0	2436	2436	2763	57	109	327	270	0
34116	0	2741	2763	2766	3	0	25	22	22
34221	0	2600	2662	2776	52	0	176	124	62
34174	0	2713	2781	2794	6	0	81	75	68
34223	0	2792	2797	2827	27	0	35	8	5
34022	0	2724	2769	2848	4	5	124	120	45
34023	0	2849	2885	2895	10	0	46	36	36
34073	0	2734	2766	2911	24	12	177	153	32
34175	0	2716	2770	2983	67	39	267	200	54
34068	0	2241	2241	2987	99	59	746	647	0
34119	0	2982	2987	3012	25	0	30	5	5
34176	0	2981	3012	3029	17	0	48	31	31
34216	0	2266	2436	3058	22	10	792	770	170
34117	0	2938	2957	3098	45	4	160	115	19
34177	0	3066	3102	3220	15	14	154	139	36
34074	0	3084	3141	3311	18	3	227	209	57
34225	0	3309	3313	3330	17	0	21	4	4
34024	0	3102	3160	3348	89	27	246	157	58
34121	0	3218	3220	3391	50	0	173	123	2
34076	0	3341	3358	3392	7	9	51	44	17
34026	0	3367	3392	3397	5	0	30	25	25
34025	0	3228	3245	3413	15	61	185	170	17
34224	0	3107	3127	3419	29	16	312	283	20
34178	0	3185	3199	3456	18	3	271	253	14
34075	0	3309	3330	3461	66	28	152	86	21
34077	0	3435	3461	3469	8	0	34	26	26
34180	0	3454	3461	3536	26	10	82	56	7
34125	0	3552	3579	3588	9	0	36	27	27
34027	0	3533	3544	3592	12	0	59	47	11
34226	0	3497	3513	3596	7	26	99	92	16
34123	0	3461	3476	3630	38	19	169	131	15
34179	0	3432	3485	3644	33	3	212	179	53
34228	0	3620	3644	3649	5	0	29	24	24
34028	0	3611	3626	3732	4	4	121	117	15
34078	0	3525	3532	3890	57	39	365	308	7
34230	0	3678	3706	3912	38	72	234	196	28
34080	0	3733	3779	3929	23	5	196	173	46
34229	0	3626	3630	4016	77	67	390	313	4
34181	0	3741	3761	4026	20	8	285	265	20
34183	0	3854	3890	4031	13	69	177	164	36
34184	0	3958	4031	4032	1	0	74	73	73
34120	0	3051	3058	4069	50	109	1018	968	7
34030	0	4045	4062	4114	10	13	69	59	17
34129	0	4059	4076	4145	29	10	86	57	17
34081	0	4114	4157	4158	1	0	44	43	43
34130	0	4086	4104	4168	34	2	82	48	18
34082	0	4137	4158	4201	7	23	64	57	21
34127	0	3662	3714	4225	79	94	563	484	52
34128	0	3731	3737	4228	23	26	497	474	6
34029	0	3797	3803	4264	56	10	467	411	6
34186	0	4214	4228	4291	18	27	77	59	14
34185	0	4157	4168	4367	25	11	210	185	11
34132	0	4383	4385	4389	4	0	6	2	2
34131	0	4291	4326	4436	48	0	145	97	35
34084	0	4421	4436	4459	5	0	38	33	15
34188	0	4419	4438	4474	33	0	55	22	19
34032	0	4412	4418	4512	30	9	100	70	6
34033	0	4456	4474	4515	20	0	59	39	18
34237	0	4510	4515	4554	20	12	44	24	5
34236	0	4508	4517	4566	11	27	58	47	9
34238	0	4523	4529	4576	6	4	53	47	6
34085	0	4519	4569	4595	11	8	76	65	50
34083	0	4349	4400	4618	46	1	269	223	51
34239	0	4550	4566	4642	25	21	92	67	16
34189	0	4577	4642	4649	7	0	72	65	65
34187	0	4408	4649	4656	7	0	248	241	241
34134	0	4397	4661	4669	8	0	272	264	264
34234	0	4400	4656	4691	27	0	291	264	256
34235	0	4489	4519	4700	30	89	211	181	30
34231	0	4158	4168	4708	18	18	550	532	10
34135	0	4701	4708	4713	5	0	12	7	7
34233	0	4330	4337	4787	37	0	457	420	7
34190	0	4700	4713	4826	38	13	126	88	13
34191	0	4777	4790	4847	2	9	70	68	13
34137	0	4846	4849	4868	11	0	22	11	3
34242	0	4751	4876	4889	13	0	138	125	125
34136	0	4777	4791	4914	40	27	137	97	14
34034	0	4766	4800	4944	39	56	178	139	34
34086	0	4849	4871	4962	52	5	113	61	22
34031	0	4171	4206	4972	21	22	801	780	35
34192	0	4902	4914	4987	11	27	85	74	12
34133	0	4385	4396	5051	31	6	666	635	11
34138	0	4997	4997	5069	30	0	72	42	0
34241	0	4742	4972	5121	45	35	379	334	230
34087	0	5069	5100	5151	5	34	82	77	31
34240	0	4728	4742	5163	43	38	435	392	14
34243	0	5142	5180	5185	5	0	43	38	38
34195	0	5147	5151	5199	35	0	52	17	4
34194	0	5088	5138	5213	20	7	125	105	50
34140	0	5174	5214	5217	3	0	43	40	40
34193	0	4997	5029	5240	26	0	243	217	32
34089	0	5210	5213	5246	7	24	36	29	3
34139	0	5053	5069	5251	44	5	198	154	16
34141	0	5239	5251	5263	12	0	24	12	12
34092	0	5333	5349	5352	3	0	19	16	16
34037	0	5384	5406	5424	18	0	40	22	22
34090	0	5295	5401	5428	9	0	133	124	106
34142	0	5349	5364	5447	39	5	98	59	15
34143	0	5438	5453	5468	15	0	30	15	15
34036	0	5370	5435	5489	10	25	119	109	65
34088	0	5195	5210	5493	70	75	298	228	15
34038	0	5435	5468	5542	36	14	107	71	33
34197	0	5300	5542	5545	3	0	245	242	242
34035	0	5194	5238	5556	21	0	362	341	44
34196	0	5280	5330	5621	26	0	341	315	50
34144	0	5471	5501	5628	12	73	157	145	30
34039	0	5488	5493	5718	20	80	230	210	5
34118	0	2957	3029	5728	50	44	2771	2721	72
34093	0	5579	5583	5729	54	6	150	96	4
34124	0	3485	5738	5743	5	0	2258	2253	2253
34122	0	3413	3536	5769	51	30	2356	2305	123
34222	0	2785	2818	5787	83	27	3002	2919	33
34040	0	5806	5820	5858	13	10	52	39	14
34227	0	3605	5802	5916	29	31	2311	2282	2197
34198	0	5625	5667	5928	91	49	303	212	42
34079	0	3544	3596	5951	35	77	2407	2372	52
34145	0	5802	5858	6022	12	19	220	208	56
34147	0	5911	6022	6029	7	0	118	111	111
34052	1	296	296	6047	47	0	5751	5704	0
34053	1	497	501	6057	66	0	5560	5494	4
34200	0	6097	6120	6140	13	0	43	30	23
34148	0	6068	6068	6145	49	0	77	28	0
34043	0	6130	6145	6150	5	0	20	15	15
34245	0	6137	6140	6176	3	20	39	36	3
34041	0	6089	6089	6195	30	9	106	76	0
34094	0	6093	6097	6200	11	49	107	96	4
34042	0	6103	6152	6232	21	21	129	108	49
34244	0	6107	6152	6275	30	41	168	138	45
34146	0	5839	5863	6280	31	92	441	410	24
34096	0	6251	6295	6317	22	0	66	44	44
34246	0	6295	6317	6366	18	0	71	53	22
34199	1	5928	5983	6367	34	0	439	405	55
34044	0	6333	6349	6386	33	4	53	20	16
34046	0	6404	6404	6427	8	6	23	15	0
34045	0	6402	6402	6452	27	0	50	23	0
34232	1	4245	4270	6479	66	1	2234	2168	25
34047	0	6410	6410	6500	24	54	90	66	0
34247	0	6484	6484	6509	21	0	25	4	0
34149	0	6505	6509	6512	3	0	7	4	4
34095	0	6198	6202	6524	75	167	326	251	4
34103	1	255	276	6548	72	33	6293	6221	21
34097	0	6505	6505	6568	13	43	63	50	0
34048	0	6579	6579	6592	13	0	13	0	0
34150	0	6549	6549	6616	45	0	67	22	0
34049	0	6619	6619	6628	9	0	9	0	0
34098	0	6665	6665	6707	21	20	42	21	0
34219	1	2495	2600	6714	66	11	4219	4153	105
34091	1	5330	5556	6720	78	57	1390	1312	226
34248	0	6642	6642	6734	41	33	92	51	0
34157	1	403	431	6742	69	5	6339	6270	28
34217	1	2273	5865	6744	54	17	4471	4417	3592
34182	1	3810	3912	6747	76	19	2937	2861	102
34249	0	6778	6778	6805	23	4	27	4	0
34126	1	3661	3678	6838	95	47	3177	3082	17
34050	0	6936	6936	6974	21	0	38	17	0
34250	0	6956	6974	7022	16	0	66	50	18
34099	2	6921	6921	7127	138	40	206	68	0
34100	1	7187	7187	7283	46	50	96	50	0
0	0	0	0	7283	36031	0	7283	-28748	0
