id	priority	createdTime	startedTime	terminatedTime	cpuTime	blockedTime	turnaroundTime	waitingTime	responseTime
34501	0	0	0	4	4	0	4	0	0
34601	0	0	25	27	2	0	27	25	25
34502	0	19	60	90	30	0	71	41	41
34551	0	0	4	91	22	7	91	69	4
34651	0	0	27	128	52	8	128	76	27
34653	0	91	160	167	7	0	76	69	69
34602	0	97	167	168	1	0	71	70	70
34702	0	151	193	212	19	0	61	42	42
34701	0	0	55	215	40	6	215	175	55
34655	0	233	247	249	2	0	16	14	14
34652	0	34	91	266	53	67	232	179	57
34654	0	151	191	269	37	7	118	81	40
34503	0	255	269	382	40	19	127	87	14
34552	0	296	339	419	47	0	123	76	43
34603	0	255	275	531	72	33	276	204	20
34656	0	296	371	532	36	8	236	200	75
34505	0	562	655	684	29	0	122	93	93
34657	0	403	451	746	69	5	343	274	48
34504	0	479	546	751	9	18	272	263	67
34703	0	611	815	842	27	0	231	204	204
34507	0	639	849	868	19	0	229	210	210
34658	0	410	483	883	63	13	473	410	73
34659	0	467	532	903	54	17	436	382	65
34604	0	488	560	918	10	29	430	420	72
34506	0	581	751	921	35	0	340	305	170
34607	0	786	921	925	4	0	139	135	135
34553	0	497	562	927	66	0	430	364	65
34663	0	853	952	966	14	0	113	99	99
34660	0	513	594	975	48	10	462	414	81
34554	0	666	877	1024	21	17	358	337	211
34661	0	700	883	1026	14	3	326	312	183
34608	0	910	1037	1042	5	0	132	127	127
34662	0	842	927	1129	26	5	287	261	85
34609	0	967	1129	1141	12	0	174	162	162
34605	0	664	875	1142	35	6	478	443	211
34508	0	663	868	1151	16	139	488	472	205
34606	0	717	903	1214	44	36	497	453	186
34510	0	929	1051	1241	32	5	312	280	122
34664	0	938	1073	1264	24	1	326	302	135
34706	0	1145	1304	1305	1	0	160	159	159
34555	0	1043	1151	1314	37	1	271	234	108
34665	0	1056	1186	1320	9	2	264	255	130
34705	0	1046	1179	1346	33	20	300	267	133
34666	0	1216	1346	1360	14	0	144	130	130
34556	0	1237	1360	1384	24	0	147	123	123
34509	0	910	1026	1392	36	50	482	446	116
34512	0	1087	1241	1472	28	30	385	357	154
34560	0	1298	1472	1490	18	0	192	174	174
34513	0	1112	1292	1491	8	1	379	371	180
34511	0	953	1096	1493	35	1	540	505	143
34704	0	943	1095	1507	27	21	564	537	152
34514	0	1144	1300	1529	16	20	385	369	156
34708	0	1392	1542	1573	31	0	181	150	150
34557	0	1244	1392	1587	34	6	343	309	148
34611	0	1270	1412	1592	15	2	322	307	142
34558	0	1281	1422	1621	13	28	340	327	141
34561	0	1517	1627	1652	25	0	135	110	110
34707	0	1377	1529	1710	28	27	333	305	152
34559	0	1291	1433	1753	55	6	462	407	142
34667	0	1650	1753	1785	32	0	135	103	103
34564	0	1700	1788	1799	11	0	99	88	88
34612	0	1323	1515	1831	8	42	508	500	192
34709	0	1425	1592	1889	57	24	464	407	167
34565	0	1701	1799	1926	18	7	225	207	98
34562	0	1548	1688	1932	22	8	384	362	140
34669	0	1741	1859	1961	33	5	220	187	118
34563	0	1606	1710	1983	31	39	377	346	104
34668	0	1724	1831	1995	39	50	271	232	107
34610	0	1098	1264	2000	88	46	902	814	166
34614	0	1874	1941	2032	15	8	158	143	67
34613	0	1717	1825	2041	22	44	324	302	108
34566	0	1971	2048	2054	6	0	83	77	77
34710	0	1943	2000	2123	51	2	180	129	57
34670	0	2043	2123	2126	3	0	83	80	80
34515	0	1760	1889	2201	54	22	441	387	129
34567	0	2141	2206	2211	5	0	70	65	65
34516	0	2192	2243	2263	20	0	71	51	51
34714	0	2097	2201	2285	7	19	188	181	104
34713	0	1990	2061	2314	60	6	324	264	71
34715	0	2260	2314	2323	9	0	63	54	54
34712	0	1978	2054	2355	28	39	377	349	76
34711	0	1970	2041	2359	50	68	389	339	71
34569	0	2296	2367	2385	18	0	89	71	71
34517	0	2223	2276	2401	23	29	178	155	53
34615	0	2321	2406	2410	4	0	89	85	85
34716	0	2266	2323	2423	22	10	157	135	57
34519	0	2279	2359	2505	16	8	226	210	80
34520	0	2448	2546	2565	19	0	117	98	98
34518	0	2274	2350	2571	39	9	297	258	76
34717	0	2273	2332	2671	54	17	398	344	59
34671	0	2386	2505	2684	22	7	298	276	119
34672	0	2396	2514	2685	2	10	289	287	118
34720	0	2526	2685	2704	19	0	178	159	159
34572	0	2676	2795	2826	31	0	150	119	119
34674	0	2713	2826	2832	6	0	119	113	113
34571	0	2531	2713	2857	18	2	326	308	182
34521	0	2558	2727	2859	5	2	301	296	169
34616	0	2741	2862	2865	3	0	124	121	121
34721	0	2600	2746	2924	52	0	324	272	146
34718	0	2462	2571	2938	49	3	476	427	109
34723	0	2792	2938	2965	27	0	173	146	146
34570	0	2362	2455	2985	47	25	623	576	93
34523	0	2849	2985	2995	10	0	146	136	136
34522	0	2724	2852	2998	4	5	274	270	128
34573	0	2734	2859	3037	24	12	303	279	125
34568	0	2241	2285	3065	99	59	824	725	44
34673	0	2436	2526	3135	57	109	699	642	90
34676	0	2981	3135	3152	17	0	171	154	154
34619	0	2982	3152	3177	25	0	195	170	170
34719	0	2495	2635	3185	66	11	690	624	140
34675	0	2716	2832	3214	67	39	498	431	116
34617	0	2938	3065	3288	45	4	350	305	127
34677	0	3066	3238	3458	15	14	392	377	172
34574	0	3084	3246	3460	18	3	376	358	162
34725	0	3309	3492	3509	17	0	200	183	183
34724	0	3107	3320	3535	29	16	428	399	213
34526	0	3367	3535	3540	5	0	173	168	168
34722	0	2785	2924	3556	83	27	771	688	139
34678	0	3185	3407	3598	18	3	413	395	222
34577	0	3435	3614	3622	8	0	187	179	179
34621	0	3218	3416	3640	50	0	422	372	198
34624	0	3485	3671	3676	5	0	191	186	186
34527	0	3533	3728	3740	12	0	207	195	195
34620	0	3051	3214	3753	50	109	702	652	163
34576	0	3341	3523	3754	7	9	413	406	182
34625	0	3552	3755	3764	9	0	212	203	203
34618	0	2957	3116	3766	50	44	809	759	159
34679	0	3432	3598	3805	33	3	373	340	166
34728	0	3620	3805	3810	5	0	190	185	185
34680	0	3454	3640	3855	26	10	401	375	186
34623	0	3461	3647	3932	38	19	471	433	186
34726	0	3497	3677	3997	7	26	500	493	180
34525	0	3228	3448	4006	15	61	778	763	220
34578	0	3525	3700	4065	57	39	540	483	175
34528	0	3611	3786	4073	4	4	462	458	175
34622	0	3413	3557	4121	51	30	708	657	144
34684	0	3958	4229	4230	1	0	272	271	271
34524	0	3102	3288	4253	89	27	1151	1062	186
34575	0	3309	3460	4254	66	28	945	879	151
34580	0	3733	4017	4268	23	5	535	512	284
34628	0	3731	4006	4280	23	26	549	526	275
34681	0	3741	4026	4290	20	8	549	529	285
34581	0	4114	4313	4314	1	0	200	199	199
34727	0	3605	3769	4380	29	31	775	746	164
34729	0	3626	3810	4450	77	67	824	747	184
34683	0	3854	4160	4455	13	69	601	588	306
34730	0	3678	3907	4488	38	72	810	772	229
34630	0	4086	4304	4571	34	2	485	451	218
34529	0	3797	4073	4590	56	10	793	737	276
34582	0	4137	4314	4625	7	23	488	481	177
34579	0	3544	3754	4663	35	77	1119	1084	210
34685	0	4157	4350	4677	25	11	520	495	193
34632	0	4383	4677	4681	4	0	298	294	294
34731	0	4158	4361	4694	18	18	536	518	203
34634	0	4397	4694	4702	8	0	305	297	297
34734	0	4400	4706	4733	27	0	333	306	306
34687	0	4408	4733	4740	7	0	332	325	325
34584	0	4421	4781	4786	5	0	365	360	360
34686	0	4214	4386	4789	18	27	575	557	172
34533	0	4456	4804	4824	20	0	368	348	348
34631	0	4291	4488	4922	48	0	631	583	197
34530	0	4045	4290	4924	10	13	879	869	245
34629	0	4059	4295	4932	29	10	873	844	236
34689	0	4577	4933	4940	7	0	363	356	356
34733	0	4330	4590	4945	37	0	615	578	260
34633	0	4385	4681	5006	31	6	621	590	296
34635	0	4701	5038	5043	5	0	342	337	337
34531	0	4171	4380	5054	21	22	883	862	209
34742	0	4751	5095	5108	13	0	357	344	344
34532	0	4412	4740	5129	30	9	717	687	328
34688	0	4419	4749	5168	33	0	749	716	330
34626	0	3661	3855	5173	95	47	1512	1417	194
34637	0	4846	5173	5184	11	0	338	327	327
34732	0	4245	4455	5227	66	1	982	916	210
34737	0	4510	4900	5253	20	12	743	723	390
34585	0	4519	4902	5260	11	8	741	730	383
34736	0	4508	4896	5267	11	27	759	748	388
34738	0	4523	4922	5272	6	4	749	743	399
34739	0	4550	4932	5305	25	21	755	730	382
34583	0	4349	4625	5306	46	1	957	911	276
34682	0	3810	4121	5309	76	19	1499	1423	311
34638	0	4997	5309	5339	30	0	342	312	312
34693	0	4997	5339	5365	26	0	368	342	342
34741	0	4742	5081	5436	45	35	694	649	339
34743	0	5142	5436	5441	5	0	299	294	294
34640	0	5174	5473	5476	3	0	302	299	299
34691	0	4777	5166	5480	2	9	703	701	389
34535	0	5194	5503	5524	21	0	330	309	309
34641	0	5239	5535	5547	12	0	308	296	296
34696	0	5280	5551	5577	26	0	297	271	271
34627	0	3662	3875	5588	79	94	1926	1847	213
34590	0	5295	5588	5597	9	0	302	293	293
34697	0	5300	5597	5600	3	0	300	297	297
34735	0	4489	4856	5609	30	89	1120	1090	367
34592	0	5333	5632	5635	3	0	302	299	299
34690	0	4700	5006	5672	38	13	972	934	306
34537	0	5384	5672	5690	18	0	306	288	288
34639	0	5053	5366	5716	44	5	663	619	313
34694	0	5088	5398	5729	20	7	641	621	310
34587	0	5069	5384	5730	5	34	661	656	315
34740	0	4728	5054	5748	43	38	1020	977	326
34643	0	5438	5748	5763	15	0	325	310	310
34695	0	5147	5441	5775	35	0	628	593	294
34534	0	4766	5129	5803	39	56	1037	998	363
34636	0	4777	5153	5807	40	27	1030	990	376
34586	0	4849	5184	5825	52	5	976	924	335
34589	0	5210	5526	5831	7	24	621	614	316
34692	0	4902	5229	5832	11	27	930	919	327
34642	0	5349	5635	5926	39	5	577	538	286
34536	0	5370	5658	5959	10	25	589	579	288
34538	0	5435	5730	5983	36	14	548	512	295
34644	0	5471	5763	6010	12	73	539	527	292
34539	0	5488	5775	6029	20	80	541	521	287
34647	0	5911	6053	6060	7	0	149	142	142
34645	0	5802	5983	6120	12	19	318	306	181
34540	0	5806	5988	6123	13	10	317	304	182
34588	0	5195	5524	6173	70	75	978	908	329
34700	0	6097	6215	6228	13	0	131	118	118
34699	0	5928	6072	6245	34	0	317	283	144
34591	0	5330	5609	6265	78	57	935	857	279
34543	0	6130	6265	6270	5	0	140	135	135
34593	0	5579	5832	6271	54	6	692	638	253
34648	0	6068	6129	6289	49	0	221	172	61
34541	0	6089	6173	6307	30	9	218	188	84
34646	0	5839	5998	6327	31	92	488	457	159
34594	0	6093	6185	6370	11	49	277	266	92
34596	0	6251	6370	6392	22	0	141	119	119
34542	0	6103	6228	6398	21	21	295	274	125
34744	0	6107	6245	6422	30	41	315	285	138
34745	0	6137	6271	6424	3	20	287	284	134
34746	0	6295	6424	6442	18	0	147	129	129
34698	0	5625	5896	6518	91	49	893	802	271
34545	0	6402	6518	6545	27	0	143	116	116
34544	0	6333	6442	6570	33	4	237	204	109
34747	0	6484	6570	6591	21	0	107	86	86
34649	0	6505	6598	6601	3	0	96	93	93
34546	0	6404	6545	6636	8	6	232	224	141
34548	0	6579	6638	6651	13	0	72	59	59
34549	0	6619	6651	6660	9	0	41	32	32
34650	0	6549	6601	6673	45	0	124	79	52
34597	0	6505	6594	6682	13	43	177	164	89
34547	0	6410	6550	6758	24	54	348	324	140
34598	0	6665	6719	6770	21	20	105	84	54
34748	0	6642	6682	6780	41	33	138	97	40
34749	0	6778	6780	6807	23	4	29	6	2
34595	0	6198	6327	6844	75	167	646	571	129
34550	0	6936	6953	6974	21	0	38	17	17
34750	0	6956	6974	6990	16	0	34	18	18
34599	0	6921	6921	7127	138	40	206	68	0
34600	0	7187	7187	7283	46	50	96	50	0
0	0	0	0	7283	36557	0	7283	-29274	0
