id	priority	createdTime	startedTime	terminatedTime	cpuTime	blockedTime	turnaroundTime	waitingTime	responseTime
35751	0	0	0	4	4	0	4	0	0
35851	0	0	25	27	2	0	27	25	25
35752	0	19	60	90	30	0	71	41	41
35801	0	0	4	91	22	7	91	69	4
35901	0	0	27	128	52	8	128	76	27
35903	0	91	161	168	7	0	77	70	70
35852	0	97	168	169	1	0	72	71	71
35952	0	151	194	213	19	0	62	43	43
35951	0	0	55	215	40	6	215	175	55
35905	0	233	248	250	2	0	17	15	15
35902	0	34	91	267	53	67	233	180	57
35904	0	151	192	269	37	7	118	81	41
35753	0	255	269	384	40	19	129	89	14
35802	0	296	340	419	47	0	123	76	44
35906	0	296	373	452	36	8	156	120	77
35853	0	255	275	534	72	33	279	207	20
35755	0	562	657	686	29	0	124	95	95
35907	0	403	452	749	69	5	346	277	49
35754	0	479	548	754	9	18	275	266	69
35803	0	497	563	820	66	0	323	257	66
35953	0	611	820	847	27	0	236	209	209
35757	0	639	853	872	19	0	233	214	214
35908	0	410	485	887	63	13	477	414	75
35909	0	467	534	916	54	17	449	395	67
35854	0	488	561	921	10	29	433	423	73
35857	0	786	921	925	4	0	139	135	135
35756	0	581	754	927	35	0	346	311	173
35913	0	853	952	966	14	0	113	99	99
35910	0	513	596	975	48	10	462	414	83
35855	0	664	879	1008	35	6	344	309	215
35804	0	666	881	1025	21	17	359	338	215
35911	0	700	887	1027	14	3	327	313	187
35858	0	910	1038	1043	5	0	133	128	128
35912	0	842	927	1131	26	5	289	263	85
35859	0	967	1131	1143	12	0	176	164	164
35758	0	663	872	1152	16	139	489	473	209
35856	0	717	899	1215	44	36	498	454	182
35760	0	929	1052	1242	32	5	313	281	123
35914	0	938	1074	1265	24	1	327	303	136
35761	0	953	1097	1302	35	1	349	314	144
35956	0	1145	1306	1307	1	0	162	161	161
35805	0	1043	1152	1316	37	1	273	236	109
35915	0	1056	1187	1322	9	2	266	257	131
35955	0	1046	1180	1348	33	20	302	269	134
35916	0	1216	1348	1362	14	0	146	132	132
35806	0	1237	1362	1386	24	0	149	125	125
35759	0	910	1027	1394	36	50	484	448	117
35762	0	1087	1242	1475	28	30	388	360	155
35810	0	1298	1475	1493	18	0	195	177	177
35763	0	1112	1293	1494	8	1	382	374	181
35954	0	943	1096	1508	27	21	565	538	153
35764	0	1144	1302	1530	16	20	386	370	158
35958	0	1392	1543	1574	31	0	182	151	151
35807	0	1244	1394	1588	34	6	344	310	150
35861	0	1270	1414	1620	15	2	350	335	144
35808	0	1281	1424	1622	13	28	341	328	143
35811	0	1517	1627	1652	25	0	135	110	110
35957	0	1377	1530	1711	28	27	334	306	153
35809	0	1291	1435	1754	55	6	463	408	144
35917	0	1650	1754	1786	32	0	136	104	104
35814	0	1700	1788	1799	11	0	99	88	88
35862	0	1323	1516	1831	8	42	508	500	193
35959	0	1425	1588	1889	57	24	464	407	163
35815	0	1701	1799	1926	18	7	225	207	98
35812	0	1548	1689	1932	22	8	384	362	141
35919	0	1741	1859	1961	33	5	220	187	118
35813	0	1606	1711	1983	31	39	377	346	105
35918	0	1724	1831	1995	39	50	271	232	107
35860	0	1098	1265	2000	88	46	902	814	167
35864	0	1874	1941	2032	15	8	158	143	67
35863	0	1717	1825	2041	22	44	324	302	108
35816	0	1971	2048	2054	6	0	83	77	77
35960	0	1943	2000	2123	51	2	180	129	57
35920	0	2043	2123	2126	3	0	83	80	80
35765	0	1760	1889	2201	54	22	441	387	129
35817	0	2141	2206	2211	5	0	70	65	65
35766	0	2192	2244	2264	20	0	72	52	52
35964	0	2097	2201	2286	7	19	189	182	104
35963	0	1990	2061	2314	60	6	324	264	71
35965	0	2260	2314	2323	9	0	63	54	54
35962	0	1978	2054	2355	28	39	377	349	76
35961	0	1970	2041	2367	50	68	397	347	71
35819	0	2296	2367	2385	18	0	89	71	71
35767	0	2223	2277	2401	23	29	178	155	54
35865	0	2321	2406	2410	4	0	89	85	85
35966	0	2266	2323	2423	22	10	157	135	57
35769	0	2279	2355	2507	16	8	228	212	76
35770	0	2448	2548	2567	19	0	119	100	100
35768	0	2274	2350	2572	39	9	298	259	76
35967	0	2273	2332	2674	54	17	401	347	59
35921	0	2386	2507	2687	22	7	301	279	121
35970	0	2526	2687	2706	19	0	180	161	161
35922	0	2396	2516	2707	2	10	311	309	120
35822	0	2676	2796	2827	31	0	151	120	120
35924	0	2713	2827	2833	6	0	120	114	114
35821	0	2531	2716	2858	18	2	327	309	185
35771	0	2558	2730	2863	5	2	305	300	172
35866	0	2741	2863	2866	3	0	125	122	122
35971	0	2600	2749	2924	52	0	324	272	149
35968	0	2462	2572	2938	49	3	476	427	110
35973	0	2792	2938	2965	27	0	173	146	146
35820	0	2362	2456	2985	47	25	623	576	94
35773	0	2849	2985	2995	10	0	146	136	136
35772	0	2724	2853	2998	4	5	274	270	129
35823	0	2734	2858	3019	24	12	285	261	124
35818	0	2241	2286	3065	99	59	824	725	45
35923	0	2436	2528	3136	57	109	700	643	92
35926	0	2981	3136	3153	17	0	172	155	155
35869	0	2982	3153	3178	25	0	196	171	171
35969	0	2495	2638	3186	66	11	691	625	143
35925	0	2716	2833	3239	67	39	523	456	117
35867	0	2938	3065	3289	45	4	351	306	127
35927	0	3066	3239	3463	15	14	397	382	173
35824	0	3084	3247	3465	18	3	381	363	163
35975	0	3309	3511	3528	17	0	219	202	202
35974	0	3107	3322	3560	29	16	453	424	215
35776	0	3367	3560	3565	5	0	198	193	193
35972	0	2785	2924	3579	83	27	794	711	139
35928	0	3185	3411	3621	18	3	436	418	226
35827	0	3435	3637	3645	8	0	210	202	202
35868	0	2957	3117	3647	50	44	690	640	160
35871	0	3218	3420	3664	50	0	446	396	202
35874	0	3485	3695	3700	5	0	215	210	210
35870	0	3051	3186	3713	50	109	662	612	135
35777	0	3533	3744	3756	12	0	223	211	211
35825	0	3309	3478	3789	66	28	480	414	169
35875	0	3552	3819	3828	9	0	276	267	267
35826	0	3341	3548	3829	7	9	488	481	207
35978	0	3620	3850	3855	5	0	235	230	230
35929	0	3432	3621	3898	33	3	466	433	189
35930	0	3454	3664	3978	26	10	524	498	210
35873	0	3461	3671	3995	38	19	534	496	210
35775	0	3228	3453	4024	15	61	796	781	225
35976	0	3497	3713	4038	7	26	541	534	216
35828	0	3525	3716	4067	57	39	542	485	191
35774	0	3102	3289	4146	89	27	1044	955	187
35778	0	3611	3846	4148	4	4	537	533	235
35872	0	3413	3579	4179	51	30	766	715	166
35934	0	3958	4240	4241	1	0	283	282	282
35830	0	3733	4006	4271	23	5	538	515	273
35878	0	3731	3995	4283	23	26	552	529	264
35931	0	3741	4024	4293	20	8	552	532	283
35831	0	4114	4310	4311	1	0	197	196	196
35977	0	3605	3829	4383	29	31	778	749	224
35933	0	3854	4148	4409	13	69	555	542	294
35979	0	3626	3855	4457	77	67	831	754	229
35980	0	3678	3951	4490	38	72	812	774	273
35880	0	4086	4302	4574	34	2	488	454	216
35779	0	3797	4067	4593	56	10	796	740	270
35832	0	4137	4316	4629	7	23	492	485	179
35829	0	3544	3789	4672	35	77	1128	1093	245
35935	0	4157	4353	4686	25	11	529	504	196
35882	0	4383	4686	4690	4	0	307	303	303
35981	0	4158	4364	4703	18	18	545	527	206
35884	0	4397	4703	4711	8	0	314	306	306
35984	0	4400	4711	4738	27	0	338	311	311
35937	0	4408	4742	4749	7	0	341	334	334
35938	0	4419	4758	4791	33	0	372	339	339
35834	0	4421	4791	4796	5	0	375	370	370
35936	0	4214	4389	4799	18	27	585	567	175
35783	0	4456	4814	4834	20	0	378	358	358
35881	0	4291	4490	4933	48	0	642	594	199
35780	0	4045	4293	4934	10	13	889	879	248
35879	0	4059	4298	4942	29	10	883	854	239
35939	0	4577	4943	4950	7	0	373	366	366
35983	0	4330	4593	4954	37	0	624	587	263
35833	0	4349	4629	4987	46	1	638	592	280
35932	0	3810	4106	4990	76	19	1180	1104	296
35885	0	4701	5023	5028	5	0	327	322	322
35883	0	4385	4690	5050	31	6	665	634	305
35992	0	4751	5091	5104	13	0	353	340	340
35781	0	4171	4383	5115	21	22	944	923	212
35782	0	4412	4749	5160	30	9	748	718	337
35876	0	3661	3898	5179	95	47	1518	1423	237
35887	0	4846	5179	5190	11	0	344	333	333
35982	0	4245	4457	5232	66	1	987	921	212
35988	0	4523	4917	5245	6	4	722	716	394
35987	0	4510	4911	5263	20	12	753	733	401
35835	0	4519	4913	5270	11	8	751	740	394
35986	0	4508	4907	5277	11	27	769	758	399
35989	0	4550	4942	5310	25	21	760	735	392
35888	0	4997	5310	5340	30	0	343	313	313
35943	0	4997	5340	5366	26	0	369	343	343
35940	0	4700	4990	5371	38	13	671	633	290
35991	0	4742	5077	5441	45	35	699	654	335
35993	0	5142	5441	5446	5	0	304	299	299
35890	0	5174	5482	5485	3	0	311	308	308
35941	0	4777	5173	5486	2	9	709	707	396
35785	0	5194	5509	5530	21	0	336	315	315
35891	0	5239	5541	5553	12	0	314	302	302
35946	0	5280	5557	5583	26	0	303	277	277
35840	0	5295	5583	5592	9	0	297	288	288
35877	0	3662	3918	5603	79	94	1941	1862	256
35947	0	5300	5603	5606	3	0	306	303	303
35985	0	4489	4867	5615	30	89	1126	1096	378
35842	0	5333	5638	5641	3	0	308	305	305
35787	0	5384	5673	5691	18	0	307	289	289
35889	0	5053	5371	5717	44	5	664	620	318
35944	0	5088	5403	5730	20	7	642	622	315
35837	0	5069	5389	5731	5	34	662	657	320
35893	0	5438	5743	5758	15	0	320	305	305
35990	0	4728	5050	5764	43	38	1036	993	322
35945	0	5147	5446	5775	35	0	628	593	299
35784	0	4766	5115	5803	39	56	1037	998	349
35886	0	4777	5160	5807	40	27	1030	990	383
35836	0	4849	5190	5825	52	5	976	924	341
35839	0	5210	5532	5831	7	24	621	614	322
35942	0	4902	5234	5832	11	27	930	919	332
35892	0	5349	5641	5928	39	5	579	540	292
35786	0	5370	5664	5962	10	25	592	582	294
35788	0	5435	5731	5986	36	14	551	515	296
35894	0	5471	5764	6013	12	73	542	530	293
35789	0	5488	5775	6031	20	80	543	523	287
35897	0	5911	6054	6061	7	0	150	143	143
35895	0	5802	5986	6121	12	19	319	307	184
35790	0	5806	5991	6124	13	10	318	305	185
35838	0	5195	5530	6175	70	75	980	910	335
35950	0	6097	6215	6228	13	0	131	118	118
35949	0	5928	6073	6246	34	0	318	284	145
35841	0	5330	5615	6266	78	57	936	858	285
35793	0	6130	6266	6271	5	0	141	136	136
35843	0	5579	5832	6272	54	6	693	639	253
35898	0	6068	6130	6289	49	0	221	172	62
35791	0	6089	6175	6307	30	9	218	188	86
35896	0	5839	6001	6365	31	92	526	495	162
35844	0	6093	6187	6370	11	49	277	266	94
35846	0	6251	6370	6392	22	0	141	119	119
35792	0	6103	6230	6398	21	21	295	274	127
35994	0	6107	6246	6422	30	41	315	285	139
35995	0	6137	6272	6424	3	20	287	284	135
35996	0	6295	6424	6442	18	0	147	129	129
35948	0	5625	5898	6519	91	49	894	803	273
35795	0	6402	6519	6546	27	0	144	117	117
35794	0	6333	6442	6571	33	4	238	205	109
35997	0	6484	6571	6592	21	0	108	87	87
35899	0	6505	6598	6601	3	0	96	93	93
35796	0	6404	6546	6637	8	6	233	225	142
35798	0	6579	6639	6652	13	0	73	60	60
35799	0	6619	6652	6661	9	0	42	33	33
35900	0	6549	6601	6673	45	0	124	79	52
35847	0	6505	6594	6682	13	43	177	164	89
35797	0	6410	6551	6758	24	54	348	324	141
35848	0	6665	6719	6770	21	20	105	84	54
35998	0	6642	6682	6780	41	33	138	97	40
35999	0	6778	6780	6807	23	4	29	6	2
35845	0	6198	6307	6844	75	167	646	571	109
35800	0	6936	6953	6974	21	0	38	17	17
36000	0	6956	6974	6990	16	0	34	18	18
35849	0	6921	6921	7127	138	40	206	68	0
35850	0	7187	7187	7283	46	50	96	50	0
0	0	0	0	7283	37872	0	7283	-30589	0
