id	priority	createdTime	startedTime	terminatedTime	cpuTime	blockedTime	turnaroundTime	waitingTime	responseTime
36001	0	0	0	4	4	0	4	0	0
36101	0	0	25	27	2	0	27	25	25
36002	0	19	60	90	30	0	71	41	41
36153	0	91	136	143	7	0	52	45	45
36102	0	97	143	144	1	0	47	46	46
36051	0	0	4	145	22	7	145	123	4
36151	0	0	27	169	52	8	169	117	27
36202	0	151	171	190	19	0	39	20	20
36155	0	233	246	248	2	0	15	13	13
36154	0	151	169	250	37	7	99	62	18
36201	0	0	55	252	40	6	252	212	55
36152	0	34	123	379	53	67	345	292	89
36156	0	296	359	412	36	8	116	80	63
36004	0	479	492	539	9	18	60	51	13
36104	0	488	496	577	10	29	89	79	8
36005	0	562	577	606	29	0	44	15	15
36203	0	611	639	666	27	0	55	28	28
36007	0	639	666	685	19	0	46	27	27
36105	0	664	692	764	35	6	100	65	28
36054	0	666	694	781	21	17	115	94	28
36107	0	786	803	807	4	0	21	17	17
36161	0	700	781	809	14	3	109	95	81
36003	0	255	255	817	40	19	562	522	0
36006	0	581	606	828	35	0	247	212	25
36008	0	663	685	843	16	139	180	164	22
36106	0	717	793	893	44	36	176	132	76
36163	0	853	893	907	14	0	54	40	40
36162	0	842	843	908	26	5	66	40	1
36108	0	910	928	933	5	0	23	18	18
36109	0	967	1023	1035	12	0	68	56	56
36204	0	943	977	1066	27	21	123	96	34
36165	0	1056	1101	1131	9	2	75	66	45
36205	0	1046	1094	1157	33	20	111	78	48
36013	0	1112	1173	1185	8	1	73	65	61
36206	0	1145	1185	1186	1	0	41	40	40
36009	0	910	917	1194	36	50	284	248	7
36012	0	1087	1104	1201	28	30	114	86	17
36010	0	929	933	1211	32	5	282	250	4
36014	0	1144	1180	1223	16	20	79	63	36
36166	0	1216	1223	1237	14	0	21	7	7
36056	0	1237	1245	1269	24	0	32	8	8
36060	0	1298	1376	1394	18	0	96	78	78
36111	0	1270	1322	1401	15	2	131	116	52
36058	0	1281	1332	1403	13	28	122	109	51
36208	0	1392	1420	1451	31	0	59	28	28
36112	0	1323	1394	1453	8	42	130	122	71
36207	0	1377	1403	1495	28	27	118	90	26
36057	0	1244	1269	1509	34	6	265	231	25
36164	0	938	955	1511	24	1	573	549	17
36061	0	1517	1536	1561	25	0	44	19	19
36055	0	1043	1066	1577	37	1	534	497	23
36011	0	953	978	1588	35	1	635	600	25
36209	0	1425	1453	1593	57	24	168	111	28
36062	0	1548	1561	1599	22	8	51	29	13
36159	0	467	478	1613	54	17	1146	1092	11
36052	0	296	326	1628	47	0	1332	1285	30
36167	0	1650	1660	1692	32	0	42	10	10
36063	0	1606	1613	1714	31	39	108	77	7
36064	0	1700	1714	1725	11	0	25	14	14
36113	0	1717	1742	1821	22	44	104	82	25
36065	0	1701	1725	1823	18	7	122	104	24
36169	0	1741	1783	1839	33	5	98	65	42
36168	0	1724	1746	1881	39	50	157	118	22
36015	0	1760	1800	1895	54	22	135	81	40
36114	0	1874	1881	1906	15	8	32	17	7
36110	0	1098	1157	1911	88	46	813	725	59
36160	0	513	539	1941	48	10	1428	1380	26
36059	0	1291	1343	1958	55	6	667	612	52
36066	0	1971	1986	1992	6	0	21	15	15
36210	0	1943	1958	2030	51	2	87	36	15
36170	0	2043	2095	2098	3	0	55	52	52
36212	0	1978	1992	2144	28	39	166	138	14
36214	0	2097	2098	2146	7	19	49	42	1
36067	0	2141	2146	2151	5	0	10	5	5
36213	0	1990	1999	2164	60	6	174	114	9
36211	0	1970	1979	2168	50	68	198	148	9
36157	0	403	412	2195	69	5	1792	1723	9
36016	0	2192	2195	2215	20	0	23	3	3
36215	0	2260	2274	2283	9	0	23	14	14
36017	0	2223	2243	2299	23	29	76	53	20
36216	0	2266	2299	2339	22	10	73	51	33
36069	0	2296	2348	2366	18	0	70	52	52
36019	0	2279	2340	2407	16	8	128	112	61
36115	0	2321	2407	2411	4	0	90	86	86
36172	0	2396	2430	2465	2	10	69	67	34
36171	0	2386	2421	2478	22	7	92	70	35
36020	0	2448	2498	2517	19	0	69	50	50
36220	0	2526	2583	2602	19	0	76	57	57
36021	0	2558	2616	2654	5	2	96	91	58
36071	0	2531	2602	2658	18	2	127	109	71
36072	0	2676	2691	2722	31	0	46	15	15
36174	0	2713	2722	2728	6	0	15	9	9
36116	0	2741	2752	2755	3	0	14	11	11
36022	0	2724	2748	2758	4	5	34	30	24
36073	0	2734	2749	2795	24	12	61	37	15
36223	0	2792	2798	2825	27	0	33	6	6
36023	0	2849	2876	2886	10	0	37	27	27
36175	0	2716	2728	2932	67	39	216	149	12
36018	0	2274	2339	2942	39	9	668	629	65
36176	0	2981	2987	3004	17	0	23	6	6
36119	0	2982	3004	3029	25	0	47	22	22
36177	0	3066	3095	3132	15	14	66	51	29
36074	0	3084	3132	3215	18	3	131	113	48
36117	0	2938	2942	3241	45	4	303	258	4
36178	0	3185	3204	3250	18	3	65	47	19
36173	0	2436	2478	3290	57	109	854	797	42
36068	0	2241	2250	3318	99	59	1077	978	9
36225	0	3309	3354	3371	17	0	62	45	45
36025	0	3228	3283	3380	15	61	152	137	55
36026	0	3367	3386	3391	5	0	24	19	19
36224	0	3107	3181	3397	29	16	290	261	74
36076	0	3341	3380	3398	7	9	57	50	39
36077	0	3435	3480	3488	8	0	53	45	45
36180	0	3454	3488	3535	26	10	81	55	34
36124	0	3485	3535	3540	5	0	55	50	50
36226	0	3497	3540	3575	7	26	78	71	43
36027	0	3533	3575	3587	12	0	54	42	42
36125	0	3552	3588	3597	9	0	45	36	36
36179	0	3432	3464	3614	33	3	182	149	32
36228	0	3620	3644	3649	5	0	29	24	24
36028	0	3611	3642	3651	4	4	40	36	31
36079	0	3544	3587	3753	35	77	209	174	43
36080	0	3733	3772	3805	23	5	72	49	39
36128	0	3731	3761	3866	23	26	135	112	30
36181	0	3741	3781	3876	20	8	135	115	40
36230	0	3678	3753	3931	38	72	253	215	75
36120	0	3051	3071	3951	50	109	900	850	20
36227	0	3605	3620	3956	29	31	351	322	15
36123	0	3461	3495	3973	38	19	512	474	34
36184	0	3958	3973	3974	1	0	16	15	15
36183	0	3854	3909	4012	13	69	158	145	55
36078	0	3525	3543	4066	57	39	541	484	18
36081	0	4114	4129	4130	1	0	16	15	15
36030	0	4045	4066	4131	10	13	86	76	21
36129	0	4059	4071	4139	29	10	80	51	12
36130	0	4086	4125	4169	34	2	83	49	39
36082	0	4137	4169	4201	7	23	64	57	32
36185	0	4157	4173	4221	25	11	64	39	16
36031	0	4171	4201	4251	21	22	80	59	30
36231	0	4158	4184	4272	18	18	114	96	26
36186	0	4214	4225	4275	18	27	61	43	11
36132	0	4383	4387	4391	4	0	8	4	4
36134	0	4397	4400	4408	8	0	11	3	3
36133	0	4385	4391	4430	31	6	45	14	6
36234	0	4400	4430	4457	27	0	57	30	30
36187	0	4408	4457	4464	7	0	56	49	49
36188	0	4419	4473	4506	33	0	87	54	54
36032	0	4412	4464	4527	30	9	115	85	52
36084	0	4421	4527	4532	5	0	111	106	106
36033	0	4456	4532	4552	20	0	96	76	76
36189	0	4577	4583	4590	7	0	13	6	6
36238	0	4523	4581	4595	6	4	72	66	58
36237	0	4510	4575	4613	20	12	103	83	65
36239	0	4550	4582	4637	25	21	87	62	32
36085	0	4519	4577	4644	11	8	125	114	58
36236	0	4508	4571	4651	11	27	143	132	63
36083	0	4349	4374	4684	46	1	335	289	25
36075	0	3309	3321	4719	66	28	1410	1344	12
36135	0	4701	4752	4757	5	0	56	51	51
36235	0	4489	4552	4793	30	89	304	274	63
36242	0	4751	4807	4820	13	0	69	56	56
36137	0	4846	4858	4869	11	0	23	12	12
36191	0	4777	4857	4870	2	9	93	91	80
36241	0	4742	4793	4956	45	35	214	169	51
36136	0	4777	4844	4967	40	27	190	150	67
36192	0	4902	4919	4986	11	27	84	73	17
36229	0	3626	3651	5012	77	67	1386	1309	25
36138	0	4997	5012	5042	30	0	45	15	15
36193	0	4997	5042	5068	26	0	71	45	45
36034	0	4766	4820	5080	39	56	314	275	54
36086	0	4849	4870	5127	52	5	278	226	21
36194	0	5088	5102	5140	20	7	52	32	14
36087	0	5069	5098	5141	5	34	72	67	29
36240	0	4728	4757	5147	43	38	419	376	29
36243	0	5142	5147	5152	5	0	10	5	5
36140	0	5174	5185	5188	3	0	14	11	11
36139	0	5053	5080	5214	44	5	161	117	27
36035	0	5194	5214	5235	21	0	41	20	20
36190	0	4700	4719	5243	38	13	543	505	19
36141	0	5239	5243	5255	12	0	16	4	4
36118	0	2957	2961	5258	50	44	2301	2251	4
36195	0	5147	5152	5262	35	0	115	80	5
36089	0	5210	5237	5271	7	24	61	54	27
36233	0	4330	4341	5279	37	0	949	912	11
36196	0	5280	5284	5310	26	0	30	4	4
36090	0	5295	5343	5352	9	0	57	48	48
36197	0	5300	5352	5355	3	0	55	52	52
36092	0	5333	5378	5381	3	0	48	45	45
36037	0	5384	5413	5431	18	0	47	29	29
36142	0	5349	5381	5447	39	5	98	59	32
36036	0	5370	5404	5448	10	25	78	68	34
36143	0	5438	5460	5475	15	0	37	22	22
36038	0	5435	5448	5508	36	14	73	37	13
36144	0	5471	5475	5560	12	73	89	77	4
36024	0	3102	3148	5567	89	27	2465	2376	46
36217	0	2273	2308	5578	54	17	3305	3251	35
36070	0	2362	2411	5581	47	25	3219	3172	49
36039	0	5488	5508	5618	20	80	130	110	20
36122	0	3413	3431	5634	51	30	2221	2170	18
36131	0	4291	4308	5697	48	0	1406	1358	17
36121	0	3218	3250	5738	50	0	2520	2470	32
36029	0	3797	3805	5792	56	10	1995	1939	8
36198	0	5625	5634	5821	91	49	196	105	9
36145	0	5802	5821	5861	12	19	59	47	19
36040	0	5806	5826	5864	13	10	58	45	20
36127	0	3662	3697	5875	79	94	2213	2134	35
36221	0	2600	2619	5894	52	0	3294	3242	19
36232	0	4245	4251	5910	66	1	1665	1599	6
36218	0	2462	2517	5921	49	3	3459	3410	55
36147	0	5911	5921	5928	7	0	17	10	10
36146	0	5839	5845	6006	31	92	167	136	6
36199	0	5928	5953	6007	34	0	79	45	25
36091	0	5330	5355	6038	78	57	708	630	25
36219	0	2495	2550	6046	66	11	3551	3485	55
36200	0	6097	6125	6138	13	0	41	28	28
36043	0	6130	6159	6164	5	0	34	29	29
36041	0	6089	6107	6183	30	9	94	64	18
36094	0	6093	6119	6188	11	49	95	84	26
36245	0	6137	6164	6190	3	20	53	50	27
36042	0	6103	6138	6196	21	21	93	72	35
36093	0	5579	5581	6197	54	6	618	564	2
36148	0	6068	6074	6213	49	0	145	96	6
36244	0	6107	6153	6237	30	41	130	100	46
36096	0	6251	6261	6283	22	0	32	10	10
36246	0	6295	6316	6334	18	0	39	21	21
36053	0	497	498	6384	66	0	5887	5821	1
36044	0	6333	6334	6402	33	4	69	36	1
36045	0	6402	6435	6462	27	0	60	33	33
36046	0	6404	6462	6479	8	6	75	67	58
36103	0	255	261	6495	72	33	6240	6168	6
36247	0	6484	6497	6518	21	0	34	13	13
36149	0	6505	6538	6541	3	0	36	33	33
36097	0	6505	6534	6620	13	43	115	102	29
36047	0	6410	6467	6624	24	54	214	190	57
36048	0	6579	6624	6637	13	0	58	45	45
36049	0	6619	6637	6646	9	0	27	18	18
36095	0	6198	6237	6665	75	167	467	392	39
36150	0	6549	6578	6677	45	0	128	83	29
36098	0	6665	6677	6720	21	20	55	34	12
36088	0	5195	5235	6732	70	75	1537	1467	40
36248	0	6642	6646	6752	41	33	110	69	4
36158	0	410	445	6754	63	13	6344	6281	35
36222	0	2785	2795	6775	83	27	3990	3907	10
36182	0	3810	3876	6778	76	19	2968	2892	66
36126	0	3661	3677	6783	95	47	3122	3027	16
36249	0	6778	6783	6810	23	4	32	9	5
36050	0	6936	6953	6974	21	0	38	17	17
36250	0	6956	6974	6990	16	0	34	18	18
36099	0	6921	6921	7127	138	40	206	68	0
36100	0	7187	7187	7283	46	50	96	50	0
0	0	0	0	7283	38135	0	7283	-30852	0
