id	priority	createdTime	startedTime	terminatedTime	cpuTime	blockedTime	turnaroundTime	waitingTime	responseTime
36501	0	0	0	4	4	0	4	0	0
36551	0	0	0	70	22	7	70	48	0
36502	0	19	30	89	30	0	70	40	11
36651	0	0	30	119	52	8	119	67	30
36602	0	97	126	127	1	0	30	29	29
36653	0	91	127	134	7	0	43	36	36
36601	0	0	147	149	2	0	149	147	147
36701	0	0	19	171	40	6	171	131	19
36702	0	151	194	213	19	0	62	43	43
36655	0	233	233	235	2	0	2	0	0
36652	0	34	91	257	53	67	223	170	57
36654	0	151	213	276	37	7	125	88	62
36656	0	296	350	435	36	8	139	103	54
36657	0	403	435	596	69	5	193	124	32
36506	0	581	611	662	35	0	81	46	30
36507	0	639	662	683	19	0	44	25	23
36703	0	611	663	712	27	0	101	74	52
36554	0	666	700	748	21	17	82	61	34
36660	0	513	561	750	48	10	237	189	48
36661	0	700	712	752	14	3	52	38	12
36658	0	410	467	772	63	13	362	299	57
36605	0	664	762	818	35	6	154	119	98
36607	0	786	842	846	4	0	60	56	56
36659	0	467	497	850	54	17	383	329	30
36505	0	562	853	882	29	0	320	291	291
36508	0	663	764	938	16	139	275	259	101
36662	0	842	850	978	26	5	136	110	8
36510	0	929	938	1026	32	5	97	65	9
36609	0	967	978	1033	12	0	66	54	11
36511	0	953	982	1035	35	1	82	47	29
36606	0	717	752	1074	44	36	357	313	35
36665	0	1056	1083	1118	9	2	62	53	27
36705	0	1046	1084	1185	33	20	139	106	38
36706	0	1145	1185	1186	1	0	41	40	40
36513	0	1112	1120	1191	8	1	79	71	8
36664	0	938	1040	1193	24	1	255	231	102
36666	0	1216	1231	1289	14	0	73	59	15
36556	0	1237	1244	1290	24	0	53	29	7
36560	0	1298	1313	1332	18	0	34	16	15
36509	0	910	1100	1344	36	50	434	398	190
36704	0	943	1035	1353	27	21	410	383	92
36558	0	1281	1290	1355	13	28	74	61	9
36611	0	1270	1355	1400	15	2	130	115	85
36553	0	497	519	1416	66	0	919	853	22
36555	0	1043	1193	1434	37	1	391	354	150
36708	0	1392	1420	1469	31	0	77	46	28
36557	0	1244	1367	1483	34	6	239	205	123
36612	0	1323	1377	1485	8	42	162	154	54
36707	0	1377	1400	1500	28	27	123	95	23
36514	0	1144	1186	1512	16	20	368	352	42
36512	0	1087	1091	1527	28	30	440	412	4
36608	0	910	1528	1533	5	0	623	618	618
36561	0	1517	1527	1591	25	0	74	49	10
36663	0	853	909	1669	14	0	816	802	56
36667	0	1650	1672	1705	32	0	55	23	22
36564	0	1700	1715	1733	11	0	33	22	15
36565	0	1701	1709	1780	18	7	79	61	8
36563	0	1606	1619	1851	31	39	245	214	13
36613	0	1717	1741	1865	22	44	148	126	24
36668	0	1724	1737	1911	39	50	187	148	13
36709	0	1425	1440	1922	57	24	497	440	15
36515	0	1760	1769	1926	54	22	166	112	9
36614	0	1874	1905	1937	15	8	63	48	31
36559	0	1291	1365	1960	55	6	669	614	74
36562	0	1548	1606	1983	22	8	435	413	58
36669	0	1741	1787	2009	33	5	268	235	46
36710	0	1943	1963	2054	51	2	111	60	20
36566	0	1971	2003	2059	6	0	88	82	32
36670	0	2043	2089	2092	3	0	49	46	46
36714	0	2097	2111	2138	7	19	41	34	14
36567	0	2141	2155	2160	5	0	19	14	14
36713	0	1990	2002	2185	60	6	195	135	12
36711	0	1970	2004	2189	50	68	219	169	34
36712	0	1978	1990	2191	28	39	213	185	12
36503	0	255	278	2215	40	19	1960	1920	23
36504	0	479	2192	2220	9	18	1741	1732	1713
36516	0	2192	2198	2226	20	0	34	14	6
36604	0	488	2116	2231	10	29	1743	1733	1628
36518	0	2274	2279	2347	39	9	73	34	5
36569	0	2296	2306	2350	18	0	54	36	10
36615	0	2321	2350	2354	4	0	33	29	29
36519	0	2279	2283	2362	16	8	83	67	4
36517	0	2223	2223	2363	23	29	140	117	0
36672	0	2396	2404	2419	2	10	23	21	8
36671	0	2386	2394	2457	22	7	71	49	8
36520	0	2448	2462	2481	19	0	33	14	14
36717	0	2273	2378	2531	54	17	258	204	105
36720	0	2526	2531	2550	19	0	24	5	5
36718	0	2462	2495	2586	49	3	124	75	33
36571	0	2531	2557	2604	18	2	73	55	26
36521	0	2558	2629	2662	5	2	104	99	71
36719	0	2495	2558	2684	66	11	189	123	63
36721	0	2600	2627	2709	52	0	109	57	27
36716	0	2266	2379	2724	22	10	458	436	113
36616	0	2741	2761	2764	3	0	23	20	20
36674	0	2713	2768	2775	6	0	62	56	55
36522	0	2724	2767	2782	4	5	58	54	43
36573	0	2734	2764	2817	24	12	83	59	30
36723	0	2792	2817	2847	27	0	55	28	25
36572	0	2676	2709	2877	31	0	201	170	33
36523	0	2849	2896	2906	10	0	57	47	47
36675	0	2716	2724	2933	67	39	217	150	8
36619	0	2982	3013	3038	25	0	56	31	31
36722	0	2785	2821	3114	83	27	329	246	36
36618	0	2957	2980	3167	50	44	210	160	23
36574	0	3084	3102	3187	18	3	103	85	18
36724	0	3107	3125	3191	29	16	84	55	18
36725	0	3309	3326	3351	17	0	42	25	17
36617	0	2938	2957	3393	45	4	455	410	19
36576	0	3341	3351	3414	7	9	73	66	10
36526	0	3367	3409	3433	5	0	66	61	42
36624	0	3485	3495	3515	5	0	30	25	10
36575	0	3309	3333	3538	66	28	229	163	24
36623	0	3461	3471	3555	38	19	94	56	10
36527	0	3533	3544	3559	12	0	26	14	11
36625	0	3552	3559	3568	9	0	16	7	7
36622	0	3413	3418	3622	51	30	209	158	5
36728	0	3620	3622	3630	5	0	10	5	2
36726	0	3497	3582	3631	7	26	134	127	85
36578	0	3525	3569	3675	57	39	150	93	44
36579	0	3544	3568	3760	35	77	216	181	24
36580	0	3733	3777	3891	23	5	158	135	44
36729	0	3626	3636	3957	77	67	331	254	10
36529	0	3797	3803	3977	56	10	180	124	6
36684	0	3958	3983	3984	1	0	26	25	25
36681	0	3741	3762	3999	20	8	258	238	21
36682	0	3810	3843	4013	76	19	203	127	33
36683	0	3854	3936	4040	13	69	186	173	82
36628	0	3731	4013	4071	23	26	340	317	282
36730	0	3678	3731	4076	38	72	398	360	53
36581	0	4114	4120	4121	1	0	7	6	6
36530	0	4045	4080	4123	10	13	78	68	35
36630	0	4086	4098	4199	34	2	113	79	12
36731	0	4158	4214	4263	18	18	105	87	56
36626	0	3661	4081	4289	95	47	628	533	420
36686	0	4214	4235	4296	18	27	82	64	21
36531	0	4171	4209	4341	21	22	170	149	38
36733	0	4330	4349	4388	37	0	58	21	19
36732	0	4245	4263	4389	66	1	144	78	18
36632	0	4383	4397	4402	4	0	19	15	14
36634	0	4397	4407	4419	8	0	22	14	10
36734	0	4400	4402	4439	27	0	39	12	2
36584	0	4421	4446	4451	5	0	30	25	25
36688	0	4419	4451	4485	33	0	66	33	32
36687	0	4408	4455	4510	7	0	102	95	47
36533	0	4456	4489	4515	20	0	59	39	33
36532	0	4412	4419	4572	30	9	160	130	7
36736	0	4508	4510	4590	11	27	82	71	2
36689	0	4577	4610	4617	7	0	40	33	33
36739	0	4550	4572	4631	25	21	81	56	22
36680	0	3454	4564	4650	26	10	1196	1170	1110
36735	0	4489	4517	4690	30	89	201	171	28
36633	0	4385	4389	4699	31	6	314	283	4
36585	0	4519	4651	4734	11	8	215	204	132
36583	0	4349	4655	4739	46	1	390	344	306
36635	0	4701	4742	4747	5	0	46	41	41
36742	0	4751	4766	4779	13	0	28	15	15
36691	0	4777	4798	4837	2	9	60	58	21
36741	0	4742	4751	4874	45	35	132	87	9
36737	0	4510	4515	4884	20	12	374	354	5
36534	0	4766	4799	4953	39	56	187	148	33
36636	0	4777	4799	4958	40	27	181	141	22
36637	0	4846	4961	4972	11	0	126	115	115
36738	0	4523	4650	4986	6	4	463	457	127
36586	0	4849	4902	5019	52	5	170	118	53
36692	0	4902	4937	5038	11	27	136	125	35
36693	0	4997	5038	5067	26	0	70	44	41
36638	0	4997	5050	5148	30	0	151	121	53
36639	0	5053	5069	5149	44	5	96	52	16
36743	0	5142	5174	5179	5	0	37	32	32
36695	0	5147	5149	5189	35	0	42	7	2
36640	0	5174	5189	5192	3	0	18	15	15
36587	0	5069	5088	5193	5	34	124	119	19
36694	0	5088	5092	5207	20	7	119	99	4
36690	0	4700	4981	5213	38	13	513	475	281
36535	0	5194	5214	5235	21	0	41	20	20
36631	0	4291	5235	5307	48	0	1016	968	944
36697	0	5300	5330	5333	3	0	33	30	30
36679	0	3432	3435	5402	33	3	1970	1937	3
36642	0	5349	5370	5468	39	5	119	80	21
36537	0	5384	5415	5473	18	0	89	71	31
36536	0	5370	5420	5474	10	25	104	94	50
36588	0	5195	5210	5475	70	75	280	210	15
36643	0	5438	5475	5502	15	0	64	49	37
36592	0	5333	5505	5508	3	0	175	172	172
36590	0	5295	5579	5588	9	0	293	284	284
36538	0	5435	5488	5597	36	14	162	126	53
36685	0	4157	5238	5641	25	11	1484	1459	1081
36644	0	5471	5555	5661	12	73	190	178	84
36539	0	5488	5502	5685	20	80	197	177	14
36696	0	5280	5685	5711	26	0	431	405	405
36593	0	5579	5597	5724	54	6	145	91	18
36641	0	5239	5724	5736	12	0	497	485	485
36589	0	5210	5213	5742	7	24	532	525	3
36627	0	3662	3678	5777	79	94	2115	2036	16
36629	0	4059	4076	5805	29	10	1746	1717	17
36582	0	4137	5742	5821	7	23	1684	1677	1605
36528	0	3611	3639	5838	4	4	2227	2223	28
36620	0	3051	3211	5853	50	109	2802	2752	160
36540	0	5806	5821	5858	13	10	52	39	15
36645	0	5802	5831	5878	12	19	76	64	29
36740	0	4728	4739	5903	43	38	1175	1132	11
36647	0	5911	5920	5927	7	0	16	9	9
36698	0	5625	5661	5933	91	49	308	217	36
36676	0	2981	5933	5950	17	0	2969	2952	2952
36699	0	5928	5950	5984	34	0	56	22	22
36727	0	3605	5839	5989	29	31	2384	2355	2234
36673	0	2436	2713	5993	57	109	3557	3500	277
36524	0	3102	3128	6000	89	27	2898	2809	26
36677	0	3066	3193	6010	15	14	2944	2929	127
36577	0	3435	3454	6011	8	0	2576	2568	19
36715	0	2260	2260	6020	9	0	3760	3751	0
36678	0	3185	3191	6026	18	3	2841	2823	6
36646	0	5839	5903	6068	31	92	229	198	64
36525	0	3228	3244	6077	15	61	2849	2834	16
36543	0	6130	6156	6161	5	0	31	26	26
36594	0	6093	6107	6169	11	49	76	65	14
36700	0	6097	6161	6181	13	0	84	71	64
36541	0	6089	6093	6197	30	9	108	78	4
36542	0	6103	6123	6204	21	21	101	80	20
36745	0	6137	6155	6205	3	20	68	65	18
36570	0	2362	2363	6245	47	25	3883	3836	1
36744	0	6107	6117	6262	30	41	155	125	10
36596	0	6251	6262	6284	22	0	33	11	11
36568	0	2241	2241	6361	99	59	4120	4021	0
36746	0	6295	6317	6374	18	0	79	61	22
36648	0	6068	6077	6432	49	0	364	315	9
36545	0	6402	6404	6453	27	0	51	24	2
36546	0	6404	6455	6469	8	6	65	57	51
36544	0	6333	6374	6484	33	4	151	118	41
36649	0	6505	6507	6510	3	0	5	2	2
36747	0	6484	6484	6535	21	0	51	30	0
36547	0	6410	6453	6539	24	54	129	105	43
36597	0	6505	6522	6578	13	43	73	60	17
36548	0	6579	6579	6592	13	0	13	0	0
36549	0	6619	6619	6628	9	0	9	0	0
36650	0	6549	6549	6629	45	0	80	35	0
36595	0	6198	6205	6636	75	167	438	363	7
36621	1	3218	3263	6640	50	0	3422	3372	45
36552	1	296	296	6664	47	0	6368	6321	0
36748	0	6642	6642	6716	41	33	74	33	0
36598	0	6665	6665	6728	21	20	63	42	0
36591	1	5330	5333	6776	78	57	1446	1368	3
36749	0	6778	6778	6805	23	4	27	4	0
36603	1	255	276	6807	72	33	6552	6480	21
36610	1	1098	1111	6812	88	46	5714	5626	13
36550	0	6936	6936	6974	21	0	38	17	0
36750	0	6956	6974	7024	16	0	68	52	18
36599	2	6921	6921	7127	138	40	206	68	0
36600	0	7187	7187	7283	46	50	96	50	0
0	0	0	0	7283	38661	0	7283	-31378	0
