id	priority	createdTime	startedTime	terminatedTime	cpuTime	blockedTime	turnaroundTime	waitingTime	responseTime
37001	0	0	0	4	4	0	4	0	0
37101	0	0	25	27	2	0	27	25	25
37002	0	19	60	90	30	0	71	41	41
37051	0	0	4	91	22	7	91	69	4
37151	0	0	27	128	52	8	128	76	27
37153	0	91	162	169	7	0	78	71	71
37102	0	97	169	170	1	0	73	72	72
37202	0	151	195	214	19	0	63	44	44
37201	0	0	55	215	40	6	215	175	55
37155	0	233	249	251	2	0	18	16	16
37152	0	34	91	268	53	67	234	181	57
37154	0	151	193	269	37	7	118	81	42
37003	0	255	269	386	40	19	131	91	14
37052	0	296	341	419	47	0	123	76	45
37156	0	296	375	452	36	8	156	120	79
37103	0	255	275	536	72	33	281	209	20
37005	0	562	659	688	29	0	126	97	97
37157	0	403	452	752	69	5	349	280	49
37004	0	479	550	757	9	18	278	269	71
37053	0	497	564	823	66	0	326	260	67
37203	0	611	823	850	27	0	239	212	212
37007	0	639	855	874	19	0	235	216	216
37158	0	410	486	889	63	13	479	416	76
37104	0	488	562	916	10	29	428	418	74
37159	0	467	536	922	54	17	455	401	69
37107	0	786	922	926	4	0	140	136	136
37006	0	581	757	927	35	0	346	311	176
37163	0	853	952	966	14	0	113	99	99
37160	0	513	598	975	48	10	462	414	85
37105	0	664	881	1008	35	6	344	309	217
37054	0	666	883	1025	21	17	359	338	217
37161	0	700	889	1027	14	3	327	313	189
37108	0	910	1038	1043	5	0	133	128	128
37162	0	842	927	1131	26	5	289	263	85
37109	0	967	1131	1143	12	0	176	164	164
37008	0	663	874	1152	16	139	489	473	211
37106	0	717	901	1215	44	36	498	454	184
37010	0	929	1052	1242	32	5	313	281	123
37164	0	938	1074	1265	24	1	327	303	136
37011	0	953	1097	1302	35	1	349	314	144
37206	0	1145	1306	1307	1	0	162	161	161
37055	0	1043	1152	1316	37	1	273	236	109
37165	0	1056	1187	1322	9	2	266	257	131
37205	0	1046	1180	1348	33	20	302	269	134
37166	0	1216	1348	1362	14	0	146	132	132
37056	0	1237	1362	1386	24	0	149	125	125
37009	0	910	1027	1394	36	50	484	448	117
37012	0	1087	1242	1476	28	30	389	361	155
37060	0	1298	1476	1494	18	0	196	178	178
37013	0	1112	1293	1495	8	1	383	375	181
37204	0	943	1096	1509	27	21	566	539	153
37014	0	1144	1302	1531	16	20	387	371	158
37208	0	1392	1544	1575	31	0	183	152	152
37057	0	1244	1394	1589	34	6	345	311	150
37111	0	1270	1414	1621	15	2	351	336	144
37058	0	1281	1424	1623	13	28	342	329	143
37061	0	1517	1627	1652	25	0	135	110	110
37207	0	1377	1531	1712	28	27	335	307	154
37059	0	1291	1435	1755	55	6	464	409	144
37167	0	1650	1755	1787	32	0	137	105	105
37064	0	1700	1788	1799	11	0	99	88	88
37112	0	1323	1517	1831	8	42	508	500	194
37209	0	1425	1589	1889	57	24	464	407	164
37065	0	1701	1799	1926	18	7	225	207	98
37062	0	1548	1690	1932	22	8	384	362	142
37169	0	1741	1859	1961	33	5	220	187	118
37063	0	1606	1712	1983	31	39	377	346	106
37168	0	1724	1831	1995	39	50	271	232	107
37110	0	1098	1265	2000	88	46	902	814	167
37114	0	1874	1941	2032	15	8	158	143	67
37113	0	1717	1825	2041	22	44	324	302	108
37066	0	1971	2048	2054	6	0	83	77	77
37210	0	1943	2000	2123	51	2	180	129	57
37170	0	2043	2123	2126	3	0	83	80	80
37015	0	1760	1889	2201	54	22	441	387	129
37067	0	2141	2206	2211	5	0	70	65	65
37016	0	2192	2245	2265	20	0	73	53	53
37214	0	2097	2201	2287	7	19	190	183	104
37213	0	1990	2061	2314	60	6	324	264	71
37215	0	2260	2314	2323	9	0	63	54	54
37212	0	1978	2054	2363	28	39	385	357	76
37211	0	1970	2041	2367	50	68	397	347	71
37069	0	2296	2367	2385	18	0	89	71	71
37017	0	2223	2278	2401	23	29	178	155	55
37115	0	2321	2406	2410	4	0	89	85	85
37216	0	2266	2323	2423	22	10	157	135	57
37019	0	2279	2351	2509	16	8	230	214	72
37020	0	2448	2550	2569	19	0	121	102	102
37018	0	2274	2350	2573	39	9	299	260	76
37217	0	2273	2332	2677	54	17	404	350	59
37171	0	2386	2509	2690	22	7	304	282	123
37220	0	2526	2690	2709	19	0	183	164	164
37172	0	2396	2518	2710	2	10	314	312	122
37070	0	2362	2457	2793	47	25	431	384	95
37072	0	2676	2800	2831	31	0	155	124	124
37174	0	2713	2831	2837	6	0	124	118	118
37071	0	2531	2710	2862	18	2	331	313	179
37021	0	2558	2733	2867	5	2	309	304	175
37116	0	2741	2867	2870	3	0	129	126	126
37221	0	2600	2752	2930	52	0	330	278	152
37223	0	2792	2930	2957	27	0	165	138	138
37218	0	2462	2573	2968	49	3	506	457	111
37023	0	2849	2985	2995	10	0	146	136	136
37022	0	2724	2857	2998	4	5	274	270	133
37073	0	2734	2862	3019	24	12	285	261	128
37068	0	2241	2287	3065	99	59	824	725	46
37173	0	2436	2530	3137	57	109	701	644	94
37176	0	2981	3137	3154	17	0	173	156	156
37119	0	2982	3154	3179	25	0	197	172	172
37219	0	2495	2641	3187	66	11	692	626	146
37175	0	2716	2837	3240	67	39	524	457	121
37117	0	2938	3065	3290	45	4	352	307	127
37177	0	3066	3240	3466	15	14	400	385	174
37074	0	3084	3248	3468	18	3	384	366	164
37225	0	3309	3514	3531	17	0	222	205	205
37224	0	3107	3323	3563	29	16	456	427	216
37026	0	3367	3563	3568	5	0	201	196	196
37222	0	2785	2909	3580	83	27	795	712	124
37178	0	3185	3413	3623	18	3	438	420	228
37077	0	3435	3639	3647	8	0	212	204	204
37118	0	2957	3118	3649	50	44	692	642	161
37121	0	3218	3422	3672	50	0	454	404	204
37124	0	3485	3696	3701	5	0	216	211	211
37120	0	3051	3187	3714	50	109	663	613	136
37027	0	3533	3745	3757	12	0	224	212	212
37075	0	3309	3481	3790	66	28	481	415	172
37125	0	3552	3791	3800	9	0	248	239	239
37076	0	3341	3551	3830	7	9	489	482	210
37228	0	3620	3850	3855	5	0	235	230	230
37179	0	3432	3623	3898	33	3	466	433	191
37180	0	3454	3649	3971	26	10	517	491	195
37123	0	3461	3672	3996	38	19	535	497	211
37025	0	3228	3456	4035	15	61	807	792	228
37226	0	3497	3714	4039	7	26	542	535	217
37078	0	3525	3717	4068	57	39	543	486	192
37024	0	3102	3290	4149	89	27	1047	958	188
37028	0	3611	3847	4151	4	4	540	536	236
37122	0	3413	3580	4182	51	30	769	718	167
37184	0	3958	4243	4244	1	0	286	285	285
37080	0	3733	4007	4258	23	5	525	502	274
37128	0	3731	3996	4286	23	26	555	532	265
37181	0	3741	4016	4296	20	8	555	535	275
37081	0	4114	4312	4313	1	0	199	198	198
37227	0	3605	3830	4384	29	31	779	750	225
37183	0	3854	4151	4410	13	69	556	543	297
37229	0	3626	3855	4457	77	67	831	754	229
37230	0	3678	3971	4524	38	72	846	808	293
37130	0	4086	4305	4575	34	2	489	455	219
37029	0	3797	4068	4594	56	10	797	741	271
37082	0	4137	4318	4631	7	23	494	487	181
37079	0	3544	3790	4674	35	77	1130	1095	246
37185	0	4157	4354	4688	25	11	531	506	197
37132	0	4383	4688	4692	4	0	309	305	305
37134	0	4397	4701	4709	8	0	312	304	304
37231	0	4158	4365	4713	18	18	555	537	207
37234	0	4400	4713	4740	27	0	340	313	313
37187	0	4408	4744	4751	7	0	343	336	336
37188	0	4419	4760	4793	33	0	374	341	341
37084	0	4421	4793	4798	5	0	377	372	372
37186	0	4214	4390	4801	18	27	587	569	176
37033	0	4456	4816	4836	20	0	380	360	360
37131	0	4291	4476	4930	48	0	639	591	185
37030	0	4045	4296	4936	10	13	891	881	251
37129	0	4059	4301	4945	29	10	886	857	242
37189	0	4577	4945	4952	7	0	375	368	368
37233	0	4330	4594	4955	37	0	625	588	264
37083	0	4349	4631	4988	46	1	639	593	282
37182	0	3810	4108	4991	76	19	1181	1105	298
37135	0	4701	5024	5029	5	0	328	323	323
37133	0	4385	4692	5051	31	6	666	635	307
37242	0	4751	5092	5105	13	0	354	341	341
37031	0	4171	4384	5116	21	22	945	924	213
37032	0	4412	4751	5161	30	9	749	719	339
37126	0	3661	3898	5180	95	47	1519	1424	237
37137	0	4846	5180	5191	11	0	345	334	334
37232	0	4245	4457	5232	66	1	987	921	212
37237	0	4510	4914	5258	20	12	748	728	404
37238	0	4523	4934	5263	6	4	740	734	411
37236	0	4508	4910	5270	11	27	762	751	402
37085	0	4519	4930	5277	11	8	758	747	411
37239	0	4550	4936	5310	25	21	760	735	386
37138	0	4997	5310	5340	30	0	343	313	313
37193	0	4997	5340	5366	26	0	369	343	343
37190	0	4700	4991	5371	38	13	671	633	291
37241	0	4742	5078	5441	45	35	699	654	336
37243	0	5142	5441	5446	5	0	304	299	299
37140	0	5174	5483	5486	3	0	312	309	309
37191	0	4777	5174	5487	2	9	710	708	397
37035	0	5194	5510	5531	21	0	337	316	316
37141	0	5239	5542	5554	12	0	315	303	303
37196	0	5280	5558	5584	26	0	304	278	278
37090	0	5295	5584	5593	9	0	298	289	289
37127	0	3662	3918	5604	79	94	1942	1863	256
37197	0	5300	5604	5607	3	0	307	304	304
37235	0	4489	4870	5616	30	89	1127	1097	381
37092	0	5333	5639	5642	3	0	309	306	306
37037	0	5384	5674	5692	18	0	308	290	290
37139	0	5053	5371	5718	44	5	665	621	318
37194	0	5088	5403	5731	20	7	643	623	315
37087	0	5069	5389	5732	5	34	663	658	320
37143	0	5438	5744	5759	15	0	321	306	306
37240	0	4728	5051	5765	43	38	1037	994	323
37195	0	5147	5446	5775	35	0	628	593	299
37034	0	4766	5116	5803	39	56	1037	998	350
37136	0	4777	5161	5807	40	27	1030	990	384
37086	0	4849	5191	5825	52	5	976	924	342
37089	0	5210	5533	5831	7	24	621	614	323
37192	0	4902	5234	5832	11	27	930	919	332
37142	0	5349	5642	5930	39	5	581	542	293
37036	0	5370	5665	5965	10	25	595	585	295
37038	0	5435	5732	5989	36	14	554	518	297
37144	0	5471	5765	6016	12	73	545	533	294
37039	0	5488	5775	6033	20	80	545	525	287
37147	0	5911	6055	6062	7	0	151	144	144
37199	0	5928	6074	6108	34	0	180	146	146
37145	0	5802	5989	6122	12	19	320	308	187
37040	0	5806	5994	6125	13	10	319	306	188
37088	0	5195	5531	6177	70	75	982	912	336
37200	0	6097	6195	6208	13	0	111	98	98
37091	0	5330	5616	6267	78	57	937	859	286
37043	0	6130	6267	6272	5	0	142	137	137
37093	0	5579	5832	6273	54	6	694	640	253
37148	0	6068	6131	6289	49	0	221	172	63
37041	0	6089	6177	6331	30	9	242	212	88
37146	0	5839	6004	6351	31	92	512	481	165
37094	0	6093	6189	6370	11	49	277	266	96
37096	0	6251	6370	6392	22	0	141	119	119
37042	0	6103	6232	6398	21	21	295	274	129
37244	0	6107	6247	6422	30	41	315	285	140
37245	0	6137	6273	6424	3	20	287	284	136
37246	0	6295	6424	6442	18	0	147	129	129
37198	0	5625	5900	6520	91	49	895	804	275
37045	0	6402	6520	6547	27	0	145	118	118
37247	0	6484	6555	6576	21	0	92	71	71
37044	0	6333	6476	6594	33	4	261	228	143
37149	0	6505	6598	6601	3	0	96	93	93
37046	0	6404	6547	6638	8	6	234	226	143
37048	0	6579	6638	6651	13	0	72	59	59
37049	0	6619	6660	6669	9	0	50	41	41
37150	0	6549	6601	6680	45	0	131	86	52
37097	0	6505	6594	6689	13	43	184	171	89
37047	0	6410	6552	6762	24	54	352	328	142
37098	0	6665	6719	6770	21	20	105	84	54
37248	0	6642	6689	6794	41	33	152	111	47
37249	0	6778	6778	6806	23	4	28	5	0
37095	0	6198	6289	6818	75	167	620	545	91
37050	0	6936	6953	6974	21	0	38	17	17
37250	0	6956	6974	6990	16	0	34	18	18
37099	0	6921	6921	7127	138	40	206	68	0
37100	0	7187	7187	7283	46	50	96	50	0
0	0	0	0	7283	39187	0	7283	-31904	0
