id	priority	createdTime	startedTime	terminatedTime	cpuTime	blockedTime	turnaroundTime	waitingTime	responseTime
39751	0	0	0	4	4	0	4	0	0
39851	0	0	25	27	2	0	27	25	25
39752	0	19	60	90	30	0	71	41	41
39951	0	0	55	125	40	6	125	85	55
39903	0	91	138	145	7	0	54	47	47
39852	0	97	145	146	1	0	49	48	48
39801	0	0	4	147	22	7	147	125	4
39901	0	0	27	171	52	8	171	119	27
39952	0	151	173	192	19	0	41	22	22
39904	0	151	171	227	37	7	76	39	20
39905	0	233	250	252	2	0	19	17	17
39802	0	296	347	394	47	0	98	51	51
39902	0	34	125	414	53	67	380	327	91
39906	0	296	394	447	36	8	151	115	98
39803	0	497	570	636	66	0	139	73	73
39754	0	479	564	644	9	18	165	156	85
39854	0	488	568	688	10	29	200	190	80
39755	0	562	688	717	29	0	155	126	126
39756	0	581	717	752	35	0	171	136	136
39953	0	611	752	779	27	0	168	141	141
39757	0	639	779	798	19	0	159	140	140
39855	0	664	805	856	35	6	192	157	141
39804	0	666	807	873	21	17	207	186	141
39857	0	786	883	887	4	0	101	97	97
39913	0	853	912	926	14	0	73	59	59
39758	0	663	798	955	16	139	292	276	135
39858	0	910	955	960	5	0	50	45	45
39856	0	717	873	985	44	36	268	224	156
39859	0	967	1075	1087	12	0	120	108	108
39954	0	943	1029	1118	27	21	175	148	86
39915	0	1056	1153	1183	9	2	127	118	97
39955	0	1046	1146	1209	33	20	163	130	100
39763	0	1112	1225	1237	8	1	125	117	113
39956	0	1145	1237	1238	1	0	93	92	92
39916	0	1216	1238	1252	14	0	36	22	22
39806	0	1237	1252	1276	24	0	39	15	15
39764	0	1144	1232	1288	16	20	144	128	88
39810	0	1298	1367	1385	18	0	87	69	69
39861	0	1270	1308	1390	15	2	120	105	38
39808	0	1281	1318	1394	13	28	113	100	37
39958	0	1392	1411	1442	31	0	50	19	19
39862	0	1323	1390	1444	8	42	121	113	67
39911	0	700	811	1473	14	3	773	759	111
39957	0	1377	1394	1488	28	27	111	83	17
39909	0	467	550	1528	54	17	1061	1007	83
39811	0	1517	1528	1553	25	0	36	11	11
39759	0	910	935	1568	36	50	658	622	25
39812	0	1548	1553	1591	22	8	43	21	5
39762	0	1087	1156	1634	28	30	547	519	69
39807	0	1244	1288	1648	34	6	404	370	44
39760	0	929	985	1658	32	5	729	697	56
39917	0	1650	1658	1690	32	0	40	8	8
39914	0	938	1007	1700	24	1	762	738	69
39753	0	255	255	1708	40	19	1453	1413	0
39813	0	1606	1626	1730	31	39	124	93	20
39814	0	1700	1730	1741	11	0	41	30	30
39863	0	1717	1758	1837	22	44	120	98	41
39815	0	1701	1741	1839	18	7	138	120	40
39919	0	1741	1799	1855	33	5	114	81	58
39912	0	842	887	1891	26	5	1049	1023	45
39864	0	1874	1886	1927	15	8	53	38	12
39765	0	1760	1816	1937	54	22	177	123	56
39805	0	1043	1118	1946	37	1	903	866	75
39918	0	1724	1762	1978	39	50	254	215	38
39816	0	1971	1985	1991	6	0	20	14	14
39960	0	1943	1946	2029	51	2	86	35	3
39920	0	2043	2094	2097	3	0	54	51	51
39963	0	1990	1998	2143	60	6	153	93	8
39962	0	1978	1991	2147	28	39	169	141	13
39964	0	2097	2101	2149	7	19	52	45	4
39817	0	2141	2149	2154	5	0	13	8	8
39761	0	953	1030	2165	35	1	1212	1177	77
39959	0	1425	1444	2170	57	24	745	688	19
39961	0	1970	1978	2174	50	68	204	154	8
39766	0	2192	2198	2218	20	0	26	6	6
39860	0	1098	1209	2223	88	46	1125	1037	111
39910	0	513	644	2232	48	10	1719	1671	131
39809	0	1291	1329	2256	55	6	965	910	38
39767	0	2223	2232	2296	23	29	73	50	9
39965	0	2260	2296	2305	9	0	45	36	36
39966	0	2266	2305	2345	22	10	79	57	39
39819	0	2296	2354	2372	18	0	76	58	58
39768	0	2274	2345	2410	39	9	136	97	71
39769	0	2279	2346	2418	16	8	139	123	67
39865	0	2321	2418	2422	4	0	101	97	97
39922	0	2396	2441	2463	2	10	67	65	45
39921	0	2386	2432	2476	22	7	90	68	46
39770	0	2448	2510	2529	19	0	81	62	62
39970	0	2526	2608	2627	19	0	101	82	82
39971	0	2600	2644	2696	52	0	96	44	44
39771	0	2558	2641	2698	5	2	140	135	83
39822	0	2676	2698	2729	31	0	53	22	22
39924	0	2713	2729	2735	6	0	22	16	16
39866	0	2741	2759	2762	3	0	21	18	18
39772	0	2724	2755	2765	4	5	41	37	31
39821	0	2531	2627	2769	18	2	238	220	96
39967	0	2273	2314	2805	54	17	532	478	41
39823	0	2734	2756	2826	24	12	92	68	22
39973	0	2792	2829	2856	27	0	64	37	37
39773	0	2849	2856	2866	10	0	17	7	7
39972	0	2785	2826	2946	83	27	161	78	41
39867	0	2938	2946	3006	45	4	68	23	8
39926	0	2981	3006	3023	17	0	42	25	25
39869	0	2982	3023	3048	25	0	66	41	41
39927	0	3066	3105	3136	15	14	70	55	39
39824	0	3084	3113	3203	18	3	119	101	29
39928	0	3185	3192	3228	18	3	43	25	7
39871	0	3218	3228	3278	50	0	60	10	10
39775	0	3228	3278	3361	15	61	133	118	50
39975	0	3309	3361	3378	17	0	69	52	52
39776	0	3367	3384	3389	5	0	22	17	17
39974	0	3107	3169	3395	29	16	288	259	62
39826	0	3341	3378	3396	7	9	55	48	37
39925	0	2716	2735	3425	67	39	709	642	19
39827	0	3435	3476	3484	8	0	49	41	41
39930	0	3454	3484	3531	26	10	77	51	30
39874	0	3485	3531	3536	5	0	51	46	46
39976	0	3497	3536	3571	7	26	74	67	39
39777	0	3533	3571	3583	12	0	50	38	38
39875	0	3552	3584	3593	9	0	41	32	32
39929	0	3432	3460	3610	33	3	178	145	28
39978	0	3620	3640	3645	5	0	25	20	20
39778	0	3611	3638	3647	4	4	36	32	27
39829	0	3544	3583	3752	35	77	208	173	39
39830	0	3733	3771	3804	23	5	71	48	38
39878	0	3731	3760	3869	23	26	138	115	29
39931	0	3741	3780	3879	20	8	138	118	39
39980	0	3678	3752	3967	38	72	289	251	74
39934	0	3958	3967	3968	1	0	10	9	9
39873	0	3461	3491	3992	38	19	531	493	30
39977	0	3605	3616	3997	29	31	392	363	11
39933	0	3854	3945	4057	13	69	203	190	91
39923	0	2436	2442	4070	57	109	1634	1577	6
39780	0	4045	4057	4101	10	13	56	46	12
39880	0	4086	4091	4131	34	2	45	11	5
39831	0	4114	4131	4132	1	0	18	17	17
39879	0	4059	4062	4164	29	10	105	76	3
39832	0	4137	4143	4178	7	23	41	34	6
39935	0	4157	4164	4212	25	11	55	30	7
39781	0	4171	4192	4249	21	22	78	57	21
39981	0	4158	4178	4285	18	18	127	109	20
39982	0	4245	4264	4334	66	1	89	23	19
39881	0	4291	4334	4382	48	0	91	43	43
39983	0	4330	4382	4419	37	0	89	52	52
39882	0	4383	4432	4436	4	0	53	49	49
39884	0	4397	4445	4453	8	0	56	48	48
39883	0	4385	4436	4475	31	6	90	59	51
39984	0	4400	4475	4502	27	0	102	75	75
39937	0	4408	4502	4509	7	0	101	94	94
39938	0	4419	4518	4551	33	0	132	99	99
39782	0	4412	4509	4572	30	9	160	130	97
39834	0	4421	4572	4577	5	0	156	151	151
39783	0	4456	4577	4597	20	0	141	121	121
39939	0	4577	4628	4635	7	0	58	51	51
39988	0	4523	4626	4640	6	4	117	111	103
39987	0	4510	4620	4658	20	12	148	128	110
39989	0	4550	4627	4682	25	21	132	107	77
39835	0	4519	4622	4689	11	8	170	159	103
39986	0	4508	4616	4696	11	27	188	177	108
39833	0	4349	4419	4729	46	1	380	334	70
39885	0	4701	4762	4767	5	0	66	61	61
39992	0	4751	4808	4821	13	0	70	57	57
39887	0	4846	4859	4870	11	0	24	13	13
39941	0	4777	4858	4871	2	9	94	92	81
39936	0	4214	4249	4929	18	27	715	697	35
39991	0	4742	4794	4960	45	35	218	173	52
39818	0	2241	2256	4994	99	59	2753	2654	15
39942	0	4902	4920	4995	11	27	93	82	18
39888	0	4997	5008	5038	30	0	41	11	11
39943	0	4997	5038	5064	26	0	67	41	41
39985	0	4489	4597	5073	30	89	584	554	108
39889	0	5053	5073	5128	44	5	75	31	20
39944	0	5088	5095	5141	20	7	53	33	7
39837	0	5069	5091	5142	5	34	73	68	22
39870	0	3051	3081	5155	50	109	2104	2054	30
39993	0	5142	5155	5160	5	0	18	13	13
39945	0	5147	5160	5195	35	0	48	13	13
39890	0	5174	5195	5198	3	0	24	21	21
39785	0	5194	5198	5219	21	0	25	4	4
39886	0	4777	4845	5229	40	27	452	412	68
39839	0	5210	5221	5260	7	24	50	43	11
39891	0	5239	5260	5272	12	0	33	21	21
39784	0	4766	4821	5284	39	56	518	479	55
39946	0	5280	5340	5366	26	0	86	60	60
39840	0	5295	5366	5375	9	0	80	71	71
39947	0	5300	5375	5378	3	0	78	75	75
39842	0	5333	5401	5404	3	0	71	68	68
39787	0	5384	5436	5454	18	0	70	52	52
39786	0	5370	5427	5467	10	25	97	87	57
39893	0	5438	5467	5482	15	0	44	29	29
39788	0	5435	5454	5531	36	14	96	60	19
39892	0	5349	5404	5547	39	5	198	159	55
39894	0	5471	5482	5591	12	73	120	108	11
39789	0	5488	5491	5656	20	80	168	148	3
39828	0	3525	3539	5715	57	39	2190	2133	14
39836	0	4849	4871	5755	52	5	906	854	22
39990	0	4728	4767	5761	43	38	1033	990	39
39948	0	5625	5638	5824	91	49	199	108	13
39895	0	5802	5824	5875	12	19	73	61	22
39790	0	5806	5829	5887	13	10	81	68	23
39825	0	3309	3319	5920	66	28	2611	2545	10
39897	0	5911	5920	5927	7	0	16	9	9
39940	0	4700	4729	5932	38	13	1232	1194	29
39949	0	5928	5932	5966	34	0	38	4	4
39979	0	3626	3647	5992	77	67	2366	2289	21
39820	0	2362	2422	5997	47	25	3635	3588	60
39868	0	2957	2965	5999	50	44	3042	2992	8
39896	0	5839	5875	6019	31	92	180	149	36
39872	0	3413	3425	6035	51	30	2622	2571	12
39779	0	3797	3804	6056	56	10	2259	2203	7
39898	0	6068	6077	6126	49	0	58	9	9
39950	0	6097	6144	6157	13	0	60	47	47
39793	0	6130	6178	6183	5	0	53	48	48
39791	0	6089	6126	6202	30	9	113	83	37
39844	0	6093	6138	6207	11	49	114	103	45
39995	0	6137	6183	6209	3	20	72	69	46
39994	0	6107	6172	6257	30	41	150	120	65
39846	0	6251	6257	6279	22	0	28	6	6
39792	0	6103	6157	6285	21	21	182	161	54
39996	0	6295	6329	6347	18	0	52	34	34
39877	0	3662	3693	6373	79	94	2711	2632	31
39794	0	6333	6347	6391	33	4	58	25	14
39968	0	2462	2529	6402	49	3	3940	3891	67
39774	0	3102	3136	6409	89	27	3307	3218	34
39795	0	6402	6409	6436	27	0	34	7	7
39796	0	6404	6436	6463	8	6	59	51	32
39907	0	403	447	6490	69	5	6087	6018	44
39997	0	6484	6492	6513	21	0	29	8	8
39899	0	6505	6533	6536	3	0	31	28	28
39969	0	2495	2567	6544	66	11	4049	3983	72
39900	0	6549	6551	6596	45	0	47	2	2
39847	0	6505	6529	6605	13	43	100	87	24
39797	0	6410	6441	6609	24	54	199	175	31
39798	0	6579	6609	6622	13	0	43	30	30
39799	0	6619	6622	6631	9	0	12	3	3
39841	0	5330	5378	6649	78	57	1319	1241	48
39848	0	6665	6669	6712	21	20	47	26	4
39843	0	5579	5591	6713	54	6	1134	1080	12
39845	0	6198	6209	6718	75	167	520	445	11
39853	0	255	261	6734	72	33	6479	6407	6
39998	0	6642	6649	6739	41	33	97	56	7
39838	0	5195	5219	6751	70	75	1556	1486	24
39908	0	410	489	6753	63	13	6343	6280	79
39932	0	3810	3879	6792	76	19	2982	2906	69
39876	0	3661	3673	6797	95	47	3136	3041	12
39999	0	6778	6778	6809	23	4	31	8	0
39800	0	6936	6953	6974	21	0	38	17	17
40000	0	6956	6974	6990	16	0	34	18	18
39849	0	6921	6921	7127	138	40	206	68	0
39850	0	7187	7187	7283	46	50	96	50	0
0	0	0	0	7283	42080	0	7283	-34797	0
