id	priority	createdTime	startedTime	terminatedTime	cpuTime	blockedTime	turnaroundTime	waitingTime	responseTime
40501	0	0	0	4	4	0	4	0	0
40601	0	0	4	6	2	0	6	4	4
40551	0	0	11	61	22	7	61	39	11
40651	0	0	32	98	52	8	98	46	32
40602	0	97	98	99	1	0	2	1	1
40653	0	91	99	106	7	0	15	8	8
40502	0	19	129	159	30	0	140	110	110
40702	0	151	161	180	19	0	29	10	10
40652	0	34	61	197	53	67	163	110	27
40701	0	0	6	232	40	6	232	192	6
40654	0	151	159	267	37	7	116	79	8
40655	0	233	267	269	2	0	36	34	34
40503	0	255	271	357	40	19	102	62	16
40656	0	296	309	390	36	8	94	58	13
40552	0	296	312	400	47	0	104	57	16
40504	0	479	488	524	9	18	45	36	9
40657	0	403	437	551	69	5	148	79	34
40604	0	488	492	556	10	29	68	58	4
40603	0	255	269	572	72	33	317	245	14
40505	0	562	572	601	29	0	39	10	10
40506	0	581	601	636	35	0	55	20	20
40703	0	611	636	663	27	0	52	25	25
40507	0	639	663	682	19	0	43	24	24
40605	0	664	682	728	35	6	64	29	18
40554	0	666	684	767	21	17	101	80	18
40661	0	700	738	769	14	3	69	55	38
40607	0	786	815	819	4	0	33	29	29
40606	0	717	728	844	44	36	127	83	11
40508	0	663	688	853	16	139	190	174	25
40663	0	853	878	892	14	0	39	25	25
40662	0	842	853	893	26	5	51	25	11
40608	0	910	932	937	5	0	27	22	22
40660	0	513	778	946	48	10	433	385	265
40609	0	967	970	982	12	0	15	3	3
40704	0	943	946	1018	27	21	75	48	3
40510	0	929	982	1028	32	5	99	67	53
40664	0	938	1045	1072	24	1	134	110	107
40665	0	1056	1067	1085	9	2	29	20	11
40509	0	910	947	1093	36	50	183	147	37
40513	0	1112	1114	1138	8	1	26	18	2
40705	0	1046	1072	1164	33	20	118	85	26
40706	0	1145	1164	1165	1	0	20	19	19
40512	0	1087	1093	1176	28	30	89	61	6
40555	0	1043	1176	1221	37	1	178	141	133
40514	0	1144	1165	1233	16	20	89	73	21
40666	0	1216	1233	1247	14	0	31	17	17
40556	0	1237	1267	1291	24	0	54	30	30
40611	0	1270	1291	1317	15	2	47	32	21
40557	0	1244	1247	1331	34	6	87	53	3
40560	0	1298	1333	1351	18	0	53	35	35
40558	0	1281	1301	1353	13	28	72	59	20
40612	0	1323	1331	1392	8	42	69	61	8
40511	0	953	1357	1394	35	1	441	406	404
40708	0	1392	1407	1438	31	0	46	15	15
40707	0	1377	1394	1453	28	27	76	48	17
40709	0	1425	1453	1569	57	24	144	87	28
40610	0	1098	1121	1574	88	46	476	388	23
40561	0	1517	1581	1606	25	0	89	64	64
40562	0	1548	1574	1659	22	8	111	89	26
40667	0	1650	1667	1699	32	0	49	17	17
40563	0	1606	1615	1721	31	39	115	84	9
40564	0	1700	1725	1736	11	0	36	25	25
40565	0	1701	1736	1763	18	7	62	44	35
40613	0	1717	1721	1802	22	44	85	63	4
40669	0	1741	1775	1818	33	5	77	44	34
40515	0	1760	1763	1891	54	22	131	77	3
40614	0	1874	1877	1902	15	8	28	13	3
40668	0	1724	1818	1913	39	50	189	150	94
40659	0	467	474	1917	54	17	1450	1396	7
40559	0	1291	1616	1971	55	6	680	625	325
40566	0	1971	1978	1984	6	0	13	7	7
40670	0	2043	2048	2051	3	0	8	5	5
40712	0	1978	1984	2089	28	39	111	83	6
40710	0	1943	1992	2119	51	2	176	125	49
40713	0	1990	1991	2161	60	6	171	111	1
40714	0	2097	2119	2163	7	19	66	59	22
40567	0	2141	2163	2168	5	0	27	22	22
40711	0	1970	1971	2205	50	68	235	185	1
40516	0	2192	2205	2225	20	0	33	13	13
40658	0	410	1917	2227	63	13	1817	1754	1507
40715	0	2260	2271	2280	9	0	20	11	11
40519	0	2279	2281	2306	16	8	27	11	2
40517	0	2223	2227	2322	23	29	99	76	4
40615	0	2321	2322	2326	4	0	5	1	1
40716	0	2266	2289	2339	22	10	73	51	23
40569	0	2296	2357	2375	18	0	79	61	61
40672	0	2396	2409	2425	2	10	29	27	13
40671	0	2386	2410	2483	22	7	97	75	24
40570	0	2362	2375	2486	47	25	124	77	13
40520	0	2448	2495	2514	19	0	66	47	47
40571	0	2531	2534	2571	18	2	40	22	3
40521	0	2558	2564	2573	5	2	15	10	6
40720	0	2526	2590	2609	19	0	83	64	64
40717	0	2273	2339	2667	54	17	394	340	66
40568	0	2241	2385	2695	99	59	454	355	144
40673	0	2436	2514	2699	57	109	263	206	78
40572	0	2676	2699	2730	31	0	54	23	23
40674	0	2713	2731	2737	6	0	24	18	18
40522	0	2724	2730	2743	4	5	19	15	6
40616	0	2741	2743	2746	3	0	5	2	2
40573	0	2734	2737	2787	24	12	53	29	3
40723	0	2792	2808	2835	27	0	43	16	16
40675	0	2716	2746	2864	67	39	148	81	30
40523	0	2849	2864	2874	10	0	25	15	15
40676	0	2981	2982	2999	17	0	18	1	1
40619	0	2982	2999	3024	25	0	42	17	17
40617	0	2938	2948	3050	45	4	112	67	10
40677	0	3066	3083	3114	15	14	48	33	17
40618	0	2957	2967	3116	50	44	159	109	10
40574	0	3084	3091	3118	18	3	34	16	7
40724	0	3107	3118	3171	29	16	64	35	11
40518	0	2274	2280	3214	39	9	940	901	6
40678	0	3185	3204	3247	18	3	62	44	19
40718	0	2462	2911	3258	49	3	796	747	449
40524	0	3102	3171	3347	89	27	245	156	69
40525	0	3228	3235	3362	15	61	134	119	7
40620	0	3051	3141	3375	50	109	324	274	90
40576	0	3341	3347	3376	7	9	35	28	6
40526	0	3367	3376	3381	5	0	14	9	9
40725	0	3309	3381	3398	17	0	89	72	72
40577	0	3435	3473	3481	8	0	46	38	38
40624	0	3485	3497	3502	5	0	17	12	12
40622	0	3413	3431	3521	51	30	108	57	18
40679	0	3432	3481	3538	33	3	106	73	49
40726	0	3497	3502	3542	7	26	45	38	5
40527	0	3533	3542	3554	12	0	21	9	9
40625	0	3552	3555	3564	9	0	12	3	3
40680	0	3454	3466	3583	26	10	129	103	12
40528	0	3611	3615	3636	4	4	25	21	4
40728	0	3620	3636	3641	5	0	21	16	16
40623	0	3461	3589	3658	38	19	197	159	128
40727	0	3605	3617	3704	29	31	99	70	12
40579	0	3544	3554	3747	35	77	203	168	10
40681	0	3741	3756	3787	20	8	46	26	15
40580	0	3733	3747	3801	23	5	68	45	14
40628	0	3731	3766	3829	23	26	98	75	35
40730	0	3678	3691	3868	38	72	190	152	13
40729	0	3626	3658	3930	77	67	304	227	32
40575	0	3309	3398	3963	66	28	654	588	89
40684	0	3958	3963	3964	1	0	6	5	5
40683	0	3854	3868	3969	13	69	115	102	14
40578	0	3525	3876	3998	57	39	473	416	351
40529	0	3797	4034	4126	56	10	329	273	237
40530	0	4045	4077	4127	10	13	82	72	32
40581	0	4114	4127	4128	1	0	14	13	13
40629	0	4059	4073	4136	29	10	77	48	14
40582	0	4137	4157	4195	7	23	58	51	20
40685	0	4157	4161	4213	25	11	56	31	4
40731	0	4158	4178	4217	18	18	59	41	20
40531	0	4171	4172	4237	21	22	66	45	1
40627	0	3662	3998	4263	79	94	601	522	336
40686	0	4214	4237	4283	18	27	69	51	23
40630	0	4086	4099	4313	34	2	227	193	13
40632	0	4383	4384	4388	4	0	5	1	1
40719	0	2495	3303	4405	66	11	1910	1844	808
40634	0	4397	4405	4413	8	0	16	8	8
40687	0	4408	4413	4420	7	0	12	5	5
40584	0	4421	4429	4434	5	0	13	8	8
40633	0	4385	4388	4456	31	6	71	40	3
40532	0	4412	4420	4477	30	9	65	35	8
40533	0	4456	4477	4497	20	0	41	21	21
40734	0	4400	4529	4556	27	0	156	129	129
40738	0	4523	4526	4562	6	4	39	33	3
40585	0	4519	4522	4569	11	8	50	39	3
40736	0	4508	4518	4576	11	27	68	57	10
40737	0	4510	4516	4594	20	12	84	64	6
40689	0	4577	4594	4601	7	0	24	17	17
40739	0	4550	4556	4625	25	21	75	50	6
40735	0	4489	4497	4634	30	89	145	115	8
40583	0	4349	4354	4667	46	1	318	272	5
40688	0	4419	4667	4700	33	0	281	248	248
40733	0	4330	4700	4737	37	0	407	370	370
40635	0	4701	4737	4742	5	0	41	36	36
40742	0	4751	4769	4782	13	0	31	18	18
40691	0	4777	4782	4794	2	9	17	15	5
40740	0	4728	4742	4851	43	38	123	80	14
40637	0	4846	4851	4862	11	0	16	5	5
40636	0	4777	4794	4918	40	27	141	101	17
40534	0	4766	4821	4948	39	56	182	143	55
40586	0	4849	4888	4966	52	5	117	65	39
40692	0	4902	4918	4967	11	27	65	54	16
40741	0	4742	4807	4998	45	35	256	211	65
40693	0	4997	4998	5024	26	0	27	1	1
40638	0	4997	5024	5054	30	0	57	27	27
40587	0	5069	5072	5117	5	34	48	43	3
40639	0	5053	5054	5143	44	5	90	46	1
40690	0	4700	5076	5148	38	13	448	410	376
40743	0	5142	5148	5153	5	0	11	6	6
40694	0	5088	5109	5166	20	7	78	58	21
40695	0	5147	5166	5201	35	0	54	19	19
40640	0	5174	5203	5206	3	0	32	29	29
40535	0	5194	5206	5227	21	0	33	12	12
40631	0	4291	4317	5239	48	0	948	900	26
40589	0	5210	5227	5282	7	24	72	65	17
40641	0	5239	5282	5294	12	0	55	43	43
40696	0	5280	5294	5320	26	0	40	14	14
40697	0	5300	5320	5323	3	0	23	20	20
40590	0	5295	5323	5332	9	0	37	28	28
40592	0	5333	5355	5358	3	0	25	22	22
40642	0	5349	5358	5406	39	5	57	18	9
40537	0	5384	5406	5424	18	0	40	22	22
40536	0	5370	5381	5425	10	25	55	45	11
40643	0	5438	5483	5498	15	0	60	45	45
40538	0	5435	5462	5538	36	14	103	67	27
40732	0	4245	4263	5554	66	1	1309	1243	18
40591	0	5330	5332	5568	78	57	238	160	2
40644	0	5471	5474	5571	12	73	100	88	3
40539	0	5488	5498	5612	20	80	124	104	10
40621	0	3218	5571	5704	50	0	2486	2436	2353
40593	0	5579	5612	5705	54	6	126	72	33
40721	0	2600	5705	5779	52	0	3179	3127	3105
40698	0	5625	5649	5883	91	49	258	167	24
40540	0	5806	5835	5886	13	10	80	67	29
40645	0	5802	5830	5893	12	19	91	79	28
40647	0	5911	5950	5957	7	0	46	39	39
40646	0	5839	5845	5992	31	92	153	122	6
40626	0	3661	3704	5997	95	47	2336	2241	43
40699	0	5928	5997	6031	34	0	103	69	69
40553	0	497	2234	6079	66	0	5582	5516	1737
40588	0	5195	5201	6091	70	75	896	826	6
40700	0	6097	6115	6128	13	0	31	18	18
40543	0	6130	6144	6149	5	0	19	14	14
40541	0	6089	6091	6167	30	9	78	48	2
40745	0	6137	6143	6169	3	20	32	29	6
40594	0	6093	6103	6174	11	49	81	70	10
40542	0	6103	6128	6180	21	21	77	56	25
40744	0	6107	6109	6204	30	41	97	67	2
40596	0	6251	6265	6287	22	0	36	14	14
40746	0	6295	6322	6340	18	0	45	27	27
40648	0	6068	6228	6367	49	0	299	250	160
40544	0	6333	6340	6385	33	4	52	19	7
40545	0	6402	6440	6467	27	0	65	38	38
40546	0	6404	6435	6472	8	6	68	60	31
40649	0	6505	6517	6520	3	0	15	12	12
40595	0	6198	6204	6529	75	167	331	256	6
40747	0	6484	6536	6557	21	0	73	52	52
40682	0	3810	6392	6560	76	19	2750	2674	2582
40547	0	6410	6429	6564	24	54	154	130	19
40597	0	6505	6520	6610	13	43	105	92	15
40548	0	6579	6610	6623	13	0	44	31	31
40549	0	6619	6623	6632	9	0	13	4	4
40650	0	6549	6564	6640	45	0	91	46	15
40598	0	6665	6677	6749	21	20	84	63	12
40722	0	2785	2787	6777	83	27	3992	3909	2
40748	0	6642	6690	6797	41	33	155	114	48
40749	0	6778	6778	6809	23	4	31	8	0
40550	0	6936	6953	6974	21	0	38	17	17
40750	0	6956	6974	6990	16	0	34	18	18
40599	0	6921	6921	7127	138	40	206	68	0
40600	0	7187	7187	7283	46	50	96	50	0
0	0	0	0	7283	42869	0	7283	-35586	0
