id	priority	createdTime	startedTime	terminatedTime	cpuTime	blockedTime	turnaroundTime	waitingTime	responseTime
42001	0	0	0	4	4	0	4	0	0
42101	0	0	25	27	2	0	27	25	25
42002	0	19	60	90	30	0	71	41	41
42051	0	0	4	91	22	7	91	69	4
42151	0	0	27	128	52	8	128	76	27
42201	0	0	55	163	40	6	163	123	55
42153	0	91	163	170	7	0	79	72	72
42102	0	97	170	171	1	0	74	73	73
42202	0	151	196	215	19	0	64	45	45
42154	0	151	194	250	37	7	99	62	43
42155	0	233	250	252	2	0	19	17	17
42152	0	34	91	269	53	67	235	182	57
42003	0	255	269	394	40	19	139	99	14
42052	0	296	345	419	47	0	123	76	49
42156	0	296	383	452	36	8	156	120	87
42103	0	255	275	544	72	33	289	217	20
42005	0	562	667	696	29	0	134	105	105
42157	0	403	452	726	69	5	323	254	49
42004	0	479	558	769	9	18	290	281	79
42006	0	581	769	804	35	0	223	188	188
42053	0	497	568	832	66	0	335	269	71
42203	0	611	832	859	27	0	248	221	221
42007	0	639	859	878	19	0	239	220	220
42158	0	410	490	894	63	13	484	421	80
42104	0	488	562	921	10	29	433	423	74
42159	0	467	544	923	54	17	456	402	77
42107	0	786	923	927	4	0	141	137	137
42163	0	853	952	966	14	0	113	99	99
42160	0	513	606	975	48	10	462	414	93
42105	0	664	886	1008	35	6	344	309	222
42054	0	666	888	1025	21	17	359	338	222
42161	0	700	894	1027	14	3	327	313	194
42108	0	910	1038	1043	5	0	133	128	128
42162	0	842	927	1131	26	5	289	263	85
42109	0	967	1131	1143	12	0	176	164	164
42008	0	663	879	1152	16	139	489	473	216
42106	0	717	906	1215	44	36	498	454	189
42010	0	929	1052	1242	32	5	313	281	123
42164	0	938	1074	1265	24	1	327	303	136
42011	0	953	1097	1302	35	1	349	314	144
42206	0	1145	1306	1307	1	0	162	161	161
42055	0	1043	1152	1316	37	1	273	236	109
42165	0	1056	1187	1322	9	2	266	257	131
42205	0	1046	1180	1348	33	20	302	269	134
42166	0	1216	1348	1362	14	0	146	132	132
42056	0	1237	1362	1386	24	0	149	125	125
42009	0	910	1027	1394	36	50	484	448	117
42012	0	1087	1242	1480	28	30	393	365	155
42060	0	1298	1480	1498	18	0	200	182	182
42013	0	1112	1293	1499	8	1	387	379	181
42204	0	943	1096	1513	27	21	570	543	153
42014	0	1144	1302	1535	16	20	391	375	158
42208	0	1392	1548	1579	31	0	187	156	156
42057	0	1244	1394	1593	34	6	349	315	150
42111	0	1270	1414	1625	15	2	355	340	144
42058	0	1281	1424	1627	13	28	346	333	143
42059	0	1291	1435	1644	55	6	353	298	144
42061	0	1517	1644	1669	25	0	152	127	127
42207	0	1377	1535	1730	28	27	353	325	158
42167	0	1650	1756	1788	32	0	138	106	106
42064	0	1700	1788	1799	11	0	99	88	88
42112	0	1323	1521	1883	8	42	560	552	198
42209	0	1425	1593	1925	57	24	500	443	168
42065	0	1701	1799	1926	18	7	225	207	98
42110	0	1098	1265	1931	88	46	833	745	167
42062	0	1548	1708	1937	22	8	389	367	160
42169	0	1741	1883	1966	33	5	225	192	142
42063	0	1606	1730	1989	31	39	383	352	124
42168	0	1724	1853	2000	39	50	276	237	129
42114	0	1874	1946	2032	15	8	158	143	72
42066	0	1971	2039	2045	6	0	74	68	68
42113	0	1717	1840	2054	22	44	337	315	123
42210	0	1943	2000	2123	51	2	180	129	57
42170	0	2043	2123	2126	3	0	83	80	80
42015	0	1760	1900	2179	54	22	419	365	140
42067	0	2141	2206	2211	5	0	70	65	65
42016	0	2192	2215	2235	20	0	43	23	23
42213	0	1990	2092	2281	60	6	291	231	102
42214	0	2097	2201	2290	7	19	193	186	104
42212	0	1978	2054	2294	28	39	316	288	76
42211	0	1970	2032	2322	50	68	352	302	62
42215	0	2260	2322	2331	9	0	71	62	62
42069	0	2296	2367	2385	18	0	89	71	71
42017	0	2223	2281	2401	23	29	178	155	58
42115	0	2321	2401	2405	4	0	84	80	80
42216	0	2266	2331	2423	22	10	157	135	65
42018	0	2274	2358	2471	39	9	197	158	84
42217	0	2273	2340	2507	54	17	234	180	67
42019	0	2279	2359	2515	16	8	236	220	80
42020	0	2448	2590	2609	19	0	161	142	142
42220	0	2526	2685	2704	19	0	178	159	159
42171	0	2386	2515	2731	22	7	345	323	129
42172	0	2396	2524	2732	2	10	336	334	128
42070	0	2362	2423	2801	47	25	439	392	61
42218	0	2462	2609	2812	49	3	350	301	147
42072	0	2676	2812	2843	31	0	167	136	136
42174	0	2713	2846	2852	6	0	139	133	133
42071	0	2531	2704	2876	18	2	345	327	173
42116	0	2741	2880	2883	3	0	142	139	139
42021	0	2558	2741	2885	5	2	327	322	183
42223	0	2792	2927	2954	27	0	162	135	135
42221	0	2600	2760	2968	52	0	368	316	160
42023	0	2849	2985	2995	10	0	146	136	136
42022	0	2724	2876	2998	4	5	274	270	152
42073	0	2734	2877	3019	24	12	285	261	143
42068	0	2241	2294	3065	99	59	824	725	53
42176	0	2981	3137	3154	17	0	173	156	156
42119	0	2982	3154	3179	25	0	197	172	172
42173	0	2436	2536	3183	57	109	747	690	100
42219	0	2495	2647	3191	66	11	696	630	152
42175	0	2716	2852	3244	67	39	528	461	136
42117	0	2938	3065	3294	45	4	356	311	127
42177	0	3066	3244	3478	15	14	412	397	178
42074	0	3084	3252	3480	18	3	396	378	168
42225	0	3309	3513	3530	17	0	221	204	204
42224	0	3107	3327	3575	29	16	468	439	220
42026	0	3367	3575	3580	5	0	213	208	208
42222	0	2785	2924	3584	83	27	799	716	139
42178	0	3185	3421	3644	18	3	459	441	236
42077	0	3435	3644	3652	8	0	217	209	209
42118	0	2957	3122	3654	50	44	697	647	165
42121	0	3218	3430	3694	50	0	476	426	212
42124	0	3485	3694	3699	5	0	214	209	209
42027	0	3533	3733	3745	12	0	212	200	200
42075	0	3309	3480	3778	66	28	469	403	171
42125	0	3552	3779	3788	9	0	236	227	227
42120	0	3051	3191	3801	50	109	750	700	140
42076	0	3341	3563	3831	7	9	490	483	222
42228	0	3620	3850	3855	5	0	235	230	230
42179	0	3432	3619	3898	33	3	466	433	187
42122	0	3413	3584	3914	51	30	501	450	171
42180	0	3454	3654	3989	26	10	535	509	200
42123	0	3461	3661	4014	38	19	553	515	200
42226	0	3497	3702	4029	7	26	532	525	205
42025	0	3228	3468	4057	15	61	829	814	240
42078	0	3525	3705	4086	57	39	561	504	180
42024	0	3102	3294	4174	89	27	1072	983	192
42028	0	3611	3848	4184	4	4	573	569	237
42184	0	3958	4254	4255	1	0	297	296	296
42080	0	3733	4029	4271	23	5	538	515	296
42128	0	3731	4014	4304	23	26	573	550	283
42181	0	3741	4038	4314	20	8	573	553	297
42081	0	4114	4327	4328	1	0	214	213	213
42029	0	3797	4092	4351	56	10	554	498	295
42227	0	3605	3831	4415	29	31	810	781	226
42183	0	3854	4174	4452	13	69	598	585	320
42229	0	3626	3855	4478	77	67	852	775	229
42230	0	3678	3989	4572	38	72	894	856	311
42130	0	4086	4318	4619	34	2	533	499	232
42233	0	4330	4619	4656	37	0	326	289	289
42082	0	4137	4328	4672	7	23	535	528	191
42185	0	4157	4351	4686	25	11	529	504	194
42132	0	4383	4686	4690	4	0	307	303	303
42079	0	3544	3778	4713	35	77	1169	1134	234
42231	0	4158	4362	4726	18	18	568	550	204
42134	0	4397	4726	4734	8	0	337	329	329
42234	0	4400	4734	4761	27	0	361	334	334
42187	0	4408	4761	4768	7	0	360	353	353
42188	0	4419	4784	4817	33	0	398	365	365
42084	0	4421	4817	4822	5	0	401	396	396
42033	0	4456	4864	4884	20	0	428	408	408
42186	0	4214	4415	4887	18	27	673	655	201
42131	0	4291	4516	4943	48	0	652	604	225
42030	0	4045	4287	4953	10	13	908	898	242
42189	0	4577	4953	4960	7	0	383	376	376
42129	0	4059	4314	4968	29	10	909	880	255
42083	0	4349	4656	5001	46	1	652	606	307
42135	0	4701	5034	5039	5	0	338	333	333
42133	0	4385	4713	5088	31	6	703	672	328
42242	0	4751	5102	5115	13	0	364	351	351
42032	0	4412	4768	5174	30	9	762	732	356
42182	0	3810	4129	5177	76	19	1367	1291	319
42031	0	4171	4404	5188	21	22	1017	996	233
42137	0	4846	5188	5199	11	0	353	342	342
42232	0	4245	4430	5236	66	1	991	925	185
42238	0	4523	4931	5249	6	4	726	720	408
42236	0	4508	4906	5256	11	27	748	737	398
42237	0	4510	4925	5274	20	12	764	744	415
42085	0	4519	4927	5281	11	8	762	751	408
42126	0	3661	3914	5286	95	47	1625	1530	253
42239	0	4550	4932	5310	25	21	760	735	382
42127	0	3662	3934	5321	79	94	1659	1580	272
42138	0	4997	5321	5351	30	0	354	324	324
42193	0	4997	5351	5377	26	0	380	354	354
42190	0	4700	5001	5382	38	13	682	644	301
42241	0	4742	5088	5452	45	35	710	665	346
42243	0	5142	5452	5457	5	0	315	310	310
42195	0	5147	5457	5492	35	0	345	310	310
42191	0	4777	5152	5496	2	9	719	717	375
42140	0	5174	5519	5522	3	0	348	345	345
42035	0	5194	5522	5543	21	0	349	328	328
42141	0	5239	5554	5566	12	0	327	315	315
42196	0	5280	5570	5596	26	0	316	290	290
42090	0	5295	5596	5605	9	0	310	301	301
42197	0	5300	5605	5608	3	0	308	305	305
42235	0	4489	4887	5617	30	89	1128	1098	398
42092	0	5333	5640	5643	3	0	310	307	307
42037	0	5384	5675	5693	18	0	309	291	291
42139	0	5053	5382	5719	44	5	666	622	329
42194	0	5088	5414	5732	20	7	644	624	326
42143	0	5438	5744	5759	15	0	321	306	306
42240	0	4728	5039	5765	43	38	1037	994	311
42087	0	5069	5410	5766	5	34	697	692	341
42034	0	4766	5115	5803	39	56	1037	998	349
42136	0	4777	5139	5807	40	27	1030	990	362
42086	0	4849	5199	5825	52	5	976	924	350
42089	0	5210	5545	5831	7	24	621	614	335
42192	0	4902	5236	5870	11	27	968	957	334
42142	0	5349	5643	5938	39	5	589	550	294
42036	0	5370	5666	5977	10	25	607	597	296
42038	0	5435	5732	6001	36	14	566	530	297
42144	0	5471	5766	6028	12	73	557	545	295
42039	0	5488	5775	6041	20	80	553	533	287
42147	0	5911	6059	6066	7	0	155	148	148
42199	0	5928	6078	6112	34	0	184	150	150
42145	0	5802	6001	6122	12	19	320	308	199
42040	0	5806	6006	6125	13	10	319	306	200
42088	0	5195	5543	6181	70	75	986	916	348
42200	0	6097	6199	6212	13	0	115	102	102
42091	0	5330	5617	6271	78	57	941	863	287
42043	0	6130	6271	6276	5	0	146	141	141
42093	0	5579	5831	6277	54	6	698	644	252
42148	0	6068	6131	6289	49	0	221	172	63
42041	0	6089	6181	6331	30	9	242	212	92
42094	0	6093	6193	6350	11	49	257	246	100
42096	0	6251	6350	6372	22	0	121	99	99
42146	0	5839	6016	6392	31	92	553	522	177
42042	0	6103	6234	6398	21	21	295	274	131
42246	0	6295	6398	6416	18	0	121	103	103
42244	0	6107	6249	6440	30	41	333	303	142
42245	0	6137	6277	6442	3	20	305	302	140
42198	0	5625	5908	6521	91	49	896	805	283
42045	0	6402	6521	6548	27	0	146	119	119
42247	0	6484	6555	6576	21	0	92	71	71
42044	0	6333	6477	6594	33	4	261	228	144
42149	0	6505	6598	6601	3	0	96	93	93
42046	0	6404	6548	6649	8	6	245	237	144
42048	0	6579	6649	6662	13	0	83	70	70
42049	0	6619	6664	6673	9	0	54	45	45
42097	0	6505	6594	6686	13	43	181	168	89
42150	0	6549	6608	6707	45	0	158	113	59
42098	0	6665	6707	6766	21	20	101	80	42
42095	0	6198	6289	6771	75	167	573	498	91
42047	0	6410	6553	6775	24	54	365	341	143
42248	0	6642	6686	6794	41	33	152	111	44
42249	0	6778	6778	6806	23	4	28	5	0
42050	0	6936	6953	6974	21	0	38	17	17
42250	0	6956	6974	6990	16	0	34	18	18
42099	0	6921	6921	7127	138	40	206	68	0
42100	0	7187	7187	7283	46	50	96	50	0
0	0	0	0	7283	44447	0	7283	-37164	0
