id	priority	createdTime	startedTime	terminatedTime	cpuTime	blockedTime	turnaroundTime	waitingTime	responseTime
44251	0	0	0	4	4	0	4	0	0
44351	0	0	4	6	2	0	6	4	4
44301	0	0	11	61	22	7	61	39	11
44401	0	0	32	98	52	8	98	46	32
44352	0	97	98	99	1	0	2	1	1
44403	0	91	99	106	7	0	15	8	8
44252	0	19	129	159	30	0	140	110	110
44452	0	151	161	180	19	0	29	10	10
44402	0	34	61	197	53	67	163	110	27
44451	0	0	6	232	40	6	232	192	6
44404	0	151	159	267	37	7	116	79	8
44405	0	233	267	269	2	0	36	34	34
44253	0	255	271	360	40	19	105	65	16
44406	0	296	309	393	36	8	97	61	13
44302	0	296	312	400	47	0	104	57	16
44254	0	479	480	524	9	18	45	36	1
44407	0	403	440	551	69	5	148	79	37
44354	0	488	498	556	10	29	68	58	10
44353	0	255	269	572	72	33	317	245	14
44255	0	562	572	601	29	0	39	10	10
44256	0	581	601	636	35	0	55	20	20
44453	0	611	636	663	27	0	52	25	25
44257	0	639	663	682	19	0	43	24	24
44355	0	664	682	728	35	6	64	29	18
44304	0	666	684	767	21	17	101	80	18
44411	0	700	738	769	14	3	69	55	38
44357	0	786	817	821	4	0	35	31	31
44356	0	717	728	846	44	36	129	85	11
44410	0	513	778	855	48	10	342	294	265
44258	0	663	688	864	16	139	201	185	25
44413	0	853	864	878	14	0	25	11	11
44409	0	467	484	943	54	17	476	422	17
44412	0	842	878	944	26	5	102	76	36
44358	0	910	945	950	5	0	40	35	35
44359	0	967	973	985	12	0	18	6	6
44454	0	943	944	1021	27	21	78	51	1
44260	0	929	985	1031	32	5	102	70	56
44414	0	938	1055	1082	24	1	144	120	117
44259	0	910	950	1090	36	50	180	144	40
44415	0	1056	1077	1096	9	2	40	31	21
44263	0	1112	1117	1141	8	1	29	21	5
44455	0	1046	1048	1167	33	20	121	88	2
44456	0	1145	1167	1168	1	0	23	22	22
44262	0	1087	1096	1179	28	30	92	64	9
44305	0	1043	1179	1224	37	1	181	144	136
44264	0	1144	1168	1236	16	20	92	76	24
44416	0	1216	1236	1250	14	0	34	20	20
44306	0	1237	1270	1294	24	0	57	33	33
44361	0	1270	1294	1320	15	2	50	35	24
44307	0	1244	1250	1334	34	6	90	56	6
44310	0	1298	1336	1354	18	0	56	38	38
44308	0	1281	1304	1356	13	28	75	62	23
44362	0	1323	1334	1395	8	42	72	64	11
44261	0	953	1360	1397	35	1	444	409	407
44458	0	1392	1410	1441	31	0	49	18	18
44457	0	1377	1397	1456	28	27	79	51	20
44459	0	1425	1456	1572	57	24	147	90	31
44360	0	1098	1124	1577	88	46	479	391	26
44311	0	1517	1584	1609	25	0	92	67	67
44312	0	1548	1577	1663	22	8	115	93	29
44309	0	1291	1619	1688	55	6	397	342	328
44313	0	1606	1609	1710	31	39	104	73	3
44314	0	1700	1710	1721	11	0	21	10	10
44315	0	1701	1725	1760	18	7	59	41	24
44419	0	1741	1742	1797	33	5	56	23	1
44363	0	1717	1721	1807	22	44	90	68	4
44417	0	1650	1866	1898	32	0	248	216	216
44265	0	1760	1769	1912	54	22	152	98	9
44418	0	1724	1807	1923	39	50	199	160	83
44364	0	1874	1898	1934	15	8	60	45	24
44316	0	1971	1974	1980	6	0	9	3	3
44420	0	2043	2051	2054	3	0	11	8	8
44462	0	1978	1987	2092	28	39	114	86	9
44460	0	1943	1995	2122	51	2	179	128	52
44463	0	1990	1994	2164	60	6	174	114	4
44464	0	2097	2122	2166	7	19	69	62	25
44317	0	2141	2166	2171	5	0	30	25	25
44461	0	1970	1980	2205	50	68	235	185	10
44266	0	2192	2205	2225	20	0	33	13	13
44408	0	410	1934	2227	63	13	1817	1754	1524
44465	0	2260	2275	2284	9	0	24	15	15
44269	0	2279	2284	2309	16	8	30	14	5
44267	0	2223	2227	2325	23	29	102	79	4
44365	0	2321	2325	2329	4	0	8	4	4
44466	0	2266	2292	2342	22	10	76	54	26
44319	0	2296	2360	2378	18	0	82	64	64
44422	0	2396	2397	2423	2	10	27	25	1
44421	0	2386	2388	2436	22	7	50	28	2
44270	0	2448	2472	2491	19	0	43	24	24
44321	0	2531	2550	2571	18	2	40	22	19
44271	0	2558	2564	2573	5	2	15	10	6
44320	0	2362	2378	2576	47	25	214	167	16
44470	0	2526	2593	2612	19	0	86	67	67
44467	0	2273	2342	2670	54	17	397	343	69
44318	0	2241	2398	2698	99	59	457	358	157
44423	0	2436	2441	2702	57	109	266	209	5
44322	0	2676	2702	2733	31	0	57	26	26
44424	0	2713	2734	2740	6	0	27	21	21
44272	0	2724	2733	2746	4	5	22	18	9
44366	0	2741	2746	2749	3	0	8	5	5
44323	0	2734	2740	2790	24	12	56	32	6
44473	0	2792	2811	2838	27	0	46	19	19
44425	0	2716	2749	2867	67	39	151	84	33
44273	0	2849	2867	2877	10	0	28	18	18
44268	0	2274	2274	2915	39	9	641	602	0
44468	0	2462	2915	2983	49	3	521	472	453
44426	0	2981	2998	3015	17	0	34	17	17
44369	0	2982	3015	3040	25	0	58	33	33
44367	0	2938	2953	3066	45	4	128	83	15
44427	0	3066	3090	3121	15	14	55	40	24
44324	0	3084	3098	3123	18	3	39	21	14
44474	0	3107	3123	3185	29	16	78	49	16
44368	0	2957	2983	3220	50	44	263	213	26
44428	0	3185	3220	3254	18	3	69	51	35
44370	0	3051	3066	3290	50	109	239	189	15
44275	0	3228	3229	3328	15	61	100	85	1
44475	0	3309	3328	3345	17	0	36	19	19
44274	0	3102	3185	3358	89	27	256	167	83
44326	0	3341	3345	3392	7	9	51	44	4
44276	0	3367	3392	3397	5	0	30	25	25
44327	0	3435	3437	3445	8	0	10	2	2
44429	0	3432	3445	3485	33	3	53	20	13
44430	0	3454	3461	3504	26	10	50	24	7
44374	0	3485	3507	3512	5	0	27	22	22
44476	0	3497	3504	3566	7	26	69	62	7
44375	0	3552	3566	3575	9	0	23	14	14
44277	0	3533	3575	3587	12	0	54	42	42
44373	0	3461	3512	3610	38	19	149	111	51
44278	0	3611	3615	3636	4	4	25	21	4
44478	0	3620	3636	3641	5	0	21	16	16
44477	0	3605	3617	3699	29	31	94	65	12
44329	0	3544	3561	3730	35	77	186	151	17
44431	0	3741	3764	3795	20	8	54	34	23
44330	0	3733	3755	3809	23	5	76	53	22
44378	0	3731	3774	3837	23	26	106	83	43
44479	0	3626	3641	3863	77	67	237	160	15
44480	0	3678	3699	3885	38	72	207	169	21
44328	0	3525	3533	3914	57	39	389	332	8
44325	0	3309	3358	3947	66	28	638	572	49
44433	0	3854	3863	3952	13	69	98	85	9
44434	0	3958	3987	3988	1	0	30	29	29
44372	0	3413	3952	4040	51	30	627	576	539
44279	0	3797	4040	4132	56	10	335	279	243
44331	0	4114	4132	4133	1	0	19	18	18
44280	0	4045	4083	4134	10	13	89	79	38
44379	0	4059	4079	4142	29	10	83	54	20
44332	0	4137	4142	4181	7	23	44	37	5
44435	0	4157	4167	4219	25	11	62	37	10
44481	0	4158	4187	4232	18	18	74	56	29
44281	0	4171	4181	4243	21	22	72	51	10
44377	0	3662	3988	4254	79	94	592	513	326
44380	0	4086	4088	4316	34	2	230	196	2
44436	0	4214	4254	4319	18	27	105	87	40
44382	0	4383	4390	4394	4	0	11	7	7
44384	0	4397	4403	4411	8	0	14	6	6
44437	0	4408	4411	4418	7	0	10	3	3
44469	0	2495	3397	4426	66	11	1931	1865	902
44334	0	4421	4426	4431	5	0	10	5	5
44383	0	4385	4394	4462	31	6	77	46	9
44283	0	4456	4462	4482	20	0	26	6	6
44282	0	4412	4431	4503	30	9	91	61	19
44488	0	4523	4524	4540	6	4	17	11	1
44487	0	4510	4522	4558	20	12	48	28	12
44335	0	4519	4529	4566	11	8	47	36	10
44486	0	4508	4525	4573	11	27	65	54	17
44484	0	4400	4573	4600	27	0	200	173	173
44439	0	4577	4600	4607	7	0	30	23	23
44489	0	4550	4558	4631	25	21	81	56	8
44485	0	4489	4503	4640	30	89	151	121	14
44333	0	4349	4360	4673	46	1	324	278	11
44438	0	4419	4673	4706	33	0	287	254	254
44385	0	4701	4706	4711	5	0	10	5	5
44440	0	4700	4711	4763	38	13	63	25	11
44492	0	4751	4763	4776	13	0	25	12	12
44441	0	4777	4800	4815	2	9	38	36	23
44387	0	4846	4855	4866	11	0	20	9	9
44284	0	4766	4776	4901	39	56	135	96	10
44490	0	4728	4815	4907	43	38	179	136	87
44386	0	4777	4801	4911	40	27	134	94	24
44491	0	4742	4744	4986	45	35	244	199	2
44442	0	4902	4911	4987	11	27	85	74	9
44336	0	4849	4917	5005	52	5	156	104	68
44443	0	4997	5005	5031	26	0	34	8	8
44388	0	4997	5031	5061	30	0	64	34	34
44483	0	4330	5083	5120	37	0	790	753	753
44337	0	5069	5079	5121	5	34	52	47	10
44389	0	5053	5061	5154	44	5	101	57	8
44493	0	5142	5154	5159	5	0	17	12	12
44444	0	5088	5121	5172	20	7	84	64	33
44445	0	5147	5172	5207	35	0	60	25	25
44390	0	5174	5209	5212	3	0	38	35	35
44285	0	5194	5213	5234	21	0	40	19	19
44381	0	4291	4320	5242	48	0	951	903	29
44339	0	5210	5212	5248	7	24	38	31	2
44391	0	5239	5248	5260	12	0	21	9	9
44447	0	5300	5300	5303	3	0	3	0	0
44340	0	5295	5303	5312	9	0	17	8	8
44446	0	5280	5312	5338	26	0	58	32	32
44342	0	5333	5338	5341	3	0	8	5	5
44392	0	5349	5364	5412	39	5	63	24	15
44287	0	5384	5412	5430	18	0	46	28	28
44286	0	5370	5387	5431	10	25	61	51	17
44393	0	5438	5492	5507	15	0	69	54	54
44288	0	5435	5480	5547	36	14	112	76	45
44482	0	4245	4269	5557	66	1	1312	1246	24
44394	0	5471	5471	5560	12	73	89	77	0
44341	0	5330	5341	5574	78	57	244	166	11
44289	0	5488	5507	5618	20	80	130	110	19
44371	0	3218	5574	5707	50	0	2489	2439	2356
44343	0	5579	5618	5708	54	6	129	75	39
44471	0	2600	5708	5782	52	0	3182	3130	3108
44448	0	5625	5658	5889	91	49	264	173	33
44290	0	5806	5850	5892	13	10	86	73	44
44395	0	5802	5836	5899	12	19	97	85	34
44397	0	5911	5914	5921	7	0	10	3	3
44396	0	5839	5841	5998	31	92	159	128	2
44376	0	3661	3674	6003	95	47	2342	2247	13
44449	0	5928	6003	6037	34	0	109	75	75
44303	0	497	2234	6079	66	0	5582	5516	1737
44338	0	5195	5207	6091	70	75	896	826	12
44450	0	6097	6115	6128	13	0	31	18	18
44293	0	6130	6144	6149	5	0	19	14	14
44291	0	6089	6091	6167	30	9	78	48	2
44495	0	6137	6143	6169	3	20	32	29	6
44344	0	6093	6103	6174	11	49	81	70	10
44292	0	6103	6128	6180	21	21	77	56	25
44494	0	6107	6109	6204	30	41	97	67	2
44346	0	6251	6268	6290	22	0	39	17	17
44496	0	6295	6325	6343	18	0	48	30	30
44398	0	6068	6228	6367	49	0	299	250	160
44294	0	6333	6343	6385	33	4	52	19	10
44296	0	6404	6427	6442	8	6	38	30	23
44295	0	6402	6442	6469	27	0	67	40	40
44399	0	6505	6517	6520	3	0	15	12	12
44497	0	6484	6531	6552	21	0	68	47	47
44432	0	3810	6385	6555	76	19	2745	2669	2575
44297	0	6410	6425	6559	24	54	149	125	15
44345	0	6198	6204	6564	75	167	366	291	6
44347	0	6505	6520	6613	13	43	108	95	15
44298	0	6579	6613	6626	13	0	47	34	34
44299	0	6619	6626	6635	9	0	16	7	7
44400	0	6549	6564	6640	45	0	91	46	15
44472	0	2785	2790	6747	83	27	3962	3879	5
44348	0	6665	6680	6755	21	20	90	69	15
44499	0	6778	6778	6805	23	4	27	4	0
44498	0	6642	6693	6810	41	33	168	127	51
44300	0	6936	6953	6974	21	0	38	17	17
44500	0	6956	6974	6990	16	0	34	18	18
44349	0	6921	6921	7127	138	40	206	68	0
44350	0	7187	7187	7283	46	50	96	50	0
0	0	0	0	7283	46814	0	7283	-39531	0
