id	priority	createdTime	startedTime	terminatedTime	cpuTime	blockedTime	turnaroundTime	waitingTime	responseTime
44501	0	0	0	4	4	0	4	0	0
44601	0	0	25	27	2	0	27	25	25
44502	0	19	60	90	30	0	71	41	41
44551	0	0	4	91	22	7	91	69	4
44651	0	0	27	128	52	8	128	76	27
44701	0	0	55	163	40	6	163	123	55
44653	0	91	163	170	7	0	79	72	72
44602	0	97	170	171	1	0	74	73	73
44702	0	151	196	215	19	0	64	45	45
44654	0	151	194	250	37	7	99	62	43
44655	0	233	250	252	2	0	19	17	17
44652	0	34	91	269	53	67	235	182	57
44503	0	255	269	398	40	19	143	103	14
44552	0	296	347	419	47	0	123	76	51
44656	0	296	387	452	36	8	156	120	91
44603	0	255	275	548	72	33	293	221	20
44505	0	562	670	699	29	0	137	108	108
44657	0	403	452	729	69	5	326	257	49
44659	0	467	548	769	54	17	302	248	81
44506	0	581	769	804	35	0	223	188	188
44504	0	479	562	809	9	18	330	321	83
44553	0	497	570	835	66	0	338	272	73
44703	0	611	835	862	27	0	251	224	224
44507	0	639	862	881	19	0	242	223	223
44660	0	513	610	890	48	10	377	329	97
44658	0	410	492	905	63	13	495	432	82
44604	0	488	566	932	10	29	444	434	78
44607	0	786	932	936	4	0	150	146	146
44663	0	853	961	975	14	0	122	108	108
44605	0	664	897	1008	35	6	344	309	233
44608	0	910	1019	1024	5	0	114	109	109
44554	0	666	899	1041	21	17	375	354	233
44661	0	700	905	1043	14	3	343	329	205
44662	0	842	936	1131	26	5	289	263	94
44609	0	967	1131	1143	12	0	176	164	164
44508	0	663	890	1152	16	139	489	473	227
44510	0	929	1043	1217	32	5	288	256	114
44664	0	938	1065	1240	24	1	302	278	127
44606	0	717	917	1300	44	36	583	539	200
44511	0	953	1097	1302	35	1	349	314	144
44706	0	1145	1306	1307	1	0	162	161	161
44555	0	1043	1152	1316	37	1	273	236	109
44665	0	1056	1187	1322	9	2	266	257	131
44705	0	1046	1180	1348	33	20	302	269	134
44666	0	1216	1348	1362	14	0	146	132	132
44509	0	910	1008	1370	36	50	460	424	98
44556	0	1237	1370	1394	24	0	157	133	133
44512	0	1087	1217	1421	28	30	334	306	130
44513	0	1112	1268	1432	8	1	320	312	156
44704	0	943	1096	1457	27	21	514	487	153
44560	0	1298	1503	1521	18	0	223	205	205
44514	0	1144	1302	1535	16	20	391	375	158
44708	0	1392	1548	1579	31	0	187	156	156
44557	0	1244	1394	1593	34	6	349	315	150
44611	0	1270	1421	1625	15	2	355	340	151
44558	0	1281	1432	1627	13	28	346	333	151
44559	0	1291	1457	1644	55	6	353	298	166
44561	0	1517	1679	1704	25	0	187	162	162
44707	0	1377	1535	1730	28	27	353	325	158
44667	0	1650	1756	1788	32	0	138	106	106
44564	0	1700	1812	1823	11	0	123	112	112
44612	0	1323	1521	1883	8	42	560	552	198
44709	0	1425	1593	1925	57	24	500	443	168
44610	0	1098	1240	1930	88	46	832	744	142
44565	0	1701	1823	1931	18	7	230	212	122
44562	0	1548	1708	1937	22	8	389	367	160
44669	0	1741	1883	1966	33	5	225	192	142
44563	0	1606	1730	1989	31	39	383	352	124
44668	0	1724	1853	2000	39	50	276	237	129
44614	0	1874	1946	2032	15	8	158	143	72
44566	0	1971	2039	2045	6	0	74	68	68
44613	0	1717	1840	2054	22	44	337	315	123
44710	0	1943	2000	2123	51	2	180	129	57
44670	0	2043	2123	2126	3	0	83	80	80
44515	0	1760	1900	2179	54	22	419	365	140
44567	0	2141	2206	2211	5	0	70	65	65
44516	0	2192	2215	2235	20	0	43	23	23
44713	0	1990	2092	2281	60	6	291	231	102
44714	0	2097	2201	2290	7	19	193	186	104
44712	0	1978	2054	2294	28	39	316	288	76
44711	0	1970	2032	2322	50	68	352	302	62
44715	0	2260	2322	2331	9	0	71	62	62
44569	0	2296	2367	2385	18	0	89	71	71
44517	0	2223	2281	2401	23	29	178	155	58
44615	0	2321	2401	2405	4	0	84	80	80
44716	0	2266	2331	2423	22	10	157	135	65
44518	0	2274	2358	2471	39	9	197	158	84
44717	0	2273	2340	2507	54	17	234	180	67
44519	0	2279	2359	2515	16	8	236	220	80
44520	0	2448	2590	2609	19	0	161	142	142
44720	0	2526	2687	2706	19	0	180	161	161
44671	0	2386	2515	2733	22	7	347	325	129
44672	0	2396	2524	2734	2	10	338	336	128
44570	0	2362	2423	2805	47	25	443	396	61
44718	0	2462	2609	2816	49	3	354	305	147
44572	0	2676	2816	2847	31	0	171	140	140
44674	0	2713	2848	2854	6	0	141	135	135
44571	0	2531	2706	2878	18	2	347	329	175
44616	0	2741	2882	2885	3	0	144	141	141
44521	0	2558	2743	2887	5	2	329	324	185
44723	0	2792	2929	2956	27	0	164	137	137
44721	0	2600	2762	2968	52	0	368	316	162
44523	0	2849	2968	2978	10	0	129	119	119
44522	0	2724	2878	2998	4	5	274	270	154
44573	0	2734	2879	3019	24	12	285	261	145
44568	0	2241	2294	3105	99	59	864	765	53
44676	0	2981	3139	3156	17	0	175	158	158
44619	0	2982	3156	3181	25	0	199	174	174
44673	0	2436	2536	3185	57	109	749	692	100
44719	0	2495	2647	3193	66	11	698	632	152
44675	0	2716	2854	3246	67	39	530	463	138
44722	0	2785	2904	3294	83	27	509	426	119
44617	0	2938	3105	3392	45	4	454	409	167
44677	0	3066	3246	3484	15	14	418	403	180
44725	0	3309	3517	3534	17	0	225	208	208
44574	0	3084	3294	3549	18	3	465	447	210
44526	0	3367	3575	3580	5	0	213	208	208
44724	0	3107	3343	3586	29	16	479	450	236
44577	0	3435	3637	3645	8	0	210	202	202
44678	0	3185	3425	3654	18	3	469	451	240
44618	0	2957	3124	3656	50	44	699	649	167
44621	0	3218	3434	3694	50	0	476	426	216
44624	0	3485	3694	3699	5	0	214	209	209
44527	0	3533	3733	3745	12	0	212	200	200
44575	0	3309	3484	3779	66	28	470	404	175
44625	0	3552	3779	3788	9	0	236	227	227
44620	0	3051	3193	3801	50	109	750	700	142
44576	0	3341	3549	3802	7	9	461	454	208
44728	0	3620	3850	3855	5	0	235	230	230
44679	0	3432	3621	3898	33	3	466	433	189
44622	0	3413	3586	3914	51	30	501	450	173
44680	0	3454	3656	3989	26	10	535	509	202
44623	0	3461	3663	4014	38	19	553	515	202
44726	0	3497	3702	4029	7	26	532	525	205
44525	0	3228	3474	4057	15	61	829	814	246
44578	0	3525	3705	4092	57	39	567	510	180
44524	0	3102	3310	4176	89	27	1074	985	208
44528	0	3611	3848	4186	4	4	575	571	237
44684	0	3958	4258	4259	1	0	301	300	300
44580	0	3733	4029	4275	23	5	542	519	296
44628	0	3731	4014	4308	23	26	577	554	283
44681	0	3741	4038	4318	20	8	577	557	297
44581	0	4114	4331	4332	1	0	218	217	217
44529	0	3797	4092	4355	56	10	558	502	295
44727	0	3605	3831	4417	29	31	812	783	226
44683	0	3854	4176	4454	13	69	600	587	322
44729	0	3626	3855	4480	77	67	854	777	229
44730	0	3678	3989	4574	38	72	896	858	311
44733	0	4330	4591	4628	37	0	298	261	261
44630	0	4086	4327	4658	34	2	572	538	241
44582	0	4137	4332	4674	7	23	537	530	195
44685	0	4157	4355	4688	25	11	531	506	198
44632	0	4383	4688	4692	4	0	309	305	305
44579	0	3544	3745	4715	35	77	1171	1136	201
44634	0	4397	4724	4732	8	0	335	327	327
44731	0	4158	4366	4736	18	18	578	560	208
44734	0	4400	4736	4763	27	0	363	336	336
44687	0	4408	4763	4770	7	0	362	355	355
44688	0	4419	4779	4812	33	0	393	360	360
44584	0	4421	4819	4824	5	0	403	398	398
44533	0	4456	4868	4888	20	0	432	412	412
44686	0	4214	4417	4891	18	27	677	659	203
44631	0	4291	4516	4945	48	0	654	606	225
44530	0	4045	4291	4955	10	13	910	900	246
44689	0	4577	4955	4962	7	0	385	378	378
44629	0	4059	4318	4970	29	10	911	882	259
44583	0	4349	4658	5003	46	1	654	608	309
44635	0	4701	5036	5041	5	0	340	335	335
44633	0	4385	4715	5090	31	6	705	674	330
44742	0	4751	5104	5117	13	0	366	353	353
44532	0	4412	4770	5176	30	9	764	734	358
44682	0	3810	4129	5179	76	19	1369	1293	319
44531	0	4171	4406	5190	21	22	1019	998	235
44637	0	4846	5190	5201	11	0	355	344	344
44732	0	4245	4432	5236	66	1	991	925	187
44738	0	4523	4935	5249	6	4	726	720	412
44736	0	4508	4910	5256	11	27	748	737	402
44737	0	4510	4929	5274	20	12	764	744	419
44585	0	4519	4931	5281	11	8	762	751	412
44626	0	3661	3914	5286	95	47	1625	1530	253
44739	0	4550	4936	5310	25	21	760	735	386
44627	0	3662	3934	5321	79	94	1659	1580	272
44638	0	4997	5321	5351	30	0	354	324	324
44693	0	4997	5351	5377	26	0	380	354	354
44690	0	4700	5003	5382	38	13	682	644	303
44741	0	4742	5090	5452	45	35	710	665	348
44743	0	5142	5452	5457	5	0	315	310	310
44695	0	5147	5457	5492	35	0	345	310	310
44691	0	4777	5154	5496	2	9	719	717	377
44640	0	5174	5519	5522	3	0	348	345	345
44535	0	5194	5522	5543	21	0	349	328	328
44641	0	5239	5554	5566	12	0	327	315	315
44696	0	5280	5570	5596	26	0	316	290	290
44590	0	5295	5596	5605	9	0	310	301	301
44697	0	5300	5605	5608	3	0	308	305	305
44735	0	4489	4891	5617	30	89	1128	1098	402
44592	0	5333	5640	5643	3	0	310	307	307
44537	0	5384	5675	5693	18	0	309	291	291
44639	0	5053	5382	5719	44	5	666	622	329
44694	0	5088	5414	5732	20	7	644	624	326
44643	0	5438	5744	5759	15	0	321	306	306
44587	0	5069	5400	5760	5	34	691	686	331
44740	0	4728	5041	5766	43	38	1038	995	313
44534	0	4766	5117	5803	39	56	1037	998	351
44636	0	4777	5141	5807	40	27	1030	990	364
44586	0	4849	5201	5825	52	5	976	924	352
44589	0	5210	5545	5831	7	24	621	614	335
44692	0	4902	5236	5872	11	27	970	959	334
44642	0	5349	5643	5942	39	5	593	554	294
44536	0	5370	5666	5983	10	25	613	603	296
44538	0	5435	5732	6007	36	14	572	536	297
44644	0	5471	5766	6034	12	73	563	551	295
44539	0	5488	5775	6038	20	80	550	530	287
44647	0	5911	6045	6052	7	0	141	134	134
44699	0	5928	6080	6114	34	0	186	152	152
44645	0	5802	6007	6122	12	19	320	308	205
44540	0	5806	6012	6125	13	10	319	306	206
44588	0	5195	5543	6183	70	75	988	918	348
44700	0	6097	6201	6214	13	0	117	104	104
44591	0	5330	5617	6273	78	57	943	865	287
44543	0	6130	6273	6278	5	0	148	143	143
44593	0	5579	5831	6279	54	6	700	646	252
44648	0	6068	6131	6289	49	0	221	172	63
44541	0	6089	6183	6331	30	9	242	212	94
44594	0	6093	6195	6336	11	49	243	232	102
44542	0	6103	6214	6342	21	21	239	218	111
44596	0	6251	6342	6364	22	0	113	91	91
44646	0	5839	6022	6398	31	92	559	528	183
44746	0	6295	6398	6416	18	0	121	103	103
44744	0	6107	6251	6440	30	41	333	303	144
44745	0	6137	6279	6442	3	20	305	302	142
44698	0	5625	5912	6521	91	49	896	805	287
44545	0	6402	6521	6548	27	0	146	119	119
44747	0	6484	6555	6576	21	0	92	71	71
44544	0	6333	6477	6594	33	4	261	228	144
44649	0	6505	6598	6601	3	0	96	93	93
44546	0	6404	6548	6651	8	6	247	239	144
44548	0	6579	6651	6664	13	0	85	72	72
44549	0	6619	6666	6675	9	0	56	47	47
44597	0	6505	6594	6688	13	43	183	170	89
44650	0	6549	6608	6707	45	0	158	113	59
44598	0	6665	6707	6766	21	20	101	80	42
44595	0	6198	6289	6771	75	167	573	498	91
44547	0	6410	6553	6775	24	54	365	341	143
44748	0	6642	6688	6794	41	33	152	111	46
44749	0	6778	6778	6806	23	4	28	5	0
44550	0	6936	6953	6974	21	0	38	17	17
44750	0	6956	6974	6990	16	0	34	18	18
44599	0	6921	6921	7127	138	40	206	68	0
44600	0	7187	7187	7283	46	50	96	50	0
0	0	0	0	7283	47077	0	7283	-39794	0
