id	priority	createdTime	startedTime	terminatedTime	cpuTime	blockedTime	turnaroundTime	waitingTime	responseTime
47751	0	0	0	4	4	0	4	0	0
47801	0	0	0	70	22	7	70	48	0
47752	0	19	30	89	30	0	70	40	11
47901	0	0	30	119	52	8	119	67	30
47852	0	97	126	127	1	0	30	29	29
47903	0	91	127	134	7	0	43	36	36
47851	0	0	147	149	2	0	149	147	147
47951	0	0	19	171	40	6	171	131	19
47952	0	151	194	213	19	0	62	43	43
47905	0	233	233	235	2	0	2	0	0
47902	0	34	91	257	53	67	223	170	57
47904	0	151	213	276	37	7	125	88	62
47906	0	296	359	476	36	8	180	144	63
47755	0	562	580	629	29	0	67	38	18
47910	0	513	548	648	48	10	135	87	35
47757	0	639	663	684	19	0	45	26	24
47756	0	581	611	692	35	0	111	76	30
47953	0	611	700	736	27	0	125	98	89
47855	0	664	696	765	35	6	101	66	32
47804	0	666	692	793	21	17	127	106	26
47857	0	786	807	811	4	0	25	21	21
47911	0	700	786	819	14	3	119	105	86
47907	0	403	497	847	69	5	444	375	94
47908	0	410	440	848	63	13	438	375	30
47913	0	853	883	897	14	0	44	30	30
47856	0	717	765	912	44	36	195	151	48
47912	0	842	848	913	26	5	71	45	6
47858	0	910	913	918	5	0	8	3	3
47758	0	663	698	948	16	139	285	269	35
47909	0	467	479	1050	54	17	583	529	12
47956	0	1145	1188	1189	1	0	44	43	43
47759	0	910	918	1196	36	50	286	250	8
47761	0	953	1125	1198	35	1	245	210	172
47763	0	1112	1198	1238	8	1	126	118	86
47806	0	1237	1244	1268	24	0	31	7	7
47916	0	1216	1270	1294	14	0	78	64	54
47762	0	1087	1206	1317	28	30	230	202	119
47807	0	1244	1269	1337	34	6	93	59	25
47810	0	1298	1364	1397	18	0	99	81	66
47958	0	1392	1397	1441	31	0	49	18	5
47808	0	1281	1368	1443	13	28	162	149	87
47862	0	1323	1362	1445	8	42	122	114	39
47809	0	1291	1298	1464	55	6	173	118	7
47914	0	938	1098	1504	24	1	566	542	160
47957	0	1377	1407	1506	28	27	129	101	30
47764	0	1144	1206	1528	16	20	384	368	62
47805	0	1043	1079	1540	37	1	497	460	36
47861	0	1270	1517	1553	15	2	283	268	247
47811	0	1517	1553	1578	25	0	61	36	36
47915	0	1056	1076	1597	9	2	541	532	20
47760	0	929	1043	1647	32	5	718	686	114
47812	0	1548	1578	1653	22	8	105	83	30
47917	0	1650	1677	1710	32	0	60	28	27
47814	0	1700	1717	1730	11	0	30	19	17
47955	0	1046	1056	1778	33	20	732	699	10
47813	0	1606	1617	1830	31	39	224	193	11
47815	0	1701	1716	1838	18	7	137	119	15
47918	0	1724	1741	1856	39	50	132	93	17
47860	0	1098	1144	1873	88	46	775	687	46
47919	0	1741	1801	1886	33	5	145	112	60
47859	0	967	1890	1913	12	0	946	934	923
47863	0	1717	1846	1923	22	44	206	184	129
47864	0	1874	1886	1946	15	8	72	57	12
47954	0	943	951	1998	27	21	1055	1028	8
47960	0	1943	1947	2042	51	2	99	48	4
47920	0	2043	2058	2061	3	0	18	15	15
47816	0	1971	2076	2082	6	0	111	105	105
47963	0	1990	2001	2163	60	6	173	113	11
47765	0	1760	1958	2164	54	22	404	350	198
47964	0	2097	2126	2166	7	19	69	62	29
47817	0	2141	2166	2171	5	0	30	25	25
47962	0	1978	1986	2175	28	39	197	169	8
47959	0	1425	1445	2180	57	24	755	698	20
47853	0	255	276	2209	72	33	1954	1882	21
47754	0	479	2189	2229	9	18	1750	1741	1710
47766	0	2192	2209	2249	20	0	57	37	17
47854	0	488	2187	2271	10	29	1783	1773	1699
47966	0	2266	2279	2340	22	10	74	52	13
47769	0	2279	2295	2347	16	8	68	52	16
47967	0	2273	2296	2413	54	17	140	86	23
47922	0	2396	2413	2437	2	10	41	39	17
47770	0	2448	2490	2510	19	0	62	43	42
47820	0	2362	2374	2523	47	25	161	114	12
47819	0	2296	2558	2576	18	0	280	262	262
47768	0	2274	2510	2662	39	9	388	349	236
47771	0	2558	2600	2681	5	2	123	118	42
47821	0	2531	2580	2682	18	2	151	133	49
47968	0	2462	2478	2693	49	3	231	182	16
47822	0	2676	2693	2737	31	0	61	30	17
47970	0	2526	2713	2757	19	0	231	212	187
47969	0	2495	2511	2761	66	11	266	200	16
47924	0	2713	2767	2773	6	0	60	54	54
47772	0	2724	2761	2780	4	5	56	52	37
47866	0	2741	2801	2804	3	0	63	60	60
47973	0	2792	2804	2834	27	0	42	15	12
47773	0	2849	2873	2926	10	0	77	67	24
47823	0	2734	2762	2996	24	12	262	238	28
47926	0	2981	3027	3044	17	0	63	46	46
47869	0	2982	3010	3059	25	0	77	52	28
47868	0	2957	2980	3172	50	44	215	165	23
47974	0	3107	3121	3185	29	16	78	49	14
47971	0	2600	2670	3208	52	0	608	556	70
47927	0	3066	3102	3225	15	14	159	144	36
47824	0	3084	3189	3227	18	3	143	125	105
47923	0	2436	2440	3283	57	109	847	790	4
47928	0	3185	3214	3304	18	3	119	101	29
47975	0	3309	3324	3393	17	0	84	67	15
47826	0	3341	3374	3395	7	9	54	47	33
47776	0	3367	3395	3400	5	0	33	28	28
47865	0	2321	3413	3417	4	0	1096	1092	1092
47774	0	3102	3135	3442	89	27	340	251	33
47929	0	3432	3479	3550	33	3	118	85	47
47976	0	3497	3517	3556	7	26	59	52	20
47825	0	3309	3407	3571	66	28	262	196	98
47875	0	3552	3571	3580	9	0	28	19	19
47777	0	3533	3581	3593	12	0	60	48	48
47873	0	3461	3477	3638	38	19	177	139	16
47978	0	3620	3661	3669	5	0	49	44	41
47830	0	3733	3741	3825	23	5	92	69	8
47878	0	3731	3772	3866	23	26	135	112	41
47931	0	3741	3769	3945	20	8	204	184	28
47979	0	3626	3638	3956	77	67	330	253	12
47877	0	3662	3669	3969	79	94	307	228	7
47933	0	3854	3866	3972	13	69	118	105	12
47934	0	3958	3972	3973	1	0	15	14	14
47932	0	3810	3825	4030	76	19	220	144	15
47980	0	3678	3727	4051	38	72	373	335	49
47779	0	3797	3980	4078	56	10	281	225	183
47880	0	4086	4091	4159	34	2	73	39	5
47981	0	4158	4171	4215	18	18	57	39	13
47832	0	4137	4203	4240	7	23	103	96	66
47935	0	4157	4199	4257	25	11	100	75	42
47781	0	4171	4193	4272	21	22	101	80	22
47936	0	4214	4218	4283	18	27	69	51	4
47876	0	3661	3673	4312	95	47	651	556	12
47879	0	4059	4086	4313	29	10	254	225	27
47982	0	4245	4283	4381	66	1	136	70	38
47881	0	4291	4330	4428	48	0	137	89	39
47834	0	4421	4433	4438	5	0	17	12	12
47930	0	3454	4419	4475	26	10	1021	995	965
47783	0	4456	4489	4511	20	0	55	35	33
47782	0	4412	4438	4542	30	9	130	100	26
47988	0	4523	4533	4555	6	4	32	26	10
47987	0	4510	4519	4562	20	12	52	32	9
47835	0	4519	4523	4570	11	8	51	40	4
47938	0	4419	4447	4615	33	0	196	163	28
47833	0	4349	4383	4654	46	1	305	259	34
47961	0	1970	2180	4662	50	68	2692	2642	210
47939	0	4577	4631	4665	7	0	88	81	54
47937	0	4408	4665	4672	7	0	264	257	257
47984	0	4400	4672	4699	27	0	299	272	272
47884	0	4397	4699	4708	8	0	311	303	302
47885	0	4701	4716	4721	5	0	20	15	15
47882	0	4383	4722	4726	4	0	343	339	339
47883	0	4385	4700	4751	31	6	366	335	315
47985	0	4489	4577	4760	30	89	271	241	88
47992	0	4751	4766	4779	13	0	28	15	15
47986	0	4508	4627	4786	11	27	278	267	119
47941	0	4777	4786	4825	2	9	48	46	9
47887	0	4846	4849	4860	11	0	14	3	3
47784	0	4766	4796	4898	39	56	132	93	30
47990	0	4728	4838	4967	43	38	239	196	110
47991	0	4742	4825	4971	45	35	229	184	83
47943	0	4997	5027	5053	26	0	56	30	30
47886	0	4777	4787	5057	40	27	280	240	10
47983	0	4330	4987	5102	37	0	772	735	657
47889	0	5053	5069	5153	44	5	100	56	16
47989	0	4550	4562	5173	25	21	623	598	12
47993	0	5142	5174	5179	5	0	37	32	32
47888	0	4997	5106	5238	30	0	241	211	109
47891	0	5239	5242	5274	12	0	35	23	3
47945	0	5147	5173	5278	35	0	131	96	26
47940	0	4700	4721	5285	38	13	585	547	21
47839	0	5210	5241	5289	7	24	79	72	31
47837	0	5069	5088	5296	5	34	227	222	19
47946	0	5280	5289	5320	26	0	40	14	9
47840	0	5295	5296	5325	9	0	30	21	1
47947	0	5300	5325	5328	3	0	28	25	25
47944	0	5088	5092	5359	20	7	271	251	4
47890	0	5174	5194	5412	3	0	238	235	20
47787	0	5384	5412	5430	18	0	46	28	28
47842	0	5333	5431	5434	3	0	101	98	98
47838	0	5195	5239	5454	70	75	259	189	44
47893	0	5438	5454	5469	15	0	31	16	16
47788	0	5435	5469	5537	36	14	102	66	34
47786	0	5370	5430	5554	10	25	184	174	60
47942	0	4902	4928	5555	11	27	653	642	26
47831	0	4114	5562	5563	1	0	1449	1448	1448
47836	0	4849	4878	5574	52	5	725	673	29
47789	0	5488	5537	5646	20	80	158	138	49
47841	0	5330	5470	5717	78	57	387	309	140
47843	0	5579	5586	5718	54	6	139	85	7
47894	0	5471	5488	5725	12	73	254	242	17
47780	0	4045	5579	5733	10	13	1688	1678	1534
47778	0	3611	5726	5735	4	4	2124	2120	2115
47828	0	3525	3594	5759	57	39	2234	2177	69
47874	0	3485	5833	5838	5	0	2353	2348	2348
47948	0	5625	5674	5881	91	49	256	165	49
47790	0	5806	5823	5882	13	10	76	63	17
47895	0	5802	5833	5889	12	19	87	75	31
47977	0	3605	5781	5916	29	31	2311	2282	2176
47829	0	3544	3580	5917	35	77	2373	2338	36
47897	0	5911	5917	5924	7	0	13	6	6
47785	0	5194	5246	5929	21	0	735	714	52
47949	0	5928	5948	5982	34	0	54	20	20
47775	0	3228	3276	5986	15	61	2758	2743	48
47892	0	5349	5370	6002	39	5	653	614	21
47870	0	3051	3066	6015	50	109	2964	2914	15
47925	0	2716	2765	6051	67	39	3335	3268	49
47867	0	2938	2957	6072	45	4	3134	3089	19
47872	0	3413	3422	6159	51	30	2746	2695	9
47792	0	6103	6107	6183	21	21	80	59	4
47898	0	6068	6072	6188	49	0	120	71	4
47793	0	6130	6136	6205	5	0	75	70	6
47950	0	6097	6205	6218	13	0	121	108	108
47818	0	2241	2251	6249	99	59	4008	3909	10
47995	0	6137	6200	6253	3	20	116	113	63
47994	0	6107	6130	6264	30	41	157	127	23
47846	0	6251	6264	6286	22	0	35	13	13
47896	0	5839	5924	6315	31	92	476	445	85
47921	0	2386	2424	6354	22	7	3968	3946	38
47996	0	6295	6324	6355	18	0	60	42	29
47844	0	6093	6286	6360	11	49	267	256	193
47791	0	6089	6292	6378	30	9	289	259	203
47827	0	3435	3454	6398	8	0	2963	2955	19
47795	0	6402	6404	6449	27	0	47	20	2
47794	0	6333	6378	6480	33	4	147	114	45
47796	0	6404	6484	6509	8	6	105	97	80
47797	0	6410	6439	6553	24	54	143	119	29
47899	0	6505	6548	6555	3	0	50	47	43
47847	0	6505	6505	6575	13	43	70	57	0
47997	0	6484	6505	6580	21	0	96	75	21
47900	0	6549	6555	6610	45	0	61	16	6
47753	0	255	278	6627	40	19	6372	6332	23
47799	0	6619	6627	6649	9	0	30	21	8
47798	0	6579	6617	6665	13	0	86	73	38
47965	0	2260	6665	6674	9	0	4414	4405	4405
47767	0	2223	2229	6703	23	29	4480	4457	6
47848	0	6665	6675	6716	21	20	51	30	10
47845	0	6198	6205	6728	75	167	530	455	7
47998	0	6642	6649	6764	41	33	122	81	7
47972	1	2785	2822	6775	83	27	3990	3907	37
47802	1	296	296	6790	47	0	6494	6447	0
47999	0	6778	6778	6805	23	4	27	4	0
47871	1	3218	3228	6809	50	0	3591	3541	10
47803	1	497	938	6812	66	0	6315	6249	441
47800	0	6936	6936	6974	21	0	38	17	0
48000	0	6956	6974	7033	16	0	77	61	18
47849	2	6921	6921	7127	138	40	206	68	0
47850	0	7187	7187	7283	46	50	96	50	0
0	0	0	0	7283	50496	0	7283	-43213	0
