id	priority	createdTime	startedTime	terminatedTime	cpuTime	blockedTime	turnaroundTime	waitingTime	responseTime
49501	0	0	0	4	4	0	4	0	0
49601	0	0	25	27	2	0	27	25	25
49502	0	19	60	90	30	0	71	41	41
49551	0	0	4	91	22	7	91	69	4
49651	0	0	27	128	52	8	128	76	27
49701	0	0	55	163	40	6	163	123	55
49653	0	91	163	170	7	0	79	72	72
49602	0	97	170	171	1	0	74	73	73
49702	0	151	196	215	19	0	64	45	45
49654	0	151	194	250	37	7	99	62	43
49655	0	233	250	252	2	0	19	17	17
49652	0	34	91	269	53	67	235	182	57
49503	0	255	269	406	40	19	151	111	14
49552	0	296	351	419	47	0	123	76	55
49656	0	296	395	494	36	8	198	162	99
49603	0	255	275	554	72	33	299	227	20
49657	0	403	419	581	69	5	178	109	16
49505	0	562	701	730	29	0	168	139	139
49506	0	581	730	765	35	0	184	149	149
49703	0	611	768	795	27	0	184	157	157
49659	0	467	581	835	54	17	368	314	114
49504	0	479	595	840	9	18	361	352	116
49507	0	639	840	859	19	0	220	201	201
49553	0	497	601	881	66	0	384	318	104
49660	0	513	645	903	48	10	390	342	132
49658	0	410	494	917	63	13	507	444	84
49607	0	786	927	931	4	0	145	141	141
49604	0	488	599	936	10	29	448	438	111
49663	0	853	961	975	14	0	122	108	108
49605	0	664	888	1008	35	6	344	309	224
49608	0	910	1019	1024	5	0	114	109	109
49554	0	666	890	1041	21	17	375	354	224
49661	0	700	903	1043	14	3	343	329	203
49662	0	842	936	1131	26	5	289	263	94
49609	0	967	1131	1143	12	0	176	164	164
49508	0	663	881	1152	16	139	489	473	218
49510	0	929	1043	1217	32	5	288	256	114
49664	0	938	1065	1240	24	1	302	278	127
49606	0	717	917	1300	44	36	583	539	200
49511	0	953	1097	1302	35	1	349	314	144
49706	0	1145	1306	1307	1	0	162	161	161
49555	0	1043	1152	1316	37	1	273	236	109
49665	0	1056	1187	1322	9	2	266	257	131
49705	0	1046	1180	1348	33	20	302	269	134
49666	0	1216	1348	1362	14	0	146	132	132
49509	0	910	1008	1370	36	50	460	424	98
49556	0	1237	1370	1394	24	0	157	133	133
49512	0	1087	1217	1421	28	30	334	306	130
49513	0	1112	1268	1432	8	1	320	312	156
49704	0	943	1096	1457	27	21	514	487	153
49560	0	1298	1503	1521	18	0	223	205	205
49514	0	1144	1302	1535	16	20	391	375	158
49708	0	1392	1548	1579	31	0	187	156	156
49557	0	1244	1394	1593	34	6	349	315	150
49611	0	1270	1421	1625	15	2	355	340	151
49558	0	1281	1432	1627	13	28	346	333	151
49559	0	1291	1457	1644	55	6	353	298	166
49561	0	1517	1679	1704	25	0	187	162	162
49707	0	1377	1535	1730	28	27	353	325	158
49667	0	1650	1756	1788	32	0	138	106	106
49564	0	1700	1812	1823	11	0	123	112	112
49612	0	1323	1521	1883	8	42	560	552	198
49709	0	1425	1593	1925	57	24	500	443	168
49610	0	1098	1240	1930	88	46	832	744	142
49565	0	1701	1823	1931	18	7	230	212	122
49562	0	1548	1708	1937	22	8	389	367	160
49669	0	1741	1883	1966	33	5	225	192	142
49563	0	1606	1730	1989	31	39	383	352	124
49668	0	1724	1853	2000	39	50	276	237	129
49614	0	1874	1946	2032	15	8	158	143	72
49566	0	1971	2039	2045	6	0	74	68	68
49613	0	1717	1840	2054	22	44	337	315	123
49710	0	1943	2000	2123	51	2	180	129	57
49670	0	2043	2123	2126	3	0	83	80	80
49515	0	1760	1900	2179	54	22	419	365	140
49567	0	2141	2206	2211	5	0	70	65	65
49516	0	2192	2215	2235	20	0	43	23	23
49713	0	1990	2092	2281	60	6	291	231	102
49714	0	2097	2201	2290	7	19	193	186	104
49712	0	1978	2054	2294	28	39	316	288	76
49711	0	1970	2032	2322	50	68	352	302	62
49715	0	2260	2322	2331	9	0	71	62	62
49569	0	2296	2367	2385	18	0	89	71	71
49517	0	2223	2281	2401	23	29	178	155	58
49615	0	2321	2401	2405	4	0	84	80	80
49716	0	2266	2331	2423	22	10	157	135	65
49518	0	2274	2358	2471	39	9	197	158	84
49717	0	2273	2340	2507	54	17	234	180	67
49519	0	2279	2359	2515	16	8	236	220	80
49520	0	2448	2590	2609	19	0	161	142	142
49720	0	2526	2688	2707	19	0	181	162	162
49671	0	2386	2515	2734	22	7	348	326	129
49672	0	2396	2524	2735	2	10	339	337	128
49570	0	2362	2423	2810	47	25	448	401	61
49718	0	2462	2609	2821	49	3	359	310	147
49572	0	2676	2821	2852	31	0	176	145	145
49674	0	2713	2869	2875	6	0	162	156	156
49571	0	2531	2707	2899	18	2	368	350	176
49616	0	2741	2903	2906	3	0	165	162	162
49521	0	2558	2744	2908	5	2	350	345	186
49723	0	2792	2950	2977	27	0	185	158	158
49721	0	2600	2763	2985	52	0	385	333	163
49523	0	2849	2985	2995	10	0	146	136	136
49719	0	2495	2647	3003	66	11	508	442	152
49522	0	2724	2899	3006	4	5	282	278	175
49573	0	2734	2900	3027	24	12	293	269	166
49568	0	2241	2294	3136	99	59	895	796	53
49676	0	2981	3151	3168	17	0	187	170	170
49619	0	2982	3168	3193	25	0	211	186	186
49673	0	2436	2536	3197	57	109	761	704	100
49675	0	2716	2875	3250	67	39	534	467	159
49617	0	2938	3045	3284	45	4	346	301	107
49722	0	2785	2925	3392	83	27	607	524	140
49677	0	3066	3250	3488	15	14	422	407	184
49574	0	3084	3284	3490	18	3	406	388	200
49725	0	3309	3523	3540	17	0	231	214	214
49526	0	3367	3579	3584	5	0	217	212	212
49724	0	3107	3333	3590	29	16	483	454	226
49577	0	3435	3641	3649	8	0	214	206	206
49678	0	3185	3425	3658	18	3	473	455	240
49618	0	2957	3136	3660	50	44	703	653	179
49621	0	3218	3434	3694	50	0	476	426	216
49624	0	3485	3694	3699	5	0	214	209	209
49527	0	3533	3733	3745	12	0	212	200	200
49575	0	3309	3490	3779	66	28	470	404	181
49625	0	3552	3779	3788	9	0	236	227	227
49620	0	3051	3197	3801	50	109	750	700	146
49576	0	3341	3553	3802	7	9	461	454	212
49728	0	3620	3850	3855	5	0	235	230	230
49679	0	3432	3625	3898	33	3	466	433	193
49622	0	3413	3590	3914	51	30	501	450	177
49680	0	3454	3660	3989	26	10	535	509	206
49623	0	3461	3667	4014	38	19	553	515	206
49726	0	3497	3699	4018	7	26	521	514	202
49525	0	3228	3478	4057	15	61	829	814	250
49578	0	3525	3705	4092	57	39	567	510	180
49524	0	3102	3300	4180	89	27	1078	989	198
49528	0	3611	3848	4190	4	4	579	575	237
49684	0	3958	4266	4267	1	0	309	308	308
49580	0	3733	4029	4283	23	5	550	527	296
49628	0	3731	4018	4316	23	26	585	562	287
49681	0	3741	4038	4326	20	8	585	565	297
49581	0	4114	4339	4340	1	0	226	225	225
49529	0	3797	4092	4363	56	10	566	510	295
49727	0	3605	3831	4421	29	31	816	787	226
49683	0	3854	4180	4458	13	69	604	591	326
49729	0	3626	3855	4484	77	67	858	781	229
49730	0	3678	3989	4578	38	72	900	862	311
49733	0	4330	4578	4615	37	0	285	248	248
49630	0	4086	4335	4662	34	2	576	542	249
49582	0	4137	4340	4678	7	23	541	534	203
49632	0	4383	4678	4682	4	0	299	295	295
49685	0	4157	4363	4705	25	11	548	523	206
49579	0	3544	3745	4728	35	77	1184	1149	201
49634	0	4397	4728	4736	8	0	339	331	331
49734	0	4400	4736	4763	27	0	363	336	336
49731	0	4158	4374	4771	18	18	613	595	216
49687	0	4408	4771	4778	7	0	370	363	363
49688	0	4419	4787	4820	33	0	401	368	368
49584	0	4421	4820	4825	5	0	404	399	399
49533	0	4456	4876	4896	20	0	440	420	420
49686	0	4214	4421	4899	18	27	685	667	207
49631	0	4291	4516	4958	48	0	667	619	225
49530	0	4045	4299	4959	10	13	914	904	254
49689	0	4577	4959	4966	7	0	389	382	382
49629	0	4059	4326	4974	29	10	915	886	267
49583	0	4349	4662	5007	46	1	658	612	313
49633	0	4385	4682	5029	31	6	644	613	297
49635	0	4701	5062	5067	5	0	366	361	361
49742	0	4751	5108	5121	13	0	370	357	357
49531	0	4171	4388	5170	21	22	999	978	217
49532	0	4412	4778	5191	30	9	779	749	366
49682	0	3810	4129	5194	76	19	1384	1308	319
49637	0	4846	5194	5205	11	0	359	348	348
49732	0	4245	4436	5236	66	1	991	925	191
49738	0	4523	4943	5249	6	4	726	720	420
49736	0	4508	4918	5256	11	27	748	737	410
49737	0	4510	4937	5274	20	12	764	744	427
49585	0	4519	4939	5281	11	8	762	751	420
49626	0	3661	3914	5286	95	47	1625	1530	253
49739	0	4550	4944	5310	25	21	760	735	394
49627	0	3662	3934	5321	79	94	1659	1580	272
49638	0	4997	5321	5351	30	0	354	324	324
49693	0	4997	5351	5377	26	0	380	354	354
49690	0	4700	5029	5404	38	13	704	666	329
49743	0	5142	5421	5426	5	0	284	279	279
49741	0	4742	5094	5457	45	35	715	670	352
49695	0	5147	5457	5492	35	0	345	310	310
49691	0	4777	5158	5496	2	9	719	717	381
49640	0	5174	5519	5522	3	0	348	345	345
49535	0	5194	5522	5543	21	0	349	328	328
49641	0	5239	5554	5566	12	0	327	315	315
49696	0	5280	5570	5596	26	0	316	290	290
49590	0	5295	5596	5605	9	0	310	301	301
49697	0	5300	5605	5608	3	0	308	305	305
49735	0	4489	4899	5617	30	89	1128	1098	410
49592	0	5333	5640	5643	3	0	310	307	307
49537	0	5384	5675	5693	18	0	309	291	291
49639	0	5053	5377	5719	44	5	666	622	324
49694	0	5088	5404	5732	20	7	644	624	316
49587	0	5069	5395	5733	5	34	664	659	326
49643	0	5438	5745	5760	15	0	322	307	307
49740	0	4728	5067	5766	43	38	1038	995	339
49534	0	4766	5121	5803	39	56	1037	998	355
49636	0	4777	5145	5807	40	27	1030	990	368
49586	0	4849	5205	5825	52	5	976	924	356
49589	0	5210	5545	5831	7	24	621	614	335
49692	0	4902	5236	5876	11	27	974	963	334
49642	0	5349	5643	5950	39	5	601	562	294
49536	0	5370	5666	5992	10	25	622	612	296
49538	0	5435	5733	6016	36	14	581	545	298
49644	0	5471	5766	6043	12	73	572	560	295
49539	0	5488	5775	6047	20	80	559	539	287
49647	0	5911	6050	6057	7	0	146	139	139
49699	0	5928	6069	6103	34	0	175	141	141
49591	0	5330	5617	6129	78	57	799	721	287
49645	0	5802	6016	6136	12	19	334	322	214
49540	0	5806	6021	6139	13	10	333	320	215
49588	0	5195	5543	6213	70	75	1018	948	348
49700	0	6097	6219	6232	13	0	135	122	122
49543	0	6130	6255	6260	5	0	130	125	125
49593	0	5579	5831	6284	54	6	705	651	252
49648	0	6068	6145	6289	49	0	221	172	77
49541	0	6089	6189	6331	30	9	242	212	100
49596	0	6251	6331	6353	22	0	102	80	80
49646	0	5839	6031	6373	31	92	534	503	192
49594	0	6093	6213	6378	11	49	285	274	120
49542	0	6103	6232	6384	21	21	281	260	129
49745	0	6137	6260	6386	3	20	249	246	123
49744	0	6107	6247	6424	30	41	317	287	140
49746	0	6295	6424	6442	18	0	147	129	129
49545	0	6402	6492	6519	27	0	117	90	90
49698	0	5625	5920	6555	91	49	930	839	295
49747	0	6484	6555	6576	21	0	92	71	71
49544	0	6333	6477	6594	33	4	261	228	144
49649	0	6505	6598	6601	3	0	96	93	93
49546	0	6404	6519	6604	8	6	200	192	115
49548	0	6579	6657	6670	13	0	91	78	78
49549	0	6619	6670	6679	9	0	60	51	51
49597	0	6505	6594	6692	13	43	187	174	89
49650	0	6549	6611	6707	45	0	158	113	62
49598	0	6665	6707	6766	21	20	101	80	42
49547	0	6410	6524	6770	24	54	360	336	114
49595	0	6198	6289	6775	75	167	577	502	91
49748	0	6642	6692	6794	41	33	152	111	50
49749	0	6778	6778	6806	23	4	28	5	0
49550	0	6936	6953	6974	21	0	38	17	17
49750	0	6956	6974	6990	16	0	34	18	18
49599	0	6921	6921	7127	138	40	206	68	0
49600	0	7187	7187	7283	46	50	96	50	0
0	0	0	0	7283	52337	0	7283	-45054	0
