id	priority	createdTime	startedTime	terminatedTime	cpuTime	blockedTime	turnaroundTime	waitingTime	responseTime
50501	0	0	0	4	4	0	4	0	0
50601	0	0	4	6	2	0	6	4	4
50551	0	0	11	61	22	7	61	39	11
50651	0	0	32	98	52	8	98	46	32
50602	0	97	98	99	1	0	2	1	1
50653	0	91	99	106	7	0	15	8	8
50502	0	19	129	159	30	0	140	110	110
50702	0	151	161	180	19	0	29	10	10
50652	0	34	61	197	53	67	163	110	27
50701	0	0	6	232	40	6	232	192	6
50654	0	151	159	267	37	7	116	79	8
50655	0	233	267	269	2	0	36	34	34
50552	0	296	312	359	47	0	63	16	16
50503	0	255	271	367	40	19	112	72	16
50656	0	296	309	400	36	8	104	68	13
50603	0	255	269	535	72	33	280	208	14
50504	0	479	498	540	9	18	61	52	19
50604	0	488	496	545	10	29	57	47	8
50657	0	403	454	572	69	5	169	100	51
50505	0	562	572	601	29	0	39	10	10
50506	0	581	601	636	35	0	55	20	20
50703	0	611	636	663	27	0	52	25	25
50507	0	639	663	682	19	0	43	24	24
50605	0	664	682	728	35	6	64	29	18
50554	0	666	684	767	21	17	101	80	18
50661	0	700	738	769	14	3	69	55	38
50607	0	786	817	821	4	0	35	31	31
50606	0	717	728	846	44	36	129	85	11
50660	0	513	778	855	48	10	342	294	265
50508	0	663	688	864	16	139	201	185	25
50663	0	853	864	878	14	0	25	11	11
50659	0	467	505	943	54	17	476	422	38
50662	0	842	878	944	26	5	102	76	36
50608	0	910	945	950	5	0	40	35	35
50609	0	967	973	985	12	0	18	6	6
50704	0	943	944	1021	27	21	78	51	1
50510	0	929	985	1031	32	5	102	70	56
50664	0	938	1055	1082	24	1	144	120	117
50509	0	910	950	1090	36	50	180	144	40
50665	0	1056	1077	1096	9	2	40	31	21
50513	0	1112	1117	1141	8	1	29	21	5
50705	0	1046	1048	1167	33	20	121	88	2
50706	0	1145	1167	1168	1	0	23	22	22
50512	0	1087	1096	1179	28	30	92	64	9
50555	0	1043	1179	1224	37	1	181	144	136
50514	0	1144	1168	1236	16	20	92	76	24
50666	0	1216	1236	1250	14	0	34	20	20
50556	0	1237	1270	1294	24	0	57	33	33
50611	0	1270	1294	1320	15	2	50	35	24
50557	0	1244	1250	1334	34	6	90	56	6
50560	0	1298	1336	1354	18	0	56	38	38
50558	0	1281	1304	1356	13	28	75	62	23
50612	0	1323	1334	1395	8	42	72	64	11
50511	0	953	1360	1397	35	1	444	409	407
50708	0	1392	1410	1441	31	0	49	18	18
50707	0	1377	1397	1456	28	27	79	51	20
50709	0	1425	1456	1572	57	24	147	90	31
50610	0	1098	1124	1577	88	46	479	391	26
50561	0	1517	1584	1609	25	0	92	67	67
50562	0	1548	1577	1663	22	8	115	93	29
50559	0	1291	1619	1688	55	6	397	342	328
50563	0	1606	1609	1710	31	39	104	73	3
50564	0	1700	1710	1721	11	0	21	10	10
50565	0	1701	1725	1760	18	7	59	41	24
50669	0	1741	1742	1797	33	5	56	23	1
50613	0	1717	1721	1807	22	44	90	68	4
50667	0	1650	1866	1898	32	0	248	216	216
50515	0	1760	1769	1912	54	22	152	98	9
50668	0	1724	1807	1923	39	50	199	160	83
50614	0	1874	1898	1934	15	8	60	45	24
50566	0	1971	1996	2002	6	0	31	25	25
50658	0	410	1934	2011	63	13	1601	1538	1524
50670	0	2043	2061	2064	3	0	21	18	18
50710	0	1943	2018	2146	51	2	203	152	75
50714	0	2097	2111	2148	7	19	51	44	14
50712	0	1978	2011	2152	28	39	174	146	33
50567	0	2141	2152	2157	5	0	16	11	11
50713	0	1990	1995	2203	60	6	213	153	5
50711	0	1970	2002	2207	50	68	237	187	32
50516	0	2192	2207	2227	20	0	35	15	15
50553	0	497	2234	2300	66	0	1803	1737	1737
50715	0	2260	2309	2318	9	0	58	49	49
50519	0	2279	2301	2326	16	8	47	31	22
50615	0	2321	2326	2330	4	0	9	5	5
50517	0	2223	2227	2355	23	29	132	109	4
50716	0	2266	2330	2368	22	10	102	80	64
50569	0	2296	2406	2424	18	0	128	110	110
50672	0	2396	2405	2425	2	10	29	27	9
50671	0	2386	2396	2438	22	7	52	30	10
50520	0	2448	2458	2477	19	0	29	10	10
50571	0	2531	2539	2571	18	2	40	22	8
50521	0	2558	2564	2573	5	2	15	10	6
50720	0	2526	2582	2601	19	0	75	56	56
50673	0	2436	2438	2639	57	109	203	146	2
50570	0	2362	2368	2664	47	25	302	255	6
50717	0	2273	2378	2700	54	17	427	373	105
50568	0	2241	2493	2728	99	59	487	388	252
50674	0	2713	2729	2735	6	0	22	16	16
50522	0	2724	2728	2741	4	5	17	13	4
50616	0	2741	2761	2764	3	0	23	20	20
50573	0	2734	2735	2785	24	12	51	27	1
50723	0	2792	2806	2833	27	0	41	14	14
50675	0	2716	2741	2862	67	39	146	79	25
50523	0	2849	2862	2872	10	0	23	13	13
50572	0	2676	2872	2903	31	0	227	196	196
50518	0	2274	2300	2941	39	9	667	628	26
50617	0	2938	2941	3001	45	4	63	18	3
50676	0	2981	3001	3018	17	0	37	20	20
50619	0	2982	3018	3043	25	0	61	36	36
50618	0	2957	2960	3110	50	44	153	103	3
50677	0	3066	3076	3117	15	14	51	36	10
50574	0	3084	3117	3158	18	3	74	56	33
50724	0	3107	3133	3197	29	16	90	61	26
50678	0	3185	3197	3228	18	3	43	25	12
50620	0	3051	3084	3264	50	109	213	163	33
50524	0	3102	3158	3341	89	27	239	150	56
50718	0	2462	3296	3352	49	3	890	841	834
50525	0	3228	3248	3367	15	61	139	124	20
50725	0	3309	3367	3384	17	0	75	58	58
50576	0	3341	3352	3385	7	9	44	37	11
50526	0	3367	3385	3390	5	0	23	18	18
50577	0	3435	3465	3473	8	0	38	30	30
50624	0	3485	3489	3494	5	0	9	4	4
50622	0	3413	3423	3510	51	30	97	46	10
50679	0	3432	3473	3530	33	3	98	65	41
50680	0	3454	3458	3549	26	10	95	69	4
50726	0	3497	3510	3554	7	26	57	50	13
50625	0	3552	3554	3563	9	0	11	2	2
50527	0	3533	3563	3575	12	0	42	30	30
50728	0	3620	3626	3631	5	0	11	6	6
50528	0	3611	3624	3633	4	4	22	18	13
50623	0	3461	3581	3650	38	19	189	151	120
50727	0	3605	3607	3696	29	31	91	62	2
50579	0	3544	3549	3739	35	77	195	160	5
50681	0	3741	3748	3779	20	8	38	18	7
50580	0	3733	3739	3793	23	5	60	37	6
50628	0	3731	3758	3821	23	26	90	67	27
50730	0	3678	3683	3860	38	72	182	144	5
50729	0	3626	3650	3922	77	67	296	219	24
50575	0	3309	3390	3955	66	28	646	580	81
50683	0	3854	3860	3960	13	69	106	93	6
50684	0	3958	3960	3961	1	0	3	2	2
50578	0	3525	3868	3990	57	39	465	408	343
50529	0	3797	4026	4118	56	10	321	265	229
50530	0	4045	4069	4119	10	13	74	64	24
50581	0	4114	4119	4120	1	0	6	5	5
50629	0	4059	4065	4128	29	10	69	40	6
50630	0	4086	4095	4183	34	2	97	63	9
50582	0	4137	4149	4186	7	23	49	42	12
50627	0	3662	3990	4241	79	94	579	500	328
50531	0	4171	4186	4252	21	22	81	60	15
50731	0	4158	4216	4256	18	18	98	80	58
50685	0	4157	4192	4270	25	11	113	88	35
50686	0	4214	4270	4346	18	27	132	114	56
50719	0	2495	4302	4384	66	11	1889	1823	1807
50632	0	4383	4384	4388	4	0	5	1	1
50583	0	4349	4363	4430	46	1	81	35	14
50584	0	4421	4430	4435	5	0	14	9	9
50687	0	4408	4435	4442	7	0	34	27	27
50634	0	4397	4442	4450	8	0	53	45	45
50533	0	4456	4459	4479	20	0	23	3	3
50532	0	4412	4450	4500	30	9	88	58	38
50738	0	4523	4525	4537	6	4	14	8	2
50737	0	4510	4519	4555	20	12	45	25	9
50585	0	4519	4526	4563	11	8	44	33	7
50736	0	4508	4521	4570	11	27	62	51	13
50633	0	4385	4388	4592	31	6	207	176	3
50689	0	4577	4592	4599	7	0	22	15	15
50739	0	4550	4555	4623	25	21	73	48	5
50735	0	4489	4500	4632	30	89	143	113	11
50734	0	4400	4632	4659	27	0	259	232	232
50688	0	4419	4659	4692	33	0	273	240	240
50733	0	4330	4692	4729	37	0	399	362	362
50635	0	4701	4729	4734	5	0	33	28	28
50742	0	4751	4761	4774	13	0	23	10	10
50691	0	4777	4784	4799	2	9	22	20	7
50740	0	4728	4734	4842	43	38	114	71	6
50636	0	4777	4785	4870	40	27	93	53	8
50637	0	4846	4870	4881	11	0	35	24	24
50741	0	4742	4799	4959	45	35	217	172	57
50692	0	4902	4910	4960	11	27	58	47	8
50534	0	4766	4842	4972	39	56	206	167	76
50586	0	4849	4881	4990	52	5	141	89	32
50693	0	4997	5023	5049	26	0	52	26	26
50690	0	4700	4990	5054	38	13	354	316	290
50638	0	4997	5076	5106	30	0	109	79	79
50587	0	5069	5072	5114	5	34	45	40	3
50639	0	5053	5054	5140	44	5	87	43	1
50694	0	5088	5106	5153	20	7	65	45	18
50743	0	5142	5153	5158	5	0	16	11	11
50695	0	5147	5158	5193	35	0	46	11	11
50640	0	5174	5193	5196	3	0	22	19	19
50535	0	5194	5198	5219	21	0	25	4	4
50631	0	4291	5220	5268	48	0	977	929	929
50589	0	5210	5219	5274	7	24	64	57	9
50641	0	5239	5274	5286	12	0	47	35	35
50696	0	5280	5286	5312	26	0	32	6	6
50697	0	5300	5312	5315	3	0	15	12	12
50590	0	5295	5315	5324	9	0	29	20	20
50732	0	4245	4285	5373	66	1	1128	1062	40
50592	0	5333	5373	5376	3	0	43	40	40
50537	0	5384	5385	5403	18	0	19	1	1
50536	0	5370	5376	5427	10	25	57	47	6
50643	0	5438	5462	5477	15	0	39	24	24
50642	0	5349	5427	5502	39	5	153	114	78
50538	0	5435	5450	5542	36	14	107	71	15
50644	0	5471	5477	5586	12	73	115	103	6
50539	0	5488	5502	5637	20	80	149	129	14
50591	0	5330	5403	5657	78	57	327	249	73
50593	0	5579	5586	5658	54	6	79	25	7
50621	0	3218	5672	5722	50	0	2504	2454	2454
50721	0	2600	5734	5786	52	0	3186	3134	3134
50540	0	5806	5813	5840	13	10	34	21	7
50645	0	5802	5808	5847	12	19	45	33	6
50698	0	5625	5658	5885	91	49	260	169	33
50647	0	5911	5940	5947	7	0	36	29	29
50699	0	5928	5949	5983	34	0	55	21	21
50646	0	5839	5847	6018	31	92	179	148	8
50626	0	3661	3696	6023	95	47	2362	2267	35
50648	0	6068	6079	6128	49	0	60	11	11
50543	0	6130	6134	6139	5	0	9	4	4
50588	0	5195	5196	6170	70	75	975	905	1
50745	0	6137	6139	6172	3	20	35	32	2
50700	0	6097	6172	6185	13	0	88	75	75
50594	0	6093	6128	6190	11	49	97	86	35
50541	0	6089	6146	6223	30	9	134	104	57
50744	0	6107	6140	6247	30	41	140	110	33
50542	0	6103	6190	6253	21	21	150	129	87
50596	0	6251	6253	6275	22	0	24	2	2
50746	0	6295	6299	6317	18	0	22	4	4
50546	0	6404	6435	6450	8	6	46	38	31
50544	0	6333	6352	6475	33	4	142	109	19
50682	0	3810	6367	6480	76	19	2670	2594	2557
50545	0	6402	6484	6511	27	0	109	82	82
50649	0	6505	6511	6514	3	0	9	6	6
50747	0	6484	6534	6555	21	0	71	50	50
50547	0	6410	6433	6559	24	54	149	125	23
50650	0	6549	6559	6604	45	0	55	10	10
50595	0	6198	6275	6609	75	167	411	336	77
50597	0	6505	6514	6618	13	43	113	100	9
50548	0	6579	6618	6631	13	0	52	39	39
50549	0	6619	6631	6640	9	0	21	12	12
50722	0	2785	2803	6720	83	27	3935	3852	18
50598	0	6665	6720	6761	21	20	96	75	55
50749	0	6778	6783	6810	23	4	32	9	5
50748	0	6642	6733	6815	41	33	173	132	91
50550	0	6936	6953	6974	21	0	38	17	17
50750	0	6956	6974	6990	16	0	34	18	18
50599	0	6921	6921	7127	138	40	206	68	0
50600	0	7187	7187	7283	46	50	96	50	0
0	0	0	0	7283	53389	0	7283	-46106	0
