id	priority	createdTime	startedTime	terminatedTime	cpuTime	blockedTime	turnaroundTime	waitingTime	responseTime
50751	0	0	0	4	4	0	4	0	0
50851	0	0	25	27	2	0	27	25	25
50752	0	19	60	90	30	0	71	41	41
50801	0	0	4	91	22	7	91	69	4
50901	0	0	27	128	52	8	128	76	27
50951	0	0	55	163	40	6	163	123	55
50903	0	91	163	170	7	0	79	72	72
50852	0	97	170	171	1	0	74	73	73
50952	0	151	196	215	19	0	64	45	45
50904	0	151	194	250	37	7	99	62	43
50905	0	233	250	252	2	0	19	17	17
50902	0	34	91	269	53	67	235	182	57
50753	0	255	269	408	40	19	153	113	14
50802	0	296	352	419	47	0	123	76	56
50906	0	296	397	494	36	8	198	162	101
50853	0	255	275	555	72	33	300	228	20
50907	0	403	419	582	69	5	179	110	16
50755	0	562	702	731	29	0	169	140	140
50756	0	581	731	766	35	0	185	150	150
50953	0	611	769	796	27	0	185	158	158
50909	0	467	582	836	54	17	369	315	115
50754	0	479	596	841	9	18	362	353	117
50757	0	639	841	860	19	0	221	202	202
50803	0	497	602	881	66	0	384	318	105
50910	0	513	647	903	48	10	390	342	134
50908	0	410	494	917	63	13	507	444	84
50857	0	786	927	931	4	0	145	141	141
50854	0	488	600	936	10	29	448	438	112
50913	0	853	961	975	14	0	122	108	108
50855	0	664	888	1008	35	6	344	309	224
50858	0	910	1019	1024	5	0	114	109	109
50804	0	666	890	1041	21	17	375	354	224
50911	0	700	903	1043	14	3	343	329	203
50912	0	842	936	1131	26	5	289	263	94
50859	0	967	1131	1143	12	0	176	164	164
50758	0	663	881	1152	16	139	489	473	218
50760	0	929	1043	1217	32	5	288	256	114
50914	0	938	1065	1240	24	1	302	278	127
50856	0	717	917	1300	44	36	583	539	200
50761	0	953	1097	1302	35	1	349	314	144
50956	0	1145	1306	1307	1	0	162	161	161
50805	0	1043	1152	1316	37	1	273	236	109
50915	0	1056	1187	1322	9	2	266	257	131
50955	0	1046	1180	1348	33	20	302	269	134
50916	0	1216	1348	1362	14	0	146	132	132
50759	0	910	1008	1370	36	50	460	424	98
50806	0	1237	1370	1394	24	0	157	133	133
50762	0	1087	1217	1421	28	30	334	306	130
50763	0	1112	1268	1432	8	1	320	312	156
50954	0	943	1096	1457	27	21	514	487	153
50810	0	1298	1503	1521	18	0	223	205	205
50764	0	1144	1302	1535	16	20	391	375	158
50958	0	1392	1548	1579	31	0	187	156	156
50807	0	1244	1394	1593	34	6	349	315	150
50861	0	1270	1421	1625	15	2	355	340	151
50808	0	1281	1432	1627	13	28	346	333	151
50809	0	1291	1457	1644	55	6	353	298	166
50811	0	1517	1679	1704	25	0	187	162	162
50957	0	1377	1535	1730	28	27	353	325	158
50917	0	1650	1756	1788	32	0	138	106	106
50814	0	1700	1812	1823	11	0	123	112	112
50862	0	1323	1521	1883	8	42	560	552	198
50959	0	1425	1593	1925	57	24	500	443	168
50860	0	1098	1240	1930	88	46	832	744	142
50815	0	1701	1823	1931	18	7	230	212	122
50812	0	1548	1708	1937	22	8	389	367	160
50919	0	1741	1883	1966	33	5	225	192	142
50813	0	1606	1730	1989	31	39	383	352	124
50918	0	1724	1853	2000	39	50	276	237	129
50864	0	1874	1946	2032	15	8	158	143	72
50816	0	1971	2039	2045	6	0	74	68	68
50863	0	1717	1840	2054	22	44	337	315	123
50960	0	1943	2000	2123	51	2	180	129	57
50920	0	2043	2123	2126	3	0	83	80	80
50765	0	1760	1900	2179	54	22	419	365	140
50817	0	2141	2206	2211	5	0	70	65	65
50766	0	2192	2215	2235	20	0	43	23	23
50963	0	1990	2092	2281	60	6	291	231	102
50964	0	2097	2201	2290	7	19	193	186	104
50962	0	1978	2054	2294	28	39	316	288	76
50961	0	1970	2032	2322	50	68	352	302	62
50965	0	2260	2322	2331	9	0	71	62	62
50819	0	2296	2367	2385	18	0	89	71	71
50767	0	2223	2281	2401	23	29	178	155	58
50865	0	2321	2401	2405	4	0	84	80	80
50966	0	2266	2331	2423	22	10	157	135	65
50768	0	2274	2358	2471	39	9	197	158	84
50967	0	2273	2340	2507	54	17	234	180	67
50769	0	2279	2359	2515	16	8	236	220	80
50770	0	2448	2590	2609	19	0	161	142	142
50970	0	2526	2688	2707	19	0	181	162	162
50921	0	2386	2515	2734	22	7	348	326	129
50922	0	2396	2524	2735	2	10	339	337	128
50820	0	2362	2423	2811	47	25	449	402	61
50968	0	2462	2609	2822	49	3	360	311	147
50822	0	2676	2822	2853	31	0	177	146	146
50924	0	2713	2870	2876	6	0	163	157	157
50821	0	2531	2707	2900	18	2	369	351	176
50866	0	2741	2904	2907	3	0	166	163	163
50771	0	2558	2744	2909	5	2	351	346	186
50973	0	2792	2951	2978	27	0	186	159	159
50971	0	2600	2763	2985	52	0	385	333	163
50773	0	2849	2985	2995	10	0	146	136	136
50969	0	2495	2647	3003	66	11	508	442	152
50772	0	2724	2900	3006	4	5	282	278	176
50823	0	2734	2901	3027	24	12	293	269	167
50818	0	2241	2294	3137	99	59	896	797	53
50926	0	2981	3152	3169	17	0	188	171	171
50869	0	2982	3169	3194	25	0	212	187	187
50923	0	2436	2536	3198	57	109	762	705	100
50925	0	2716	2876	3251	67	39	535	468	160
50867	0	2938	3045	3285	45	4	347	302	107
50972	0	2785	2926	3392	83	27	607	524	141
50927	0	3066	3251	3489	15	14	423	408	185
50824	0	3084	3285	3491	18	3	407	389	201
50975	0	3309	3524	3541	17	0	232	215	215
50776	0	3367	3580	3585	5	0	218	213	213
50974	0	3107	3334	3591	29	16	484	455	227
50827	0	3435	3642	3650	8	0	215	207	207
50928	0	3185	3425	3659	18	3	474	456	240
50868	0	2957	3137	3661	50	44	704	654	180
50871	0	3218	3434	3694	50	0	476	426	216
50874	0	3485	3694	3699	5	0	214	209	209
50777	0	3533	3733	3745	12	0	212	200	200
50875	0	3552	3746	3755	9	0	203	194	194
50825	0	3309	3491	3788	66	28	479	413	182
50870	0	3051	3198	3801	50	109	750	700	147
50826	0	3341	3554	3802	7	9	461	454	213
50978	0	3620	3850	3855	5	0	235	230	230
50929	0	3432	3626	3898	33	3	466	433	194
50872	0	3413	3591	3914	51	30	501	450	178
50930	0	3454	3661	3997	26	10	543	517	207
50873	0	3461	3668	4014	38	19	553	515	207
50976	0	3497	3699	4018	7	26	521	514	202
50775	0	3228	3479	4057	15	61	829	814	251
50828	0	3525	3705	4092	57	39	567	510	180
50774	0	3102	3301	4181	89	27	1079	990	199
50778	0	3611	3848	4191	4	4	580	576	237
50934	0	3958	4268	4269	1	0	311	310	310
50830	0	3733	4029	4301	23	5	568	545	296
50878	0	3731	4018	4318	23	26	587	564	287
50931	0	3741	4038	4328	20	8	587	567	297
50831	0	4114	4341	4342	1	0	228	227	227
50779	0	3797	4092	4365	56	10	568	512	295
50977	0	3605	3831	4422	29	31	817	788	226
50933	0	3854	4181	4459	13	69	605	592	327
50979	0	3626	3855	4485	77	67	859	782	229
50980	0	3678	3970	4575	38	72	897	859	292
50983	0	4330	4579	4616	37	0	286	249	249
50880	0	4086	4337	4663	34	2	577	543	251
50832	0	4137	4342	4679	7	23	542	535	205
50882	0	4383	4679	4683	4	0	300	296	296
50935	0	4157	4365	4706	25	11	549	524	208
50829	0	3544	3745	4729	35	77	1185	1150	201
50884	0	4397	4729	4737	8	0	340	332	332
50984	0	4400	4737	4764	27	0	364	337	337
50937	0	4408	4768	4775	7	0	367	360	360
50981	0	4158	4376	4779	18	18	621	603	218
50938	0	4419	4788	4821	33	0	402	369	369
50834	0	4421	4821	4826	5	0	405	400	400
50783	0	4456	4878	4898	20	0	442	422	422
50936	0	4214	4422	4901	18	27	687	669	208
50881	0	4291	4516	4959	48	0	668	620	225
50939	0	4577	4959	4966	7	0	389	382	382
50780	0	4045	4301	4967	10	13	922	912	256
50879	0	4059	4328	4975	29	10	916	887	269
50833	0	4349	4663	5008	46	1	659	613	314
50883	0	4385	4683	5030	31	6	645	614	298
50885	0	4701	5063	5068	5	0	367	362	362
50992	0	4751	5109	5122	13	0	371	358	358
50781	0	4171	4390	5171	21	22	1000	979	219
50782	0	4412	4779	5192	30	9	780	750	367
50932	0	3810	4129	5195	76	19	1385	1309	319
50887	0	4846	5195	5206	11	0	360	349	349
50982	0	4245	4437	5236	66	1	991	925	192
50988	0	4523	4945	5249	6	4	726	720	422
50986	0	4508	4920	5256	11	27	748	737	412
50987	0	4510	4939	5274	20	12	764	744	429
50835	0	4519	4941	5281	11	8	762	751	422
50876	0	3661	3914	5286	95	47	1625	1530	253
50989	0	4550	4946	5310	25	21	760	735	396
50877	0	3662	3934	5321	79	94	1659	1580	272
50888	0	4997	5321	5351	30	0	354	324	324
50943	0	4997	5351	5377	26	0	380	354	354
50940	0	4700	5030	5404	38	13	704	666	330
50993	0	5142	5421	5426	5	0	284	279	279
50991	0	4742	5095	5457	45	35	715	670	353
50945	0	5147	5457	5492	35	0	345	310	310
50941	0	4777	5159	5496	2	9	719	717	382
50890	0	5174	5519	5522	3	0	348	345	345
50785	0	5194	5522	5543	21	0	349	328	328
50891	0	5239	5554	5566	12	0	327	315	315
50946	0	5280	5570	5596	26	0	316	290	290
50840	0	5295	5596	5605	9	0	310	301	301
50947	0	5300	5605	5608	3	0	308	305	305
50985	0	4489	4901	5617	30	89	1128	1098	412
50842	0	5333	5640	5643	3	0	310	307	307
50787	0	5384	5675	5693	18	0	309	291	291
50889	0	5053	5377	5719	44	5	666	622	324
50944	0	5088	5404	5732	20	7	644	624	316
50837	0	5069	5395	5733	5	34	664	659	326
50893	0	5438	5745	5760	15	0	322	307	307
50990	0	4728	5068	5766	43	38	1038	995	340
50784	0	4766	5122	5803	39	56	1037	998	356
50886	0	4777	5146	5807	40	27	1030	990	369
50836	0	4849	5206	5825	52	5	976	924	357
50839	0	5210	5545	5831	7	24	621	614	335
50942	0	4902	5236	5877	11	27	975	964	334
50892	0	5349	5643	5952	39	5	603	564	294
50786	0	5370	5666	5994	10	25	624	614	296
50788	0	5435	5733	6018	36	14	583	547	298
50894	0	5471	5766	6045	12	73	574	562	295
50789	0	5488	5775	6049	20	80	561	541	287
50897	0	5911	6051	6058	7	0	147	140	140
50949	0	5928	6069	6103	34	0	175	141	141
50841	0	5330	5617	6129	78	57	799	721	287
50895	0	5802	6018	6136	12	19	334	322	216
50790	0	5806	6023	6139	13	10	333	320	217
50838	0	5195	5543	6214	70	75	1019	949	348
50950	0	6097	6220	6233	13	0	136	123	123
50793	0	6130	6254	6259	5	0	129	124	124
50843	0	5579	5831	6285	54	6	706	652	252
50898	0	6068	6145	6289	49	0	221	172	77
50791	0	6089	6190	6331	30	9	242	212	101
50846	0	6251	6331	6353	22	0	102	80	80
50896	0	5839	6033	6373	31	92	534	503	194
50844	0	6093	6214	6378	11	49	285	274	121
50792	0	6103	6233	6384	21	21	281	260	130
50995	0	6137	6261	6386	3	20	249	246	124
50996	0	6295	6400	6418	18	0	123	105	105
50994	0	6107	6248	6442	30	41	335	305	141
50795	0	6402	6492	6519	27	0	117	90	90
50948	0	5625	5922	6555	91	49	930	839	297
50997	0	6484	6555	6576	21	0	92	71	71
50794	0	6333	6477	6594	33	4	261	228	144
50899	0	6505	6598	6601	3	0	96	93	93
50796	0	6404	6519	6604	8	6	200	192	115
50900	0	6549	6611	6656	45	0	107	62	62
50798	0	6579	6658	6671	13	0	92	79	79
50799	0	6619	6671	6680	9	0	61	52	52
50847	0	6505	6594	6693	13	43	188	175	89
50848	0	6665	6707	6766	21	20	101	80	42
50797	0	6410	6524	6770	24	54	360	336	114
50845	0	6198	6289	6775	75	167	577	502	91
50998	0	6642	6693	6794	41	33	152	111	51
50999	0	6778	6778	6806	23	4	28	5	0
50800	0	6936	6953	6974	21	0	38	17	17
51000	0	6956	6974	6990	16	0	34	18	18
50849	0	6921	6921	7127	138	40	206	68	0
50850	0	7187	7187	7283	46	50	96	50	0
0	0	0	0	7283	53652	0	7283	-46369	0
