id	priority	createdTime	startedTime	terminatedTime	cpuTime	blockedTime	turnaroundTime	waitingTime	responseTime
52001	0	0	0	4	4	0	4	0	0
52101	0	0	25	27	2	0	27	25	25
52002	0	19	60	90	30	0	71	41	41
52051	0	0	4	91	22	7	91	69	4
52151	0	0	27	128	52	8	128	76	27
52201	0	0	55	163	40	6	163	123	55
52153	0	91	163	170	7	0	79	72	72
52102	0	97	170	171	1	0	74	73	73
52202	0	151	196	215	19	0	64	45	45
52154	0	151	194	250	37	7	99	62	43
52155	0	233	250	252	2	0	19	17	17
52152	0	34	91	269	53	67	235	182	57
52003	0	255	269	410	40	19	155	115	14
52052	0	296	353	419	47	0	123	76	57
52156	0	296	399	540	36	8	244	208	103
52103	0	255	275	556	72	33	301	229	20
52157	0	403	419	583	69	5	180	111	16
52005	0	562	703	732	29	0	170	141	141
52006	0	581	732	767	35	0	186	151	151
52203	0	611	770	797	27	0	186	159	159
52159	0	467	583	837	54	17	370	316	116
52004	0	479	597	842	9	18	363	354	118
52007	0	639	842	861	19	0	222	203	203
52053	0	497	603	881	66	0	384	318	106
52158	0	410	461	896	63	13	486	423	51
52160	0	513	664	917	48	10	404	356	151
52107	0	786	927	931	4	0	145	141	141
52104	0	488	601	936	10	29	448	438	113
52163	0	853	961	975	14	0	122	108	108
52105	0	664	888	1008	35	6	344	309	224
52108	0	910	1019	1024	5	0	114	109	109
52054	0	666	890	1041	21	17	375	354	224
52161	0	700	896	1043	14	3	343	329	196
52162	0	842	936	1131	26	5	289	263	94
52109	0	967	1131	1143	12	0	176	164	164
52008	0	663	881	1152	16	139	489	473	218
52010	0	929	1043	1217	32	5	288	256	114
52164	0	938	1065	1240	24	1	302	278	127
52106	0	717	917	1300	44	36	583	539	200
52011	0	953	1097	1302	35	1	349	314	144
52206	0	1145	1306	1307	1	0	162	161	161
52055	0	1043	1152	1316	37	1	273	236	109
52165	0	1056	1187	1322	9	2	266	257	131
52205	0	1046	1180	1348	33	20	302	269	134
52166	0	1216	1348	1362	14	0	146	132	132
52009	0	910	1008	1370	36	50	460	424	98
52056	0	1237	1370	1394	24	0	157	133	133
52012	0	1087	1217	1421	28	30	334	306	130
52013	0	1112	1268	1432	8	1	320	312	156
52204	0	943	1096	1457	27	21	514	487	153
52060	0	1298	1503	1521	18	0	223	205	205
52014	0	1144	1302	1535	16	20	391	375	158
52208	0	1392	1548	1579	31	0	187	156	156
52057	0	1244	1394	1593	34	6	349	315	150
52111	0	1270	1421	1625	15	2	355	340	151
52058	0	1281	1432	1627	13	28	346	333	151
52059	0	1291	1457	1644	55	6	353	298	166
52061	0	1517	1679	1704	25	0	187	162	162
52207	0	1377	1535	1730	28	27	353	325	158
52167	0	1650	1756	1788	32	0	138	106	106
52064	0	1700	1812	1823	11	0	123	112	112
52112	0	1323	1521	1883	8	42	560	552	198
52209	0	1425	1593	1925	57	24	500	443	168
52110	0	1098	1240	1930	88	46	832	744	142
52065	0	1701	1823	1931	18	7	230	212	122
52062	0	1548	1708	1937	22	8	389	367	160
52169	0	1741	1883	1966	33	5	225	192	142
52063	0	1606	1730	1989	31	39	383	352	124
52168	0	1724	1853	2000	39	50	276	237	129
52114	0	1874	1946	2032	15	8	158	143	72
52066	0	1971	2039	2045	6	0	74	68	68
52113	0	1717	1840	2054	22	44	337	315	123
52210	0	1943	2000	2123	51	2	180	129	57
52170	0	2043	2123	2126	3	0	83	80	80
52015	0	1760	1900	2179	54	22	419	365	140
52067	0	2141	2206	2211	5	0	70	65	65
52016	0	2192	2215	2235	20	0	43	23	23
52213	0	1990	2092	2281	60	6	291	231	102
52214	0	2097	2201	2290	7	19	193	186	104
52212	0	1978	2054	2294	28	39	316	288	76
52211	0	1970	2032	2322	50	68	352	302	62
52215	0	2260	2322	2331	9	0	71	62	62
52069	0	2296	2367	2385	18	0	89	71	71
52017	0	2223	2281	2401	23	29	178	155	58
52115	0	2321	2401	2405	4	0	84	80	80
52216	0	2266	2331	2423	22	10	157	135	65
52018	0	2274	2358	2471	39	9	197	158	84
52217	0	2273	2340	2507	54	17	234	180	67
52019	0	2279	2359	2515	16	8	236	220	80
52020	0	2448	2590	2609	19	0	161	142	142
52220	0	2526	2688	2707	19	0	181	162	162
52171	0	2386	2515	2734	22	7	348	326	129
52172	0	2396	2524	2735	2	10	339	337	128
52070	0	2362	2423	2812	47	25	450	403	61
52218	0	2462	2609	2823	49	3	361	312	147
52072	0	2676	2823	2854	31	0	178	147	147
52174	0	2713	2871	2877	6	0	164	158	158
52071	0	2531	2707	2901	18	2	370	352	176
52116	0	2741	2905	2908	3	0	167	164	164
52021	0	2558	2744	2910	5	2	352	347	186
52223	0	2792	2952	2979	27	0	187	160	160
52221	0	2600	2763	2985	52	0	385	333	163
52023	0	2849	2985	2995	10	0	146	136	136
52219	0	2495	2647	3003	66	11	508	442	152
52022	0	2724	2901	3006	4	5	282	278	177
52073	0	2734	2902	3027	24	12	293	269	168
52068	0	2241	2294	3153	99	59	912	813	53
52176	0	2981	3153	3170	17	0	189	172	172
52119	0	2982	3170	3195	25	0	213	188	188
52173	0	2436	2536	3199	57	109	763	706	100
52175	0	2716	2877	3252	67	39	536	469	161
52117	0	2938	3045	3286	45	4	348	303	107
52222	0	2785	2927	3425	83	27	640	557	142
52177	0	3066	3252	3490	15	14	424	409	186
52074	0	3084	3286	3492	18	3	408	390	202
52225	0	3309	3525	3542	17	0	233	216	216
52118	0	2957	3064	3563	50	44	606	556	107
52026	0	3367	3563	3568	5	0	201	196	196
52224	0	3107	3368	3594	29	16	487	458	261
52077	0	3435	3645	3653	8	0	218	210	210
52178	0	3185	3425	3662	18	3	477	459	240
52121	0	3218	3434	3694	50	0	476	426	216
52124	0	3485	3694	3699	5	0	214	209	209
52027	0	3533	3733	3745	12	0	212	200	200
52125	0	3552	3746	3755	9	0	203	194	194
52075	0	3309	3492	3788	66	28	479	413	183
52120	0	3051	3199	3801	50	109	750	700	148
52076	0	3341	3555	3802	7	9	461	454	214
52228	0	3620	3850	3855	5	0	235	230	230
52179	0	3432	3629	3898	33	3	466	433	197
52122	0	3413	3594	3914	51	30	501	450	181
52180	0	3454	3662	3997	26	10	543	517	208
52123	0	3461	3669	4014	38	19	553	515	208
52226	0	3497	3699	4018	7	26	521	514	202
52025	0	3228	3480	4057	15	61	829	814	252
52078	0	3525	3705	4092	57	39	567	510	180
52024	0	3102	3335	4182	89	27	1080	991	233
52028	0	3611	3848	4192	4	4	581	577	237
52184	0	3958	4270	4271	1	0	313	312	312
52080	0	3733	4029	4303	23	5	570	547	296
52128	0	3731	4018	4320	23	26	589	566	287
52181	0	3741	4038	4330	20	8	589	569	297
52081	0	4114	4343	4344	1	0	230	229	229
52029	0	3797	4092	4367	56	10	570	514	295
52227	0	3605	3831	4423	29	31	818	789	226
52183	0	3854	4182	4460	13	69	606	593	328
52229	0	3626	3855	4486	77	67	860	783	229
52230	0	3678	3970	4576	38	72	898	860	292
52233	0	4330	4580	4617	37	0	287	250	250
52130	0	4086	4339	4664	34	2	578	544	253
52082	0	4137	4344	4680	7	23	543	536	207
52132	0	4383	4680	4684	4	0	301	297	297
52185	0	4157	4367	4707	25	11	550	525	210
52079	0	3544	3745	4730	35	77	1186	1151	201
52134	0	4397	4730	4738	8	0	341	333	333
52234	0	4400	4738	4765	27	0	365	338	338
52187	0	4408	4765	4772	7	0	364	357	357
52231	0	4158	4378	4780	18	18	622	604	220
52188	0	4419	4789	4822	33	0	403	370	370
52084	0	4421	4822	4827	5	0	406	401	401
52033	0	4456	4834	4854	20	0	398	378	378
52186	0	4214	4423	4903	18	27	689	671	209
52131	0	4291	4516	4960	48	0	669	621	225
52189	0	4577	4960	4967	7	0	390	383	383
52030	0	4045	4303	4968	10	13	923	913	258
52129	0	4059	4330	4976	29	10	917	888	271
52083	0	4349	4664	5009	46	1	660	614	315
52133	0	4385	4684	5031	31	6	646	615	299
52135	0	4701	5064	5069	5	0	368	363	363
52242	0	4751	5110	5123	13	0	372	359	359
52031	0	4171	4392	5172	21	22	1001	980	221
52032	0	4412	4780	5193	30	9	781	751	368
52182	0	3810	4129	5196	76	19	1386	1310	319
52137	0	4846	5196	5207	11	0	361	350	350
52232	0	4245	4438	5236	66	1	991	925	193
52238	0	4523	4947	5249	6	4	726	720	424
52236	0	4508	4922	5256	11	27	748	737	414
52237	0	4510	4941	5274	20	12	764	744	431
52085	0	4519	4943	5281	11	8	762	751	424
52126	0	3661	3914	5286	95	47	1625	1530	253
52239	0	4550	4948	5310	25	21	760	735	398
52127	0	3662	3934	5321	79	94	1659	1580	272
52138	0	4997	5321	5351	30	0	354	324	324
52193	0	4997	5351	5377	26	0	380	354	354
52190	0	4700	5031	5404	38	13	704	666	331
52243	0	5142	5421	5426	5	0	284	279	279
52241	0	4742	5096	5457	45	35	715	670	354
52195	0	5147	5457	5492	35	0	345	310	310
52191	0	4777	5160	5496	2	9	719	717	383
52140	0	5174	5496	5499	3	0	325	322	322
52035	0	5194	5522	5543	21	0	349	328	328
52141	0	5239	5554	5566	12	0	327	315	315
52196	0	5280	5570	5596	26	0	316	290	290
52090	0	5295	5596	5605	9	0	310	301	301
52197	0	5300	5605	5608	3	0	308	305	305
52235	0	4489	4903	5617	30	89	1128	1098	414
52092	0	5333	5640	5643	3	0	310	307	307
52037	0	5384	5675	5693	18	0	309	291	291
52139	0	5053	5377	5719	44	5	666	622	324
52194	0	5088	5404	5732	20	7	644	624	316
52087	0	5069	5395	5733	5	34	664	659	326
52143	0	5438	5745	5760	15	0	322	307	307
52240	0	4728	5069	5766	43	38	1038	995	341
52034	0	4766	5123	5803	39	56	1037	998	357
52136	0	4777	5147	5807	40	27	1030	990	370
52086	0	4849	5207	5825	52	5	976	924	358
52089	0	5210	5545	5831	7	24	621	614	335
52192	0	4902	5236	5878	11	27	976	965	334
52142	0	5349	5643	5954	39	5	605	566	294
52036	0	5370	5666	5996	10	25	626	616	296
52038	0	5435	5733	6020	36	14	585	549	298
52144	0	5471	5766	6047	12	73	576	564	295
52039	0	5488	5775	6051	20	80	563	543	287
52147	0	5911	6052	6059	7	0	148	141	141
52199	0	5928	6069	6103	34	0	175	141	141
52091	0	5330	5617	6129	78	57	799	721	287
52145	0	5802	6020	6136	12	19	334	322	218
52040	0	5806	6025	6139	13	10	333	320	219
52088	0	5195	5543	6215	70	75	1020	950	348
52200	0	6097	6221	6234	13	0	137	124	124
52043	0	6130	6255	6260	5	0	130	125	125
52093	0	5579	5831	6286	54	6	707	653	252
52148	0	6068	6145	6289	49	0	221	172	77
52041	0	6089	6191	6331	30	9	242	212	102
52096	0	6251	6331	6353	22	0	102	80	80
52146	0	5839	6035	6373	31	92	534	503	196
52094	0	6093	6215	6378	11	49	285	274	122
52042	0	6103	6234	6384	21	21	281	260	131
52245	0	6137	6262	6386	3	20	249	246	125
52246	0	6295	6400	6418	18	0	123	105	105
52244	0	6107	6249	6442	30	41	335	305	142
52045	0	6402	6492	6519	27	0	117	90	90
52198	0	5625	5924	6555	91	49	930	839	299
52247	0	6484	6555	6576	21	0	92	71	71
52044	0	6333	6477	6594	33	4	261	228	144
52149	0	6505	6598	6601	3	0	96	93	93
52046	0	6404	6519	6604	8	6	200	192	115
52150	0	6549	6611	6656	45	0	107	62	62
52048	0	6579	6658	6671	13	0	92	79	79
52049	0	6619	6671	6680	9	0	61	52	52
52097	0	6505	6594	6693	13	43	188	175	89
52098	0	6665	6707	6766	21	20	101	80	42
52047	0	6410	6524	6770	24	54	360	336	114
52095	0	6198	6289	6775	75	167	577	502	91
52248	0	6642	6693	6794	41	33	152	111	51
52249	0	6778	6778	6806	23	4	28	5	0
52050	0	6936	6953	6974	21	0	38	17	17
52250	0	6956	6974	6990	16	0	34	18	18
52099	0	6921	6921	7127	138	40	206	68	0
52100	0	7187	7187	7283	46	50	96	50	0
0	0	0	0	7283	54967	0	7283	-47684	0
