id	priority	createdTime	startedTime	terminatedTime	cpuTime	blockedTime	turnaroundTime	waitingTime	responseTime
52251	0	0	0	4	4	0	4	0	0
52351	0	0	25	27	2	0	27	25	25
52252	0	19	60	90	30	0	71	41	41
52451	0	0	55	125	40	6	125	85	55
52403	0	91	138	145	7	0	54	47	47
52352	0	97	145	146	1	0	49	48	48
52301	0	0	4	147	22	7	147	125	4
52401	0	0	27	171	52	8	171	119	27
52452	0	151	173	192	19	0	41	22	22
52404	0	151	171	227	37	7	76	39	20
52405	0	233	250	252	2	0	19	17	17
52402	0	34	125	405	53	67	371	318	91
52406	0	296	385	438	36	8	142	106	89
52254	0	479	540	600	9	18	121	112	61
52354	0	488	544	644	10	29	156	146	56
52255	0	562	644	673	29	0	111	82	82
52256	0	581	673	708	35	0	127	92	92
52453	0	611	708	735	27	0	124	97	97
52257	0	639	735	754	19	0	115	96	96
52355	0	664	761	812	35	6	148	113	97
52304	0	666	763	829	21	17	163	142	97
52357	0	786	839	843	4	0	57	53	53
52413	0	853	877	891	14	0	38	24	24
52411	0	700	767	893	14	3	193	179	67
52409	0	467	526	933	54	17	466	412	59
52258	0	663	754	942	16	139	279	263	91
52356	0	717	829	967	44	36	250	206	112
52358	0	910	978	983	5	0	73	68	68
52359	0	967	1073	1085	12	0	118	106	106
52454	0	943	1027	1116	27	21	173	146	84
52415	0	1056	1151	1181	9	2	125	116	95
52455	0	1046	1144	1207	33	20	161	128	98
52263	0	1112	1223	1235	8	1	123	115	111
52456	0	1145	1235	1236	1	0	91	90	90
52416	0	1216	1236	1250	14	0	34	20	20
52306	0	1237	1250	1274	24	0	37	13	13
52264	0	1144	1230	1286	16	20	142	126	86
52310	0	1298	1365	1383	18	0	85	67	67
52361	0	1270	1306	1388	15	2	118	103	36
52308	0	1281	1316	1392	13	28	111	98	35
52458	0	1392	1409	1440	31	0	48	17	17
52362	0	1323	1388	1442	8	42	119	111	65
52457	0	1377	1392	1484	28	27	107	79	15
52259	0	910	967	1492	36	50	582	546	57
52262	0	1087	1154	1507	28	30	420	392	67
52311	0	1517	1542	1567	25	0	50	25	25
52307	0	1244	1286	1588	34	6	344	310	42
52260	0	929	983	1607	32	5	678	646	54
52312	0	1548	1567	1613	22	8	65	43	19
52414	0	938	1005	1616	24	1	678	654	67
52253	0	255	255	1624	40	19	1369	1329	0
52412	0	842	843	1625	26	5	783	757	1
52417	0	1650	1658	1690	32	0	40	8	8
52313	0	1606	1613	1712	31	39	106	75	7
52314	0	1700	1712	1723	11	0	23	12	12
52363	0	1717	1740	1819	22	44	102	80	23
52315	0	1701	1723	1821	18	7	120	102	22
52419	0	1741	1781	1837	33	5	96	63	40
52305	0	1043	1116	1877	37	1	834	797	73
52265	0	1760	1798	1891	54	22	131	77	38
52364	0	1874	1877	1902	15	8	28	13	3
52418	0	1724	1744	1913	39	50	189	150	20
52261	0	953	1028	1915	35	1	962	927	75
52459	0	1425	1442	1920	57	24	495	438	17
52360	0	1098	1207	1970	88	46	872	784	109
52460	0	1943	1944	2000	51	2	57	6	1
52316	0	1971	2007	2013	6	0	42	36	36
52410	0	513	600	2030	48	10	1517	1469	87
52420	0	2043	2095	2098	3	0	55	52	52
52463	0	1990	2020	2144	60	6	154	94	30
52462	0	1978	2013	2148	28	39	170	142	35
52464	0	2097	2098	2150	7	19	53	46	1
52317	0	2141	2150	2155	5	0	14	9	9
52309	0	1291	1327	2181	55	6	890	835	36
52461	0	1970	2000	2185	50	68	215	165	30
52407	0	403	438	2212	69	5	1809	1740	35
52266	0	2192	2212	2232	20	0	40	20	20
52302	0	296	339	2240	47	0	1944	1897	43
52267	0	2223	2232	2288	23	29	65	42	9
52465	0	2260	2288	2297	9	0	37	28	28
52466	0	2266	2297	2337	22	10	71	49	31
52319	0	2296	2346	2364	18	0	68	50	50
52268	0	2274	2337	2402	39	9	128	89	63
52269	0	2279	2338	2410	16	8	131	115	59
52365	0	2321	2410	2414	4	0	93	89	89
52422	0	2396	2433	2469	2	10	73	71	37
52421	0	2386	2424	2482	22	7	96	74	38
52270	0	2448	2502	2521	19	0	73	54	54
52470	0	2526	2600	2619	19	0	93	74	74
52271	0	2558	2633	2684	5	2	126	121	75
52322	0	2676	2684	2715	31	0	39	8	8
52424	0	2713	2715	2721	6	0	8	2	2
52366	0	2741	2745	2748	3	0	7	4	4
52272	0	2724	2741	2751	4	5	27	23	17
52321	0	2531	2619	2755	18	2	224	206	88
52467	0	2273	2306	2791	54	17	518	464	33
52323	0	2734	2742	2812	24	12	78	54	8
52473	0	2792	2815	2842	27	0	50	23	23
52273	0	2849	2904	2914	10	0	65	55	55
52426	0	2981	2983	3000	17	0	19	2	2
52369	0	2982	3000	3025	25	0	43	18	18
52427	0	3066	3082	3113	15	14	47	32	16
52324	0	3084	3090	3171	18	3	87	69	6
52367	0	2938	2949	3197	45	4	259	214	11
52425	0	2716	2721	3235	67	39	519	452	5
52428	0	3185	3197	3244	18	3	59	41	12
52423	0	2436	2482	3297	57	109	861	804	46
52474	0	3107	3146	3303	29	16	196	167	39
52475	0	3309	3357	3374	17	0	65	48	48
52275	0	3228	3290	3383	15	61	155	140	62
52276	0	3367	3389	3394	5	0	27	22	22
52326	0	3341	3383	3406	7	9	65	58	42
52370	0	3051	3058	3419	50	109	368	318	7
52327	0	3435	3470	3478	8	0	43	35	35
52430	0	3454	3478	3525	26	10	71	45	24
52374	0	3485	3525	3530	5	0	45	40	40
52476	0	3497	3530	3565	7	26	68	61	33
52277	0	3533	3565	3577	12	0	44	32	32
52375	0	3552	3578	3587	9	0	35	26	26
52429	0	3432	3454	3619	33	3	187	154	22
52478	0	3620	3643	3648	5	0	28	23	23
52278	0	3611	3641	3650	4	4	39	35	30
52329	0	3544	3577	3721	35	77	177	142	33
52330	0	3733	3796	3829	23	5	96	73	63
52378	0	3731	3785	3940	23	26	209	186	54
52431	0	3741	3805	3950	20	8	209	189	64
52480	0	3678	3777	3972	38	72	294	256	99
52434	0	3958	3972	3973	1	0	15	14	14
52373	0	3461	3485	3997	38	19	536	498	24
52477	0	3605	3624	4002	29	31	397	368	19
52433	0	3854	3950	4053	13	69	199	186	96
52318	0	2241	2248	4086	99	59	1845	1746	7
52280	0	4045	4053	4099	10	13	54	44	8
52380	0	4086	4094	4146	34	2	60	26	8
52331	0	4114	4146	4147	1	0	33	32	32
52379	0	4059	4090	4159	29	10	100	71	31
52332	0	4137	4147	4187	7	23	50	43	10
52435	0	4157	4159	4207	25	11	50	25	2
52481	0	4158	4170	4215	18	18	57	39	12
52281	0	4171	4187	4241	21	22	70	49	16
52436	0	4214	4215	4286	18	27	72	54	1
52483	0	4330	4378	4415	37	0	85	48	48
52382	0	4383	4428	4432	4	0	49	45	45
52384	0	4397	4441	4449	8	0	52	44	44
52383	0	4385	4432	4471	31	6	86	55	47
52484	0	4400	4471	4498	27	0	98	71	71
52437	0	4408	4498	4505	7	0	97	90	90
52438	0	4419	4514	4547	33	0	128	95	95
52282	0	4412	4505	4568	30	9	156	126	93
52334	0	4421	4568	4573	5	0	152	147	147
52283	0	4456	4573	4593	20	0	137	117	117
52439	0	4577	4624	4631	7	0	54	47	47
52488	0	4523	4622	4636	6	4	113	107	99
52487	0	4510	4616	4654	20	12	144	124	106
52489	0	4550	4623	4678	25	21	128	103	73
52335	0	4519	4618	4685	11	8	166	155	99
52486	0	4508	4612	4692	11	27	184	173	104
52333	0	4349	4415	4725	46	1	376	330	66
52385	0	4701	4758	4763	5	0	62	57	57
52492	0	4751	4804	4817	13	0	66	53	53
52387	0	4846	4855	4866	11	0	20	9	9
52441	0	4777	4854	4867	2	9	90	88	77
52491	0	4742	4790	4953	45	35	211	166	48
52386	0	4777	4841	4966	40	27	189	149	64
52442	0	4902	4916	4985	11	27	83	72	14
52328	0	3525	3533	5014	57	39	1489	1432	8
52284	0	4766	4817	5026	39	56	260	221	51
52388	0	4997	5026	5056	30	0	59	29	29
52485	0	4489	4593	5065	30	89	576	546	104
52443	0	4997	5065	5091	26	0	94	68	68
52336	0	4849	4867	5138	52	5	289	237	18
52444	0	5088	5113	5151	20	7	63	43	25
52337	0	5069	5109	5152	5	34	83	78	40
52493	0	5142	5152	5157	5	0	15	10	10
52445	0	5147	5157	5192	35	0	45	10	10
52390	0	5174	5192	5195	3	0	21	18	18
52285	0	5194	5195	5216	21	0	22	1	1
52490	0	4728	4763	5225	43	38	497	454	35
52389	0	5053	5091	5251	44	5	198	154	38
52339	0	5210	5218	5257	7	24	47	40	8
52391	0	5239	5257	5269	12	0	30	18	18
52446	0	5280	5335	5361	26	0	81	55	55
52340	0	5295	5361	5370	9	0	75	66	66
52447	0	5300	5370	5373	3	0	73	70	70
52342	0	5333	5396	5399	3	0	66	63	63
52287	0	5384	5431	5449	18	0	65	47	47
52286	0	5370	5422	5462	10	25	92	82	52
52393	0	5438	5462	5477	15	0	39	24	24
52288	0	5435	5449	5510	36	14	75	39	14
52392	0	5349	5399	5542	39	5	193	154	50
52394	0	5471	5477	5586	12	73	115	103	6
52289	0	5488	5510	5650	20	80	162	142	22
52325	0	3309	3324	5746	66	28	2437	2371	15
52479	0	3626	3650	5786	77	67	2160	2083	24
52448	0	5625	5632	5815	91	49	190	99	7
52440	0	4700	4725	5835	38	13	1135	1097	25
52320	0	2362	2414	5838	47	25	3476	3429	52
52368	0	2957	2968	5840	50	44	2883	2833	11
52395	0	5802	5815	5847	12	19	45	33	13
52290	0	5806	5820	5859	13	10	53	40	14
52372	0	3413	3419	5875	51	30	2462	2411	6
52279	0	3797	3829	5896	56	10	2099	2043	32
52397	0	5911	5917	5924	7	0	13	6	6
52468	0	2462	2521	5935	49	3	3473	3424	59
52449	0	5928	5935	5969	34	0	41	7	7
52396	0	5839	5847	6000	31	92	161	130	8
52377	0	3662	3741	6011	79	94	2349	2270	79
52274	0	3102	3113	6018	89	27	2916	2827	11
52341	0	5330	5373	6049	78	57	719	641	43
52469	0	2495	2559	6057	66	11	3562	3496	64
52381	0	4291	4332	6060	48	0	1769	1721	41
52371	0	3218	3244	6064	50	0	2846	2796	26
52471	0	2600	2636	6070	52	0	3470	3418	36
52450	0	6097	6134	6147	13	0	50	37	37
52293	0	6130	6168	6173	5	0	43	38	38
52291	0	6089	6116	6192	30	9	103	73	27
52344	0	6093	6128	6197	11	49	104	93	35
52495	0	6137	6173	6199	3	20	62	59	36
52494	0	6107	6162	6247	30	41	140	110	55
52292	0	6103	6147	6253	21	21	150	129	44
52346	0	6251	6253	6275	22	0	24	2	2
52496	0	6295	6310	6328	18	0	33	15	15
52398	0	6068	6070	6331	49	0	263	214	2
52482	0	4245	4266	6334	66	1	2089	2023	21
52294	0	6333	6334	6377	33	4	44	11	1
52295	0	6402	6408	6435	27	0	33	6	6
52296	0	6404	6435	6455	8	6	51	43	31
52303	0	497	546	6475	66	0	5978	5912	49
52343	0	5579	5586	6478	54	6	899	845	7
52497	0	6484	6514	6535	21	0	51	30	30
52399	0	6505	6539	6542	3	0	37	34	34
52345	0	6198	6199	6547	75	167	349	274	1
52297	0	6410	6440	6551	24	54	141	117	30
52400	0	6549	6551	6596	45	0	47	2	2
52347	0	6505	6535	6605	13	43	100	87	30
52298	0	6579	6605	6618	13	0	39	26	26
52353	0	255	261	6634	72	33	6379	6307	6
52299	0	6619	6634	6643	9	0	24	15	15
52472	0	2785	2812	6691	83	27	3906	3823	27
52348	0	6665	6691	6734	21	20	69	48	26
52338	0	5195	5216	6746	70	75	1551	1481	21
52498	0	6642	6643	6766	41	33	124	83	1
52408	0	410	480	6768	63	13	6358	6295	70
52432	0	3810	3882	6792	76	19	2982	2906	72
52376	0	3661	3721	6797	95	47	3136	3041	60
52499	0	6778	6778	6809	23	4	31	8	0
52300	0	6936	6953	6974	21	0	38	17	17
52500	0	6956	6974	6990	16	0	34	18	18
52349	0	6921	6921	7127	138	40	206	68	0
52350	0	7187	7187	7283	46	50	96	50	0
0	0	0	0	7283	55230	0	7283	-47947	0
