id	priority	createdTime	startedTime	terminatedTime	cpuTime	blockedTime	turnaroundTime	waitingTime	responseTime
52751	0	0	0	4	4	0	4	0	0
52801	0	0	0	70	22	7	70	48	0
52752	0	19	30	89	30	0	70	40	11
52901	0	0	30	119	52	8	119	67	30
52852	0	97	126	127	1	0	30	29	29
52903	0	91	127	134	7	0	43	36	36
52851	0	0	147	149	2	0	149	147	147
52951	0	0	19	171	40	6	171	131	19
52952	0	151	194	213	19	0	62	43	43
52905	0	233	233	235	2	0	2	0	0
52902	0	34	91	257	53	67	223	170	57
52904	0	151	213	276	37	7	125	88	62
52802	0	296	296	343	47	0	47	0	0
52753	0	255	278	395	40	19	140	100	23
52906	0	296	376	478	36	8	182	146	80
52803	0	497	513	639	66	0	142	76	16
52909	0	467	479	668	54	17	201	147	12
52953	0	611	639	669	27	0	58	31	28
52804	0	666	669	717	21	17	51	30	3
52757	0	639	681	730	19	0	91	72	42
52855	0	664	673	765	35	6	101	66	9
52911	0	700	717	775	14	3	75	61	17
52756	0	581	775	811	35	0	230	195	194
52857	0	786	830	834	4	0	48	44	44
52758	0	663	675	851	16	139	188	172	12
52755	0	562	785	852	29	0	290	261	223
52908	0	410	450	888	63	13	478	415	40
52856	0	717	730	916	44	36	199	155	13
52913	0	853	886	927	14	0	74	60	33
52858	0	910	927	941	5	0	31	26	17
52760	0	929	943	1000	32	5	71	39	14
52859	0	967	982	1009	12	0	42	30	15
52914	0	938	943	1011	24	1	73	49	5
52759	0	910	929	1053	36	50	143	107	19
52915	0	1056	1077	1104	9	2	48	39	21
52955	0	1046	1056	1127	33	20	81	48	10
52956	0	1145	1149	1150	1	0	5	4	4
52954	0	943	1039	1162	27	21	219	192	96
52763	0	1112	1140	1163	8	1	51	43	28
52761	0	953	1028	1183	35	1	230	195	75
52764	0	1144	1163	1228	16	20	84	68	19
52916	0	1216	1228	1249	14	0	33	19	12
52806	0	1237	1253	1288	24	0	51	27	16
52810	0	1298	1307	1363	18	0	65	47	9
52808	0	1281	1291	1365	13	28	84	71	10
52807	0	1244	1252	1381	34	6	137	103	8
52809	0	1291	1309	1411	55	6	120	65	18
52862	0	1323	1365	1454	8	42	131	123	42
52958	0	1392	1415	1458	31	0	66	35	23
52861	0	1270	1421	1463	15	2	193	178	151
52805	0	1043	1198	1512	37	1	469	432	155
52957	0	1377	1381	1514	28	27	137	109	4
52762	0	1087	1167	1524	28	30	437	409	80
52811	0	1517	1546	1580	25	0	63	38	29
52959	0	1425	1463	1612	57	24	187	130	38
52912	0	842	852	1645	26	5	803	777	10
52860	0	1098	1109	1655	88	46	557	469	11
52917	0	1650	1658	1692	32	0	42	10	8
52812	0	1548	1606	1722	22	8	174	152	58
52910	0	513	1658	1800	48	10	1287	1239	1145
52815	0	1701	1741	1806	18	7	105	87	40
52814	0	1700	1832	1844	11	0	144	133	132
52918	0	1724	1739	1864	39	50	140	101	15
52919	0	1741	1810	1871	33	5	130	97	69
52863	0	1717	1724	1915	22	44	198	176	7
52765	0	1760	1784	1933	54	22	173	119	24
52864	0	1874	1907	1952	15	8	78	63	33
52813	0	1606	1624	1968	31	39	362	331	18
52816	0	1971	2000	2006	6	0	35	29	29
52854	0	488	1933	2053	10	29	1565	1555	1445
52920	0	2043	2053	2060	3	0	17	14	10
52963	0	1990	1999	2093	60	6	103	43	9
52962	0	1978	1990	2142	28	39	164	136	12
52960	0	1943	1968	2166	51	2	223	172	25
52817	0	2141	2166	2171	5	0	30	25	25
52964	0	2097	2111	2177	7	19	80	73	14
52853	0	255	276	2236	72	33	1981	1909	21
52754	0	479	2171	2267	9	18	1788	1779	1692
52767	0	2223	2241	2311	23	29	88	65	18
52966	0	2266	2273	2326	22	10	60	38	7
52819	0	2296	2321	2344	18	0	48	30	25
52769	0	2279	2289	2352	16	8	73	57	10
52865	0	2321	2352	2356	4	0	35	31	31
52965	0	2260	2362	2379	9	0	119	110	102
52768	0	2274	2361	2437	39	9	163	124	87
52967	0	2273	2362	2478	54	17	205	151	89
52770	0	2448	2495	2563	19	0	115	96	47
52821	0	2531	2552	2602	18	2	71	53	21
52968	0	2462	2484	2606	49	3	144	95	22
52771	0	2558	2571	2655	5	2	97	92	13
52961	0	1970	2001	2659	50	68	689	639	31
52970	0	2526	2659	2684	19	0	158	139	133
52923	0	2436	2448	2723	57	109	287	230	12
52924	0	2713	2724	2740	6	0	27	21	11
52866	0	2741	2752	2755	3	0	14	11	11
52823	0	2734	2741	2812	24	12	78	54	7
52969	0	2495	2676	2820	66	11	325	259	181
52973	0	2792	2820	2853	27	0	61	34	28
52925	0	2716	2723	2879	67	39	163	96	7
52773	0	2849	2926	2936	10	0	87	77	77
52772	0	2724	2756	2941	4	5	217	213	32
52907	0	403	2188	3000	69	5	2597	2528	1785
52926	0	2981	3013	3030	17	0	49	32	32
52869	0	2982	3000	3042	25	0	60	35	18
52867	0	2938	2957	3095	45	4	157	112	19
52927	0	3066	3102	3188	15	14	122	107	36
52868	0	2957	2980	3202	50	44	245	195	23
52928	0	3185	3188	3212	18	3	27	9	3
52974	0	3107	3125	3224	29	16	117	88	18
52922	0	2396	2416	3282	2	10	886	884	20
52824	0	3084	3101	3285	18	3	201	183	17
52975	0	3309	3340	3390	17	0	81	64	31
52776	0	3367	3390	3395	5	0	28	23	23
52774	0	3102	3125	3402	89	27	300	211	23
52775	0	3228	3282	3470	15	61	242	227	54
52822	0	2676	3411	3500	31	0	824	793	735
52872	0	3413	3414	3516	51	30	103	52	1
52825	0	3309	3341	3575	66	28	266	200	32
52976	0	3497	3525	3577	7	26	80	73	28
52873	0	3461	3485	3594	38	19	133	95	24
52777	0	3533	3551	3636	12	0	103	91	18
52978	0	3620	3661	3682	5	0	62	57	41
52977	0	3605	3611	3760	29	31	155	126	6
52931	0	3741	3749	3797	20	8	56	36	8
52830	0	3733	3760	3811	23	5	78	55	27
52979	0	3626	3636	3835	77	67	209	132	10
52980	0	3678	3694	3849	38	72	171	133	16
52934	0	3958	3978	3979	1	0	21	20	20
52779	0	3797	3854	3988	56	10	191	135	57
52933	0	3854	3901	3993	13	69	139	126	47
52828	0	3525	3533	4055	57	39	530	473	8
52878	0	3731	4009	4086	23	26	355	332	278
52877	0	3662	3663	4176	79	94	514	435	1
52935	0	4157	4200	4259	25	11	102	77	43
52876	0	3661	4045	4285	95	47	624	529	384
52781	0	4171	4186	4302	21	22	131	110	15
52881	0	4291	4314	4381	48	0	90	42	23
52982	0	4245	4262	4397	66	1	152	86	17
52834	0	4421	4435	4440	5	0	19	14	14
52875	0	3552	3605	4444	9	0	892	883	53
52937	0	4408	4444	4451	7	0	43	36	36
52782	0	4412	4416	4477	30	9	65	35	4
52938	0	4419	4427	4545	33	0	126	93	8
52833	0	4349	4383	4562	46	1	213	167	34
52988	0	4523	4549	4580	6	4	57	51	26
52939	0	4577	4580	4587	7	0	10	3	3
52835	0	4519	4554	4599	11	8	80	69	35
52986	0	4508	4545	4623	11	27	115	104	37
52987	0	4510	4550	4644	20	12	134	114	40
52778	0	3611	4576	4646	4	4	1035	1031	965
52829	0	3544	3554	4671	35	77	1127	1092	10
52984	0	4400	4671	4698	27	0	298	271	271
52884	0	4397	4698	4707	8	0	310	302	301
52882	0	4383	4700	4710	4	0	327	323	317
52885	0	4701	4710	4715	5	0	14	9	9
52989	0	4550	4558	4797	25	21	247	222	8
52883	0	4385	4397	4802	31	6	417	386	12
52983	0	4330	4727	4815	37	0	485	448	397
52940	0	4700	4715	4833	38	13	133	95	15
52887	0	4846	4893	4911	11	0	65	54	47
52941	0	4777	4911	4926	2	9	149	147	134
52784	0	4766	4833	4978	39	56	212	173	67
52942	0	4902	4912	5007	11	27	105	94	10
52888	0	4997	5009	5039	30	0	42	12	12
52886	0	4777	4815	5047	40	27	270	230	38
52990	0	4728	4934	5059	43	38	331	288	206
52943	0	4997	5007	5102	26	0	105	79	10
52836	0	4849	4871	5124	52	5	275	223	22
52944	0	5088	5092	5139	20	7	51	31	4
52837	0	5069	5088	5143	5	34	74	69	19
52993	0	5142	5147	5152	5	0	10	5	5
52889	0	5053	5069	5165	44	5	112	68	16
52985	0	4489	4564	5183	30	89	694	664	75
52945	0	5147	5165	5210	35	0	63	28	18
52890	0	5174	5194	5214	3	0	40	37	20
52785	0	5194	5215	5236	21	0	42	21	21
52936	0	4214	4221	5239	18	27	1025	1007	7
52981	0	4158	4192	5243	18	18	1085	1067	34
52839	0	5210	5214	5253	7	24	43	36	4
52891	0	5239	5253	5265	12	0	26	14	14
52831	0	4114	5267	5268	1	0	1154	1153	1153
52879	0	4059	4086	5284	29	10	1225	1196	27
52842	0	5333	5349	5352	3	0	19	16	16
52946	0	5280	5295	5371	26	0	91	65	15
52838	0	5195	5210	5403	70	75	208	138	15
52892	0	5349	5358	5419	39	5	70	31	9
52787	0	5384	5419	5460	18	0	76	58	35
52893	0	5438	5460	5487	15	0	49	34	22
52786	0	5370	5382	5489	10	25	119	109	12
52788	0	5435	5471	5537	36	14	102	66	36
52947	0	5300	5572	5575	3	0	275	272	272
52894	0	5471	5487	5582	12	73	111	99	16
52840	0	5295	5591	5632	9	0	337	328	296
52789	0	5488	5495	5647	20	80	159	139	7
52841	0	5330	5419	5673	78	57	343	265	89
52832	0	4137	5239	5684	7	23	1547	1540	1102
52843	0	5579	5584	5694	54	6	115	61	5
52880	0	4086	4091	5729	34	2	1643	1609	5
52992	0	4751	4766	5738	13	0	987	974	15
52783	0	4456	4483	5776	20	0	1320	1300	27
52780	0	4045	5716	5807	10	13	1762	1752	1671
52991	0	4742	4842	5836	45	35	1094	1049	100
52874	0	3485	5839	5844	5	0	2359	2354	2354
52895	0	5802	5828	5892	12	19	90	78	26
52790	0	5806	5812	5905	13	10	99	86	6
52820	0	2362	3413	5933	47	25	3571	3524	1051
52949	0	5928	5933	5967	34	0	39	5	5
52930	0	3454	5895	5986	26	10	2532	2506	2441
52897	0	5911	5986	5993	7	0	82	75	75
52827	0	3435	5993	6001	8	0	2566	2558	2558
52948	0	5625	5640	6034	91	49	409	318	15
52826	0	3341	3402	6045	7	9	2704	2697	61
52929	0	3432	6001	6052	33	3	2620	2587	2569
52896	0	5839	5846	6088	31	92	249	218	7
52898	0	6068	6089	6153	49	0	85	36	21
52870	0	3051	3303	6161	50	109	3110	3060	252
52793	0	6130	6162	6167	5	0	37	32	32
52950	0	6097	6182	6195	13	0	98	85	85
52995	0	6137	6161	6200	3	20	63	60	24
52791	0	6089	6103	6262	30	9	173	143	14
52994	0	6107	6167	6276	30	41	169	139	60
52792	0	6103	6173	6289	21	21	186	165	70
52844	0	6093	6224	6338	11	49	245	234	131
52846	0	6251	6276	6344	22	0	93	71	25
52996	0	6295	6344	6362	18	0	67	49	49
52921	0	2386	6381	6421	22	7	4035	4013	3995
52795	0	6402	6421	6448	27	0	46	19	19
52766	0	2192	6058	6458	20	0	4266	4246	3866
52794	0	6333	6362	6484	33	4	151	118	29
52796	0	6404	6451	6489	8	6	85	77	47
52899	0	6505	6509	6512	3	0	7	4	4
52997	0	6484	6489	6549	21	0	65	44	5
52797	0	6410	6448	6560	24	54	150	126	38
52900	0	6549	6551	6619	45	0	70	25	2
52818	0	2241	2251	6628	99	59	4387	4288	10
52799	0	6619	6628	6637	9	0	18	9	9
52798	0	6579	6619	6654	13	0	75	62	40
52848	0	6665	6672	6718	21	20	53	32	7
52847	0	6505	6642	6724	13	43	219	206	137
52998	0	6642	6654	6733	41	33	91	50	12
52871	1	3218	3228	6736	50	0	3518	3468	10
52971	1	2600	2606	6741	52	0	4141	4089	6
52845	0	6198	6203	6751	75	167	553	478	5
52932	1	3810	3849	6762	76	19	2952	2876	39
52999	0	6778	6778	6805	23	4	27	4	0
52972	1	2785	2822	6812	83	27	4027	3944	37
52800	0	6936	6936	6974	21	0	38	17	0
53000	0	6956	6974	7037	16	0	81	65	18
52849	2	6921	6921	7127	138	40	206	68	0
52850	0	7187	7187	7283	46	50	96	50	0
0	0	0	0	7283	55756	0	7283	-48473	0
