id	priority	createdTime	startedTime	terminatedTime	cpuTime	blockedTime	turnaroundTime	waitingTime	responseTime
53001	0	0	0	4	4	0	4	0	0
53101	0	0	4	6	2	0	6	4	4
53051	0	0	11	61	22	7	61	39	11
53151	0	0	32	98	52	8	98	46	32
53102	0	97	98	99	1	0	2	1	1
53153	0	91	99	106	7	0	15	8	8
53002	0	19	129	159	30	0	140	110	110
53202	0	151	161	180	19	0	29	10	10
53152	0	34	61	197	53	67	163	110	27
53201	0	0	6	232	40	6	232	192	6
53154	0	151	159	267	37	7	116	79	8
53155	0	233	267	269	2	0	36	34	34
53052	0	296	312	359	47	0	63	16	16
53003	0	255	271	367	40	19	112	72	16
53156	0	296	309	400	36	8	104	68	13
53157	0	403	447	539	69	5	136	67	44
53004	0	479	491	544	9	18	65	56	12
53104	0	488	489	549	10	29	61	51	1
53005	0	562	588	617	29	0	55	26	26
53160	0	513	549	626	48	10	113	65	36
53203	0	611	626	653	27	0	42	15	15
53007	0	639	653	672	19	0	33	14	14
53105	0	664	672	718	35	6	54	19	8
53054	0	666	674	757	21	17	91	70	8
53161	0	700	728	759	14	3	59	45	28
53006	0	581	768	803	35	0	222	187	187
53107	0	786	803	807	4	0	21	17	17
53106	0	717	718	832	44	36	115	71	1
53008	0	663	678	841	16	139	178	162	15
53159	0	467	498	881	54	17	414	360	31
53163	0	853	881	895	14	0	42	28	28
53108	0	910	920	925	5	0	15	10	10
53162	0	842	895	937	26	5	95	69	53
53010	0	929	937	992	32	5	63	31	8
53164	0	938	960	994	24	1	56	32	22
53109	0	967	1006	1018	12	0	51	39	39
53204	0	943	959	1049	27	21	106	79	16
53009	0	910	925	1064	36	50	154	118	15
53165	0	1056	1064	1101	9	2	45	36	8
53055	0	1043	1067	1110	37	1	67	30	24
53013	0	1112	1126	1155	8	1	43	35	14
53206	0	1145	1155	1156	1	0	11	10	10
53205	0	1046	1049	1186	33	20	140	107	3
53012	0	1087	1133	1193	28	30	106	78	46
53014	0	1144	1156	1213	16	20	69	53	12
53166	0	1216	1246	1260	14	0	44	30	30
53011	0	953	1213	1262	35	1	309	274	260
53111	0	1270	1282	1308	15	2	38	23	12
53057	0	1244	1262	1322	34	6	78	44	18
53060	0	1298	1322	1340	18	0	42	24	24
53058	0	1281	1292	1344	13	28	63	50	11
53056	0	1237	1344	1368	24	0	131	107	107
53112	0	1323	1340	1409	8	42	86	78	17
53110	0	1098	1110	1478	88	46	380	292	12
53207	0	1377	1409	1493	28	27	116	88	32
53061	0	1517	1518	1543	25	0	26	1	1
53209	0	1425	1446	1548	57	24	123	66	21
53208	0	1392	1548	1579	31	0	187	156	156
53059	0	1291	1586	1651	55	6	360	305	295
53062	0	1548	1579	1657	22	8	109	87	31
53167	0	1650	1657	1689	32	0	39	7	7
53064	0	1700	1704	1715	11	0	15	4	4
53103	0	255	269	1752	72	33	1497	1425	14
53065	0	1701	1715	1753	18	7	52	34	14
53169	0	1741	1753	1807	33	5	66	33	12
53113	0	1717	1732	1817	22	44	100	78	15
53063	0	1606	1624	1839	31	39	233	202	18
53015	0	1760	1779	1912	54	22	152	98	19
53114	0	1874	1898	1923	15	8	49	34	24
53168	0	1724	1839	1934	39	50	210	171	115
53066	0	1971	1981	1987	6	0	16	10	10
53170	0	2043	2045	2048	3	0	5	2	2
53210	0	1943	2002	2125	51	2	182	131	59
53212	0	1978	1995	2129	28	39	151	123	17
53067	0	2141	2143	2148	5	0	7	2	2
53211	0	1970	1987	2152	50	68	182	132	17
53213	0	1990	1994	2189	60	6	199	139	4
53214	0	2097	2129	2191	7	19	94	87	32
53016	0	2192	2205	2225	20	0	33	13	13
53158	0	410	1934	2227	63	13	1817	1754	1524
53215	0	2260	2290	2299	9	0	39	30	30
53019	0	2279	2282	2307	16	8	28	12	3
53017	0	2223	2227	2332	23	29	109	86	4
53115	0	2321	2332	2336	4	0	15	11	11
53216	0	2266	2307	2349	22	10	83	61	41
53069	0	2296	2377	2395	18	0	99	81	81
53172	0	2396	2404	2430	2	10	34	32	8
53171	0	2386	2395	2443	22	7	57	35	9
53020	0	2448	2479	2498	19	0	50	31	31
53071	0	2531	2557	2578	18	2	47	29	26
53021	0	2558	2571	2580	5	2	22	17	13
53070	0	2362	2367	2583	47	25	221	174	5
53220	0	2526	2600	2619	19	0	93	74	74
53217	0	2273	2349	2677	54	17	404	350	76
53068	0	2241	2405	2705	99	59	464	365	164
53173	0	2436	2448	2709	57	109	273	216	12
53072	0	2676	2709	2740	31	0	64	33	33
53116	0	2741	2744	2747	3	0	6	3	3
53022	0	2724	2740	2750	4	5	26	22	16
53174	0	2713	2750	2756	6	0	43	37	37
53073	0	2734	2741	2797	24	12	63	39	7
53223	0	2792	2818	2845	27	0	53	26	26
53175	0	2716	2756	2874	67	39	158	91	40
53023	0	2849	2874	2884	10	0	35	25	25
53018	0	2274	2281	2922	39	9	648	609	7
53218	0	2462	2922	2986	49	3	524	475	460
53176	0	2981	2986	3003	17	0	22	5	5
53119	0	2982	3022	3047	25	0	65	40	40
53117	0	2938	3003	3073	45	4	135	90	65
53177	0	3066	3073	3112	15	14	46	31	7
53074	0	3084	3112	3153	18	3	69	51	28
53224	0	3107	3128	3192	29	16	85	56	21
53118	0	2957	2960	3236	50	44	279	229	3
53178	0	3185	3192	3248	18	3	63	45	7
53120	0	3051	3081	3297	50	109	246	196	30
53025	0	3228	3236	3335	15	61	107	92	8
53225	0	3309	3335	3352	17	0	43	26	26
53024	0	3102	3201	3365	89	27	263	174	99
53076	0	3341	3352	3399	7	9	58	51	11
53026	0	3367	3399	3404	5	0	37	32	32
53077	0	3435	3445	3453	8	0	18	10	10
53124	0	3485	3493	3498	5	0	13	8	8
53179	0	3432	3453	3518	33	3	86	53	21
53219	0	2495	3404	3526	66	11	1031	965	909
53180	0	3454	3469	3545	26	10	91	65	15
53226	0	3497	3498	3550	7	26	53	46	1
53027	0	3533	3550	3562	12	0	29	17	17
53125	0	3552	3568	3577	9	0	25	16	16
53228	0	3620	3633	3638	5	0	18	13	13
53028	0	3611	3631	3640	4	4	29	25	20
53123	0	3461	3582	3674	38	19	213	175	121
53227	0	3605	3640	3714	29	31	109	80	35
53079	0	3544	3545	3737	35	77	193	158	1
53181	0	3741	3746	3777	20	8	36	16	5
53080	0	3733	3737	3791	23	5	58	35	4
53128	0	3731	3756	3819	23	26	88	65	25
53230	0	3678	3701	3859	38	72	181	143	23
53078	0	3525	3603	3896	57	39	371	314	78
53075	0	3309	3365	3954	66	28	645	579	56
53183	0	3854	3859	3959	13	69	105	92	5
53184	0	3958	3959	3960	1	0	2	1	1
53229	0	3626	3819	3986	77	67	360	283	193
53122	0	3413	3986	4082	51	30	669	618	573
53030	0	4045	4057	4110	10	13	65	55	12
53081	0	4114	4131	4132	1	0	18	17	17
53129	0	4059	4062	4140	29	10	81	52	3
53130	0	4086	4088	4174	34	2	88	54	2
53082	0	4137	4140	4177	7	23	40	33	3
53127	0	3662	4021	4218	79	94	556	477	359
53031	0	4171	4177	4243	21	22	72	51	6
53185	0	4157	4192	4257	25	11	100	75	35
53231	0	4158	4218	4261	18	18	103	85	60
53186	0	4214	4261	4333	18	27	119	101	47
53233	0	4330	4333	4370	37	0	40	3	3
53029	0	3797	4293	4402	56	10	605	549	496
53132	0	4383	4402	4406	4	0	23	19	19
53134	0	4397	4406	4414	8	0	17	9	9
53187	0	4408	4414	4421	7	0	13	6	6
53084	0	4421	4430	4435	5	0	14	9	9
53133	0	4385	4421	4466	31	6	81	50	36
53033	0	4456	4466	4486	20	0	30	10	10
53032	0	4412	4435	4507	30	9	95	65	23
53238	0	4523	4526	4544	6	4	21	15	3
53237	0	4510	4527	4562	20	12	52	32	17
53085	0	4519	4533	4570	11	8	51	40	14
53236	0	4508	4529	4577	11	27	69	58	21
53234	0	4400	4577	4604	27	0	204	177	177
53189	0	4577	4604	4611	7	0	34	27	27
53239	0	4550	4562	4635	25	21	85	60	12
53235	0	4489	4507	4644	30	89	155	125	18
53083	0	4349	4370	4677	46	1	328	282	21
53188	0	4419	4677	4710	33	0	291	258	258
53135	0	4701	4710	4715	5	0	14	9	9
53190	0	4700	4715	4767	38	13	67	29	15
53242	0	4751	4767	4780	13	0	29	16	16
53191	0	4777	4780	4795	2	9	18	16	3
53136	0	4777	4781	4876	40	27	99	59	4
53137	0	4846	4886	4897	11	0	51	40	40
53034	0	4766	4795	4909	39	56	143	104	29
53240	0	4728	4845	4951	43	38	223	180	117
53241	0	4742	4748	4990	45	35	248	203	6
53192	0	4902	4909	4991	11	27	89	78	7
53086	0	4849	4915	5009	52	5	160	108	66
53193	0	4997	5009	5035	26	0	38	12	12
53138	0	4997	5035	5065	30	0	68	38	38
53087	0	5069	5083	5135	5	34	66	61	14
53139	0	5053	5065	5168	44	5	115	71	12
53243	0	5142	5168	5173	5	0	31	26	26
53194	0	5088	5135	5186	20	7	98	78	47
53140	0	5174	5186	5189	3	0	15	12	12
53195	0	5147	5189	5224	35	0	77	42	42
53035	0	5194	5227	5248	21	0	54	33	33
53141	0	5239	5248	5260	12	0	21	9	9
53089	0	5210	5224	5266	7	24	56	49	14
53131	0	4291	5087	5267	48	0	976	928	796
53197	0	5300	5314	5317	3	0	17	14	14
53090	0	5295	5317	5326	9	0	31	22	22
53196	0	5280	5326	5352	26	0	72	46	46
53092	0	5333	5352	5355	3	0	22	19	19
53037	0	5384	5387	5405	18	0	21	3	3
53036	0	5370	5378	5429	10	25	59	49	8
53091	0	5330	5355	5505	78	57	175	97	25
53143	0	5438	5505	5520	15	0	82	67	67
53142	0	5349	5405	5536	39	5	187	148	56
53038	0	5435	5470	5576	36	14	141	105	35
53144	0	5471	5482	5579	12	73	108	96	11
53232	0	4245	4276	5581	66	1	1336	1270	31
53039	0	5488	5536	5646	20	80	158	138	48
53093	0	5579	5581	5665	54	6	86	32	2
53121	0	3218	5665	5737	50	0	2519	2469	2447
53221	0	2600	5737	5803	52	0	3203	3151	3137
53198	0	5625	5628	5847	91	49	222	131	3
53040	0	5806	5808	5850	13	10	44	31	2
53145	0	5802	5803	5857	12	19	55	43	1
53147	0	5911	5913	5920	7	0	9	2	2
53146	0	5839	5857	6012	31	92	173	142	18
53126	0	3661	3674	6017	95	47	2356	2261	13
53199	0	5928	6017	6051	34	0	123	89	89
53053	0	497	2234	6079	66	0	5582	5516	1737
53043	0	6130	6132	6137	5	0	7	2	2
53088	0	5195	5225	6156	70	75	961	891	30
53245	0	6137	6143	6170	3	20	33	30	6
53200	0	6097	6170	6183	13	0	86	73	73
53094	0	6093	6126	6188	11	49	95	84	33
53041	0	6089	6156	6221	30	9	132	102	67
53244	0	6107	6137	6245	30	41	138	108	30
53042	0	6103	6188	6251	21	21	148	127	85
53096	0	6251	6275	6297	22	0	46	24	24
53246	0	6295	6297	6315	18	0	20	2	2
53148	0	6068	6079	6367	49	0	299	250	11
53046	0	6404	6416	6431	8	6	27	19	12
53044	0	6333	6350	6449	33	4	116	83	17
53045	0	6402	6455	6482	27	0	80	53	53
53247	0	6484	6498	6519	21	0	35	14	14
53149	0	6505	6519	6522	3	0	17	14	14
53047	0	6410	6414	6530	24	54	120	96	4
53095	0	6198	6251	6554	75	167	356	281	53
53150	0	6549	6554	6599	45	0	50	5	5
53097	0	6505	6522	6615	13	43	110	97	17
53182	0	3810	6367	6618	76	19	2808	2732	2557
53048	0	6579	6618	6631	13	0	52	39	39
53049	0	6619	6631	6640	9	0	21	12	12
53222	0	2785	2797	6747	83	27	3962	3879	12
53098	0	6665	6687	6755	21	20	90	69	22
53249	0	6778	6778	6805	23	4	27	4	0
53248	0	6642	6700	6810	41	33	168	127	58
53050	0	6936	6953	6974	21	0	38	17	17
53250	0	6956	6974	6990	16	0	34	18	18
53099	0	6921	6921	7127	138	40	206	68	0
53100	0	7187	7187	7283	46	50	96	50	0
0	0	0	0	7283	56019	0	7283	-48736	0
