id	priority	createdTime	startedTime	terminatedTime	cpuTime	blockedTime	turnaroundTime	waitingTime	responseTime
55751	0	0	0	4	4	0	4	0	0
55851	0	0	25	27	2	0	27	25	25
55752	0	19	60	90	30	0	71	41	41
55801	0	0	4	91	22	7	91	69	4
55901	0	0	27	128	52	8	128	76	27
55951	0	0	55	163	40	6	163	123	55
55903	0	91	163	170	7	0	79	72	72
55852	0	97	170	171	1	0	74	73	73
55952	0	151	196	215	19	0	64	45	45
55904	0	151	194	250	37	7	99	62	43
55905	0	233	250	252	2	0	19	17	17
55902	0	34	91	269	53	67	235	182	57
55802	0	296	356	403	47	0	107	60	60
55753	0	255	269	414	40	19	159	119	14
55906	0	296	403	543	36	8	247	211	107
55853	0	255	275	559	72	33	304	232	20
55907	0	403	419	586	69	5	183	114	16
55755	0	562	706	735	29	0	173	144	144
55756	0	581	735	770	35	0	189	154	154
55953	0	611	773	800	27	0	189	162	162
55909	0	467	586	840	54	17	373	319	119
55754	0	479	600	845	9	18	366	357	121
55757	0	639	845	864	19	0	225	206	206
55803	0	497	606	881	66	0	384	318	109
55908	0	410	461	896	63	13	486	423	51
55910	0	513	667	917	48	10	404	356	154
55857	0	786	927	931	4	0	145	141	141
55854	0	488	604	936	10	29	448	438	116
55913	0	853	961	975	14	0	122	108	108
55855	0	664	888	1008	35	6	344	309	224
55858	0	910	1019	1024	5	0	114	109	109
55804	0	666	890	1041	21	17	375	354	224
55911	0	700	896	1043	14	3	343	329	196
55912	0	842	936	1131	26	5	289	263	94
55859	0	967	1131	1143	12	0	176	164	164
55758	0	663	881	1152	16	139	489	473	218
55760	0	929	1043	1217	32	5	288	256	114
55914	0	938	1065	1240	24	1	302	278	127
55856	0	717	917	1300	44	36	583	539	200
55761	0	953	1097	1302	35	1	349	314	144
55956	0	1145	1306	1307	1	0	162	161	161
55805	0	1043	1152	1316	37	1	273	236	109
55915	0	1056	1187	1322	9	2	266	257	131
55955	0	1046	1180	1348	33	20	302	269	134
55916	0	1216	1348	1362	14	0	146	132	132
55759	0	910	1008	1370	36	50	460	424	98
55806	0	1237	1370	1394	24	0	157	133	133
55762	0	1087	1217	1421	28	30	334	306	130
55763	0	1112	1268	1432	8	1	320	312	156
55954	0	943	1096	1457	27	21	514	487	153
55810	0	1298	1503	1521	18	0	223	205	205
55764	0	1144	1302	1535	16	20	391	375	158
55958	0	1392	1548	1579	31	0	187	156	156
55807	0	1244	1394	1593	34	6	349	315	150
55861	0	1270	1421	1625	15	2	355	340	151
55808	0	1281	1432	1627	13	28	346	333	151
55809	0	1291	1457	1644	55	6	353	298	166
55811	0	1517	1679	1704	25	0	187	162	162
55957	0	1377	1535	1730	28	27	353	325	158
55917	0	1650	1756	1788	32	0	138	106	106
55814	0	1700	1812	1823	11	0	123	112	112
55862	0	1323	1521	1883	8	42	560	552	198
55959	0	1425	1593	1925	57	24	500	443	168
55860	0	1098	1240	1930	88	46	832	744	142
55815	0	1701	1823	1931	18	7	230	212	122
55812	0	1548	1708	1937	22	8	389	367	160
55919	0	1741	1883	1966	33	5	225	192	142
55813	0	1606	1730	1989	31	39	383	352	124
55918	0	1724	1853	2000	39	50	276	237	129
55864	0	1874	1946	2032	15	8	158	143	72
55816	0	1971	2039	2045	6	0	74	68	68
55863	0	1717	1840	2054	22	44	337	315	123
55960	0	1943	2000	2123	51	2	180	129	57
55920	0	2043	2123	2126	3	0	83	80	80
55765	0	1760	1900	2179	54	22	419	365	140
55817	0	2141	2206	2211	5	0	70	65	65
55766	0	2192	2215	2235	20	0	43	23	23
55963	0	1990	2092	2281	60	6	291	231	102
55964	0	2097	2201	2290	7	19	193	186	104
55962	0	1978	2054	2294	28	39	316	288	76
55961	0	1970	2032	2322	50	68	352	302	62
55965	0	2260	2322	2331	9	0	71	62	62
55819	0	2296	2367	2385	18	0	89	71	71
55767	0	2223	2281	2401	23	29	178	155	58
55865	0	2321	2401	2405	4	0	84	80	80
55966	0	2266	2331	2423	22	10	157	135	65
55768	0	2274	2358	2471	39	9	197	158	84
55967	0	2273	2340	2507	54	17	234	180	67
55769	0	2279	2359	2515	16	8	236	220	80
55770	0	2448	2590	2609	19	0	161	142	142
55970	0	2526	2688	2707	19	0	181	162	162
55921	0	2386	2515	2734	22	7	348	326	129
55922	0	2396	2524	2735	2	10	339	337	128
55820	0	2362	2423	2815	47	25	453	406	61
55968	0	2462	2609	2826	49	3	364	315	147
55822	0	2676	2826	2857	31	0	181	150	150
55924	0	2713	2874	2880	6	0	167	161	161
55821	0	2531	2707	2904	18	2	373	355	176
55866	0	2741	2908	2911	3	0	170	167	167
55771	0	2558	2744	2913	5	2	355	350	186
55973	0	2792	2955	2982	27	0	190	163	163
55971	0	2600	2763	2985	52	0	385	333	163
55773	0	2849	2985	2995	10	0	146	136	136
55969	0	2495	2647	3003	66	11	508	442	152
55772	0	2724	2904	3006	4	5	282	278	180
55823	0	2734	2905	3027	24	12	293	269	171
55818	0	2241	2294	3156	99	59	915	816	53
55926	0	2981	3156	3173	17	0	192	175	175
55869	0	2982	3173	3198	25	0	216	191	191
55923	0	2436	2536	3202	57	109	766	709	100
55925	0	2716	2880	3255	67	39	539	472	164
55867	0	2938	3045	3289	45	4	351	306	107
55972	0	2785	2930	3425	83	27	640	557	145
55927	0	3066	3255	3493	15	14	427	412	189
55824	0	3084	3289	3495	18	3	411	393	205
55975	0	3309	3528	3545	17	0	236	219	219
55868	0	2957	3064	3566	50	44	609	559	107
55776	0	3367	3566	3571	5	0	204	199	199
55974	0	3107	3371	3597	29	16	490	461	264
55827	0	3435	3648	3656	8	0	221	213	213
55928	0	3185	3425	3665	18	3	480	462	240
55871	0	3218	3434	3694	50	0	476	426	216
55874	0	3485	3694	3699	5	0	214	209	209
55777	0	3533	3733	3745	12	0	212	200	200
55875	0	3552	3746	3755	9	0	203	194	194
55825	0	3309	3495	3788	66	28	479	413	186
55870	0	3051	3202	3801	50	109	750	700	151
55826	0	3341	3558	3802	7	9	461	454	217
55978	0	3620	3850	3855	5	0	235	230	230
55929	0	3432	3632	3898	33	3	466	433	200
55872	0	3413	3597	3970	51	30	557	506	184
55930	0	3454	3665	3997	26	10	543	517	211
55873	0	3461	3672	4014	38	19	553	515	211
55976	0	3497	3699	4018	7	26	521	514	202
55775	0	3228	3483	4057	15	61	829	814	255
55828	0	3525	3705	4092	57	39	567	510	180
55774	0	3102	3338	4185	89	27	1083	994	236
55778	0	3611	3848	4195	4	4	584	580	237
55934	0	3958	4276	4277	1	0	319	318	318
55830	0	3733	4029	4309	23	5	576	553	296
55878	0	3731	4018	4326	23	26	595	572	287
55931	0	3741	4038	4336	20	8	595	575	297
55831	0	4114	4349	4350	1	0	236	235	235
55779	0	3797	4092	4373	56	10	576	520	295
55977	0	3605	3831	4426	29	31	821	792	226
55933	0	3854	4185	4463	13	69	609	596	331
55979	0	3626	3855	4489	77	67	863	786	229
55881	0	4291	4495	4543	48	0	252	204	204
55980	0	3678	3970	4578	38	72	900	862	292
55983	0	4330	4582	4619	37	0	289	252	252
55880	0	4086	4345	4679	34	2	593	559	259
55832	0	4137	4350	4682	7	23	545	538	213
55882	0	4383	4682	4686	4	0	303	299	299
55935	0	4157	4373	4709	25	11	552	527	216
55884	0	4397	4709	4717	8	0	320	312	312
55984	0	4400	4717	4744	27	0	344	317	317
55829	0	3544	3745	4767	35	77	1223	1188	201
55937	0	4408	4767	4774	7	0	366	359	359
55981	0	4158	4384	4791	18	18	633	615	226
55938	0	4419	4791	4824	33	0	405	372	372
55834	0	4421	4824	4829	5	0	408	403	403
55783	0	4456	4836	4856	20	0	400	380	380
55982	0	4245	4441	4905	66	1	660	594	196
55936	0	4214	4426	4908	18	27	694	676	212
55939	0	4577	4954	4961	7	0	384	377	377
55780	0	4045	4309	4962	10	13	917	907	264
55879	0	4059	4336	4979	29	10	920	891	277
55833	0	4349	4636	5012	46	1	663	617	287
55885	0	4701	5045	5050	5	0	349	344	344
55883	0	4385	4686	5072	31	6	687	656	301
55992	0	4751	5113	5126	13	0	375	362	362
55782	0	4412	4774	5185	30	9	773	743	362
55781	0	4171	4398	5196	21	22	1025	1004	227
55932	0	3810	4129	5199	76	19	1389	1313	319
55887	0	4846	5199	5210	11	0	364	353	353
55988	0	4523	4952	5249	6	4	726	720	429
55986	0	4508	4927	5256	11	27	748	737	419
55987	0	4510	4946	5274	20	12	764	744	436
55835	0	4519	4948	5281	11	8	762	751	429
55876	0	3661	3898	5286	95	47	1625	1530	237
55989	0	4550	4953	5310	25	21	760	735	403
55877	0	3662	3918	5321	79	94	1659	1580	256
55888	0	4997	5321	5351	30	0	354	324	324
55943	0	4997	5351	5377	26	0	380	354	354
55940	0	4700	5012	5400	38	13	700	662	312
55993	0	5142	5421	5426	5	0	284	279	279
55945	0	5147	5426	5461	35	0	314	279	279
55991	0	4742	5099	5492	45	35	750	705	357
55941	0	4777	5163	5496	2	9	719	717	386
55890	0	5174	5496	5499	3	0	325	322	322
55785	0	5194	5522	5543	21	0	349	328	328
55891	0	5239	5554	5566	12	0	327	315	315
55946	0	5280	5570	5596	26	0	316	290	290
55840	0	5295	5596	5605	9	0	310	301	301
55947	0	5300	5605	5608	3	0	308	305	305
55985	0	4489	4908	5617	30	89	1128	1098	419
55842	0	5333	5640	5643	3	0	310	307	307
55787	0	5384	5675	5693	18	0	309	291	291
55889	0	5053	5377	5719	44	5	666	622	324
55944	0	5088	5404	5732	20	7	644	624	316
55893	0	5438	5744	5759	15	0	321	306	306
55837	0	5069	5400	5760	5	34	691	686	331
55990	0	4728	5072	5766	43	38	1038	995	344
55784	0	4766	5126	5803	39	56	1037	998	360
55886	0	4777	5150	5807	40	27	1030	990	373
55836	0	4849	5210	5825	52	5	976	924	361
55839	0	5210	5545	5831	7	24	621	614	335
55942	0	4902	5236	5879	11	27	977	966	334
55892	0	5349	5643	5958	39	5	609	570	294
55786	0	5370	5666	6000	10	25	630	620	296
55788	0	5435	5732	6024	36	14	589	553	297
55894	0	5471	5766	6051	12	73	580	568	295
55789	0	5488	5775	6055	20	80	567	547	287
55897	0	5911	6061	6068	7	0	157	150	150
55949	0	5928	6068	6102	34	0	174	140	140
55841	0	5330	5617	6135	78	57	805	727	287
55895	0	5802	6024	6142	12	19	340	328	222
55790	0	5806	6029	6145	13	10	339	326	223
55843	0	5579	5831	6146	54	6	567	513	252
55898	0	6068	6146	6195	49	0	127	78	78
55950	0	6097	6213	6226	13	0	129	116	116
55838	0	5195	5543	6259	70	75	1064	994	348
55793	0	6130	6259	6264	5	0	134	129	129
55791	0	6089	6195	6331	30	9	242	212	106
55846	0	6251	6331	6353	22	0	102	80	80
55844	0	6093	6207	6358	11	49	265	254	114
55792	0	6103	6226	6364	21	21	261	240	123
55896	0	5839	6039	6384	31	92	545	514	200
55995	0	6137	6266	6386	3	20	249	246	129
55994	0	6107	6241	6410	30	41	303	273	134
55996	0	6295	6410	6428	18	0	133	115	115
55795	0	6402	6492	6519	27	0	117	90	90
55948	0	5625	5928	6555	91	49	930	839	303
55997	0	6484	6555	6576	21	0	92	71	71
55794	0	6333	6477	6594	33	4	261	228	144
55899	0	6505	6598	6601	3	0	96	93	93
55796	0	6404	6519	6604	8	6	200	192	115
55900	0	6549	6611	6656	45	0	107	62	62
55798	0	6579	6658	6671	13	0	92	79	79
55799	0	6619	6671	6680	9	0	61	52	52
55847	0	6505	6594	6693	13	43	188	175	89
55848	0	6665	6707	6766	21	20	101	80	42
55797	0	6410	6524	6770	24	54	360	336	114
55845	0	6198	6289	6775	75	167	577	502	91
55998	0	6642	6693	6794	41	33	152	111	51
55999	0	6778	6778	6806	23	4	28	5	0
55800	0	6936	6953	6974	21	0	38	17	17
56000	0	6956	6974	6990	16	0	34	18	18
55849	0	6921	6921	7127	138	40	206	68	0
55850	0	7187	7187	7283	46	50	96	50	0
0	0	0	0	7283	58912	0	7283	-51629	0
