id	priority	createdTime	startedTime	terminatedTime	cpuTime	blockedTime	turnaroundTime	waitingTime	responseTime
1251	0	0	0	6	6	0	6	0	0
1351	0	0	41	43	2	0	43	41	41
1252	0	19	98	148	50	0	129	79	79
1301	0	0	6	170	36	7	170	134	6
1403	0	91	170	181	11	0	90	79	79
1352	0	97	181	183	2	0	86	84	84
1401	0	0	43	223	87	8	223	136	43
1451	0	0	90	281	66	6	281	215	90
1452	0	151	284	316	32	0	165	133	133
1405	0	233	354	356	2	0	123	121	121
1404	0	151	281	426	61	7	275	214	130
1302	0	296	426	504	78	0	208	130	130
1402	0	34	148	669	86	67	635	549	114
1303	0	497	872	981	109	0	484	375	375
1406	0	296	504	1100	58	8	804	746	208
1255	0	562	1100	1148	48	0	586	538	538
1253	0	255	356	1162	67	19	907	840	101
1256	0	581	1162	1221	59	0	640	581	581
1453	0	611	1221	1266	45	0	655	610	610
1257	0	639	1266	1297	31	0	658	627	627
1353	0	255	365	1323	119	33	1068	949	110
1407	0	403	669	1424	115	5	1021	906	266
1357	0	786	1424	1430	6	0	644	638	638
1413	0	853	1471	1494	23	0	641	618	618
1408	0	410	739	1497	104	13	1087	983	329
1409	0	467	840	1568	89	17	1101	1012	373
1254	0	479	862	1576	14	18	1097	1083	383
1358	0	910	1594	1602	8	0	692	684	684
1359	0	967	1731	1751	20	0	784	764	764
1410	0	513	981	1827	80	10	1314	1234	468
1456	0	1145	1906	1908	2	0	763	761	761
1416	0	1216	1908	1932	24	0	716	692	692
1306	0	1237	1932	1971	39	0	734	695	695
1310	0	1298	2100	2129	29	0	831	802	802
1355	0	664	1335	2186	56	6	1522	1466	671
1304	0	666	1337	2214	34	17	1548	1514	671
1411	0	700	1343	2217	22	3	1517	1495	643
1458	0	1392	2254	2305	51	0	913	862	862
1258	0	663	1323	2363	26	139	1700	1674	660
1412	0	842	1430	2364	42	5	1522	1480	588
1311	0	1517	2364	2405	41	0	888	847	847
1354	0	488	868	2413	16	29	1925	1909	380
1260	0	929	1602	2471	52	5	1542	1490	673
1417	0	1650	2471	2525	54	0	875	821	821
1414	0	938	1638	2528	40	1	1590	1550	700
1314	0	1700	2548	2567	19	0	867	848	848
1261	0	953	1676	2650	57	1	1697	1640	723
1305	0	1043	1751	2713	61	1	1670	1609	708
1415	0	1056	1808	2723	14	2	1667	1653	752
1455	0	1046	1797	2766	54	20	1720	1666	751
1262	0	1087	1827	2783	46	30	1696	1650	740
1263	0	1112	1888	2784	12	1	1672	1660	776
1264	0	1144	1899	2804	27	20	1660	1633	755
1316	0	1971	2864	2874	10	0	903	893	893
1307	0	1244	1971	2910	55	6	1666	1611	727
1361	0	1270	2003	2918	24	2	1648	1624	733
1420	0	2043	2918	2923	5	0	880	875	875
1308	0	1281	2019	2926	21	28	1645	1624	738
1309	0	1291	2037	2962	91	6	1671	1580	746
1317	0	2141	2962	2970	8	0	829	821	821
1266	0	2192	2976	3010	34	0	818	784	784
1465	0	2260	3060	3075	15	0	815	800	800
1457	0	1377	2217	3114	46	27	1737	1691	840
1356	0	717	1362	3187	74	36	2470	2396	645
1319	0	2296	3200	3229	29	0	933	904	904
1365	0	2321	3229	3235	6	0	914	908	908
1270	0	2448	3356	3388	32	0	940	908	908
1259	0	910	1576	3477	60	50	2567	2507	666
1470	0	2526	3545	3576	31	0	1050	1019	1019
1454	0	943	1675	3628	45	21	2685	2640	732
1471	0	2600	3628	3714	86	0	1114	1028	1028
1315	0	1701	2567	3716	30	7	2015	1985	866
1322	0	2676	3731	3782	51	0	1106	1055	1055
1419	0	1741	2650	3809	55	5	2068	2013	909
1418	0	1724	2602	3827	64	50	2103	2039	878
1424	0	2713	3829	3839	10	0	1126	1116	1116
1366	0	2741	3880	3884	4	0	1143	1139	1139
1364	0	1874	2766	3903	25	8	2029	2004	892
1473	0	2792	3908	3953	45	0	1161	1116	1116
1273	0	2849	4011	4027	16	0	1178	1162	1162
1460	0	1943	2817	4076	84	2	2133	2049	874
1464	0	2097	2926	4216	10	19	2119	2109	829
1426	0	2981	4241	4270	29	0	1289	1260	1260
1369	0	2982	4270	4311	41	0	1329	1288	1288
1362	0	1323	2129	4314	12	42	2991	2979	806
1267	0	2223	3010	4340	37	29	2117	2080	787
1466	0	2266	3075	4447	36	10	2181	2145	809
1268	0	2274	3143	4603	65	9	2329	2264	869
1467	0	2273	3114	4662	88	17	2389	2301	841
1269	0	2279	3187	4689	26	8	2410	2384	908
1371	0	3218	4689	4772	83	0	1554	1471	1471
1459	0	1425	2305	4840	92	24	3415	3323	880
1475	0	3309	4894	4922	28	0	1613	1585	1585
1421	0	2386	3293	4944	37	7	2558	2521	907
1422	0	2396	3308	4945	3	10	2549	2546	912
1312	0	1548	2413	4955	36	8	3407	3371	865
1276	0	3367	4964	4971	7	0	1604	1597	1597
1313	0	1606	2425	5033	51	39	3427	3376	819
1327	0	3435	5116	5128	12	0	1693	1681	1681
1468	0	2462	3401	5193	80	3	2731	2651	939
1374	0	3485	5193	5201	8	0	1716	1708	1708
1277	0	3533	5252	5271	19	0	1738	1719	1719
1375	0	3552	5301	5316	15	0	1764	1749	1749
1321	0	2531	3576	5323	30	2	2792	2762	1045
1271	0	2558	3599	5354	8	2	2796	2788	1041
1478	0	3620	5358	5366	8	0	1746	1738	1738
1363	0	1717	2595	5578	37	44	3861	3824	878
1272	0	2724	3873	5819	7	5	3095	3088	1149
1323	0	2734	3875	5854	40	12	3120	3080	1141
1472	0	2785	3903	6016	138	27	3231	3093	1118
1434	0	3958	6016	6017	1	0	2059	2058	2058
1331	0	4114	6078	6080	2	0	1966	1964	1964
1463	0	1990	2885	6141	99	6	4151	4052	895
1367	0	2938	4182	6287	76	4	3349	3273	1244
1381	0	4291	6370	6449	79	0	2158	2079	2079
1483	0	4330	6449	6510	61	0	2180	2119	2119
1382	0	4383	6531	6538	7	0	2155	2148	2148
1384	0	4397	6553	6566	13	0	2169	2156	2156
1484	0	4400	6566	6611	45	0	2211	2166	2166
1427	0	3066	4380	6640	24	14	3574	3550	1314
1437	0	4408	6640	6651	11	0	2243	2232	2232
1438	0	4419	6666	6720	54	0	2301	2247	2247
1334	0	4421	6720	6727	7	0	2306	2299	2299
1324	0	3084	4400	6729	28	3	3645	3617	1316
1283	0	4456	6729	6761	32	0	2305	2273	2273
1474	0	3107	4502	6875	47	16	3768	3721	1395
1439	0	4577	6875	6887	12	0	2310	2298	2298
1428	0	3185	4662	6901	28	3	3716	3688	1477
1385	0	4701	6956	6964	8	0	2263	2255	2255
1492	0	4751	7031	7052	21	0	2301	2280	2280
1387	0	4846	7118	7136	18	0	2290	2272	2272
1320	0	2362	3235	7183	77	25	4821	4744	873
1325	0	3309	4840	7248	109	28	3939	3830	1531
1326	0	3341	4955	7249	10	9	3908	3898	1614
1388	0	4997	7249	7299	50	0	2302	2252	2252
1443	0	4997	7299	7342	43	0	2345	2302	2302
1429	0	3432	5090	7446	54	3	4014	3960	1658
1372	0	3413	5033	7472	83	30	4059	3976	1620
1493	0	5142	7472	7480	8	0	2338	2330	2330
1445	0	5147	7480	7538	58	0	2391	2333	2333
1430	0	3454	5128	7570	44	10	4116	4072	1674
1390	0	5174	7570	7575	5	0	2401	2396	2396
1285	0	5194	7575	7609	34	0	2415	2381	2381
1373	0	3461	5140	7637	63	19	4176	4113	1679
1476	0	3497	5201	7647	11	26	4150	4139	1704
1391	0	5239	7647	7666	19	0	2427	2408	2408
1446	0	5280	7666	7709	43	0	2429	2386	2386
1328	0	3525	5206	7766	94	39	4241	4147	1681
1340	0	5295	7766	7781	15	0	2486	2471	2471
1447	0	5300	7781	7785	4	0	2485	2481	2481
1469	0	2495	3477	7797	108	11	5302	5194	982
1342	0	5333	7836	7840	4	0	2507	2503	2503
1278	0	3611	5354	7880	7	4	4269	4262	1743
1287	0	5384	7906	7935	29	0	2551	2522	2522
1393	0	5438	7955	7980	25	0	2542	2517	2517
1330	0	3733	5532	8179	38	5	4446	4408	1799
1378	0	3731	5514	8198	37	26	4467	4430	1783
1431	0	3741	5547	8241	33	8	4500	4467	1806
1279	0	3797	5578	8374	93	10	4577	4484	1781
1265	0	1760	2678	8409	90	22	6649	6559	918
1433	0	3854	5801	8449	21	69	4595	4574	1947
1425	0	2716	3839	8497	111	39	5781	5670	1123
1397	0	5911	8497	8508	11	0	2597	2586	2586
1449	0	5928	8508	8564	56	0	2636	2580	2580
1360	0	1098	1862	8572	145	46	7474	7329	764
1398	0	6068	8572	8653	81	0	2585	2504	2504
1380	0	4086	6072	8737	55	2	4651	4596	1986
1450	0	6097	8765	8787	22	0	2690	2668	2668
1293	0	6130	8821	8829	8	0	2699	2691	2691
1332	0	4137	6141	8834	11	23	4697	4686	2004
1435	0	4157	6148	8858	42	11	4701	4659	1991
1481	0	4158	6166	8905	30	18	4747	4717	2008
1462	0	1978	2874	8918	45	39	6940	6895	896
1461	0	1970	2852	8924	82	68	6954	6872	882
1346	0	6251	8924	8960	36	0	2709	2673	2673
1436	0	4214	6219	8964	28	27	4750	4722	2005
1496	0	6295	8964	8993	29	0	2698	2669	2669
1482	0	4245	6287	9075	110	1	4830	4720	2042
1368	0	2957	4216	9101	82	44	6144	6062	1259
1295	0	6402	9101	9145	44	0	2743	2699	2699
1497	0	6484	9156	9191	35	0	2707	2672	2672
1399	0	6505	9198	9203	5	0	2698	2693	2693
1333	0	4349	6510	9258	76	1	4909	4833	2161
1400	0	6549	9258	9333	75	0	2784	2709	2709
1383	0	4385	6538	9370	52	6	4985	4933	2153
1298	0	6579	9370	9391	21	0	2812	2791	2791
1299	0	6619	9391	9405	14	0	2786	2772	2772
1282	0	4412	6651	9499	50	9	5087	5037	2239
1370	0	3051	4340	9539	83	109	6488	6405	1289
1487	0	4510	6821	9571	34	12	5061	5027	2311
1486	0	4508	6815	9582	17	27	5074	5057	2307
1488	0	4523	6864	9636	8	4	5113	5105	2341
1335	0	4519	6857	9648	19	8	5129	5110	2338
1489	0	4550	6865	9688	41	21	5138	5097	2315
1300	0	6936	9742	9776	34	0	2840	2806	2806
1500	0	6956	9776	9802	26	0	2846	2820	2820
1440	0	4700	6901	9809	62	13	5109	5047	2201
1491	0	4742	7008	9878	75	35	5136	5061	2266
1441	0	4777	7113	9884	3	9	5107	5104	2336
1275	0	3228	4772	9938	24	61	6710	6686	1544
0	0	0	0	10022	15319	0	10022	-5297	0
