id	priority	createdTime	startedTime	terminatedTime	cpuTime	blockedTime	turnaroundTime	waitingTime	responseTime
2251	0	0	0	6	6	0	6	0	0
2351	0	0	41	43	2	0	43	41	41
2252	0	19	98	148	50	0	129	79	79
2451	0	0	90	206	66	6	206	140	90
2403	0	91	227	238	11	0	147	136	136
2352	0	97	238	240	2	0	143	141	141
2452	0	151	243	275	32	0	124	92	92
2404	0	151	240	333	61	7	182	121	89
2405	0	233	333	335	2	0	102	100	100
2302	0	296	347	425	78	0	129	51	51
2406	0	296	559	687	58	8	391	333	263
2303	0	497	820	929	109	0	432	323	323
2254	0	479	810	941	14	18	462	448	331
2354	0	488	816	1014	16	29	526	510	328
2255	0	562	1014	1062	48	0	500	452	452
2256	0	581	1062	1121	59	0	540	481	481
2453	0	611	1121	1166	45	0	555	510	510
2257	0	639	1166	1197	31	0	558	527	527
2355	0	664	1209	1290	56	6	626	570	545
2304	0	666	1211	1318	34	17	652	618	545
2357	0	786	1335	1341	6	0	555	549	549
2413	0	853	1382	1405	23	0	552	529	529
2358	0	910	1423	1431	8	0	521	513	513
2359	0	967	1580	1600	20	0	633	613	613
2415	0	1056	1657	1706	14	2	650	636	601
2456	0	1145	1750	1752	2	0	607	605	605
2416	0	1216	1752	1776	24	0	560	536	536
2264	0	1144	1743	1796	27	20	652	625	599
2306	0	1237	1796	1835	39	0	598	559	559
2310	0	1298	1964	1993	29	0	695	666	666
2458	0	1392	2024	2075	51	0	683	632	632
2362	0	1323	1993	2078	12	42	755	743	670
2311	0	1517	2122	2163	41	0	646	605	605
2417	0	1650	2177	2231	54	0	581	527	527
2455	0	1046	1646	2287	54	20	1241	1187	600
2313	0	1606	2175	2323	51	39	717	666	569
2314	0	1700	2323	2342	19	0	642	623	623
2263	0	1112	1732	2467	12	1	1355	1343	620
2364	0	1874	2487	2547	25	8	673	648	613
2316	0	1971	2559	2569	10	0	598	588	588
2420	0	2043	2582	2587	5	0	544	539	539
2317	0	2141	2631	2639	8	0	498	490	490
2266	0	2192	2639	2673	34	0	481	447	447
2464	0	2097	2623	2675	10	19	578	568	526
2465	0	2260	2725	2740	15	0	480	465	465
2268	0	2274	2784	2862	65	9	588	523	510
2319	0	2296	2862	2891	29	0	595	566	566
2365	0	2321	2891	2897	6	0	576	570	570
2422	0	2396	2929	2964	3	10	568	565	533
2270	0	2448	2964	2996	32	0	548	516	516
2470	0	2526	3126	3157	31	0	631	600	600
2471	0	2600	3185	3271	86	0	671	585	585
2271	0	2558	3180	3274	8	2	716	708	622
2322	0	2676	3295	3346	51	0	670	619	619
2424	0	2713	3346	3356	10	0	643	633	633
2267	0	2223	2675	3382	37	29	1159	1122	452
2366	0	2741	3423	3427	4	0	686	682	682
2272	0	2724	3416	3432	7	5	708	701	692
2323	0	2734	3418	3472	40	12	738	698	684
2472	0	2785	3432	3605	138	27	820	682	647
2473	0	2792	3605	3650	45	0	858	813	813
2273	0	2849	3650	3666	16	0	817	801	801
2426	0	2981	3723	3752	29	0	771	742	742
2369	0	2982	3752	3793	41	0	811	770	770
2371	0	3218	3979	4062	83	0	844	761	761
2475	0	3309	4125	4153	28	0	844	816	816
2276	0	3367	4162	4169	7	0	802	795	795
2275	0	3228	4062	4241	24	61	1013	989	834
2326	0	3341	4153	4242	10	9	901	891	812
2327	0	3435	4268	4280	12	0	845	833	833
2374	0	3485	4327	4335	8	0	850	842	842
2476	0	3497	4335	4392	11	26	895	884	838
2277	0	3533	4392	4411	19	0	878	859	859
2375	0	3552	4413	4428	15	0	876	861	861
2478	0	3620	4477	4485	8	0	865	857	857
2278	0	3611	4473	4488	7	4	877	870	862
2329	0	3544	4411	4569	57	77	1025	968	867
2434	0	3958	4907	4908	1	0	950	949	949
2380	0	4086	4923	5006	55	2	920	865	837
2331	0	4114	5013	5015	2	0	901	899	899
2280	0	4045	4908	5023	16	13	978	962	863
2332	0	4137	5015	5068	11	23	931	920	878
2281	0	4171	5068	5154	34	22	983	949	897
2381	0	4291	5154	5233	79	0	942	863	863
2483	0	4330	5233	5294	61	0	964	903	903
2382	0	4383	5315	5322	7	0	939	932	932
2384	0	4397	5337	5350	13	0	953	940	940
2484	0	4400	5350	5395	45	0	995	950	950
2437	0	4408	5395	5406	11	0	998	987	987
2438	0	4419	5421	5475	54	0	1056	1002	1002
2334	0	4421	5475	5482	7	0	1061	1054	1054
2283	0	4456	5482	5514	32	0	1058	1026	1026
2439	0	4577	5565	5577	12	0	1000	988	988
2488	0	4523	5563	5584	8	4	1061	1053	1040
2487	0	4510	5552	5614	34	12	1104	1070	1042
2489	0	4550	5564	5654	41	21	1104	1063	1014
2335	0	4519	5556	5666	19	8	1147	1128	1037
2486	0	4508	5546	5677	17	27	1169	1152	1038
2385	0	4701	5732	5740	8	0	1039	1031	1031
2492	0	4751	5807	5828	21	0	1077	1056	1056
2387	0	4846	5890	5908	18	0	1062	1044	1044
2441	0	4777	5889	5910	3	9	1133	1130	1112
2388	0	4997	5963	6013	50	0	1016	966	966
2443	0	4997	6013	6056	43	0	1059	1016	1016
2493	0	5142	6104	6112	8	0	970	962	962
2445	0	5147	6112	6170	58	0	1023	965	965
2337	0	5069	6085	6171	8	34	1102	1094	1016
2390	0	5174	6171	6176	5	0	1002	997	997
2285	0	5194	6176	6210	34	0	1016	982	982
2391	0	5239	6214	6233	19	0	994	975	975
2446	0	5280	6233	6276	43	0	996	953	953
2339	0	5210	6213	6286	11	24	1076	1065	1003
2340	0	5295	6379	6394	15	0	1099	1084	1084
2447	0	5300	6394	6398	4	0	1098	1094	1094
2342	0	5333	6437	6441	4	0	1108	1104	1104
2287	0	5384	6493	6522	29	0	1138	1109	1109
2393	0	5438	6542	6567	25	0	1129	1104	1104
2395	0	5802	6710	6761	19	19	959	940	908
2397	0	5911	6761	6772	11	0	861	850	850
2449	0	5928	6772	6828	56	0	900	844	844
2398	0	6068	6835	6916	81	0	848	767	767
2442	0	4902	5953	6918	19	27	2016	1997	1051
2450	0	6097	6946	6968	22	0	871	849	849
2344	0	6093	6937	7011	18	49	918	900	844
2293	0	6130	7011	7019	8	0	889	881	881
2495	0	6137	7019	7062	3	20	925	922	882
2346	0	6251	7062	7098	36	0	847	811	811
2496	0	6295	7098	7127	29	0	832	803	803
2295	0	6402	7151	7195	44	0	793	749	749
2497	0	6484	7206	7241	35	0	757	722	722
2296	0	6404	7195	7249	13	6	845	832	791
2399	0	6505	7283	7288	5	0	783	778	778
2400	0	6549	7288	7363	75	0	814	739	739
2347	0	6505	7249	7378	22	43	873	851	744
2298	0	6579	7378	7399	21	0	820	799	799
2299	0	6619	7399	7413	14	0	794	780	780
2300	0	6936	7530	7564	34	0	628	594	594
2500	0	6956	7564	7590	26	0	634	608	608
2494	0	6107	6992	7630	50	41	1523	1473	885
2258	0	663	1197	7665	26	139	7002	6976	534
2363	0	1717	2370	7694	37	44	5977	5940	653
2269	0	2279	2786	7756	26	8	5477	5451	507
2427	0	3066	3833	7767	24	14	4701	4677	767
2430	0	3454	4280	7799	44	10	4345	4301	826
2433	0	3854	4894	7833	21	69	3979	3958	1040
2444	0	5088	6092	7854	33	7	2766	2733	1004
2454	0	943	1504	7878	45	21	6935	6890	561
2466	0	2266	2740	7899	36	10	5633	5597	474
2421	0	2386	2914	7921	37	7	5535	5498	528
2428	0	3185	3965	7935	28	3	4750	4722	780
2330	0	3733	4692	7958	38	5	4225	4187	959
2383	0	4385	5322	7995	52	6	3610	3558	937
2282	0	4412	5406	8030	50	9	3618	3568	994
2286	0	5370	6478	8031	16	25	2661	2645	1108
2394	0	5471	6567	8036	20	73	2565	2545	1096
2312	0	1548	2163	8050	36	8	6502	6466	615
2396	0	5839	6735	8083	52	92	2244	2192	896
2361	0	1270	1867	8106	24	2	6836	6812	597
2431	0	3741	4707	8179	33	8	4438	4405	966
2290	0	5806	6718	8183	21	10	2377	2356	912
2411	0	700	1217	8186	22	3	7486	7464	517
2308	0	1281	1883	8217	21	28	6936	6915	602
2378	0	3731	4674	8236	37	26	4505	4468	943
2435	0	4157	5023	8260	42	11	4103	4061	866
2291	0	6089	6918	8289	48	9	2200	2152	829
2499	0	6778	7457	8309	39	4	1531	1492	679
2356	0	717	1318	8351	74	36	7634	7560	601
2333	0	4349	5294	8452	76	1	4103	4027	945
2462	0	1978	2569	8511	45	39	6533	6488	591
2288	0	5435	6522	8589	59	14	3154	3095	1087
2297	0	6410	7203	8595	39	54	2185	2146	793
2348	0	6665	7436	8608	34	20	1943	1909	771
2350	0	7187	7630	8662	75	50	1475	1400	443
2409	0	467	788	8729	89	17	8262	8173	321
2457	0	1377	1996	8753	46	27	7376	7330	619
2321	0	2531	3157	8760	30	2	6229	6199	626
2481	0	4158	5041	8767	30	18	4609	4579	883
2491	0	4742	5784	8819	75	35	4077	4002	1042
2436	0	4214	5077	8934	28	27	4720	4692	863
2292	0	6103	6968	8944	34	21	2841	2807	865
2294	0	6333	7127	8974	54	4	2641	2587	794
2324	0	3084	3846	8989	28	3	5905	5877	762
2429	0	3432	4242	9017	54	3	5585	5531	810
2379	0	4059	4916	9088	48	10	5029	4981	857
2289	0	5488	6582	9095	34	80	3607	3573	1094
2480	0	3678	4662	9118	61	72	5440	5379	984
2315	0	1701	2342	9156	30	7	7455	7425	641
2419	0	1741	2438	9183	55	5	7442	7387	697
2467	0	2273	2755	9242	88	17	6969	6881	482
2482	0	4245	5107	9335	110	1	5090	4980	862
2477	0	3605	4437	9342	46	31	5737	5691	832
2389	0	5053	6056	9386	73	5	4333	4260	1003
2307	0	1244	1835	9409	55	6	8165	8110	591
2463	0	1990	2580	9470	99	6	7480	7381	590
2367	0	2938	3666	9540	76	4	6602	6526	728
2259	0	910	1405	9647	60	50	8737	8677	495
2301	0	0	6	9648	36	7	9648	9612	6
2262	0	1087	1661	9659	46	30	8572	8526	574
2460	0	1943	2493	9708	84	2	7765	7681	550
2485	0	4489	5514	9751	48	89	5262	5214	1025
2373	0	3461	4292	9779	63	19	6318	6255	831
2260	0	929	1431	9795	52	5	8866	8814	502
2414	0	938	1467	9798	40	1	8860	8820	529
2392	0	5349	6441	9824	63	5	4475	4412	1092
2474	0	3107	3927	9868	47	16	6761	6714	820
2412	0	842	1341	9970	42	5	9128	9086	499
0	0	0	0	10005	26301	0	10005	-16296	0
