id	priority	createdTime	startedTime	terminatedTime	cpuTime	blockedTime	turnaroundTime	waitingTime	responseTime
2251	0	0	0	4	4	0	4	0	0
2351	0	0	24	26	2	0	26	24	24
2403	0	91	104	111	7	0	20	13	13
2352	0	97	111	112	1	0	15	14	14
2301	0	0	4	122	22	7	122	100	4
2252	0	19	51	132	30	0	113	83	32
2452	0	151	154	173	19	0	22	3	3
2404	0	151	152	211	37	7	60	23	1
2451	0	0	46	226	40	6	226	186	46
2405	0	233	246	248	2	0	15	13	13
2402	0	34	91	265	53	67	231	178	57
2401	0	0	26	277	52	8	277	225	26
2406	0	296	337	399	36	8	103	67	41
2253	0	255	265	407	40	19	152	112	10
2254	0	479	481	510	9	18	31	22	2
2354	0	488	510	580	10	29	92	82	22
2257	0	639	640	659	19	0	20	1	1
2453	0	611	620	666	27	0	55	28	9
2255	0	562	580	688	29	0	126	97	18
2304	0	666	675	725	21	17	59	38	9
2411	0	700	725	749	14	3	49	35	25
2355	0	664	673	762	35	6	98	63	9
2256	0	581	600	786	35	0	205	170	19
2258	0	663	666	834	16	139	171	155	3
2357	0	786	834	838	4	0	52	48	48
2356	0	717	737	843	44	36	126	82	20
2413	0	853	863	877	14	0	24	10	10
2409	0	467	467	902	54	17	435	381	0
2412	0	842	843	903	26	5	61	35	1
2410	0	513	535	912	48	10	399	351	22
2358	0	910	923	928	5	0	18	13	13
2359	0	967	1020	1032	12	0	65	53	53
2454	0	943	970	1046	27	21	103	76	27
2259	0	910	912	1084	36	50	174	138	2
2415	0	1056	1073	1090	9	2	34	25	17
2263	0	1112	1146	1158	8	1	46	38	34
2456	0	1145	1158	1159	1	0	14	13	13
2455	0	1046	1066	1170	33	20	124	91	20
2264	0	1144	1153	1190	16	20	46	30	9
2262	0	1087	1090	1205	28	30	118	90	3
2416	0	1216	1225	1239	14	0	23	9	9
2361	0	1270	1279	1325	15	2	55	40	9
2310	0	1298	1325	1343	18	0	45	27	27
2308	0	1281	1289	1347	13	28	66	53	8
2307	0	1244	1259	1361	34	6	117	83	15
2306	0	1237	1239	1369	24	0	132	108	2
2414	0	938	950	1371	24	1	433	409	12
2260	0	929	930	1381	32	5	452	420	1
2362	0	1323	1343	1416	8	42	93	85	20
2458	0	1392	1394	1427	31	0	35	4	2
2457	0	1377	1381	1462	28	27	85	57	4
2311	0	1517	1517	1542	25	0	25	0	0
2305	0	1043	1046	1551	37	1	508	471	3
2459	0	1425	1427	1595	57	24	170	113	2
2312	0	1548	1551	1601	22	8	53	31	3
2261	0	953	971	1603	35	1	650	615	18
2309	0	1291	1300	1645	55	6	354	299	9
2360	0	1098	1130	1650	88	46	552	464	32
2314	0	1700	1718	1729	11	0	29	18	18
2363	0	1717	1746	1817	22	44	100	78	29
2315	0	1701	1729	1819	18	7	118	100	28
2419	0	1741	1779	1835	33	5	94	61	38
2313	0	1606	1623	1857	31	39	251	220	17
2417	0	1650	1678	1892	32	0	242	210	28
2364	0	1874	1876	1903	15	8	29	14	2
2265	0	1760	1796	1913	54	22	153	99	36
2302	0	296	317	1920	47	0	1624	1577	21
2418	0	1724	1750	1951	39	50	227	188	26
2316	0	1971	1978	1984	6	0	13	7	7
2420	0	2043	2066	2069	3	0	26	23	23
2462	0	1978	1984	2099	28	39	121	93	6
2464	0	2097	2099	2126	7	19	29	22	2
2460	0	1943	1951	2146	51	2	203	152	8
2317	0	2141	2146	2151	5	0	10	5	5
2463	0	1990	1991	2168	60	6	178	118	1
2407	0	403	407	2175	69	5	1772	1703	4
2266	0	2192	2198	2218	20	0	26	6	6
2461	0	1970	1971	2222	50	68	252	202	1
2465	0	2260	2269	2278	9	0	18	9	9
2267	0	2223	2242	2303	23	29	80	57	19
2466	0	2266	2278	2316	22	10	50	28	12
2319	0	2296	2343	2361	18	0	65	47	47
2269	0	2279	2335	2389	16	8	110	94	56
2365	0	2321	2389	2393	4	0	72	68	68
2422	0	2396	2412	2434	2	10	38	36	16
2421	0	2386	2403	2447	22	7	61	39	17
2270	0	2448	2467	2486	19	0	38	19	19
2470	0	2526	2526	2545	19	0	19	0	0
2321	0	2531	2545	2566	18	2	35	17	14
2271	0	2558	2559	2568	5	2	10	5	1
2268	0	2274	2334	2663	39	9	389	350	60
2322	0	2676	2682	2724	31	0	48	17	6
2424	0	2713	2724	2730	6	0	17	11	11
2366	0	2741	2754	2757	3	0	16	13	13
2272	0	2724	2750	2760	4	5	36	32	26
2323	0	2734	2751	2793	24	12	59	35	17
2273	0	2849	2853	2863	10	0	14	4	4
2423	0	2436	2447	2885	57	109	449	392	11
2473	0	2792	2793	2894	27	0	102	75	1
2425	0	2716	2730	2943	67	39	227	160	14
2426	0	2981	2997	3014	17	0	33	16	16
2369	0	2982	3014	3087	25	0	105	80	32
2427	0	3066	3074	3110	15	14	44	29	8
2324	0	3084	3087	3152	18	3	68	50	3
2367	0	2938	2943	3165	45	4	227	182	5
2474	0	3107	3130	3184	29	16	77	48	23
2318	0	2241	2249	3214	99	59	973	874	8
2428	0	3185	3197	3223	18	3	38	20	12
2370	0	3051	3054	3313	50	109	262	212	3
2275	0	3228	3243	3322	15	61	94	79	15
2475	0	3309	3342	3359	17	0	50	33	33
2326	0	3341	3359	3379	7	9	38	31	18
2276	0	3367	3379	3384	5	0	17	12	12
2467	0	2273	2316	3400	54	17	1127	1073	43
2327	0	3435	3456	3464	8	0	29	21	21
2430	0	3454	3464	3510	26	10	56	30	10
2374	0	3485	3510	3515	5	0	30	25	25
2429	0	3432	3440	3535	33	3	103	70	8
2476	0	3497	3515	3559	7	26	62	55	18
2277	0	3533	3559	3571	12	0	38	26	26
2375	0	3552	3572	3581	9	0	29	20	20
2478	0	3620	3635	3640	5	0	20	15	15
2278	0	3611	3633	3642	4	4	31	27	22
2477	0	3605	3616	3762	29	31	157	128	11
2330	0	3733	3748	3786	23	5	53	30	15
2378	0	3731	3737	3814	23	26	83	60	6
2431	0	3741	3762	3824	20	8	83	63	21
2480	0	3678	3722	3886	38	72	208	170	44
2329	0	3544	3571	3889	35	77	345	310	27
2373	0	3461	3471	3926	38	19	465	427	10
2433	0	3854	3864	3957	13	69	103	90	10
2434	0	3958	3977	3978	1	0	20	19	19
2328	0	3525	3535	4054	57	39	529	472	10
2368	0	2957	2962	4061	50	44	1104	1054	5
2280	0	4045	4054	4131	10	13	86	76	9
2331	0	4114	4151	4152	1	0	38	37	37
2379	0	4059	4061	4164	29	10	105	76	2
2332	0	4137	4152	4192	7	23	55	48	15
2435	0	4157	4164	4212	25	11	55	30	7
2281	0	4171	4192	4242	21	22	71	50	21
2481	0	4158	4175	4246	18	18	88	70	17
2436	0	4214	4216	4266	18	27	52	34	2
2380	0	4086	4106	4296	34	2	210	176	20
2479	0	3626	3642	4322	77	67	696	619	16
2274	0	3102	3110	4329	89	27	1227	1138	8
2320	0	2362	2393	4332	47	25	1970	1923	31
2483	0	4330	4332	4382	37	0	52	15	2
2382	0	4383	4402	4406	4	0	23	19	19
2384	0	4397	4415	4423	8	0	26	18	18
2437	0	4408	4463	4470	7	0	62	55	55
2334	0	4421	4519	4524	5	0	103	98	98
2283	0	4456	4524	4544	20	0	88	68	68
2383	0	4385	4406	4579	31	6	194	163	21
2488	0	4523	4573	4584	6	4	61	55	50
2487	0	4510	4567	4602	20	12	92	72	57
2335	0	4519	4569	4629	11	8	110	99	50
2486	0	4508	4563	4636	11	27	128	117	55
2439	0	4577	4636	4643	7	0	66	59	59
2489	0	4550	4574	4647	25	21	97	72	24
2282	0	4412	4470	4648	30	9	236	206	58
2484	0	4400	4443	4655	27	0	255	228	43
2438	0	4419	4479	4668	33	0	249	216	60
2485	0	4489	4544	4677	30	89	188	158	55
2333	0	4349	4352	4690	46	1	341	295	3
2372	0	3413	3420	4706	51	30	1293	1242	7
2385	0	4701	4726	4731	5	0	30	25	25
2492	0	4751	4765	4778	13	0	27	14	14
2441	0	4777	4811	4833	2	9	56	54	34
2387	0	4846	4853	4864	11	0	18	7	7
2386	0	4777	4798	4914	40	27	137	97	21
2491	0	4742	4751	4945	45	35	203	158	9
2442	0	4902	4904	4956	11	27	54	43	2
2284	0	4766	4778	4968	39	56	202	163	12
2440	0	4700	4706	4981	38	13	281	243	6
2336	0	4849	4864	4999	52	5	150	98	15
2490	0	4728	4731	5045	43	38	317	274	3
2443	0	4997	5019	5051	26	0	54	28	22
2388	0	4997	4999	5061	30	0	64	34	2
2337	0	5069	5079	5133	5	34	64	59	10
2444	0	5088	5105	5146	20	7	58	38	17
2493	0	5142	5146	5151	5	0	9	4	4
2389	0	5053	5061	5178	44	5	125	81	8
2390	0	5174	5178	5181	3	0	7	4	4
2445	0	5147	5151	5196	35	0	49	14	4
2285	0	5194	5196	5220	21	0	26	5	2
2339	0	5210	5218	5255	7	24	45	38	8
2391	0	5239	5255	5267	12	0	28	16	16
2377	0	3662	3702	5278	79	94	1616	1537	40
2340	0	5295	5318	5327	9	0	32	23	23
2447	0	5300	5327	5330	3	0	30	27	27
2446	0	5280	5298	5336	26	0	56	30	18
2342	0	5333	5356	5359	3	0	26	23	23
2287	0	5384	5388	5406	18	0	22	4	4
2286	0	5370	5379	5433	10	25	63	53	9
2392	0	5349	5359	5449	39	5	100	61	10
2393	0	5438	5461	5476	15	0	38	23	23
2288	0	5435	5449	5525	36	14	90	54	14
2279	0	3797	3824	5564	56	10	1767	1711	27
2394	0	5471	5476	5567	12	73	96	84	5
2325	0	3309	3322	5580	66	28	2271	2205	13
2289	0	5488	5505	5624	20	80	136	116	17
2468	0	2462	2486	5701	49	3	3239	3190	24
2448	0	5625	5644	5842	91	49	217	126	19
2395	0	5802	5818	5858	12	19	56	44	16
2290	0	5806	5823	5861	13	10	55	42	17
2469	0	2495	2506	5914	66	11	3419	3353	11
2397	0	5911	5914	5921	7	0	10	3	3
2381	0	4291	4296	5929	48	0	1638	1590	5
2449	0	5928	5929	5965	34	0	37	3	1
2396	0	5839	5842	5985	31	92	146	115	3
2341	0	5330	5336	5999	78	57	669	591	6
2371	0	3218	3223	6009	50	0	2791	2741	5
2482	0	4245	4246	6018	66	1	1773	1707	1
2471	0	2600	2604	6030	52	0	3430	3378	4
2343	0	5579	5580	6057	54	6	478	424	1
2450	0	6097	6111	6124	13	0	27	14	14
2293	0	6130	6145	6150	5	0	20	15	15
2291	0	6089	6093	6169	30	9	80	50	4
2344	0	6093	6105	6174	11	49	81	70	12
2495	0	6137	6150	6176	3	20	39	36	13
2292	0	6103	6124	6182	21	21	79	58	21
2494	0	6107	6139	6246	30	41	139	109	32
2398	0	6068	6073	6259	49	0	191	142	5
2346	0	6251	6259	6281	22	0	30	8	8
2496	0	6295	6301	6319	18	0	24	6	6
2294	0	6333	6334	6382	33	4	49	16	1
2353	0	255	271	6398	72	33	6143	6071	16
2295	0	6402	6405	6439	27	0	37	10	3
2296	0	6404	6425	6442	8	6	38	30	21
2338	0	5195	5216	6458	70	75	1263	1193	21
2399	0	6505	6515	6518	3	0	13	10	10
2297	0	6410	6430	6522	24	54	112	88	20
2497	0	6484	6491	6523	21	0	39	18	7
2376	0	3661	3662	6528	95	47	2867	2772	1
2345	0	6198	6222	6533	75	167	335	260	24
2347	0	6505	6511	6582	13	43	77	64	6
2298	0	6579	6582	6595	13	0	16	3	3
2400	0	6549	6553	6620	45	0	71	26	4
2299	0	6619	6620	6629	9	0	10	1	1
2303	0	497	512	6670	66	0	6173	6107	15
2348	0	6665	6670	6711	21	20	46	25	5
2408	0	410	427	6715	63	13	6305	6242	17
2498	0	6642	6649	6746	41	33	104	63	7
2472	0	2785	2789	6773	83	27	3988	3905	4
2432	0	3810	3844	6776	76	19	2966	2890	34
2499	0	6778	6778	6805	23	4	27	4	0
2500	0	6956	6961	6977	16	0	21	5	5
2300	0	6936	6941	6978	21	0	42	21	5
2349	0	6921	6921	7136	138	40	215	77	0
2350	0	7187	7187	7283	46	50	96	50	0
0	0	0	0	7283	33835	0	7283	-26552	0
