100-5FCFS.out  396
101-5FeedbackRR.out  495
102-5IdealSJF.out  201
103-5RR.out  406
104-5SJFExpo.out  254
105-6FCFS.out  396
106-6FeedbackRR.out  507
107-6IdealSJF.out  202
108-6RR.out  407
109-6SJFExpo.out  260
110-7FCFS.out  396
111-7FeedbackRR.out  509
112-7IdealSJF.out  203
113-7RR.out  406
114-7SJFExpo.out  271
115-8FCFS.out  396
116-8FeedbackRR.out  474
117-8IdealSJF.out  204
118-8RR.out  406
119-8SJFExpo.out  284
120-9FCFS.out  396
121-9FeedbackRR.out  493
122-9IdealSJF.out  205
123-9RR.out  401
124-9SJFExpo.out  296
125-10FCFS.out  396
126-10FeedbackRR.out  470
127-10IdealSJF.out  207
128-10RR.out  408
129-10SJFExpo.out  302
130-11FCFS.out  396
131-11FeedbackRR.out  452
132-11IdealSJF.out  207
133-11RR.out  409
134-11SJFExpo.out  310
135-12FCFS.out  396
136-12FeedbackRR.out  498
137-12IdealSJF.out  208
138-12RR.out  407
139-12SJFExpo.out  325
140-13FCFS.out  396
141-13FeedbackRR.out  446
142-13IdealSJF.out  211
143-13RR.out  408
144-13SJFExpo.out  317
145-14FCFS.out  396
146-14FeedbackRR.out  462
147-14IdealSJF.out  206
148-14RR.out  404
149-14SJFExpo.out  341
150-15FCFS.out  396
151-15FeedbackRR.out  467
152-15IdealSJF.out  207
153-15RR.out  405
154-15SJFExpo.out  333
155-16FCFS.out  396
156-16FeedbackRR.out  498
157-16IdealSJF.out  207
158-16RR.out  410
159-16SJFExpo.out  348
160-17FCFS.out  396
161-17FeedbackRR.out  431
162-17IdealSJF.out  210
163-17RR.out  402
164-17SJFExpo.out  353
165-18FCFS.out  396
166-18FeedbackRR.out  429
167-18IdealSJF.out  209
168-18RR.out  403
169-18SJFExpo.out  337
170-19FCFS.out  396
171-19FeedbackRR.out  511
172-19IdealSJF.out  207
173-19RR.out  402
174-19SJFExpo.out  344
175-20FCFS.out  396
176-20FeedbackRR.out  414
177-20IdealSJF.out  213
178-20RR.out  407
179-20SJFExpo.out  354
180-21FCFS.out  396
181-21FeedbackRR.out  420
182-21IdealSJF.out  213
183-21RR.out  407
184-21SJFExpo.out  364
185-22FCFS.out  396
186-22FeedbackRR.out  475
187-22IdealSJF.out  208
188-22RR.out  408
189-22SJFExpo.out  372
190-23FCFS.out  396
191-23FeedbackRR.out  408
192-23IdealSJF.out  210
193-23RR.out  411
194-23SJFExpo.out  374
195-24FCFS.out  396
196-24FeedbackRR.out  460
197-24IdealSJF.out  212
198-24RR.out  412
199-24SJFExpo.out  373
200-25FCFS.out  396
201-25FeedbackRR.out  404
202-25IdealSJF.out  213
203-25RR.out  411
204-25SJFExpo.out  381
