id	priority	createdTime	startedTime	terminatedTime	cpuTime	blockedTime	turnaroundTime	waitingTime	responseTime
501	0	0	0	3	3	0	3	0	0
601	0	0	3	4	1	0	4	3	3
551	0	0	7	41	15	7	41	26	7
651	0	0	21	66	35	8	66	31	21
502	0	19	66	86	20	0	67	47	47
602	0	97	101	102	1	0	5	4	4
653	0	91	102	107	5	0	16	11	11
701	0	0	4	130	26	6	130	104	4
652	0	34	41	158	35	67	124	89	7
702	0	151	159	172	13	0	21	8	8
654	0	151	158	195	24	7	44	20	7
655	0	233	233	234	1	0	1	0	0
503	0	255	255	327	28	19	72	44	0
552	0	296	327	358	31	0	62	31	31
603	0	255	259	369	48	33	114	66	4
656	0	296	319	391	24	8	95	71	23
657	0	403	403	502	46	5	99	53	0
658	0	410	431	504	43	13	94	51	21
504	0	479	481	510	7	18	31	24	2
659	0	467	472	539	36	17	72	36	5
604	0	488	504	568	7	29	80	73	16
505	0	562	568	587	19	0	25	6	6
660	0	513	539	593	32	10	80	48	26
506	0	581	593	617	24	0	36	12	12
703	0	611	617	635	18	0	24	6	6
553	0	497	635	679	44	0	182	138	138
507	0	639	688	701	13	0	62	49	49
554	0	666	680	720	14	17	54	40	14
661	0	700	701	722	10	3	22	12	1
605	0	664	679	751	23	6	87	64	15
606	0	717	722	798	30	36	81	51	5
607	0	786	798	801	3	0	15	12	12
508	0	663	683	833	11	139	170	159	20
663	0	853	859	869	10	0	16	6	6
662	0	842	842	870	18	5	28	10	0
608	0	910	917	920	3	0	10	7	7
510	0	929	929	967	22	5	38	16	0
664	0	938	945	968	16	1	30	14	7
609	0	967	976	984	8	0	17	9	9
704	0	943	944	1005	19	21	62	43	1
509	0	910	910	1033	24	50	123	99	0
511	0	953	1005	1034	23	1	81	58	52
665	0	1056	1062	1073	6	2	17	11	6
555	0	1043	1043	1079	25	1	36	11	0
705	0	1046	1064	1129	22	20	83	61	18
512	0	1087	1087	1139	19	30	52	33	0
513	0	1112	1129	1140	6	1	28	22	17
706	0	1145	1147	1148	1	0	3	2	2
514	0	1144	1144	1193	11	20	49	38	0
610	0	1098	1101	1214	60	46	116	56	3
666	0	1216	1216	1226	10	0	10	0	0
556	0	1237	1237	1253	16	0	16	0	0
557	0	1244	1253	1287	23	6	43	20	9
611	0	1270	1270	1290	10	2	20	10	0
560	0	1298	1323	1335	12	0	37	25	25
558	0	1281	1290	1338	9	28	57	48	9
559	0	1291	1297	1349	37	6	58	21	6
612	0	1323	1335	1387	5	42	64	59	12
708	0	1392	1392	1413	21	0	21	0	0
707	0	1377	1377	1423	19	27	46	27	0
709	0	1425	1425	1487	38	24	62	24	0
561	0	1517	1517	1534	17	0	17	0	0
562	0	1548	1548	1571	15	8	23	8	0
667	0	1650	1650	1672	22	0	22	0	0
563	0	1606	1606	1687	21	39	81	60	0
564	0	1700	1700	1708	8	0	8	0	0
565	0	1701	1708	1744	12	7	43	31	7
669	0	1741	1750	1780	22	5	39	17	9
613	0	1717	1719	1787	15	44	70	55	2
668	0	1724	1724	1801	27	50	77	50	0
515	0	1760	1761	1831	37	22	71	34	1
614	0	1874	1874	1893	11	8	19	8	0
710	0	1943	1943	1979	34	2	36	2	0
566	0	1971	1979	1983	4	0	12	8	8
670	0	2043	2044	2046	2	0	3	1	1
713	0	1990	1993	2071	41	6	81	40	3
711	0	1970	1983	2085	34	68	115	81	13
712	0	1978	1988	2088	20	39	110	90	10
714	0	2097	2097	2121	5	19	24	19	0
567	0	2141	2141	2145	4	0	4	0	0
516	0	2192	2192	2206	14	0	14	0	0
517	0	2223	2223	2268	16	29	45	29	0
715	0	2260	2271	2277	6	0	17	11	11
716	0	2266	2278	2306	15	10	40	25	12
519	0	2279	2284	2311	10	8	32	22	5
615	0	2321	2329	2332	3	0	11	8	8
569	0	2296	2332	2344	12	0	48	36	36
518	0	2274	2277	2369	26	9	95	69	3
568	0	2241	2241	2417	67	59	176	109	0
672	0	2396	2397	2418	2	10	22	20	1
671	0	2386	2391	2427	15	7	41	26	5
520	0	2448	2463	2476	13	0	28	15	15
570	0	2362	2369	2478	32	25	116	84	7
717	0	2273	2317	2513	36	17	240	204	44
718	0	2462	2524	2569	33	3	107	74	62
521	0	2558	2559	2570	3	2	12	9	1
571	0	2531	2549	2573	13	2	42	29	18
720	0	2526	2573	2586	13	0	60	47	47
721	0	2600	2613	2648	35	0	48	13	13
673	0	2436	2450	2651	38	109	215	177	14
719	0	2495	2586	2677	44	11	182	138	91
572	0	2676	2677	2698	21	0	22	1	1
674	0	2713	2713	2717	4	0	4	0	0
522	0	2724	2731	2739	3	5	15	12	7
616	0	2741	2741	2743	2	0	2	0	0
573	0	2734	2734	2762	16	12	28	12	0
723	0	2792	2792	2810	18	0	18	0	0
675	0	2716	2717	2830	46	39	114	68	1
722	0	2785	2785	2883	55	27	98	43	0
523	0	2849	2883	2890	7	0	41	34	34
617	0	2938	2938	2973	31	4	35	4	0
676	0	2981	2983	2995	12	0	14	2	2
619	0	2982	2995	3012	17	0	30	13	13
618	0	2957	2973	3068	33	44	111	78	16
677	0	3066	3068	3100	10	14	34	24	2
574	0	3084	3084	3101	12	3	17	5	0
724	0	3107	3124	3178	20	16	71	51	17
524	0	3102	3102	3198	59	27	96	37	0
678	0	3185	3187	3204	12	3	19	7	2
620	0	3051	3051	3213	34	109	162	128	0
621	0	3218	3218	3252	34	0	34	0	0
525	0	3228	3252	3337	10	61	109	99	24
725	0	3309	3337	3349	12	0	40	28	28
575	0	3309	3309	3381	44	28	72	28	0
576	0	3341	3349	3382	5	9	41	36	8
526	0	3367	3382	3385	3	0	18	15	15
577	0	3435	3436	3441	5	0	6	1	1
679	0	3432	3441	3470	22	3	38	16	9
622	0	3413	3413	3481	34	30	68	34	0
680	0	3454	3454	3494	18	10	40	22	0
624	0	3485	3494	3497	3	0	12	9	9
726	0	3497	3511	3547	5	26	50	45	14
527	0	3533	3548	3556	8	0	23	15	15
625	0	3552	3556	3562	6	0	10	4	4
623	0	3461	3497	3578	26	19	117	91	36
578	0	3525	3525	3603	39	39	78	39	0
728	0	3620	3620	3623	3	0	3	0	0
528	0	3611	3617	3624	3	4	13	10	6
579	0	3544	3547	3659	24	77	115	91	3
727	0	3605	3605	3680	20	31	75	55	0
580	0	3733	3764	3793	15	5	60	45	31
681	0	3741	3777	3800	14	8	59	45	36
628	0	3731	3770	3818	15	26	87	72	39
626	0	3661	3664	3833	64	47	172	108	3
729	0	3626	3626	3865	53	67	239	186	0
730	0	3678	3680	3879	25	72	201	176	2
683	0	3854	3865	3958	9	69	104	95	11
627	0	3662	3702	3965	52	94	303	251	40
684	0	3958	3965	3966	1	0	8	7	7
529	0	3797	3879	3979	38	10	182	144	82
682	0	3810	3910	3992	51	19	182	131	100
530	0	4045	4045	4066	8	13	21	13	0
629	0	4059	4061	4095	21	10	36	15	2
630	0	4086	4086	4115	23	2	29	6	0
581	0	4114	4115	4116	1	0	2	1	1
582	0	4137	4137	4167	5	23	30	25	0
685	0	4157	4157	4191	18	11	34	16	0
731	0	4158	4167	4198	13	18	40	27	9
531	0	4171	4177	4214	15	22	43	28	6
686	0	4214	4214	4258	12	27	44	32	0
732	0	4245	4245	4291	44	1	46	2	0
631	0	4291	4291	4323	32	0	32	0	0
733	0	4330	4330	4355	25	0	25	0	0
583	0	4349	4355	4387	31	1	38	7	6
632	0	4383	4387	4390	3	0	7	4	4
634	0	4397	4397	4402	5	0	5	0	0
734	0	4400	4402	4420	18	0	20	2	2
687	0	4408	4420	4425	5	0	17	12	12
584	0	4421	4425	4428	3	0	7	4	4
633	0	4385	4390	4449	21	6	64	43	5
532	0	4412	4428	4463	20	9	51	31	16
533	0	4456	4463	4476	13	0	20	7	7
688	0	4419	4476	4498	22	0	79	57	57
737	0	4510	4511	4537	14	12	27	13	1
738	0	4523	4523	4540	4	4	17	13	0
585	0	4519	4519	4545	8	8	26	18	0
736	0	4508	4513	4550	8	27	42	34	5
739	0	4550	4550	4588	17	21	38	21	0
689	0	4577	4588	4593	5	0	16	11	11
735	0	4489	4498	4608	20	89	119	99	9
635	0	4701	4722	4726	4	0	25	21	21
690	0	4700	4700	4749	25	13	49	24	0
742	0	4751	4765	4774	9	0	23	14	14
740	0	4728	4728	4804	29	38	76	47	0
691	0	4777	4790	4805	2	9	28	26	13
741	0	4742	4756	4826	30	35	84	54	14
637	0	4846	4846	4853	7	0	7	0	0
636	0	4777	4791	4874	28	27	97	69	14
534	0	4766	4774	4887	26	56	121	95	8
586	0	4849	4853	4899	35	5	50	15	4
692	0	4902	4902	4937	8	27	35	27	0
638	0	4997	4997	5017	20	0	20	0	0
693	0	4997	5017	5034	17	0	37	20	20
639	0	5053	5053	5090	30	5	37	7	0
694	0	5088	5090	5111	14	7	23	9	2
587	0	5069	5069	5112	4	34	43	39	0
743	0	5142	5142	5146	4	0	4	0	0
695	0	5147	5147	5171	24	0	24	0	0
640	0	5174	5174	5176	2	0	2	0	0
535	0	5194	5194	5208	14	0	14	0	0
589	0	5210	5210	5239	5	24	29	24	0
641	0	5239	5239	5247	8	0	8	0	0
697	0	5300	5302	5304	2	0	4	2	2
590	0	5295	5304	5310	6	0	15	9	9
696	0	5280	5310	5327	17	0	47	30	30
588	0	5195	5208	5335	47	75	140	93	13
592	0	5333	5335	5337	2	0	4	2	2
642	0	5349	5353	5387	26	5	38	12	4
537	0	5384	5387	5399	12	0	15	3	3
536	0	5370	5370	5402	7	25	32	25	0
591	0	5330	5337	5453	53	57	123	70	7
643	0	5438	5453	5463	10	0	25	15	15
538	0	5435	5435	5479	24	14	44	20	0
644	0	5471	5479	5560	8	73	89	81	8
539	0	5488	5488	5614	14	80	126	112	0
593	0	5579	5579	5622	37	6	43	6	0
698	0	5625	5625	5735	61	49	110	49	0
540	0	5806	5806	5825	9	10	19	10	0
645	0	5802	5802	5830	8	19	28	20	0
647	0	5911	5911	5916	5	0	5	0	0
699	0	5928	5928	5951	23	0	23	0	0
646	0	5839	5839	5971	22	92	132	110	0
648	0	6068	6068	6101	33	0	33	0	0
700	0	6097	6117	6126	9	0	29	20	20
543	0	6130	6136	6140	4	0	10	6	6
541	0	6089	6105	6153	20	9	64	44	16
594	0	6093	6101	6158	8	49	65	57	8
542	0	6103	6126	6162	14	21	59	45	23
745	0	6137	6140	6163	2	20	26	24	3
744	0	6107	6113	6179	20	41	72	52	6
596	0	6251	6251	6266	15	0	15	0	0
746	0	6295	6295	6307	12	0	12	0	0
544	0	6333	6333	6359	22	4	26	4	0
545	0	6402	6402	6420	18	0	18	0	0
595	0	6198	6198	6429	51	167	231	180	0
546	0	6404	6422	6434	6	6	30	24	18
747	0	6484	6484	6498	14	0	14	0	0
547	0	6410	6420	6501	18	54	91	73	10
649	0	6505	6508	6510	2	0	5	3	3
650	0	6549	6549	6579	30	0	30	0	0
597	0	6505	6505	6585	9	43	80	71	0
548	0	6579	6585	6594	9	0	15	6	6
549	0	6619	6619	6625	6	0	6	0	0
748	0	6642	6642	6702	27	33	60	33	0
598	0	6665	6678	6713	15	20	48	33	13
749	0	6778	6778	6798	16	4	20	4	0
550	0	6936	6943	6957	14	0	21	7	7
750	0	6956	6957	6968	11	0	12	1	1
599	0	6921	6921	7071	94	40	150	56	0
600	0	7187	7187	7268	31	50	81	50	0
0	0	0	0	7268	7539	0	7268	-271	0
