100-5FCFS.out  83
101-5FeedbackRR.out  86
102-5IdealSJF.out  73
103-5RR.out  84
104-5SJFExpo.out  87
105-6FCFS.out  81
105-FCFS.out  83
105-FeedbackRR.out  86
105-IdealSJF.out  73
105-RR.out  84
105-SJFExpo.out  87
106-6FeedbackRR.out  87
106-FCFS.out  81
106-FeedbackRR.out  87
106-IdealSJF.out  72
106-RR.out  85
106-SJFExpo.out  86
107-6IdealSJF.out  72
107-FCFS.out  98
107-FeedbackRR.out  109
107-IdealSJF.out  82
107-RR.out  104
107-SJFExpo.out  105
108-6RR.out  85
108-FCFS.out  124
108-FeedbackRR.out  136
108-IdealSJF.out  93
108-RR.out  131
108-SJFExpo.out  141
109-6SJFExpo.out  86
109-FCFS.out  141
109-FeedbackRR.out  160
109-IdealSJF.out  106
109-RR.out  151
109-SJFExpo.out  159
110-7FCFS.out  98
110-FCFS.out  179
110-FeedbackRR.out  213
110-IdealSJF.out  125
110-RR.out  194
110-SJFExpo.out  218
111-7FeedbackRR.out  109
111-FCFS.out  197
111-FeedbackRR.out  234
111-IdealSJF.out  134
111-RR.out  215
111-SJFExpo.out  252
112-7IdealSJF.out  82
112-FCFS.out  218
112-FeedbackRR.out  267
112-IdealSJF.out  143
112-RR.out  239
112-SJFExpo.out  294
113-7RR.out  104
113-FCFS.out  227
113-FeedbackRR.out  255
113-IdealSJF.out  143
113-RR.out  243
113-SJFExpo.out  290
114-7SJFExpo.out  105
114-FCFS.out  238
114-FeedbackRR.out  265
114-IdealSJF.out  145
114-RR.out  254
114-SJFExpo.out  303
115-8FCFS.out  124
115-FCFS.out  236
115-FeedbackRR.out  269
115-IdealSJF.out  142
115-RR.out  252
115-SJFExpo.out  300
116-8FeedbackRR.out  136
116-FCFS.out  230
116-FeedbackRR.out  253
116-IdealSJF.out  138
116-RR.out  245
116-SJFExpo.out  294
117-8IdealSJF.out  93
117-FCFS.out  228
117-FeedbackRR.out  258
117-IdealSJF.out  138
117-RR.out  243
117-SJFExpo.out  291
118-8RR.out  131
118-FCFS.out  234
118-FeedbackRR.out  263
118-IdealSJF.out  142
118-RR.out  249
118-SJFExpo.out  303
119-8SJFExpo.out  141
119-FCFS.out  241
119-FeedbackRR.out  289
119-IdealSJF.out  147
119-RR.out  256
119-SJFExpo.out  313
120-9FCFS.out  141
120-FCFS.out  241
120-FeedbackRR.out  279
120-IdealSJF.out  149
120-RR.out  255
120-SJFExpo.out  312
121-9FeedbackRR.out  160
121-FCFS.out  244
121-FeedbackRR.out  282
121-IdealSJF.out  150
121-RR.out  255
121-SJFExpo.out  310
122-9IdealSJF.out  106
122-FCFS.out  245
122-FeedbackRR.out  279
122-IdealSJF.out  151
122-RR.out  257
122-SJFExpo.out  312
123-9RR.out  151
123-FCFS.out  258
123-FeedbackRR.out  291
123-IdealSJF.out  158
123-RR.out  271
123-SJFExpo.out  325
124-9SJFExpo.out  159
124-FCFS.out  262
124-FeedbackRR.out  297
124-IdealSJF.out  160
124-RR.out  275
124-SJFExpo.out  332
125-10FCFS.out  179
125-FCFS.out  279
125-FeedbackRR.out  325
125-IdealSJF.out  169
125-RR.out  293
125-SJFExpo.out  348
126-10FeedbackRR.out  213
127-10IdealSJF.out  125
128-10RR.out  194
129-10SJFExpo.out  218
130-11FCFS.out  197
131-11FeedbackRR.out  234
132-11IdealSJF.out  134
133-11RR.out  215
134-11SJFExpo.out  252
135-12FCFS.out  218
136-12FeedbackRR.out  267
137-12IdealSJF.out  143
138-12RR.out  239
139-12SJFExpo.out  294
140-13FCFS.out  227
141-13FeedbackRR.out  255
142-13IdealSJF.out  143
143-13RR.out  243
144-13SJFExpo.out  290
145-14FCFS.out  238
146-14FeedbackRR.out  265
147-14IdealSJF.out  145
148-14RR.out  254
149-14SJFExpo.out  303
150-15FCFS.out  236
151-15FeedbackRR.out  269
152-15IdealSJF.out  142
153-15RR.out  252
154-15SJFExpo.out  300
155-16FCFS.out  230
156-16FeedbackRR.out  253
157-16IdealSJF.out  138
158-16RR.out  245
159-16SJFExpo.out  294
160-17FCFS.out  228
161-17FeedbackRR.out  258
162-17IdealSJF.out  138
163-17RR.out  243
164-17SJFExpo.out  291
165-18FCFS.out  234
166-18FeedbackRR.out  263
167-18IdealSJF.out  142
168-18RR.out  249
169-18SJFExpo.out  303
170-19FCFS.out  241
171-19FeedbackRR.out  289
172-19IdealSJF.out  147
173-19RR.out  256
174-19SJFExpo.out  313
175-20FCFS.out  241
176-20FeedbackRR.out  279
177-20IdealSJF.out  149
178-20RR.out  255
179-20SJFExpo.out  312
180-21FCFS.out  244
181-21FeedbackRR.out  282
182-21IdealSJF.out  150
183-21RR.out  255
184-21SJFExpo.out  310
185-22FCFS.out  245
186-22FeedbackRR.out  279
187-22IdealSJF.out  151
188-22RR.out  257
189-22SJFExpo.out  312
190-23FCFS.out  258
191-23FeedbackRR.out  291
192-23IdealSJF.out  158
193-23RR.out  271
194-23SJFExpo.out  325
195-24FCFS.out  262
196-24FeedbackRR.out  297
197-24IdealSJF.out  160
198-24RR.out  275
199-24SJFExpo.out  332
200-25FCFS.out  279
201-25FeedbackRR.out  325
202-25IdealSJF.out  169
203-25RR.out  293
204-25SJFExpo.out  348
205-26FCFS.out  281
206-26FeedbackRR.out  318
207-26IdealSJF.out  168
208-26RR.out  294
209-26SJFExpo.out  346
210-27FCFS.out  288
211-27FeedbackRR.out  341
212-27IdealSJF.out  171
213-27RR.out  299
214-27SJFExpo.out  351
215-28FCFS.out  297
216-28FeedbackRR.out  345
217-28IdealSJF.out  173
218-28RR.out  307
219-28SJFExpo.out  355
220-29FCFS.out  314
221-29FeedbackRR.out  355
222-29IdealSJF.out  185
223-29RR.out  323
224-29SJFExpo.out  378
