id	priority	createdTime	startedTime	terminatedTime	cpuTime	blockedTime	turnaroundTime	waitingTime	responseTime
4001	0	0	0	6	6	0	6	0	0
4101	0	0	91	93	2	0	93	91	91
4153	0	91	97	108	11	0	17	6	6
4102	0	97	128	130	2	0	33	31	31
4051	0	0	0	151	36	7	151	115	0
4202	1	151	171	226	32	0	75	43	20
4155	0	233	233	235	2	0	2	0	0
4004	0	479	479	512	14	18	33	19	0
4054	0	666	694	806	34	17	140	106	28
4161	0	700	737	807	22	3	107	85	37
4107	0	786	822	828	6	0	42	36	36
4104	0	488	488	836	16	29	348	332	0
4108	0	910	1009	1017	8	0	107	99	99
4106	0	717	759	1037	74	36	320	246	42
4010	0	929	938	1056	52	5	127	75	9
4013	0	1112	1132	1166	12	1	54	42	20
4163	0	853	910	1170	23	0	317	294	57
4206	0	1145	1170	1172	2	0	27	25	25
4057	0	1244	1264	1454	55	6	210	155	20
4112	0	1323	1377	1520	12	42	197	185	54
4207	0	1377	1382	1535	46	27	158	112	5
4111	0	1270	1281	1548	24	2	278	254	11
4058	0	1281	1291	1589	21	28	308	287	10
4061	0	1517	1548	1628	41	0	111	70	31
4062	0	1548	1568	1638	36	8	90	54	20
4064	0	1700	1701	1781	19	0	81	62	1
4065	0	1701	1724	1828	30	7	127	97	23
4055	0	1043	1650	1902	61	1	859	798	607
4114	0	1874	1903	1937	25	8	63	38	29
4113	0	1717	1771	1985	37	44	268	231	54
4063	0	1606	1622	1989	51	39	383	332	16
4066	0	1971	2043	2075	10	0	104	94	72
4170	0	2043	2075	2080	5	0	37	32	32
4067	0	2141	2163	2171	8	0	30	22	22
4214	0	2097	2116	2188	10	19	91	81	19
4212	0	1978	1989	2248	45	39	270	225	11
4109	0	967	2191	2285	20	0	1318	1298	1224
4165	0	1056	1071	2295	14	2	1239	1225	15
4115	0	2321	2332	2338	6	0	17	11	11
4019	0	2279	2295	2386	26	8	107	81	16
4016	0	2192	2213	2409	34	0	217	183	21
4216	0	2266	2362	2458	36	10	192	156	96
4215	0	2260	2266	2486	15	0	226	211	6
4172	0	2396	2417	2559	3	10	163	160	21
4069	0	2296	2307	2634	29	0	338	309	11
4116	0	2741	2743	2747	4	0	6	2	2
4071	0	2531	2705	2757	30	2	226	196	174
4022	0	2724	2734	2776	7	5	52	45	10
4171	0	2386	2526	2793	37	7	407	370	140
4021	0	2558	2833	2852	8	2	294	286	275
4023	0	2849	2872	2888	16	0	39	23	23
4174	0	2713	2928	2938	10	0	225	215	215
4008	0	663	664	2981	26	139	2318	2292	1
4176	0	2981	3042	3097	29	0	116	87	61
4014	0	1144	1144	3205	27	20	2061	2034	0
4178	0	3185	3205	3286	28	3	101	73	20
4204	0	943	1178	3360	45	21	2417	2372	235
4026	0	3367	3389	3396	7	0	29	22	22
4076	0	3341	3371	3414	10	9	73	63	30
4025	0	3228	3249	3450	24	61	222	198	21
4077	0	3435	3485	3497	12	0	62	50	50
4124	0	3485	3525	3533	8	0	48	40	40
4225	0	3309	3360	3612	28	0	303	275	51
4027	0	3533	3627	3667	19	0	134	115	94
4226	0	3497	3552	3704	11	26	207	196	55
4125	0	3552	3577	3742	15	0	190	175	25
4028	0	3611	3733	3765	7	4	154	147	122
4181	0	3741	3776	3871	33	8	130	97	35
4228	0	3620	3741	4001	8	0	381	373	121
4184	0	3958	4045	4046	1	0	88	87	87
4183	0	3854	3891	4067	21	69	213	192	37
4081	0	4114	4221	4223	2	0	109	107	107
4080	0	3733	3958	4259	38	5	526	488	225
4186	0	4214	4223	4303	28	27	89	61	9
4031	0	4171	4207	4360	34	22	189	155	36
4185	0	4157	4305	4395	42	11	238	196	148
4082	0	4137	4291	4412	11	23	275	264	154
4128	0	3731	3797	4440	37	26	709	672	66
4084	0	4421	4443	4462	7	0	41	34	22
4030	0	4045	4137	4551	16	13	506	490	92
4132	0	4383	4551	4558	7	0	175	168	168
4134	0	4397	4564	4577	13	0	180	167	167
4238	0	4523	4559	4604	8	4	81	73	36
4189	0	4577	4662	4674	12	0	97	85	85
4187	0	4408	4656	4679	11	0	271	260	248
4135	0	4701	4724	4746	8	0	45	37	23
4083	0	4349	4365	4792	76	1	443	367	16
4236	0	4508	4813	4918	17	27	410	393	305
4012	0	1087	2713	4949	46	30	3862	3816	1626
4137	0	4846	4965	5003	18	0	157	139	119
4032	0	4412	4699	5107	50	9	695	645	287
4079	0	3544	3661	5123	57	77	1579	1522	117
4085	0	4519	5003	5159	19	8	640	621	484
4087	0	5069	5135	5191	8	34	122	114	66
4191	0	4777	4812	5241	3	9	464	461	35
4242	0	4751	5230	5253	21	0	502	481	479
4140	0	5174	5278	5288	5	0	114	109	104
4035	0	5194	5264	5308	34	0	114	80	70
4089	0	5210	5260	5313	11	24	103	92	50
4197	0	5300	5313	5317	4	0	17	13	13
4090	0	5295	5317	5359	15	0	64	49	22
4196	0	5280	5319	5389	43	0	109	66	39
4092	0	5333	5432	5439	4	0	106	102	99
4237	0	4510	4949	5480	34	12	970	936	439
4143	0	5438	5457	5506	25	0	68	43	19
4036	0	5370	5417	5527	16	25	157	141	47
4243	0	5142	5625	5633	8	0	491	483	483
4129	0	4059	4154	5705	48	10	1646	1598	95
4194	0	5088	5123	5725	33	7	637	604	35
4144	0	5471	5488	5750	20	73	279	259	17
4192	0	4902	4953	5770	19	27	868	849	51
4193	0	4997	5010	5898	43	0	901	858	13
4145	0	5802	5960	6012	19	19	210	191	158
4147	0	5911	6068	6079	11	0	168	157	157
4141	0	5239	6127	6153	19	0	914	895	888
4043	0	6130	6173	6181	8	0	51	43	43
4040	0	5806	6052	6185	21	10	379	358	246
4200	0	6097	6291	6317	22	0	220	198	194
4231	0	4158	4209	6319	30	18	2161	2131	51
4094	0	6093	6241	6328	18	49	235	217	148
4245	0	6137	6172	6375	3	20	238	235	35
4177	0	3066	6295	6505	24	14	3439	3415	3229
4086	0	4849	4885	6509	85	5	1660	1575	36
4149	0	6505	6512	6517	5	0	12	7	7
4240	0	4728	5069	6524	71	38	1796	1725	341
4046	0	6404	6477	6532	13	6	128	115	73
4246	0	6295	6328	6612	29	0	317	288	33
4048	0	6579	6612	6679	21	0	100	79	33
4097	0	6505	6536	6708	22	43	203	181	31
4047	0	6410	6484	6714	39	54	304	265	74
4247	0	6484	6532	6724	35	0	240	205	48
4049	0	6619	6656	6749	14	0	130	116	37
4249	0	6778	6778	6821	39	4	43	4	0
4096	1	6251	6375	6824	36	0	573	537	124
4195	1	5147	5174	6843	58	0	1696	1638	27
4244	1	6107	6181	6858	50	41	751	701	74
4050	0	6936	6936	7014	34	0	78	44	0
4250	1	6956	6976	7020	26	0	64	38	20
4105	1	664	686	7061	56	6	6397	6341	22
4073	1	2734	2747	7086	40	12	4352	4312	13
4034	1	4766	4822	7126	64	56	2360	2296	56
4002	1	19	33	7130	50	0	7111	7061	14
4033	1	4456	4482	7164	32	0	2708	2676	26
4166	1	1216	1236	7333	24	0	6117	6093	20
4011	1	953	1043	7336	57	1	6383	6326	90
4074	1	3084	3102	7361	28	3	4277	4249	18
4017	1	2223	2223	7366	37	29	5143	5106	0
4018	1	2274	2296	7450	65	9	5176	5111	22
4070	1	2362	2386	7465	77	25	5103	5026	24
4119	1	2982	3180	7511	41	0	4529	4488	198
4203	1	611	631	7522	45	0	6911	6866	20
4164	1	938	1087	7545	40	1	6607	6567	149
4056	1	1237	1241	7600	39	0	6363	6324	4
4136	1	4777	4819	7614	67	27	2837	2770	42
4239	1	4550	4558	7637	41	21	3087	3046	8
4160	1	513	513	7672	80	10	7159	7079	0
4179	1	3432	3454	7740	54	3	4308	4254	22
4180	1	3454	3497	7792	44	10	4338	4294	43
4003	1	255	255	7929	67	19	7674	7607	0
4007	1	639	659	7930	31	0	7291	7260	20
4156	1	296	316	7989	58	8	7693	7635	20
4154	1	151	151	8194	61	7	8043	7982	0
4227	1	3605	3704	8212	46	31	4607	4561	99
4211	1	1970	2040	8213	82	68	6243	6161	70
4078	1	3525	3533	8262	94	39	4737	4643	8
4015	1	1760	1778	8360	90	22	6600	6510	18
4075	1	3309	3329	8498	109	28	5189	5080	20
4235	1	4489	4792	8512	48	89	4023	3975	303
4182	1	3810	3982	8593	126	19	4783	4657	172
4162	1	842	846	8634	42	5	7792	7750	4
4020	1	2448	2462	8666	32	0	6218	6186	14
4009	1	910	932	8680	60	50	7770	7710	22
4130	1	4086	4201	8727	55	2	4641	4586	115
4133	1	4385	4397	8744	52	6	4359	4307	12
4241	1	4742	4751	8879	75	35	4137	4062	9
4037	1	5384	5397	8995	29	0	3611	3582	13
4072	1	2676	2838	9000	51	0	6324	6273	162
4220	1	2526	2676	9010	31	0	6484	6453	150
4038	1	5435	5534	9011	59	14	3576	3517	99
4199	1	5928	5961	9018	56	0	3090	3034	33
4146	1	5839	5864	9031	52	92	3192	3140	25
4041	1	6089	6153	9035	48	9	2946	2898	64
4039	1	5488	5506	9054	34	80	3566	3532	18
4217	1	2273	2423	9088	88	17	6815	6727	150
4098	1	6665	6724	9117	34	20	2452	2418	59
4045	1	6402	6449	9160	44	0	2758	2714	47
4205	1	1046	1056	9223	54	20	8177	8123	10
4223	1	2792	2813	9236	45	0	6444	6399	21
4224	1	3107	3116	9338	47	16	6231	6184	9
4060	1	1298	1376	9387	29	0	8089	8060	78
4042	1	6103	6333	9416	34	21	3313	3279	230
4142	2	5349	5370	9442	63	5	4093	4030	21
4044	2	6333	6402	9472	54	4	3139	3085	69
4006	2	581	601	9521	59	0	8940	8881	20
4190	2	4700	4846	9698	62	13	4998	4936	146
4234	2	4400	4604	9750	45	0	5350	5305	204
4059	2	1291	1339	9841	91	6	8550	8459	48
4138	2	4997	5018	9872	50	0	4875	4825	21
4110	2	1098	1179	9900	145	46	8802	8657	81
4123	2	3461	3519	9908	63	19	6447	6384	58
0	0	0	0	10000	15421	0	10000	-5421	0
