id	priority	createdTime	startedTime	terminatedTime	cpuTime	blockedTime	turnaroundTime	waitingTime	responseTime
2751	0	0	0	5	5	0	5	0	0
2752	1	19	31	96	40	0	77	37	12
2903	0	91	97	106	9	0	15	6	6
2851	0	0	96	107	2	0	107	105	96
2852	0	97	107	109	2	0	12	10	10
2801	0	0	0	140	29	7	140	111	0
2902	2	34	49	208	69	67	174	105	15
2901	2	0	140	239	70	8	239	169	140
2904	1	151	178	285	48	7	134	86	27
2952	0	151	180	306	26	0	155	129	29
2802	2	296	311	380	62	0	84	22	15
2906	1	296	308	437	46	8	141	95	12
2905	0	233	255	439	2	0	206	204	22
2908	1	410	439	536	84	13	126	42	29
2803	3	497	558	664	87	0	167	80	61
2953	1	611	692	741	36	0	130	94	81
2909	2	467	520	795	72	17	328	256	53
2907	3	403	795	892	92	5	489	397	392
2755	0	562	892	939	38	0	377	339	330
2914	1	938	943	998	32	1	60	28	5
2855	2	664	684	1040	45	6	376	331	20
2760	0	929	943	1096	42	5	167	125	14
2805	1	1043	1073	1148	49	1	105	56	30
2854	0	488	664	1154	12	29	666	654	176
2956	0	1145	1154	1156	2	0	11	9	9
2857	0	786	1203	1208	5	0	422	417	417
2762	1	1087	1216	1293	37	30	206	169	129
2860	2	1098	1182	1354	117	46	256	139	84
2809	1	1291	1346	1432	73	6	141	68	55
2951	0	0	19	1442	52	6	1442	1390	19
2959	2	1425	1442	1540	74	24	115	41	17
2754	0	479	851	1555	12	18	1076	1064	372
2811	0	1517	1526	1589	33	0	72	39	9
2955	0	1046	1055	1634	43	20	588	545	9
2862	0	1323	1544	1636	9	42	313	304	221
2812	0	1548	1559	1646	29	8	98	69	11
2853	2	255	296	1744	95	33	1489	1394	41
2759	1	910	1744	1862	47	50	952	905	834
2918	1	1724	1760	1873	52	50	149	97	36
2815	0	1701	1717	1912	24	7	211	187	16
2810	0	1298	1477	1941	23	0	643	620	179
2912	0	842	853	1944	34	5	1102	1068	11
2864	0	1874	1897	1952	20	8	78	58	23
2816	0	1971	1988	2017	8	0	46	38	17
2960	1	1943	1952	2064	67	2	121	54	9
2863	0	1717	1970	2088	30	44	371	341	253
2920	0	2043	2073	2089	4	0	46	42	30
2911	0	700	1135	2092	18	3	1392	1374	435
2814	0	1700	2121	2141	15	0	441	426	421
2964	0	2097	2119	2194	9	19	97	88	22
2961	1	1970	2097	2250	66	68	280	214	127
2753	1	255	319	2254	54	19	1999	1945	64
2817	0	2141	2156	2265	7	0	124	117	15
2965	0	2260	2266	2279	12	0	19	7	6
2913	0	853	1404	2286	19	0	1433	1414	551
2819	0	2296	2310	2343	23	0	47	24	14
2865	0	2321	2343	2348	5	0	27	22	22
2769	0	2279	2286	2372	20	8	93	73	7
2768	1	2274	2279	2418	52	9	144	92	5
2967	1	2273	2290	2488	72	17	215	143	17
2858	0	910	2488	2494	6	0	1584	1578	1578
2921	0	2386	2422	2513	30	7	127	97	36
2968	1	2462	2494	2585	65	3	123	58	32
2971	3	2600	2626	2699	69	0	99	30	26
2822	1	2676	2701	2767	41	0	91	50	25
2915	0	1056	1068	2775	11	2	1719	1708	12
2866	0	2741	2775	2779	4	0	38	34	34
2924	0	2713	2785	2795	8	0	82	74	72
2973	1	2792	2795	2831	36	0	39	3	3
2823	1	2734	2779	2877	32	12	143	111	45
2910	2	513	2877	2951	64	10	2438	2374	2364
2772	0	2724	2783	2954	6	5	230	224	59
2867	2	2938	2957	3021	60	4	83	23	19
2756	1	581	3021	3068	47	0	2487	2440	2440
2773	0	2849	2982	3081	13	0	232	219	133
2774	4	3102	3137	3282	118	27	180	62	35
2927	0	3066	3081	3285	19	14	219	200	15
2821	0	2531	3181	3290	24	2	759	735	650
2926	0	2981	2982	3309	23	0	328	305	1
2871	2	3218	3309	3376	67	0	158	91	91
2776	0	3367	3380	3386	6	0	19	13	13
2975	0	3309	3393	3466	23	0	157	134	84
2827	0	3435	3454	3469	10	0	34	24	19
2874	0	3485	3510	3545	6	0	60	54	25
2825	0	3309	3396	3562	87	28	253	166	87
2976	0	3497	3506	3572	9	26	75	66	9
2875	0	3552	3562	3579	12	0	27	15	10
2777	0	3533	3587	3621	15	0	88	73	54
2873	0	3461	3469	3625	51	19	164	113	8
2979	2	3626	3633	3803	103	67	177	74	7
2813	1	1606	1636	3883	41	39	2277	2236	30
2877	2	3662	3678	3929	104	94	267	163	16
2779	2	3797	3805	4015	75	10	218	143	8
2861	0	1270	1647	4107	19	2	2837	2818	377
2932	2	3810	3905	4133	101	19	323	222	95
2934	0	3958	4136	4137	1	0	179	178	178
2831	0	4114	4137	4138	1	0	24	23	23
2878	0	3731	3907	4153	29	26	422	393	176
2832	0	4137	4153	4201	9	23	64	55	16
2957	0	1377	2223	4234	38	27	2857	2819	846
2881	1	4291	4301	4365	64	0	74	10	10
2922	0	2396	2420	4366	3	10	1970	1967	24
2982	1	4245	4272	4459	88	1	214	126	27
2958	1	1392	1840	4493	41	0	3101	3060	448
2859	0	967	4493	4511	16	0	3544	3528	3526
2988	0	4523	4534	4556	7	4	33	26	11
2987	0	4510	4519	4574	27	12	64	37	9
2835	0	4519	4523	4586	14	8	67	53	4
2989	1	4550	4556	4622	33	21	72	39	6
2983	1	4330	4383	4661	49	0	331	282	53
2783	1	4456	4661	4687	26	0	231	205	205
2757	0	639	686	4693	25	0	4054	4029	47
2834	0	4421	4693	4699	6	0	278	272	272
2938	1	4419	4699	4743	43	0	324	281	280
2986	0	4508	4577	4767	14	27	259	245	69
2784	1	4766	4770	4877	51	56	111	60	4
2991	0	4742	4751	4879	60	35	137	77	9
2771	0	2558	2568	4881	6	2	2323	2317	10
2836	2	4849	4881	4955	69	5	106	37	32
2770	0	2448	2456	4972	26	0	2524	2498	8
2954	0	943	2567	4979	36	21	4036	4000	1624
2941	0	4777	4805	4981	3	9	204	201	28
2943	1	4997	5012	5046	34	0	49	15	15
2970	0	2526	5046	5087	25	0	2561	2536	2520
2888	1	4997	5121	5169	40	0	172	132	124
2891	0	5239	5242	5257	15	0	18	3	3
2945	0	5147	5174	5258	47	0	111	64	27
2839	0	5210	5239	5288	9	24	78	69	29
2785	1	5194	5295	5327	27	0	133	106	101
2838	2	5195	5264	5456	93	75	261	168	69
2856	0	717	910	5476	59	36	4759	4700	193
2893	0	5438	5488	5522	20	0	84	64	50
2894	0	5471	5476	5601	16	73	130	114	5
2788	0	5435	5488	5608	47	14	173	126	53
2786	0	5370	5561	5609	13	25	239	226	191
2789	1	5488	5538	5645	27	80	157	130	50
2761	1	953	2831	5703	46	1	4750	4704	1878
2868	1	2957	5327	5705	66	44	2748	2682	2370
2787	1	5384	5435	5726	24	0	342	318	51
2947	0	5300	5779	5782	3	0	482	479	479
2990	1	4728	4997	5807	57	38	1079	1022	269
2939	0	4577	4916	5812	10	0	1235	1225	339
2895	0	5802	5825	5892	15	19	90	75	23
2790	0	5806	5812	5911	16	10	105	89	6
2890	0	5174	5911	5915	4	0	741	737	737
2840	0	5295	5911	5927	12	0	632	620	616
2897	0	5911	5927	5939	9	0	28	19	16
2993	0	5142	5928	5943	7	0	801	794	786
2896	1	5839	5872	6062	42	92	223	181	33
2948	1	5625	5831	6106	120	49	481	361	206
2842	0	5333	6106	6129	3	0	796	793	773
2950	0	6097	6130	6156	18	0	59	41	33
2792	0	6103	6107	6164	28	21	61	33	4
2793	0	6130	6164	6178	7	0	48	41	34
2995	0	6137	6148	6180	3	20	43	40	11
2898	1	6068	6185	6268	65	0	200	135	117
2844	0	6093	6169	6290	14	49	197	183	76
2846	0	6251	6276	6317	29	0	66	37	25
2996	0	6295	6317	6353	23	0	58	35	22
2791	0	6089	6180	6364	39	9	275	236	91
2942	0	4902	6268	6384	14	27	1482	1468	1366
2923	0	2436	5169	6392	74	109	3956	3882	2733
2794	1	6333	6364	6432	43	4	99	56	31
2837	0	5069	5088	6468	7	34	1399	1392	19
2796	0	6404	6454	6474	11	6	70	59	50
2820	0	2362	2386	6482	62	25	4120	4058	24
2997	0	6484	6496	6524	28	0	40	12	12
2795	0	6402	6461	6535	35	0	133	98	59
2899	0	6505	6535	6539	4	0	34	30	30
2944	0	5088	5108	6566	27	7	1478	1451	20
2900	1	6549	6579	6651	60	0	102	42	30
2946	0	5280	5290	6693	34	0	1413	1379	10
2799	0	6619	6695	6706	11	0	87	76	76
2797	0	6410	6451	6746	32	54	336	304	41
2848	0	6665	6693	6766	28	20	101	73	28
2798	0	6579	6766	6785	17	0	206	189	187
2886	0	4777	4981	6789	54	27	2012	1958	204
2885	0	4701	6808	6815	7	0	2114	2107	2107
2998	0	6642	6665	6817	53	33	175	122	23
2999	0	6778	6789	6833	31	4	55	24	11
2940	2	4700	6833	6896	50	13	2196	2146	2133
2884	0	4397	6921	6949	10	0	2552	2542	2524
2919	0	1741	1758	6976	44	5	5235	5191	17
2800	1	6936	6952	6999	27	0	63	36	16
2992	0	4751	4777	7016	17	0	2265	2248	26
2849	7	6921	7031	7280	185	40	359	174	110
2880	1	4086	4107	7298	45	2	3212	3167	21
3000	1	6956	7298	7319	21	0	363	342	342
2935	0	4157	4201	7320	34	11	3163	3129	44
2818	2	2241	6877	7392	131	59	5151	5020	4636
2933	0	3854	3979	7393	17	69	3539	3522	125
2883	1	4385	7032	7423	42	6	3038	2996	2647
2981	0	4158	4163	7431	24	18	3273	3249	5
2780	0	4045	4157	7432	14	13	3387	3373	112
2804	0	666	671	7434	27	17	6768	6741	5
2978	0	3620	3625	7447	6	0	3827	3821	5
2830	0	3733	7434	7610	30	5	3877	3847	3701
2808	0	1281	1602	7613	17	28	6332	6315	321
2962	0	1978	1986	7615	36	39	5637	5601	8
2778	0	3611	3626	7617	5	4	4006	4001	15
2876	4	3661	7451	7630	126	47	3969	3843	3790
2807	1	1244	7647	7698	45	6	6454	6409	6403
2930	1	3454	3481	7720	34	10	4266	4232	27
2980	1	3678	7447	7784	49	72	4106	4057	3769
2963	0	1990	2001	7798	80	6	5808	5728	11
2870	0	3051	3084	7815	67	109	4764	4697	33
2916	0	1216	7815	7834	19	0	6618	6599	6599
2826	0	3341	3386	7835	8	9	4494	4486	45
2843	1	5579	5609	7915	72	6	2336	2264	30
2928	0	3185	7838	7961	24	3	4776	4752	4653
2969	2	2495	2526	8044	87	11	5549	5462	31
2994	0	6107	6129	8065	40	41	1958	1918	22
2937	0	4408	8092	8101	9	0	3693	3684	3684
2972	3	2785	5471	8259	110	27	5474	5364	2686
2889	1	5053	5118	8291	59	5	3238	3179	65
2845	3	6198	6217	8327	100	167	2129	2029	19
2887	0	4846	8306	8330	14	0	3484	3470	3460
2847	0	6505	6539	8333	17	43	1828	1811	34
2782	1	4412	4700	8361	40	9	3949	3909	288
2833	2	4349	4366	8402	61	1	4053	3992	17
2766	1	2192	7349	8424	27	0	6232	6205	5157
2767	1	2223	3848	8445	30	29	6222	6192	1625
2936	0	4214	4236	8449	24	27	4235	4211	22
2917	1	1650	3668	8503	43	0	6853	6810	2018
2781	0	4171	4182	8518	27	22	4347	4320	11
2931	0	3741	8449	8531	26	8	4790	4764	4708
2764	0	1144	1156	8539	22	20	7395	7373	12
2765	1	1760	1797	8593	72	22	6833	6761	37
2892	2	5349	8600	8656	51	5	3307	3256	3251
2829	1	3544	3552	8709	47	77	5165	5118	8
2929	0	3432	7759	8772	43	3	5340	5297	4327
2872	3	3413	8709	8806	67	30	5393	5326	5296
2984	1	4400	8307	8838	36	0	4438	4402	3907
2977	0	3605	7617	8844	38	31	5239	5201	4012
2869	1	2982	7850	8872	33	0	5890	5857	4868
2985	0	4489	4508	8884	39	89	4395	4356	19
2882	0	4383	8896	8901	5	0	4518	4513	4513
2758	0	663	664	8945	20	139	8282	8262	1
2966	0	2266	8884	8962	29	10	6696	6667	6618
2775	0	3228	3272	8974	19	61	5746	5727	44
2828	2	3525	8906	9021	76	39	5496	5420	5381
2824	0	3084	5700	9023	23	3	5939	5916	2616
2949	0	5928	5960	9027	45	0	3099	3054	32
2974	0	3107	3123	9059	38	16	5952	5914	16
2806	0	1237	1244	9062	31	0	7825	7794	7
2925	1	2716	2785	9101	90	39	6385	6295	69
2850	2	7187	9038	9150	60	50	1963	1903	1851
2763	0	1112	7673	9158	10	1	8046	8036	6561
2879	0	4059	4112	9177	40	10	5118	5078	53
2841	3	5330	9158	9330	104	57	4000	3896	3828
0	0	0	0	9330	13971	0	9330	-4641	0
