id	priority	createdTime	startedTime	terminatedTime	cpuTime	blockedTime	turnaroundTime	waitingTime	responseTime
3001	0	0	0	5	5	0	5	0	0
3101	0	0	5	7	2	0	7	5	5
3051	0	0	13	59	29	7	59	30	13
3153	0	91	97	106	9	0	15	6	6
3102	0	97	106	108	2	0	11	9	9
3151	0	0	59	170	70	8	170	100	59
3202	0	151	172	198	26	0	47	21	21
3152	0	34	41	220	69	67	186	117	7
3002	0	19	220	260	40	0	241	201	201
3155	0	233	260	262	2	0	29	27	27
3201	0	0	7	318	52	6	318	266	7
3156	0	296	318	399	46	8	103	57	22
3003	0	255	264	410	54	19	155	101	9
3154	0	151	170	456	48	7	305	257	19
3004	0	479	515	548	12	18	69	57	36
3157	0	403	456	584	92	5	181	89	53
3104	0	488	512	590	12	29	102	90	24
3005	0	562	590	628	38	0	66	28	28
3203	0	611	628	664	36	0	53	17	17
3007	0	639	680	705	25	0	66	41	41
3161	0	700	705	736	18	3	36	18	5
3054	0	666	675	758	27	17	92	65	9
3105	0	664	673	813	45	6	149	104	9
3107	0	786	813	818	5	0	32	27	27
3008	0	663	664	829	20	139	166	146	1
3106	0	717	720	863	59	36	146	87	3
3163	0	853	863	882	19	0	29	10	10
3108	0	910	915	921	6	0	11	5	5
3162	0	842	882	922	34	5	80	46	40
3010	0	929	936	1009	42	5	80	38	7
3164	0	938	966	1011	32	1	73	41	28
3109	0	967	1011	1027	16	0	60	44	44
3165	0	1056	1065	1085	11	2	29	18	9
3009	0	910	922	1096	47	50	186	139	12
3204	0	943	965	1115	36	21	172	136	22
3013	0	1112	1115	1146	10	1	34	24	3
3206	0	1145	1146	1148	2	0	3	1	1
3014	0	1144	1148	1198	22	20	54	32	4
3205	0	1046	1068	1242	43	20	196	153	22
3012	0	1087	1154	1251	37	30	164	127	67
3166	0	1216	1251	1270	19	0	54	35	35
3111	0	1270	1296	1329	19	2	59	40	26
3057	0	1244	1270	1350	45	6	106	61	26
3058	0	1281	1309	1358	17	28	77	60	28
3060	0	1298	1358	1381	23	0	83	60	60
3112	0	1323	1329	1401	9	42	78	69	6
3056	0	1237	1401	1432	31	0	195	164	164
3207	0	1377	1381	1452	38	27	75	37	4
3055	0	1043	1487	1579	49	1	536	487	444
3209	0	1425	1452	1585	74	24	160	86	27
3061	0	1517	1596	1629	33	0	112	79	79
3062	0	1548	1557	1639	29	8	91	62	9
3208	0	1392	1639	1680	41	0	288	247	247
3167	0	1650	1690	1733	43	0	83	40	40
3064	0	1700	1739	1754	15	0	54	39	39
3065	0	1701	1754	1790	24	7	89	65	53
3113	0	1717	1733	1842	30	44	125	95	16
3169	0	1741	1806	1864	44	5	123	79	65
3063	0	1606	1629	1893	41	39	287	246	23
3114	0	1874	1893	1950	20	8	76	56	19
3066	0	1971	1978	1986	8	0	15	7	7
3168	0	1724	1898	2022	52	50	298	246	174
3170	0	2043	2051	2055	4	0	12	8	8
3210	0	1943	1950	2111	67	2	168	101	7
3214	0	2097	2116	2164	9	19	67	58	19
3212	0	1978	1986	2169	36	39	191	155	8
3067	0	2141	2169	2176	7	0	35	28	28
3211	0	1970	1997	2243	66	68	273	207	27
3015	0	1760	1790	2256	72	22	496	424	30
3016	0	2192	2256	2283	27	0	91	64	64
3215	0	2260	2295	2307	12	0	47	35	35
3019	0	2279	2285	2317	20	8	38	18	6
3115	0	2321	2329	2334	5	0	13	8	8
3017	0	2223	2229	2355	30	29	132	102	6
3216	0	2266	2317	2372	29	10	106	77	51
3069	0	2296	2386	2409	23	0	113	90	90
3172	0	2396	2409	2424	3	10	28	25	13
3171	0	2386	2411	2466	30	7	80	50	25
3020	0	2448	2492	2518	26	0	70	44	44
3071	0	2531	2539	2589	24	2	58	34	8
3021	0	2558	2580	2591	6	2	33	27	22
3220	0	2526	2591	2616	25	0	90	65	65
3173	0	2436	2466	2696	74	109	260	186	30
3011	0	953	2647	2698	46	1	1745	1699	1694
3072	0	2676	2704	2745	41	0	69	28	28
3116	0	2741	2751	2755	4	0	14	10	10
3022	0	2724	2745	2759	6	5	35	29	21
3174	0	2713	2759	2767	8	0	54	46	46
3073	0	2734	2747	2853	32	12	119	87	13
3023	0	2849	2853	2866	13	0	17	4	4
3223	0	2792	2919	2955	36	0	163	127	127
3176	0	2981	3000	3023	23	0	42	19	19
3119	0	2982	3023	3056	33	0	74	41	41
3177	0	3066	3088	3128	19	14	62	43	22
3074	0	3084	3098	3130	23	3	46	23	14
3117	0	2938	2955	3196	60	4	258	198	17
3224	0	3107	3130	3203	38	16	96	58	23
3178	0	3185	3203	3249	24	3	64	40	18
3120	0	3051	3056	3266	67	109	215	148	5
3068	0	2241	2616	3307	131	59	1066	935	375
3175	0	2716	2782	3346	90	39	630	540	66
3025	0	3228	3233	3365	19	61	137	118	5
3076	0	3341	3346	3366	8	9	25	17	5
3225	0	3309	3366	3389	23	0	80	57	57
3026	0	3367	3389	3395	6	0	28	22	22
3077	0	3435	3438	3448	10	0	13	3	3
3179	0	3432	3448	3500	43	3	68	25	16
3124	0	3485	3504	3510	6	0	25	19	19
3180	0	3454	3469	3535	34	10	81	47	15
3226	0	3497	3500	3540	9	26	43	34	3
3027	0	3533	3540	3555	15	0	22	7	7
3125	0	3552	3557	3569	12	0	17	5	5
3228	0	3620	3645	3651	6	0	31	25	25
3028	0	3611	3642	3653	5	4	42	37	31
3123	0	3461	3569	3716	51	19	255	204	108
3227	0	3605	3660	3757	38	31	152	114	55
3181	0	3741	3769	3809	26	8	68	42	28
3080	0	3733	3757	3827	30	5	94	64	24
3128	0	3731	3782	3842	29	26	111	82	51
3079	0	3544	3555	3903	47	77	359	312	11
3230	0	3678	3683	3921	49	72	243	194	5
3183	0	3854	3863	3963	17	69	109	92	9
3184	0	3958	3963	3964	1	0	6	5	5
3078	0	3525	3605	4003	76	39	478	402	80
3081	0	4114	4121	4122	1	0	8	7	7
3118	0	2957	2980	4124	66	44	1167	1101	23
3229	0	3626	3921	4165	103	67	539	436	295
3030	0	4045	4086	4166	14	13	121	107	41
3129	0	4059	4080	4182	40	10	123	83	21
3082	0	4137	4166	4208	9	23	71	62	29
3031	0	4171	4182	4247	27	22	76	49	11
3185	0	4157	4189	4266	34	11	109	75	32
3231	0	4158	4213	4271	24	18	113	89	55
3130	0	4086	4093	4353	45	2	267	222	7
3186	0	4214	4271	4357	24	27	143	119	57
3132	0	4383	4418	4423	5	0	40	35	35
3084	0	4421	4423	4429	6	0	8	2	2
3187	0	4408	4429	4438	9	0	30	21	21
3134	0	4397	4438	4448	10	0	51	41	41
3238	0	4523	4526	4545	7	4	22	15	3
3237	0	4510	4523	4569	27	12	59	32	13
3085	0	4519	4532	4579	14	8	60	46	13
3236	0	4508	4527	4588	14	27	80	66	19
3189	0	4577	4588	4598	10	0	21	11	11
3033	0	4456	4598	4624	26	0	168	142	142
3235	0	4489	4498	4636	39	89	147	108	9
3032	0	4412	4460	4664	40	9	252	212	48
3133	0	4385	4448	4694	42	6	309	267	63
3239	0	4550	4569	4726	33	21	176	143	19
3135	0	4701	4726	4733	7	0	32	25	25
3242	0	4751	4768	4785	17	0	34	17	17
3191	0	4777	4785	4802	3	9	25	22	8
3240	0	4728	4733	4876	57	38	148	91	5
3137	0	4846	4876	4890	14	0	44	30	30
3136	0	4777	4802	4896	54	27	119	65	25
3234	0	4400	4989	5025	36	0	625	589	589
3192	0	4902	4928	5026	14	27	124	110	26
3034	0	4766	4896	5042	51	56	276	225	130
3086	0	4849	4936	5066	69	5	217	148	87
3193	0	4997	5106	5140	34	0	143	109	109
3087	0	5069	5090	5141	7	34	72	65	21
3194	0	5088	5096	5158	27	7	70	43	8
3243	0	5142	5158	5165	7	0	23	16	16
3139	0	5053	5066	5200	59	5	147	88	13
3140	0	5174	5203	5207	4	0	33	29	29
3035	0	5194	5207	5234	27	0	40	13	13
3089	0	5210	5234	5281	9	24	71	62	24
3141	0	5239	5281	5296	15	0	57	42	42
3024	0	3102	4374	5306	118	27	2204	2086	1272
3197	0	5300	5306	5309	3	0	9	6	6
3090	0	5295	5309	5321	12	0	26	14	14
3196	0	5280	5321	5355	34	0	75	41	41
3092	0	5333	5355	5358	3	0	25	22	22
3142	0	5349	5358	5421	51	5	72	21	9
3037	0	5384	5421	5445	24	0	61	37	37
3036	0	5370	5388	5446	13	25	76	63	18
3143	0	5438	5462	5482	20	0	44	24	24
3038	0	5435	5446	5578	47	14	143	96	11
3144	0	5471	5482	5582	16	73	111	95	11
3138	0	4997	5582	5622	40	0	625	585	585
3039	0	5488	5494	5627	27	80	139	112	6
3241	0	4742	4819	5687	60	35	945	885	77
3188	0	4419	5703	5746	43	0	1327	1284	1284
3075	0	3309	3395	5819	87	28	2510	2423	86
3040	0	5806	5825	5860	16	10	54	38	19
3145	0	5802	5819	5869	15	19	67	52	17
3198	0	5625	5627	5919	120	49	294	174	2
3147	0	5911	5919	5928	9	0	17	8	8
3083	0	4349	4357	5972	61	1	1623	1562	8
3146	0	5839	5869	6046	42	92	207	165	30
3190	0	4700	5975	6052	50	13	1352	1302	1275
3070	0	2362	2372	6122	62	25	3760	3698	10
3200	0	6097	6130	6148	18	0	51	33	33
3043	0	6130	6149	6156	7	0	26	19	19
3094	0	6093	6097	6163	14	49	70	56	4
3245	0	6137	6148	6185	3	20	48	45	11
3041	0	6089	6104	6209	39	9	120	81	15
3042	0	6103	6163	6217	28	21	114	86	60
3244	0	6107	6122	6249	40	41	142	102	15
3096	0	6251	6281	6310	29	0	59	30	30
3246	0	6295	6310	6333	23	0	38	15	15
3199	0	5928	6333	6378	45	0	450	405	405
3044	0	6333	6378	6477	43	4	144	101	45
3046	0	6404	6446	6484	11	6	80	69	42
3122	0	3413	6397	6505	67	30	3092	3025	2984
3149	0	6505	6526	6530	4	0	25	21	21
3247	0	6484	6535	6563	28	0	79	51	51
3047	0	6410	6443	6568	32	54	158	126	33
3045	0	6402	6568	6603	35	0	201	166	166
3097	0	6505	6530	6615	17	43	110	93	25
3048	0	6579	6615	6632	17	0	53	36	36
3049	0	6619	6632	6643	11	0	24	13	13
3006	0	581	6661	6708	47	0	6127	6080	6080
3098	0	6665	6708	6765	28	20	100	72	43
3248	0	6642	6643	6818	53	33	176	123	1
3249	0	6778	6818	6881	31	4	103	72	40
3110	0	1098	1124	6888	117	46	5790	5673	26
3195	0	5147	6888	6935	47	0	1788	1741	1741
3250	0	6956	6978	6999	21	0	43	22	22
3050	0	6936	6999	7026	27	0	90	63	63
3217	0	2273	2424	7121	72	17	4848	4776	151
3213	0	1990	1995	7228	80	6	5238	5158	5
3095	0	6198	6249	7335	100	167	1137	1037	51
3029	0	3797	7280	7373	75	10	3576	3501	3483
3127	0	3662	7121	7387	104	94	3725	3621	3459
3100	0	7187	7235	7430	60	50	243	183	48
3233	0	4330	7430	7479	49	0	3149	3100	3100
3018	0	2274	2283	7529	52	9	5255	5203	9
3218	0	2462	7529	7645	65	3	5183	5118	5067
3059	0	1291	7579	7667	73	6	6376	6303	6288
3159	0	467	523	7773	72	17	7306	7234	56
3160	0	513	7667	7785	64	10	7272	7208	7154
3091	0	5330	5516	7935	104	57	2605	2501	186
3219	0	2495	7785	7945	87	11	5450	5363	5290
3150	0	6549	7945	8005	60	0	1456	1396	1396
3052	0	296	8005	8067	62	0	7771	7709	7709
3131	0	4291	8130	8194	64	0	3903	3839	3839
3148	0	6068	8202	8267	65	0	2199	2134	2134
3093	0	5579	8067	8268	72	6	2689	2617	2488
3232	0	4245	4291	8334	88	1	4089	4001	46
3121	0	3218	8334	8401	67	0	5183	5116	5116
3221	0	2600	8401	8470	69	0	5870	5801	5801
3099	0	6921	6935	8684	185	40	1763	1578	14
3103	0	255	262	8705	95	33	8450	8355	7
3126	0	3661	3725	8960	126	47	5299	5173	64
3088	0	5195	5200	8976	93	75	3781	3688	5
3158	0	410	8872	8979	84	13	8569	8485	8462
3053	0	497	8979	9066	87	0	8569	8482	8482
3222	0	2785	2809	9260	110	27	6475	6365	24
3182	0	3810	9066	9279	101	19	5469	5368	5256
0	0	0	0	9279	13920	0	9279	-4641	0
