id	priority	createdTime	startedTime	terminatedTime	cpuTime	blockedTime	turnaroundTime	waitingTime	responseTime
3501	0	0	0	11	11	0	11	0	0
3601	0	0	31	35	4	0	35	31	31
3602	0	97	130	134	4	0	37	33	33
3653	0	91	110	200	21	0	109	88	19
3655	0	233	242	246	4	0	13	9	9
3504	0	479	496	578	27	18	99	72	17
3604	0	488	507	593	30	29	105	75	19
3607	0	786	788	800	12	0	14	2	2
3608	0	910	933	948	15	0	38	23	23
3665	0	1056	1089	1137	28	2	81	53	33
3706	0	1145	1190	1193	3	0	48	45	45
3612	0	1323	1375	1456	21	42	133	112	52
3513	0	1112	1157	1457	22	1	345	323	45
3508	0	663	673	1590	51	139	927	876	10
3609	0	967	1029	1641	40	0	674	634	62
3514	0	1144	1177	1661	53	20	517	464	33
3564	0	1700	1701	1887	37	0	187	150	1
3614	0	1874	1887	1956	49	8	82	33	13
3566	0	1971	1996	2015	19	0	44	25	25
3670	0	2043	2062	2071	9	0	28	19	19
3567	0	2141	2147	2163	16	0	22	6	6
3714	0	2097	2111	2167	20	19	70	50	14
3611	0	1270	1295	2202	47	2	932	885	25
3562	0	1548	1558	2241	71	8	693	622	10
3615	0	2321	2405	2417	12	0	96	84	84
3672	0	2396	2457	2482	5	10	86	81	61
3521	0	2558	2582	2603	14	2	45	31	24
3715	0	2260	2281	2662	30	0	402	372	21
3674	0	2713	2726	2745	19	0	32	13	13
3522	0	2724	2765	2787	13	5	63	50	41
3616	0	2741	2787	2795	8	0	54	46	46
3519	0	2279	2345	2850	50	8	571	521	66
3523	0	2849	2850	2901	31	0	52	21	1
3613	0	1717	1741	3030	73	44	1313	1240	24
3677	0	3066	3080	3264	46	14	198	152	14
3678	0	3185	3185	3300	56	3	115	59	0
3526	0	3367	3397	3411	14	0	44	30	30
3576	0	3341	3380	3412	18	9	71	53	39
3525	0	3228	3253	3421	47	61	193	146	25
3624	0	3485	3521	3536	15	0	51	36	36
3726	0	3497	3536	3638	21	26	141	120	39
3728	0	3620	3665	3680	15	0	60	45	45
3528	0	3611	3658	3685	12	4	74	62	47
3577	0	3435	3461	3908	24	0	473	449	26
3625	0	3552	3589	3926	29	0	374	345	37
3684	0	3958	3967	3968	1	0	10	9	9
3683	0	3854	3865	4024	41	69	170	129	11
3527	0	3533	3566	4057	38	0	524	486	33
3581	0	4114	4119	4122	3	0	8	5	5
3582	0	4137	4142	4275	21	23	138	117	5
3530	0	4045	4057	4277	32	13	232	200	12
3632	0	4383	4385	4398	13	0	15	2	2
3584	0	4421	4518	4532	14	0	111	97	97
3738	0	4523	4623	4660	15	4	137	122	100
3635	0	4701	4720	4736	16	0	35	19	19
3691	0	4777	4836	4860	4	9	83	79	59
3687	0	4408	4458	4902	22	0	494	472	50
3689	0	4577	4626	4905	23	0	328	305	49
3736	0	4508	4572	4927	33	27	419	386	64
3634	0	4397	4418	4932	25	0	535	510	21
3585	0	4519	4590	4935	36	8	416	380	71
3637	0	4846	4860	4982	35	0	136	101	14
3692	0	4902	4905	4985	36	27	83	47	3
3531	0	4171	4209	5138	67	22	967	900	38
3587	0	5069	5085	5139	14	34	70	56	16
3743	0	5142	5159	5175	16	0	33	17	17
3640	0	5174	5195	5204	9	0	30	21	21
3589	0	5210	5230	5291	21	24	81	60	20
3697	0	5300	5351	5359	8	0	59	51	51
3592	0	5333	5379	5386	7	0	53	46	46
3590	0	5295	5331	5545	30	0	250	220	36
3641	0	5239	5251	5573	38	0	334	296	12
3536	0	5370	5406	5614	31	25	244	213	36
3644	0	5471	5486	5684	40	73	213	173	15
3558	0	1281	1315	5770	41	28	4489	4448	34
3645	0	5802	5810	5887	37	19	85	48	8
3647	0	5911	5929	5970	21	0	59	38	18
3540	0	5806	5825	5978	41	10	172	131	19
3543	0	6130	6202	6218	16	0	88	72	72
3745	0	6137	6218	6244	6	20	107	101	81
3594	0	6093	6125	6261	34	49	168	134	32
3681	0	3741	3805	6474	65	8	2733	2668	64
3546	0	6404	6439	6484	26	6	80	54	35
3649	0	6505	6563	6573	10	0	68	58	58
3549	0	6619	6633	6701	28	0	82	54	14
3597	0	6505	6550	6711	43	43	206	163	45
3661	0	700	728	6777	43	3	6077	6034	28
3628	0	3731	3765	7314	72	26	3583	3511	34
3742	0	4751	4776	7395	41	0	2644	2603	25
3548	0	6579	6593	7397	41	0	818	777	14
3700	0	6097	6142	7586	43	0	1489	1446	45
3749	0	6778	6797	7607	76	4	829	753	19
3694	0	5088	5098	7770	65	7	2682	2617	10
3716	0	2266	2301	7771	70	10	5505	5435	35
3663	0	853	873	7817	46	0	6964	6918	20
3666	0	1216	1235	7824	47	0	6608	6561	19
3598	0	6665	6673	8085	68	20	1420	1352	8
3643	0	5438	5466	8154	49	0	2716	2667	28
3671	0	2386	2437	8178	74	7	5792	5718	51
3580	0	3733	3785	8183	74	5	4450	4376	52
3712	0	1978	2015	8248	88	39	6270	6182	37
3750	0	6956	6974	8380	51	0	1424	1373	18
3571	0	2531	2562	8590	59	2	6059	6000	31
3731	0	4158	4189	8603	59	18	4445	4386	31
3685	0	4157	4169	8703	83	11	4546	4463	12
3704	0	943	988	8710	87	21	7767	7680	45
3554	0	666	697	8785	66	17	8119	8053	31
3517	0	2223	2241	8842	74	29	6619	6545	18
3686	0	4214	4227	8861	56	27	4647	4591	13
3542	0	6103	6162	8881	68	21	2778	2710	59
3725	0	3309	3360	8977	56	0	5668	5612	51
3560	0	1298	1355	9130	57	0	7832	7775	57
3676	0	2981	2981	9147	57	0	6166	6109	0
3707	0	1377	1380	9211	91	27	7834	7743	3
3569	0	2296	2385	9287	58	0	6991	6933	89
3537	0	5384	5426	9323	58	0	3939	3881	42
3746	0	6295	6301	9341	58	0	3046	2988	6
3574	0	3084	3100	9345	56	3	6261	6205	16
3737	0	4510	4583	9470	67	12	4960	4893	73
3547	0	6410	6455	9482	77	54	3072	2995	45
3539	0	5488	5506	9495	66	80	4007	3941	18
3730	0	3678	3745	9540	120	72	5862	5742	67
3565	0	1701	1721	9818	58	7	8117	8059	20
0	0	0	0	10013	47551	0	10013	-37538	0
